2025-05-17 01:04:15,958 - INFO - ================================================================================
2025-05-17 01:04:15,958 - INFO - Activation Checkpointing Algorithm Starting
2025-05-17 01:04:15,958 - INFO - Log file: logs\activation_checkpointing_20250517_010415.log
2025-05-17 01:04:16,091 - INFO - Loaded node stats with 3663 rows
2025-05-17 01:04:16,091 - INFO - Loaded activation stats with 150 rows
2025-05-17 01:04:16,091 - INFO - Memory budget set to 4.0 GB (4294967296.0 bytes)
2025-05-17 01:04:16,091 - INFO - Algorithm initialization time: 0.13s
2025-05-17 01:04:16,092 - INFO - Starting checkpoint decision algorithm...
2025-05-17 01:04:16,092 - INFO - Fixed overhead: 0.3 GB, Memory budget: 4.00 GB
2025-05-17 01:04:16,092 - INFO - Initializing schedule with all activations checkpointed...
2025-05-17 01:04:16,092 - INFO - Initial schedule has 150 activations marked for RETAINED
2025-05-17 01:04:16,095 - INFO - Built activation mappings with 150 activations
2025-05-17 01:04:16,095 - INFO - Initialized simulation cache with 3663 nodes, 714 forward nodes, 2947 backward nodes
2025-05-17 01:04:16,100 - INFO - Initial peak memory: 6.21 GB
2025-05-17 01:04:16,100 - INFO - Initial execution time: 0.25s
2025-05-17 01:04:16,102 - INFO - Incompressible memory: 3.98 GB
2025-05-17 01:04:16,102 - INFO - Active memory - FW: 3.68 GB, BW: 2.88 GB
2025-05-17 01:04:16,102 - INFO - Fixed overhead: 0.30 GB
2025-05-17 01:04:16,102 - INFO - Setting effective target budget to 3.92 GB (2% below requested)
2025-05-17 01:04:16,102 - INFO - Filtering valid activations...
2025-05-17 01:04:16,102 - INFO - Found 150 valid activations for consideration
2025-05-17 01:04:16,870 - WARNING - No candidates left to process, but still over requested budget.
2025-05-17 01:04:16,870 - WARNING - Gap to requested budget: 0.17 GB
2025-05-17 01:04:16,870 - WARNING - Gap to incompressible memory: 0.19 GB
2025-05-17 01:04:16,870 - WARNING - Incompressible memory remains the same without heuristic reductions
2025-05-17 01:04:16,874 - INFO - After aggressive recomputation: peak memory = 4.17 GB
2025-05-17 01:04:16,874 - WARNING - Still over budget by 0.17 GB
2025-05-17 01:04:16,879 - INFO - 
Final Results:
2025-05-17 01:04:16,879 - INFO - Initial peak memory: 6.21 GB
2025-05-17 01:04:16,879 - INFO - Final peak memory: 4.17 GB
2025-05-17 01:04:16,879 - INFO - Memory reduction: 2.03 GB (32.8%)
2025-05-17 01:04:16,879 - INFO - Memory budget: 4.00 GB
2025-05-17 01:04:16,879 - INFO - Gap to budget: 0.17 GB
2025-05-17 01:04:16,879 - INFO - Estimated incompressible memory: 3.98 GB
2025-05-17 01:04:16,879 - INFO - Initial execution time: 0.25s
2025-05-17 01:04:16,879 - INFO - Final execution time: 2.58s
2025-05-17 01:04:16,879 - INFO - Execution time overhead: 2.33s (931.0%)
2025-05-17 01:04:16,880 - INFO - Total activations marked for recomputation: 150
2025-05-17 01:04:16,880 - INFO - Total memory saved by recomputation: 2.23 GB
2025-05-17 01:04:16,882 - INFO - Saved activation checkpointing decisions to C:\Users\ydeng\Documents\GitHub\CS265-mlsys-project-final\reports\ac_decisions.csv
2025-05-17 01:04:16,882 - INFO - 
Timing Statistics:
2025-05-17 01:04:16,882 - INFO - Total execution time: 0.79s
2025-05-17 01:04:16,882 - INFO - Initialization: 0.00s (0.0%)
2025-05-17 01:04:16,882 - INFO - Initial memory simulation: 0.01s (1.0%)
2025-05-17 01:04:16,882 - INFO - Memory component analysis: 0.00s (0.3%)
2025-05-17 01:04:16,882 - INFO - Candidate filtering: 0.00s (0.0%)
2025-05-17 01:04:16,882 - INFO - Main loop: 0.77s (97.6%)
2025-05-17 01:04:16,882 - INFO -   - Memory simulations: 0.75s (94.8%)
2025-05-17 01:04:16,882 - INFO -   - Candidate selection: 0.02s (2.2%)
2025-05-17 01:04:16,882 - INFO - Final memory simulation: 0.01s (0.6%)
2025-05-17 01:04:16,882 - INFO - 
Top 5 slowest iterations:
2025-05-17 01:04:16,882 - INFO -   1. Iteration 96: 0.01s (Simulation: 0.01s, Selection: 0.00s)
2025-05-17 01:04:16,882 - INFO -   2. Iteration 18: 0.01s (Simulation: 0.01s, Selection: 0.00s)
2025-05-17 01:04:16,882 - INFO -   3. Iteration 10: 0.01s (Simulation: 0.01s, Selection: 0.00s)
2025-05-17 01:04:16,882 - INFO -   4. Iteration 12: 0.01s (Simulation: 0.01s, Selection: 0.00s)
2025-05-17 01:04:16,883 - INFO -   5. Iteration 94: 0.01s (Simulation: 0.01s, Selection: 0.00s)
