2025-05-17 04:05:11,908 - INFO - ================================================================================
2025-05-17 04:05:11,908 - INFO - Activation Checkpointing Algorithm Starting
2025-05-17 04:05:11,909 - INFO - Log file: logs\activation_checkpointing_20250517_040511.log
2025-05-17 04:05:11,909 - INFO - Detected model: resnet, batch size: 64
2025-05-17 04:05:11,909 - INFO - Inferred activation stats path: reports/profiler_stats_resnet_bs64_activation_stats.csv
2025-05-17 04:05:12,537 - INFO - Loaded node stats with 18493 rows
2025-05-17 04:05:12,546 - INFO - Loaded activation stats with 775 rows
2025-05-17 04:05:12,546 - INFO - Memory budget set to 6.0 GB (6442450944.0 bytes)
2025-05-17 04:05:12,546 - INFO - Algorithm initialization time: 0.64s
2025-05-17 04:05:12,546 - INFO - Starting checkpoint decision algorithm...
2025-05-17 04:05:12,546 - INFO - Fixed overhead: 0.8 GB, Memory budget: 6.00 GB
2025-05-17 04:05:12,546 - INFO - Initializing schedule with all activations checkpointed...
2025-05-17 04:05:12,546 - INFO - Initial schedule has 620 activations marked for RETAINED
2025-05-17 04:05:12,562 - INFO - Built activation mappings with 775 activations
2025-05-17 04:05:12,562 - INFO - Initialized simulation cache with 18493 nodes, 3631 forward nodes, 14860 backward nodes
2025-05-17 04:05:12,599 - INFO - Initial peak memory: 11.35 GB
2025-05-17 04:05:12,599 - INFO - Initial execution time: 1.43s
2025-05-17 04:05:12,610 - INFO - Incompressible memory with checkpointing: 0.99 GB
2025-05-17 04:05:12,610 - INFO - Largest single activation: 0.19 GB
2025-05-17 04:05:12,610 - INFO - Active memory - FW: 11.35 GB, BW: 11.38 GB
2025-05-17 04:05:12,610 - INFO - Fixed overhead: 0.80 GB
2025-05-17 04:05:12,610 - INFO - Memory budget of 6.00 GB should be achievable
2025-05-17 04:05:12,610 - INFO - Filtering valid activations...
2025-05-17 04:05:12,611 - INFO - Found 775 valid activations for consideration
2025-05-17 04:05:14,848 - INFO - Memory budget of 6.00 GB met.
2025-05-17 04:05:14,848 - INFO - Actual memory usage: 5.99 GB
2025-05-17 04:05:14,879 - INFO - 
Final Results:
2025-05-17 04:05:14,879 - INFO - Initial peak memory: 11.35 GB
2025-05-17 04:05:14,879 - INFO - Final peak memory: 5.99 GB
2025-05-17 04:05:14,879 - INFO - Memory reduction: 5.36 GB (47.2%)
2025-05-17 04:05:14,879 - INFO - Memory budget: 6.00 GB
2025-05-17 04:05:14,879 - INFO - Gap to budget: -0.01 GB
2025-05-17 04:05:14,879 - INFO - Theoretical minimum memory (extreme checkpointing): 0.99 GB
2025-05-17 04:05:14,879 - INFO - Initial execution time: 1.43s
2025-05-17 04:05:14,879 - INFO - Final execution time: 7.15s
2025-05-17 04:05:14,879 - INFO - Execution time overhead: 5.72s (399.7%)
2025-05-17 04:05:14,879 - INFO - Total activations marked for recomputation: 67
2025-05-17 04:05:14,879 - INFO - Total memory saved by recomputation: 5.46 GB
2025-05-17 04:05:14,880 - INFO - 
==================================================
2025-05-17 04:05:14,880 - INFO - ACTIVATION CHECKPOINTING SUMMARY
2025-05-17 04:05:14,880 - INFO - ==================================================
2025-05-17 04:05:14,880 - INFO - Total activations considered:        620
2025-05-17 04:05:14,880 - INFO - Activations marked RETAINED:         553 (89.2%)
2025-05-17 04:05:14,880 - INFO - Activations marked for RECOMPUTE:    67 (10.8%)
2025-05-17 04:05:14,880 - INFO - Memory used by RETAINED activations: 5.09 GB
2025-05-17 04:05:14,880 - INFO - Memory saved by RECOMPUTE decisions: 5.46 GB
2025-05-17 04:05:14,880 - INFO - Final peak memory usage:             5.99 GB
2025-05-17 04:05:14,880 - INFO - Memory budget:                       6.00 GB
2025-05-17 04:05:14,880 - INFO - Gap to budget:                       -0.01 GB
2025-05-17 04:05:14,880 - INFO - --------------------------------------------------
2025-05-17 04:05:14,880 - INFO - Initial execution time:              1.4310s
2025-05-17 04:05:14,880 - INFO - Final execution time:                7.1511s
2025-05-17 04:05:14,880 - INFO - Recomputation time overhead:         5.7201s
2025-05-17 04:05:14,880 - INFO - Execution time overhead:             5.7201s (399.7%)
2025-05-17 04:05:14,880 - INFO - ==================================================

2025-05-17 04:05:14,884 - INFO - Saved activation checkpointing decisions to C:\Users\ydeng\Documents\GitHub\CS265-mlsys-project-final\reports\ac_decisions_resnet_bs64.csv
2025-05-17 04:05:14,884 - INFO - 
Timing Statistics:
2025-05-17 04:05:14,884 - INFO - Total execution time: 2.34s
2025-05-17 04:05:14,884 - INFO - Initialization: 0.00s (0.0%)
2025-05-17 04:05:14,884 - INFO - Initial memory simulation: 0.05s (2.3%)
2025-05-17 04:05:14,884 - INFO - Memory component analysis: 0.01s (0.5%)
2025-05-17 04:05:14,884 - INFO - Candidate filtering: 0.00s (0.0%)
2025-05-17 04:05:14,884 - INFO - Main loop: 2.24s (95.7%)
2025-05-17 04:05:14,884 - INFO -   - Memory simulations: 2.20s (94.3%)
2025-05-17 04:05:14,885 - INFO -   - Candidate selection: 0.03s (1.3%)
2025-05-17 04:05:14,885 - INFO - Final memory simulation: 0.03s (1.3%)
2025-05-17 04:05:14,885 - INFO - 
Top 5 slowest iterations:
2025-05-17 04:05:14,885 - INFO -   1. Iteration 2: 0.04s (Simulation: 0.04s, Selection: 0.00s)
2025-05-17 04:05:14,885 - INFO -   2. Iteration 21: 0.04s (Simulation: 0.04s, Selection: 0.00s)
2025-05-17 04:05:14,885 - INFO -   3. Iteration 1: 0.04s (Simulation: 0.04s, Selection: 0.00s)
2025-05-17 04:05:14,885 - INFO -   4. Iteration 14: 0.04s (Simulation: 0.03s, Selection: 0.00s)
2025-05-17 04:05:14,885 - INFO -   5. Iteration 10: 0.04s (Simulation: 0.03s, Selection: 0.00s)
