2025-05-17 03:55:48,473 - INFO - ================================================================================
2025-05-17 03:55:48,474 - INFO - Activation Checkpointing Algorithm Starting
2025-05-17 03:55:48,474 - INFO - Log file: logs\activation_checkpointing_20250517_035548.log
2025-05-17 03:55:48,474 - INFO - Detected model: resnet, batch size: 64
2025-05-17 03:55:48,475 - INFO - Inferred activation stats path: reports/profiler_stats_resnet_bs64_activation_stats.csv
2025-05-17 03:55:49,144 - INFO - Loaded node stats with 18493 rows
2025-05-17 03:55:49,145 - INFO - Loaded activation stats with 775 rows
2025-05-17 03:55:49,145 - INFO - Memory budget set to 4.0 GB (4294967296.0 bytes)
2025-05-17 03:55:49,145 - INFO - Algorithm initialization time: 0.67s
2025-05-17 03:55:49,145 - INFO - Starting checkpoint decision algorithm...
2025-05-17 03:55:49,145 - INFO - Fixed overhead: 0.3 GB, Memory budget: 4.00 GB
2025-05-17 03:55:49,145 - INFO - Initializing schedule with all activations checkpointed...
2025-05-17 03:55:49,146 - INFO - Initial schedule has 620 activations marked for RETAINED
2025-05-17 03:55:49,161 - INFO - Built activation mappings with 775 activations
2025-05-17 03:55:49,161 - INFO - Initialized simulation cache with 18493 nodes, 3631 forward nodes, 14860 backward nodes
2025-05-17 03:55:49,195 - INFO - Initial peak memory: 10.85 GB
2025-05-17 03:55:49,195 - INFO - Initial execution time: 1.43s
2025-05-17 03:55:49,206 - INFO - Incompressible memory with checkpointing: 0.49 GB
2025-05-17 03:55:49,206 - INFO - Largest single activation: 0.19 GB
2025-05-17 03:55:49,206 - INFO - Active memory - FW: 11.35 GB, BW: 11.38 GB
2025-05-17 03:55:49,206 - INFO - Fixed overhead: 0.30 GB
2025-05-17 03:55:49,206 - INFO - Memory budget of 4.00 GB should be achievable
2025-05-17 03:55:49,206 - INFO - Filtering valid activations...
2025-05-17 03:55:49,207 - INFO - Found 775 valid activations for consideration
2025-05-17 03:55:52,411 - INFO - Memory budget of 4.00 GB met.
2025-05-17 03:55:52,411 - INFO - Actual memory usage: 3.96 GB
2025-05-17 03:55:52,442 - INFO - 
Final Results:
2025-05-17 03:55:52,442 - INFO - Initial peak memory: 10.85 GB
2025-05-17 03:55:52,442 - INFO - Final peak memory: 3.96 GB
2025-05-17 03:55:52,442 - INFO - Memory reduction: 6.89 GB (63.5%)
2025-05-17 03:55:52,442 - INFO - Memory budget: 4.00 GB
2025-05-17 03:55:52,442 - INFO - Gap to budget: -0.04 GB
2025-05-17 03:55:52,442 - INFO - Theoretical minimum memory (extreme checkpointing): 0.49 GB
2025-05-17 03:55:52,442 - INFO - Initial execution time: 1.43s
2025-05-17 03:55:52,442 - INFO - Final execution time: 8.76s
2025-05-17 03:55:52,442 - INFO - Execution time overhead: 7.33s (511.9%)
2025-05-17 03:55:52,442 - INFO - Total activations marked for recomputation: 99
2025-05-17 03:55:52,442 - INFO - Total memory saved by recomputation: 6.99 GB
2025-05-17 03:55:52,442 - INFO - 
==================================================
2025-05-17 03:55:52,442 - INFO - ACTIVATION CHECKPOINTING SUMMARY
2025-05-17 03:55:52,443 - INFO - ==================================================
2025-05-17 03:55:52,443 - INFO - Total activations considered:        620
2025-05-17 03:55:52,443 - INFO - Activations marked RETAINED:         521 (84.0%)
2025-05-17 03:55:52,443 - INFO - Activations marked for RECOMPUTE:    99 (16.0%)
2025-05-17 03:55:52,443 - INFO - Memory used by RETAINED activations: 3.56 GB
2025-05-17 03:55:52,443 - INFO - Memory saved by RECOMPUTE decisions: 6.99 GB
2025-05-17 03:55:52,443 - INFO - Final peak memory usage:             3.96 GB
2025-05-17 03:55:52,443 - INFO - Memory budget:                       4.00 GB
2025-05-17 03:55:52,443 - INFO - Gap to budget:                       -0.04 GB
2025-05-17 03:55:52,443 - INFO - --------------------------------------------------
2025-05-17 03:55:52,443 - INFO - Initial execution time:              1.4310s
2025-05-17 03:55:52,443 - INFO - Final execution time:                8.7567s
2025-05-17 03:55:52,443 - INFO - Recomputation time overhead:         7.3257s
2025-05-17 03:55:52,443 - INFO - Execution time overhead:             7.3257s (511.9%)
2025-05-17 03:55:52,443 - INFO - ==================================================

2025-05-17 03:55:52,446 - INFO - Saved activation checkpointing decisions to C:\Users\ydeng\Documents\GitHub\CS265-mlsys-project-final\reports\ac_decisions_resnet_bs64.csv
2025-05-17 03:55:52,447 - INFO - 
Timing Statistics:
2025-05-17 03:55:52,447 - INFO - Total execution time: 3.30s
2025-05-17 03:55:52,447 - INFO - Initialization: 0.00s (0.0%)
2025-05-17 03:55:52,447 - INFO - Initial memory simulation: 0.05s (1.5%)
2025-05-17 03:55:52,447 - INFO - Memory component analysis: 0.01s (0.3%)
2025-05-17 03:55:52,447 - INFO - Candidate filtering: 0.00s (0.0%)
2025-05-17 03:55:52,447 - INFO - Main loop: 3.20s (97.1%)
2025-05-17 03:55:52,447 - INFO -   - Memory simulations: 3.17s (96.1%)
2025-05-17 03:55:52,447 - INFO -   - Candidate selection: 0.03s (1.0%)
2025-05-17 03:55:52,447 - INFO - Final memory simulation: 0.03s (0.9%)
2025-05-17 03:55:52,447 - INFO - 
Top 5 slowest iterations:
2025-05-17 03:55:52,447 - INFO -   1. Iteration 16: 0.04s (Simulation: 0.04s, Selection: 0.00s)
2025-05-17 03:55:52,447 - INFO -   2. Iteration 12: 0.04s (Simulation: 0.03s, Selection: 0.00s)
2025-05-17 03:55:52,447 - INFO -   3. Iteration 3: 0.04s (Simulation: 0.03s, Selection: 0.00s)
2025-05-17 03:55:52,447 - INFO -   4. Iteration 5: 0.04s (Simulation: 0.04s, Selection: 0.00s)
2025-05-17 03:55:52,447 - INFO -   5. Iteration 8: 0.03s (Simulation: 0.03s, Selection: 0.00s)
