2025-05-17 03:50:30,303 - INFO - ================================================================================
2025-05-17 03:50:30,303 - INFO - Activation Checkpointing Algorithm Starting
2025-05-17 03:50:30,303 - INFO - Log file: logs\activation_checkpointing_20250517_035030.log
2025-05-17 03:50:30,961 - INFO - Loaded node stats with 18493 rows
2025-05-17 03:50:30,961 - INFO - Loaded activation stats with 775 rows
2025-05-17 03:50:30,961 - INFO - Memory budget set to 4.0 GB (4294967296.0 bytes)
2025-05-17 03:50:30,961 - INFO - Algorithm initialization time: 0.66s
2025-05-17 03:50:30,971 - INFO - Starting checkpoint decision algorithm...
2025-05-17 03:50:30,971 - INFO - Fixed overhead: 0.3 GB, Memory budget: 4.00 GB
2025-05-17 03:50:30,971 - INFO - Initializing schedule with all activations checkpointed...
2025-05-17 03:50:30,971 - INFO - Initial schedule has 620 activations marked for RETAINED
2025-05-17 03:50:30,986 - INFO - Built activation mappings with 775 activations
2025-05-17 03:50:30,987 - INFO - Initialized simulation cache with 18493 nodes, 3631 forward nodes, 14860 backward nodes
2025-05-17 03:50:31,023 - INFO - Initial peak memory: 10.85 GB
2025-05-17 03:50:31,023 - INFO - Initial execution time: 1.43s
2025-05-17 03:50:31,035 - INFO - Incompressible memory with checkpointing: 0.49 GB
2025-05-17 03:50:31,035 - INFO - Largest single activation: 0.19 GB
2025-05-17 03:50:31,035 - INFO - Active memory - FW: 11.35 GB, BW: 11.38 GB
2025-05-17 03:50:31,035 - INFO - Fixed overhead: 0.30 GB
2025-05-17 03:50:31,035 - INFO - Memory budget of 4.00 GB should be achievable
2025-05-17 03:50:31,035 - INFO - Filtering valid activations...
2025-05-17 03:50:31,036 - INFO - Found 775 valid activations for consideration
2025-05-17 03:50:34,379 - INFO - Memory budget of 4.00 GB met.
2025-05-17 03:50:34,379 - INFO - Actual memory usage: 3.96 GB
2025-05-17 03:50:34,409 - INFO - 
Final Results:
2025-05-17 03:50:34,410 - INFO - Initial peak memory: 10.85 GB
2025-05-17 03:50:34,410 - INFO - Final peak memory: 3.96 GB
2025-05-17 03:50:34,410 - INFO - Memory reduction: 6.89 GB (63.5%)
2025-05-17 03:50:34,410 - INFO - Memory budget: 4.00 GB
2025-05-17 03:50:34,410 - INFO - Gap to budget: -0.04 GB
2025-05-17 03:50:34,410 - INFO - Theoretical minimum memory (extreme checkpointing): 0.49 GB
2025-05-17 03:50:34,410 - INFO - Initial execution time: 1.43s
2025-05-17 03:50:34,410 - INFO - Final execution time: 8.76s
2025-05-17 03:50:34,410 - INFO - Execution time overhead: 7.33s (511.9%)
2025-05-17 03:50:34,410 - INFO - Total activations marked for recomputation: 99
2025-05-17 03:50:34,410 - INFO - Total memory saved by recomputation: 6.99 GB
2025-05-17 03:50:34,410 - INFO - 
==================================================
2025-05-17 03:50:34,410 - INFO - ACTIVATION CHECKPOINTING SUMMARY
2025-05-17 03:50:34,410 - INFO - ==================================================
2025-05-17 03:50:34,410 - INFO - Total activations considered:        620
2025-05-17 03:50:34,410 - INFO - Activations marked RETAINED:         521 (84.0%)
2025-05-17 03:50:34,410 - INFO - Activations marked for RECOMPUTE:    99 (16.0%)
2025-05-17 03:50:34,411 - INFO - Memory used by RETAINED activations: 3.56 GB
2025-05-17 03:50:34,411 - INFO - Memory saved by RECOMPUTE decisions: 6.99 GB
2025-05-17 03:50:34,411 - INFO - Final peak memory usage:             3.96 GB
2025-05-17 03:50:34,411 - INFO - Memory budget:                       4.00 GB
2025-05-17 03:50:34,411 - INFO - Gap to budget:                       -0.04 GB
2025-05-17 03:50:34,411 - INFO - --------------------------------------------------
2025-05-17 03:50:34,411 - INFO - Initial execution time:              1.4310s
2025-05-17 03:50:34,411 - INFO - Final execution time:                8.7567s
