2025-05-17 04:01:46,799 - INFO - ================================================================================
2025-05-17 04:01:46,799 - INFO - Activation Checkpointing Algorithm Starting
2025-05-17 04:01:46,799 - INFO - Log file: logs\activation_checkpointing_20250517_040146.log
2025-05-17 04:01:46,800 - INFO - Detected model: resnet, batch size: 4
2025-05-17 04:01:46,800 - INFO - Inferred activation stats path: reports/profiler_stats_resnet_bs4_activation_stats.csv
2025-05-17 04:01:47,526 - INFO - Loaded node stats with 18493 rows
2025-05-17 04:01:47,527 - INFO - Loaded activation stats with 775 rows
2025-05-17 04:01:47,527 - INFO - Memory budget set to 6.0 GB (6442450944.0 bytes)
2025-05-17 04:01:47,527 - INFO - Algorithm initialization time: 0.73s
2025-05-17 04:01:47,527 - INFO - Starting checkpoint decision algorithm...
2025-05-17 04:01:47,527 - INFO - Fixed overhead: 0.3 GB, Memory budget: 6.00 GB
2025-05-17 04:01:47,527 - INFO - Initializing schedule with all activations checkpointed...
2025-05-17 04:01:47,528 - INFO - Initial schedule has 620 activations marked for RETAINED
2025-05-17 04:01:47,543 - INFO - Built activation mappings with 775 activations
2025-05-17 04:01:47,543 - INFO - Initialized simulation cache with 18493 nodes, 3631 forward nodes, 14860 backward nodes
2025-05-17 04:01:47,575 - INFO - Initial peak memory: 0.97 GB
2025-05-17 04:01:47,575 - INFO - Initial execution time: 1.32s
2025-05-17 04:01:47,586 - INFO - Incompressible memory with checkpointing: 0.31 GB
2025-05-17 04:01:47,587 - INFO - Largest single activation: 0.01 GB
2025-05-17 04:01:47,587 - INFO - Active memory - FW: 1.36 GB, BW: 1.42 GB
2025-05-17 04:01:47,587 - INFO - Fixed overhead: 0.30 GB
2025-05-17 04:01:47,587 - INFO - Memory budget of 6.00 GB should be achievable
2025-05-17 04:01:47,587 - INFO - Filtering valid activations...
2025-05-17 04:01:47,588 - INFO - Found 775 valid activations for consideration
2025-05-17 04:01:47,621 - INFO - Memory budget of 6.00 GB met.
2025-05-17 04:01:47,621 - INFO - Actual memory usage: 0.97 GB
2025-05-17 04:01:47,651 - INFO - 
Final Results:
2025-05-17 04:01:47,651 - INFO - Initial peak memory: 0.97 GB
2025-05-17 04:01:47,651 - INFO - Final peak memory: 0.97 GB
2025-05-17 04:01:47,651 - INFO - Memory reduction: 0.00 GB (0.0%)
2025-05-17 04:01:47,651 - INFO - Memory budget: 6.00 GB
2025-05-17 04:01:47,651 - INFO - Gap to budget: -5.03 GB
2025-05-17 04:01:47,651 - INFO - Theoretical minimum memory (extreme checkpointing): 0.31 GB
2025-05-17 04:01:47,651 - INFO - Initial execution time: 1.32s
2025-05-17 04:01:47,651 - INFO - Final execution time: 1.32s
2025-05-17 04:01:47,651 - INFO - Execution time overhead: 0.00s (0.0%)
2025-05-17 04:01:47,651 - INFO - Total activations marked for recomputation: 0
2025-05-17 04:01:47,651 - INFO - Total memory saved by recomputation: 0.00 GB
2025-05-17 04:01:47,651 - INFO - 
==================================================
2025-05-17 04:01:47,651 - INFO - ACTIVATION CHECKPOINTING SUMMARY
2025-05-17 04:01:47,653 - INFO - ==================================================
2025-05-17 04:01:47,653 - INFO - Total activations considered:        620
2025-05-17 04:01:47,653 - INFO - Activations marked RETAINED:         620 (100.0%)
2025-05-17 04:01:47,653 - INFO - Activations marked for RECOMPUTE:    0 (0.0%)
2025-05-17 04:01:47,653 - INFO - Memory used by RETAINED activations: 0.67 GB
2025-05-17 04:01:47,653 - INFO - Memory saved by RECOMPUTE decisions: 0.00 GB
2025-05-17 04:01:47,653 - INFO - Final peak memory usage:             0.97 GB
2025-05-17 04:01:47,653 - INFO - Memory budget:                       6.00 GB
2025-05-17 04:01:47,653 - INFO - Gap to budget:                       -5.03 GB
2025-05-17 04:01:47,653 - INFO - --------------------------------------------------
2025-05-17 04:01:47,653 - INFO - Initial execution time:              1.3249s
2025-05-17 04:01:47,653 - INFO - Final execution time:                1.3249s
2025-05-17 04:01:47,653 - INFO - Recomputation time overhead:         0.0000s
2025-05-17 04:01:47,653 - INFO - Execution time overhead:             0.0000s (0.0%)
2025-05-17 04:01:47,653 - INFO - ==================================================

2025-05-17 04:01:47,657 - INFO - Saved activation checkpointing decisions to C:\Users\ydeng\Documents\GitHub\CS265-mlsys-project-final\reports\ac_decisions_resnet_bs4.csv
2025-05-17 04:01:47,657 - INFO - 
Timing Statistics:
2025-05-17 04:01:47,657 - INFO - Total execution time: 0.13s
2025-05-17 04:01:47,657 - INFO - Initialization: 0.00s (0.8%)
2025-05-17 04:01:47,657 - INFO - Initial memory simulation: 0.05s (36.1%)
2025-05-17 04:01:47,657 - INFO - Memory component analysis: 0.01s (8.8%)
2025-05-17 04:01:47,657 - INFO - Candidate filtering: 0.00s (0.8%)
2025-05-17 04:01:47,657 - INFO - Main loop: 0.03s (24.7%)
2025-05-17 04:01:47,657 - INFO -   - Memory simulations: 0.03s (24.7%)
2025-05-17 04:01:47,657 - INFO -   - Candidate selection: 0.00s (0.0%)
2025-05-17 04:01:47,657 - INFO - Final memory simulation: 0.03s (23.8%)
