2025-05-16 16:13:13,031 - INFO - ================================================================================
2025-05-16 16:13:13,031 - INFO - Activation Checkpointing Algorithm Starting
2025-05-16 16:13:13,031 - INFO - Log file: logs\activation_checkpointing_20250516_161313.log
2025-05-16 16:13:13,051 - INFO - Loaded node stats with 18493 rows
2025-05-16 16:13:13,051 - INFO - Loaded activation stats with 775 rows
2025-05-16 16:13:13,051 - INFO - Memory budget set to 8.0 GB (8589934592.0 bytes)
2025-05-16 16:13:13,051 - INFO - Algorithm initialization time: 0.02s
2025-05-16 16:13:13,052 - INFO - Starting checkpoint decision algorithm...
2025-05-16 16:13:13,052 - INFO - Fixed overhead: 0.3 GB, Memory budget: 8.00 GB
2025-05-16 16:13:13,052 - INFO - Initializing schedule with all activations checkpointed...
2025-05-16 16:13:13,060 - INFO - Initial schedule has 620 activations marked for RETAINED
2025-05-16 16:13:13,639 - INFO - Built activation mappings with 775 activations
2025-05-16 16:13:13,639 - INFO - Initialized simulation cache with 18493 nodes, 3631 forward nodes, 14860 backward nodes
2025-05-16 16:13:13,994 - INFO - Initial peak memory: 11.77 GB
2025-05-16 16:13:13,994 - INFO - Initial execution time: 1.30s
2025-05-16 16:13:14,612 - INFO - Incompressible memory: 3.72 GB
2025-05-16 16:13:14,612 - INFO - Original active memory - FW: 11.36 GB, BW: 11.39 GB
2025-05-16 16:13:14,612 - INFO - Applied reduction factor of 0.3 to active memory (assuming 70% can be recomputed)
2025-05-16 16:13:14,612 - INFO - Fixed overhead: 0.30 GB
2025-05-16 16:13:14,613 - INFO - Setting effective target budget to 7.84 GB (2% below requested)
2025-05-16 16:13:14,613 - INFO - Filtering valid activations...
2025-05-16 16:13:14,613 - INFO - Found 775 valid activations for consideration
2025-05-16 16:13:14,613 - INFO - 
Iteration 1/1000 (Elapsed time: 0.0s)
2025-05-16 16:13:14,970 - INFO - Simulated peak memory: 11.77 GB. Budget: 8.00 GB. Exec time: 1.30s
2025-05-16 16:13:14,970 - INFO - Current checkpoint count: 620
2025-05-16 16:13:14,970 - INFO - Current recompute count: 0
2025-05-16 16:13:15,373 - INFO - Considering activation: relu__147, recompute_benefit_ratio: 1023999995.92, mem_size: 24.50 MB, recomp_time: 0.025088s, lifetime: 68
2025-05-16 16:13:15,373 - INFO - Choosing to RECOMPUTE relu__147 (memory saved: 24.50 MB, recompute overhead: 0.025088s)
2025-05-16 16:13:15,373 - INFO - 
Iteration 2/1000 (Elapsed time: 0.8s)
2025-05-16 16:13:15,726 - INFO - Simulated peak memory: 11.76 GB. Budget: 8.00 GB. Exec time: 1.33s
2025-05-16 16:13:15,726 - INFO - Current checkpoint count: 619
2025-05-16 16:13:15,726 - INFO - Current recompute count: 1
2025-05-16 16:13:15,726 - INFO - New best schedule found with peak memory: 11.76 GB
2025-05-16 16:13:16,139 - INFO - Considering activation: relu__6, recompute_benefit_ratio: 1023999999.49, mem_size: 196.00 MB, recomp_time: 0.200704s, lifetime: 2460
2025-05-16 16:13:16,139 - INFO - Choosing to RECOMPUTE relu__6 (memory saved: 196.00 MB, recompute overhead: 0.200704s)
2025-05-16 16:13:16,139 - INFO - 
Iteration 3/1000 (Elapsed time: 1.5s)
2025-05-16 16:13:16,482 - INFO - Simulated peak memory: 11.75 GB. Budget: 8.00 GB. Exec time: 1.53s
2025-05-16 16:13:16,482 - INFO - Current checkpoint count: 618
2025-05-16 16:13:16,482 - INFO - Current recompute count: 2
2025-05-16 16:13:16,482 - INFO - New best schedule found with peak memory: 11.75 GB
2025-05-16 16:13:16,893 - INFO - Considering activation: convolution_4, recompute_benefit_ratio: 1023999999.49, mem_size: 196.00 MB, recomp_time: 0.200704s, lifetime: 2523
2025-05-16 16:13:16,893 - INFO - Choosing to RECOMPUTE convolution_4 (memory saved: 196.00 MB, recompute overhead: 0.200704s)
2025-05-16 16:13:16,893 - INFO - 
Iteration 4/1000 (Elapsed time: 2.3s)
2025-05-16 16:13:17,249 - INFO - Simulated peak memory: 11.74 GB. Budget: 8.00 GB. Exec time: 1.73s
2025-05-16 16:13:17,250 - INFO - Current checkpoint count: 617
2025-05-16 16:13:17,250 - INFO - Current recompute count: 3
2025-05-16 16:13:17,250 - INFO - New best schedule found with peak memory: 11.74 GB
2025-05-16 16:13:17,662 - INFO - Considering activation: convolution_10, recompute_benefit_ratio: 1023999999.49, mem_size: 196.00 MB, recomp_time: 0.200704s, lifetime: 2423
2025-05-16 16:13:17,662 - INFO - Choosing to RECOMPUTE convolution_10 (memory saved: 196.00 MB, recompute overhead: 0.200704s)
2025-05-16 16:13:17,662 - INFO - 
Iteration 5/1000 (Elapsed time: 3.0s)
2025-05-16 16:13:18,005 - INFO - Simulated peak memory: 11.73 GB. Budget: 8.00 GB. Exec time: 1.93s
2025-05-16 16:13:18,005 - INFO - Current checkpoint count: 616
2025-05-16 16:13:18,005 - INFO - Current recompute count: 4
2025-05-16 16:13:18,006 - INFO - New best schedule found with peak memory: 11.73 GB
2025-05-16 16:13:18,417 - INFO - Considering activation: relu__3, recompute_benefit_ratio: 1023999999.49, mem_size: 196.00 MB, recomp_time: 0.200704s, lifetime: 2510
2025-05-16 16:13:18,417 - INFO - Choosing to RECOMPUTE relu__3 (memory saved: 196.00 MB, recompute overhead: 0.200704s)
2025-05-16 16:13:18,417 - INFO - 
Iteration 6/1000 (Elapsed time: 3.8s)
2025-05-16 16:13:18,765 - INFO - Simulated peak memory: 11.71 GB. Budget: 8.00 GB. Exec time: 2.13s
2025-05-16 16:13:18,765 - INFO - Current checkpoint count: 615
2025-05-16 16:13:18,765 - INFO - Current recompute count: 5
2025-05-16 16:13:18,765 - INFO - New best schedule found with peak memory: 11.71 GB
2025-05-16 16:13:19,190 - INFO - Considering activation: convolution_3, recompute_benefit_ratio: 1023999999.49, mem_size: 196.00 MB, recomp_time: 0.200704s, lifetime: 2537
2025-05-16 16:13:19,191 - INFO - Choosing to RECOMPUTE convolution_3 (memory saved: 196.00 MB, recompute overhead: 0.200704s)
2025-05-16 16:13:19,191 - INFO - 
Iteration 7/1000 (Elapsed time: 4.6s)
2025-05-16 16:13:19,547 - INFO - Simulated peak memory: 11.70 GB. Budget: 8.00 GB. Exec time: 2.33s
2025-05-16 16:13:19,547 - INFO - Current checkpoint count: 614
2025-05-16 16:13:19,547 - INFO - Current recompute count: 6
2025-05-16 16:13:19,547 - INFO - New best schedule found with peak memory: 11.70 GB
2025-05-16 16:13:19,966 - INFO - Considering activation: convolution_7, recompute_benefit_ratio: 1023999999.49, mem_size: 196.00 MB, recomp_time: 0.200704s, lifetime: 2473
2025-05-16 16:13:19,966 - INFO - Choosing to RECOMPUTE convolution_7 (memory saved: 196.00 MB, recompute overhead: 0.200704s)
2025-05-16 16:13:19,966 - INFO - 
Iteration 8/1000 (Elapsed time: 5.4s)
2025-05-16 16:13:20,307 - INFO - Simulated peak memory: 11.69 GB. Budget: 8.00 GB. Exec time: 2.53s
2025-05-16 16:13:20,307 - INFO - Current checkpoint count: 613
2025-05-16 16:13:20,307 - INFO - Current recompute count: 7
2025-05-16 16:13:20,307 - INFO - New best schedule found with peak memory: 11.69 GB
2025-05-16 16:13:20,712 - INFO - Considering activation: relu_, recompute_benefit_ratio: 1023999999.49, mem_size: 196.00 MB, recomp_time: 0.200704s, lifetime: 2581
2025-05-16 16:13:20,717 - INFO - Choosing to RECOMPUTE relu_ (memory saved: 196.00 MB, recompute overhead: 0.200704s)
2025-05-16 16:13:20,717 - INFO - 
Iteration 9/1000 (Elapsed time: 6.1s)
2025-05-16 16:13:21,058 - INFO - Simulated peak memory: 11.68 GB. Budget: 8.00 GB. Exec time: 2.73s
2025-05-16 16:13:21,058 - INFO - Current checkpoint count: 612
2025-05-16 16:13:21,058 - INFO - Current recompute count: 8
2025-05-16 16:13:21,059 - INFO - New best schedule found with peak memory: 11.68 GB
2025-05-16 16:13:21,464 - INFO - Considering activation: convolution, recompute_benefit_ratio: 1023999999.49, mem_size: 196.00 MB, recomp_time: 0.200704s, lifetime: 2590
2025-05-16 16:13:21,464 - INFO - Choosing to RECOMPUTE convolution (memory saved: 196.00 MB, recompute overhead: 0.200704s)
2025-05-16 16:13:21,465 - INFO - 
Iteration 10/1000 (Elapsed time: 6.9s)
2025-05-16 16:13:21,808 - INFO - Simulated peak memory: 11.67 GB. Budget: 8.00 GB. Exec time: 2.93s
2025-05-16 16:13:21,808 - INFO - Current checkpoint count: 611
2025-05-16 16:13:21,808 - INFO - Current recompute count: 9
2025-05-16 16:13:21,808 - INFO - New best schedule found with peak memory: 11.67 GB
2025-05-16 16:13:22,219 - INFO - Considering activation: relu__9, recompute_benefit_ratio: 1023999999.49, mem_size: 196.00 MB, recomp_time: 0.200704s, lifetime: 2387
2025-05-16 16:13:22,219 - INFO - Choosing to RECOMPUTE relu__9 (memory saved: 196.00 MB, recompute overhead: 0.200704s)
2025-05-16 16:13:22,220 - INFO - 
Iteration 11/1000 (Elapsed time: 7.6s)
2025-05-16 16:13:22,559 - INFO - Simulated peak memory: 11.66 GB. Budget: 8.00 GB. Exec time: 3.13s
2025-05-16 16:13:22,559 - INFO - Current checkpoint count: 610
2025-05-16 16:13:22,559 - INFO - Current recompute count: 10
2025-05-16 16:13:22,559 - INFO - New best schedule found with peak memory: 11.66 GB
2025-05-16 16:13:22,963 - INFO - Considering activation: relu__24, recompute_benefit_ratio: 1023999998.98, mem_size: 98.00 MB, recomp_time: 0.100352s, lifetime: 2146
2025-05-16 16:13:22,963 - INFO - Choosing to RECOMPUTE relu__24 (memory saved: 98.00 MB, recompute overhead: 0.100352s)
2025-05-16 16:13:22,963 - INFO - 
Iteration 12/1000 (Elapsed time: 8.4s)
2025-05-16 16:13:23,309 - INFO - Simulated peak memory: 11.64 GB. Budget: 8.00 GB. Exec time: 3.23s
2025-05-16 16:13:23,309 - INFO - Current checkpoint count: 609
2025-05-16 16:13:23,309 - INFO - Current recompute count: 11
2025-05-16 16:13:23,309 - INFO - New best schedule found with peak memory: 11.64 GB
2025-05-16 16:13:23,726 - INFO - Considering activation: relu__12, recompute_benefit_ratio: 1023999998.98, mem_size: 98.00 MB, recomp_time: 0.100352s, lifetime: 2346
2025-05-16 16:13:23,726 - INFO - Choosing to RECOMPUTE relu__12 (memory saved: 98.00 MB, recompute overhead: 0.100352s)
2025-05-16 16:13:23,727 - INFO - 
Iteration 13/1000 (Elapsed time: 9.1s)
2025-05-16 16:13:24,066 - INFO - Simulated peak memory: 11.63 GB. Budget: 8.00 GB. Exec time: 3.33s
2025-05-16 16:13:24,066 - INFO - Current checkpoint count: 608
2025-05-16 16:13:24,066 - INFO - Current recompute count: 12
2025-05-16 16:13:24,066 - INFO - New best schedule found with peak memory: 11.63 GB
2025-05-16 16:13:24,468 - INFO - Considering activation: convolution_26, recompute_benefit_ratio: 1023999998.98, mem_size: 98.00 MB, recomp_time: 0.100352s, lifetime: 2159
2025-05-16 16:13:24,468 - INFO - Choosing to RECOMPUTE convolution_26 (memory saved: 98.00 MB, recompute overhead: 0.100352s)
2025-05-16 16:13:24,468 - INFO - 
Iteration 14/1000 (Elapsed time: 9.9s)
2025-05-16 16:13:24,808 - INFO - Simulated peak memory: 11.62 GB. Budget: 8.00 GB. Exec time: 3.44s
2025-05-16 16:13:24,808 - INFO - Current checkpoint count: 607
2025-05-16 16:13:24,809 - INFO - Current recompute count: 13
2025-05-16 16:13:24,809 - INFO - New best schedule found with peak memory: 11.62 GB
2025-05-16 16:13:25,215 - INFO - Considering activation: relu__15, recompute_benefit_ratio: 1023999998.98, mem_size: 98.00 MB, recomp_time: 0.100352s, lifetime: 2296
2025-05-16 16:13:25,215 - INFO - Choosing to RECOMPUTE relu__15 (memory saved: 98.00 MB, recompute overhead: 0.100352s)
2025-05-16 16:13:25,215 - INFO - 
Iteration 15/1000 (Elapsed time: 10.6s)
2025-05-16 16:13:25,557 - INFO - Simulated peak memory: 11.61 GB. Budget: 8.00 GB. Exec time: 3.54s
2025-05-16 16:13:25,557 - INFO - Current checkpoint count: 606
2025-05-16 16:13:25,557 - INFO - Current recompute count: 14
2025-05-16 16:13:25,557 - INFO - New best schedule found with peak memory: 11.61 GB
2025-05-16 16:13:25,967 - INFO - Considering activation: convolution_23, recompute_benefit_ratio: 1023999998.98, mem_size: 98.00 MB, recomp_time: 0.100352s, lifetime: 2209
2025-05-16 16:13:25,967 - INFO - Choosing to RECOMPUTE convolution_23 (memory saved: 98.00 MB, recompute overhead: 0.100352s)
2025-05-16 16:13:25,967 - INFO - 
Iteration 16/1000 (Elapsed time: 11.4s)
2025-05-16 16:13:26,312 - INFO - Simulated peak memory: 11.60 GB. Budget: 8.00 GB. Exec time: 3.64s
2025-05-16 16:13:26,312 - INFO - Current checkpoint count: 605
2025-05-16 16:13:26,312 - INFO - Current recompute count: 15
2025-05-16 16:13:26,312 - INFO - New best schedule found with peak memory: 11.60 GB
2025-05-16 16:13:26,731 - INFO - Considering activation: convolution_11, recompute_benefit_ratio: 1023999998.98, mem_size: 98.00 MB, recomp_time: 0.100352s, lifetime: 2405
2025-05-16 16:13:26,731 - INFO - Choosing to RECOMPUTE convolution_11 (memory saved: 98.00 MB, recompute overhead: 0.100352s)
2025-05-16 16:13:26,731 - INFO - 
Iteration 17/1000 (Elapsed time: 12.1s)
2025-05-16 16:13:27,076 - INFO - Simulated peak memory: 11.58 GB. Budget: 8.00 GB. Exec time: 3.74s
2025-05-16 16:13:27,076 - INFO - Current checkpoint count: 604
2025-05-16 16:13:27,076 - INFO - Current recompute count: 16
2025-05-16 16:13:27,076 - INFO - New best schedule found with peak memory: 11.58 GB
2025-05-16 16:13:27,482 - INFO - Considering activation: convolution_29, recompute_benefit_ratio: 1023999998.98, mem_size: 98.00 MB, recomp_time: 0.100352s, lifetime: 2109
2025-05-16 16:13:27,482 - INFO - Choosing to RECOMPUTE convolution_29 (memory saved: 98.00 MB, recompute overhead: 0.100352s)
2025-05-16 16:13:27,482 - INFO - 
Iteration 18/1000 (Elapsed time: 12.9s)
2025-05-16 16:13:27,825 - INFO - Simulated peak memory: 11.57 GB. Budget: 8.00 GB. Exec time: 3.84s
2025-05-16 16:13:27,825 - INFO - Current checkpoint count: 603
2025-05-16 16:13:27,825 - INFO - Current recompute count: 17
2025-05-16 16:13:27,825 - INFO - New best schedule found with peak memory: 11.57 GB
2025-05-16 16:13:28,232 - INFO - Considering activation: convolution_20, recompute_benefit_ratio: 1023999998.98, mem_size: 98.00 MB, recomp_time: 0.100352s, lifetime: 2259
2025-05-16 16:13:28,232 - INFO - Choosing to RECOMPUTE convolution_20 (memory saved: 98.00 MB, recompute overhead: 0.100352s)
2025-05-16 16:13:28,232 - INFO - 
Iteration 19/1000 (Elapsed time: 13.6s)
2025-05-16 16:13:28,578 - INFO - Simulated peak memory: 11.56 GB. Budget: 8.00 GB. Exec time: 3.94s
2025-05-16 16:13:28,578 - INFO - Current checkpoint count: 602
2025-05-16 16:13:28,578 - INFO - Current recompute count: 18
2025-05-16 16:13:28,578 - INFO - New best schedule found with peak memory: 11.56 GB
2025-05-16 16:13:28,990 - INFO - Considering activation: relu__30, recompute_benefit_ratio: 1023999998.98, mem_size: 98.00 MB, recomp_time: 0.100352s, lifetime: 2046
2025-05-16 16:13:28,990 - INFO - Choosing to RECOMPUTE relu__30 (memory saved: 98.00 MB, recompute overhead: 0.100352s)
2025-05-16 16:13:28,990 - INFO - 
Iteration 20/1000 (Elapsed time: 14.4s)
2025-05-16 16:13:29,332 - INFO - Simulated peak memory: 11.55 GB. Budget: 8.00 GB. Exec time: 4.04s
2025-05-16 16:13:29,332 - INFO - Current checkpoint count: 601
2025-05-16 16:13:29,332 - INFO - Current recompute count: 19
2025-05-16 16:13:29,332 - INFO - New best schedule found with peak memory: 11.55 GB
2025-05-16 16:13:29,739 - INFO - Considering activation: convolution_17, recompute_benefit_ratio: 1023999998.98, mem_size: 98.00 MB, recomp_time: 0.100352s, lifetime: 2309
2025-05-16 16:13:29,739 - INFO - Choosing to RECOMPUTE convolution_17 (memory saved: 98.00 MB, recompute overhead: 0.100352s)
2025-05-16 16:13:29,739 - INFO - 
Iteration 21/1000 (Elapsed time: 15.1s)
2025-05-16 16:13:30,081 - INFO - Simulated peak memory: 11.54 GB. Budget: 8.00 GB. Exec time: 4.14s
2025-05-16 16:13:30,082 - INFO - Current checkpoint count: 600
2025-05-16 16:13:30,082 - INFO - Current recompute count: 20
2025-05-16 16:13:30,082 - INFO - New best schedule found with peak memory: 11.54 GB
2025-05-16 16:13:30,492 - INFO - Considering activation: convolution_32, recompute_benefit_ratio: 1023999998.98, mem_size: 98.00 MB, recomp_time: 0.100352s, lifetime: 2059
2025-05-16 16:13:30,492 - INFO - Choosing to RECOMPUTE convolution_32 (memory saved: 98.00 MB, recompute overhead: 0.100352s)
2025-05-16 16:13:30,492 - INFO - 
Iteration 22/1000 (Elapsed time: 15.9s)
2025-05-16 16:13:30,836 - INFO - Simulated peak memory: 11.53 GB. Budget: 8.00 GB. Exec time: 4.24s
2025-05-16 16:13:30,836 - INFO - Current checkpoint count: 599
2025-05-16 16:13:30,836 - INFO - Current recompute count: 21
2025-05-16 16:13:30,836 - INFO - New best schedule found with peak memory: 11.53 GB
2025-05-16 16:13:31,242 - INFO - Considering activation: convolution_13, recompute_benefit_ratio: 1023999998.98, mem_size: 98.00 MB, recomp_time: 0.100352s, lifetime: 2373
2025-05-16 16:13:31,242 - INFO - Choosing to RECOMPUTE convolution_13 (memory saved: 98.00 MB, recompute overhead: 0.100352s)
2025-05-16 16:13:31,242 - INFO - 
Iteration 23/1000 (Elapsed time: 16.6s)
2025-05-16 16:13:31,589 - INFO - Simulated peak memory: 11.51 GB. Budget: 8.00 GB. Exec time: 4.34s
2025-05-16 16:13:31,589 - INFO - Current checkpoint count: 598
2025-05-16 16:13:31,589 - INFO - Current recompute count: 22
2025-05-16 16:13:31,589 - INFO - New best schedule found with peak memory: 11.51 GB
2025-05-16 16:13:31,997 - INFO - Considering activation: relu__33, recompute_benefit_ratio: 1023999998.98, mem_size: 98.00 MB, recomp_time: 0.100352s, lifetime: 1973
2025-05-16 16:13:31,997 - INFO - Choosing to RECOMPUTE relu__33 (memory saved: 98.00 MB, recompute overhead: 0.100352s)
2025-05-16 16:13:31,997 - INFO - 
Iteration 24/1000 (Elapsed time: 17.4s)
2025-05-16 16:13:32,339 - INFO - Simulated peak memory: 11.50 GB. Budget: 8.00 GB. Exec time: 4.44s
2025-05-16 16:13:32,339 - INFO - Current checkpoint count: 597
2025-05-16 16:13:32,339 - INFO - Current recompute count: 23
2025-05-16 16:13:32,339 - INFO - New best schedule found with peak memory: 11.50 GB
2025-05-16 16:13:32,746 - INFO - Considering activation: getitem_5, recompute_benefit_ratio: 1023999998.98, mem_size: 98.00 MB, recomp_time: 0.100352s, lifetime: 2578
2025-05-16 16:13:32,746 - INFO - Choosing to RECOMPUTE getitem_5 (memory saved: 98.00 MB, recompute overhead: 0.100352s)
2025-05-16 16:13:32,746 - INFO - 
Iteration 25/1000 (Elapsed time: 18.1s)
2025-05-16 16:13:33,091 - INFO - Simulated peak memory: 11.39 GB. Budget: 8.00 GB. Exec time: 4.54s
2025-05-16 16:13:33,091 - INFO - Current checkpoint count: 596
2025-05-16 16:13:33,091 - INFO - Current recompute count: 24
2025-05-16 16:13:33,091 - INFO - New best schedule found with peak memory: 11.39 GB
2025-05-16 16:13:33,495 - INFO - Considering activation: relu__27, recompute_benefit_ratio: 1023999998.98, mem_size: 98.00 MB, recomp_time: 0.100352s, lifetime: 2096
2025-05-16 16:13:33,495 - INFO - Choosing to RECOMPUTE relu__27 (memory saved: 98.00 MB, recompute overhead: 0.100352s)
2025-05-16 16:13:33,495 - INFO - 
Iteration 26/1000 (Elapsed time: 18.9s)
2025-05-16 16:13:33,836 - INFO - Simulated peak memory: 11.38 GB. Budget: 8.00 GB. Exec time: 4.64s
2025-05-16 16:13:33,836 - INFO - Current checkpoint count: 595
2025-05-16 16:13:33,836 - INFO - Current recompute count: 25
2025-05-16 16:13:33,836 - INFO - New best schedule found with peak memory: 11.38 GB
2025-05-16 16:13:34,243 - INFO - Considering activation: convolution_35, recompute_benefit_ratio: 1023999998.98, mem_size: 98.00 MB, recomp_time: 0.100352s, lifetime: 2009
2025-05-16 16:13:34,243 - INFO - Choosing to RECOMPUTE convolution_35 (memory saved: 98.00 MB, recompute overhead: 0.100352s)
2025-05-16 16:13:34,243 - INFO - 
Iteration 27/1000 (Elapsed time: 19.6s)
2025-05-16 16:13:34,589 - INFO - Simulated peak memory: 11.37 GB. Budget: 8.00 GB. Exec time: 4.74s
2025-05-16 16:13:34,589 - INFO - Current checkpoint count: 594
2025-05-16 16:13:34,589 - INFO - Current recompute count: 26
2025-05-16 16:13:34,589 - INFO - New best schedule found with peak memory: 11.37 GB
2025-05-16 16:13:35,000 - INFO - Considering activation: relu__18, recompute_benefit_ratio: 1023999998.98, mem_size: 98.00 MB, recomp_time: 0.100352s, lifetime: 2246
2025-05-16 16:13:35,000 - INFO - Choosing to RECOMPUTE relu__18 (memory saved: 98.00 MB, recompute overhead: 0.100352s)
2025-05-16 16:13:35,000 - INFO - 
Iteration 28/1000 (Elapsed time: 20.4s)
2025-05-16 16:13:35,345 - INFO - Simulated peak memory: 11.36 GB. Budget: 8.00 GB. Exec time: 4.84s
2025-05-16 16:13:35,345 - INFO - Current checkpoint count: 593
2025-05-16 16:13:35,345 - INFO - Current recompute count: 27
2025-05-16 16:13:35,345 - INFO - New best schedule found with peak memory: 11.36 GB
2025-05-16 16:13:35,752 - INFO - Considering activation: convolution_14, recompute_benefit_ratio: 1023999998.98, mem_size: 98.00 MB, recomp_time: 0.100352s, lifetime: 2359
2025-05-16 16:13:35,752 - INFO - Choosing to RECOMPUTE convolution_14 (memory saved: 98.00 MB, recompute overhead: 0.100352s)
2025-05-16 16:13:35,752 - INFO - 
Iteration 29/1000 (Elapsed time: 21.1s)
2025-05-16 16:13:36,092 - INFO - Simulated peak memory: 11.35 GB. Budget: 8.00 GB. Exec time: 4.94s
2025-05-16 16:13:36,093 - INFO - Current checkpoint count: 592
2025-05-16 16:13:36,093 - INFO - Current recompute count: 28
2025-05-16 16:13:36,093 - INFO - New best schedule found with peak memory: 11.35 GB
2025-05-16 16:13:36,500 - INFO - Considering activation: relu__10, recompute_benefit_ratio: 1023999998.98, mem_size: 98.00 MB, recomp_time: 0.100352s, lifetime: 2394
2025-05-16 16:13:36,500 - INFO - Choosing to RECOMPUTE relu__10 (memory saved: 98.00 MB, recompute overhead: 0.100352s)
2025-05-16 16:13:36,500 - INFO - 
Iteration 30/1000 (Elapsed time: 21.9s)
2025-05-16 16:13:36,847 - INFO - Simulated peak memory: 11.33 GB. Budget: 8.00 GB. Exec time: 5.04s
2025-05-16 16:13:36,847 - INFO - Current checkpoint count: 591
2025-05-16 16:13:36,847 - INFO - Current recompute count: 29
2025-05-16 16:13:36,847 - INFO - New best schedule found with peak memory: 11.33 GB
2025-05-16 16:13:37,250 - INFO - Considering activation: relu__21, recompute_benefit_ratio: 1023999998.98, mem_size: 98.00 MB, recomp_time: 0.100352s, lifetime: 2196
2025-05-16 16:13:37,250 - INFO - Choosing to RECOMPUTE relu__21 (memory saved: 98.00 MB, recompute overhead: 0.100352s)
2025-05-16 16:13:37,250 - INFO - 
Iteration 31/1000 (Elapsed time: 22.6s)
2025-05-16 16:13:37,593 - INFO - Simulated peak memory: 11.32 GB. Budget: 8.00 GB. Exec time: 5.14s
2025-05-16 16:13:37,594 - INFO - Current checkpoint count: 590
2025-05-16 16:13:37,594 - INFO - Current recompute count: 30
2025-05-16 16:13:37,594 - INFO - New best schedule found with peak memory: 11.32 GB
2025-05-16 16:13:38,005 - INFO - Considering activation: convolution_99, recompute_benefit_ratio: 1023999997.96, mem_size: 49.00 MB, recomp_time: 0.050176s, lifetime: 945
2025-05-16 16:13:38,005 - INFO - Choosing to RECOMPUTE convolution_99 (memory saved: 49.00 MB, recompute overhead: 0.050176s)
2025-05-16 16:13:38,005 - INFO - 
Iteration 32/1000 (Elapsed time: 23.4s)
2025-05-16 16:13:38,359 - INFO - Simulated peak memory: 11.31 GB. Budget: 8.00 GB. Exec time: 5.19s
2025-05-16 16:13:38,359 - INFO - Current checkpoint count: 589
2025-05-16 16:13:38,360 - INFO - Current recompute count: 31
2025-05-16 16:13:38,360 - INFO - New best schedule found with peak memory: 11.31 GB
2025-05-16 16:13:38,769 - INFO - Considering activation: relu__42, recompute_benefit_ratio: 1023999997.96, mem_size: 49.00 MB, recomp_time: 0.050176s, lifetime: 1832
2025-05-16 16:13:38,769 - INFO - Choosing to RECOMPUTE relu__42 (memory saved: 49.00 MB, recompute overhead: 0.050176s)
2025-05-16 16:13:38,769 - INFO - 
Iteration 33/1000 (Elapsed time: 24.2s)
2025-05-16 16:13:39,120 - INFO - Simulated peak memory: 11.30 GB. Budget: 8.00 GB. Exec time: 5.24s
2025-05-16 16:13:39,120 - INFO - Current checkpoint count: 588
2025-05-16 16:13:39,120 - INFO - Current recompute count: 32
2025-05-16 16:13:39,120 - INFO - New best schedule found with peak memory: 11.30 GB
2025-05-16 16:13:39,530 - INFO - Considering activation: convolution_8, recompute_benefit_ratio: 1023999997.96, mem_size: 49.00 MB, recomp_time: 0.050176s, lifetime: 2455
2025-05-16 16:13:39,530 - INFO - Choosing to RECOMPUTE convolution_8 (memory saved: 49.00 MB, recompute overhead: 0.050176s)
2025-05-16 16:13:39,530 - INFO - 
Iteration 34/1000 (Elapsed time: 24.9s)
2025-05-16 16:13:39,879 - INFO - Simulated peak memory: 11.29 GB. Budget: 8.00 GB. Exec time: 5.29s
2025-05-16 16:13:39,879 - INFO - Current checkpoint count: 587
2025-05-16 16:13:39,879 - INFO - Current recompute count: 33
2025-05-16 16:13:39,879 - INFO - New best schedule found with peak memory: 11.29 GB
2025-05-16 16:13:40,290 - INFO - Considering activation: convolution_129, recompute_benefit_ratio: 1023999997.96, mem_size: 49.00 MB, recomp_time: 0.050176s, lifetime: 445
2025-05-16 16:13:40,290 - INFO - Choosing to RECOMPUTE convolution_129 (memory saved: 49.00 MB, recompute overhead: 0.050176s)
2025-05-16 16:13:40,290 - INFO - 
Iteration 35/1000 (Elapsed time: 25.7s)
2025-05-16 16:13:40,637 - INFO - Simulated peak memory: 11.27 GB. Budget: 8.00 GB. Exec time: 5.34s
2025-05-16 16:13:40,637 - INFO - Current checkpoint count: 586
2025-05-16 16:13:40,637 - INFO - Current recompute count: 34
2025-05-16 16:13:40,637 - INFO - New best schedule found with peak memory: 11.27 GB
2025-05-16 16:13:41,040 - INFO - Considering activation: relu__129, recompute_benefit_ratio: 1023999997.96, mem_size: 49.00 MB, recomp_time: 0.050176s, lifetime: 382
2025-05-16 16:13:41,040 - INFO - Choosing to RECOMPUTE relu__129 (memory saved: 49.00 MB, recompute overhead: 0.050176s)
2025-05-16 16:13:41,040 - INFO - 
Iteration 36/1000 (Elapsed time: 26.4s)
2025-05-16 16:13:41,393 - INFO - Simulated peak memory: 11.26 GB. Budget: 8.00 GB. Exec time: 5.39s
2025-05-16 16:13:41,393 - INFO - Current checkpoint count: 585
2025-05-16 16:13:41,393 - INFO - Current recompute count: 35
2025-05-16 16:13:41,393 - INFO - New best schedule found with peak memory: 11.26 GB
2025-05-16 16:13:41,801 - INFO - Considering activation: convolution_102, recompute_benefit_ratio: 1023999997.96, mem_size: 49.00 MB, recomp_time: 0.050176s, lifetime: 895
2025-05-16 16:13:41,801 - INFO - Choosing to RECOMPUTE convolution_102 (memory saved: 49.00 MB, recompute overhead: 0.050176s)
2025-05-16 16:13:41,801 - INFO - 
Iteration 37/1000 (Elapsed time: 27.2s)
2025-05-16 16:13:42,148 - INFO - Simulated peak memory: 11.25 GB. Budget: 8.00 GB. Exec time: 5.44s
2025-05-16 16:13:42,148 - INFO - Current checkpoint count: 584
2025-05-16 16:13:42,148 - INFO - Current recompute count: 36
2025-05-16 16:13:42,148 - INFO - New best schedule found with peak memory: 11.25 GB
2025-05-16 16:13:42,552 - INFO - Considering activation: convolution_120, recompute_benefit_ratio: 1023999997.96, mem_size: 49.00 MB, recomp_time: 0.050176s, lifetime: 595
2025-05-16 16:13:42,552 - INFO - Choosing to RECOMPUTE convolution_120 (memory saved: 49.00 MB, recompute overhead: 0.050176s)
2025-05-16 16:13:42,552 - INFO - 
Iteration 38/1000 (Elapsed time: 27.9s)
2025-05-16 16:13:42,908 - INFO - Simulated peak memory: 11.24 GB. Budget: 8.00 GB. Exec time: 5.49s
2025-05-16 16:13:42,908 - INFO - Current checkpoint count: 583
2025-05-16 16:13:42,908 - INFO - Current recompute count: 37
2025-05-16 16:13:42,908 - INFO - New best schedule found with peak memory: 11.24 GB
2025-05-16 16:13:43,319 - INFO - Considering activation: convolution_5, recompute_benefit_ratio: 1023999997.96, mem_size: 49.00 MB, recomp_time: 0.050176s, lifetime: 2505
2025-05-16 16:13:43,319 - INFO - Choosing to RECOMPUTE convolution_5 (memory saved: 49.00 MB, recompute overhead: 0.050176s)
2025-05-16 16:13:43,319 - INFO - 
Iteration 39/1000 (Elapsed time: 28.7s)
2025-05-16 16:13:43,667 - INFO - Simulated peak memory: 11.22 GB. Budget: 8.00 GB. Exec time: 5.54s
2025-05-16 16:13:43,667 - INFO - Current checkpoint count: 582
2025-05-16 16:13:43,667 - INFO - Current recompute count: 38
2025-05-16 16:13:43,668 - INFO - New best schedule found with peak memory: 11.22 GB
2025-05-16 16:13:44,073 - INFO - Considering activation: convolution_108, recompute_benefit_ratio: 1023999997.96, mem_size: 49.00 MB, recomp_time: 0.050176s, lifetime: 795
2025-05-16 16:13:44,073 - INFO - Choosing to RECOMPUTE convolution_108 (memory saved: 49.00 MB, recompute overhead: 0.050176s)
2025-05-16 16:13:44,073 - INFO - 
Iteration 40/1000 (Elapsed time: 29.5s)
2025-05-16 16:13:44,421 - INFO - Simulated peak memory: 11.21 GB. Budget: 8.00 GB. Exec time: 5.59s
2025-05-16 16:13:44,421 - INFO - Current checkpoint count: 581
2025-05-16 16:13:44,421 - INFO - Current recompute count: 39
2025-05-16 16:13:44,421 - INFO - New best schedule found with peak memory: 11.21 GB
2025-05-16 16:13:44,829 - INFO - Considering activation: relu__1, recompute_benefit_ratio: 1023999997.96, mem_size: 49.00 MB, recomp_time: 0.050176s, lifetime: 2558
2025-05-16 16:13:44,829 - INFO - Choosing to RECOMPUTE relu__1 (memory saved: 49.00 MB, recompute overhead: 0.050176s)
2025-05-16 16:13:44,829 - INFO - 
Iteration 41/1000 (Elapsed time: 30.2s)
2025-05-16 16:13:45,176 - INFO - Simulated peak memory: 11.20 GB. Budget: 8.00 GB. Exec time: 5.64s
2025-05-16 16:13:45,176 - INFO - Current checkpoint count: 580
2025-05-16 16:13:45,177 - INFO - Current recompute count: 40
2025-05-16 16:13:45,177 - INFO - New best schedule found with peak memory: 11.20 GB
2025-05-16 16:13:45,586 - INFO - Considering activation: relu__108, recompute_benefit_ratio: 1023999997.96, mem_size: 49.00 MB, recomp_time: 0.050176s, lifetime: 732
2025-05-16 16:13:45,586 - INFO - Choosing to RECOMPUTE relu__108 (memory saved: 49.00 MB, recompute overhead: 0.050176s)
2025-05-16 16:13:45,586 - INFO - 
Iteration 42/1000 (Elapsed time: 31.0s)
2025-05-16 16:13:45,939 - INFO - Simulated peak memory: 11.19 GB. Budget: 8.00 GB. Exec time: 5.69s
2025-05-16 16:13:45,939 - INFO - Current checkpoint count: 579
2025-05-16 16:13:45,939 - INFO - Current recompute count: 41
2025-05-16 16:13:45,939 - INFO - New best schedule found with peak memory: 11.19 GB
2025-05-16 16:13:46,343 - INFO - Considering activation: relu__45, recompute_benefit_ratio: 1023999997.96, mem_size: 49.00 MB, recomp_time: 0.050176s, lifetime: 1782
2025-05-16 16:13:46,343 - INFO - Choosing to RECOMPUTE relu__45 (memory saved: 49.00 MB, recompute overhead: 0.050176s)
2025-05-16 16:13:46,343 - INFO - 
Iteration 43/1000 (Elapsed time: 31.7s)
2025-05-16 16:13:46,699 - INFO - Simulated peak memory: 11.17 GB. Budget: 8.00 GB. Exec time: 5.74s
2025-05-16 16:13:46,699 - INFO - Current checkpoint count: 578
2025-05-16 16:13:46,699 - INFO - Current recompute count: 42
2025-05-16 16:13:46,699 - INFO - New best schedule found with peak memory: 11.17 GB
2025-05-16 16:13:47,104 - INFO - Considering activation: relu__126, recompute_benefit_ratio: 1023999997.96, mem_size: 49.00 MB, recomp_time: 0.050176s, lifetime: 432
2025-05-16 16:13:47,104 - INFO - Choosing to RECOMPUTE relu__126 (memory saved: 49.00 MB, recompute overhead: 0.050176s)
2025-05-16 16:13:47,104 - INFO - 
Iteration 44/1000 (Elapsed time: 32.5s)
2025-05-16 16:13:47,456 - INFO - Simulated peak memory: 11.16 GB. Budget: 8.00 GB. Exec time: 5.79s
2025-05-16 16:13:47,457 - INFO - Current checkpoint count: 577
2025-05-16 16:13:47,457 - INFO - Current recompute count: 43
2025-05-16 16:13:47,457 - INFO - New best schedule found with peak memory: 11.16 GB
2025-05-16 16:13:47,869 - INFO - Considering activation: relu__141, recompute_benefit_ratio: 1023999997.96, mem_size: 49.00 MB, recomp_time: 0.050176s, lifetime: 159
2025-05-16 16:13:47,869 - INFO - Choosing to RECOMPUTE relu__141 (memory saved: 49.00 MB, recompute overhead: 0.050176s)
2025-05-16 16:13:47,869 - INFO - 
Iteration 45/1000 (Elapsed time: 33.3s)
2025-05-16 16:13:48,227 - INFO - Simulated peak memory: 11.15 GB. Budget: 8.00 GB. Exec time: 5.84s
2025-05-16 16:13:48,228 - INFO - Current checkpoint count: 576
2025-05-16 16:13:48,228 - INFO - Current recompute count: 44
2025-05-16 16:13:48,228 - INFO - New best schedule found with peak memory: 11.15 GB
2025-05-16 16:13:48,633 - INFO - Considering activation: relu__132, recompute_benefit_ratio: 1023999997.96, mem_size: 49.00 MB, recomp_time: 0.050176s, lifetime: 332
2025-05-16 16:13:48,634 - INFO - Choosing to RECOMPUTE relu__132 (memory saved: 49.00 MB, recompute overhead: 0.050176s)
2025-05-16 16:13:48,634 - INFO - 
Iteration 46/1000 (Elapsed time: 34.0s)
2025-05-16 16:13:48,994 - INFO - Simulated peak memory: 11.14 GB. Budget: 8.00 GB. Exec time: 5.89s
2025-05-16 16:13:48,994 - INFO - Current checkpoint count: 575
2025-05-16 16:13:48,994 - INFO - Current recompute count: 45
2025-05-16 16:13:48,994 - INFO - New best schedule found with peak memory: 11.14 GB
2025-05-16 16:13:49,409 - INFO - Considering activation: convolution_105, recompute_benefit_ratio: 1023999997.96, mem_size: 49.00 MB, recomp_time: 0.050176s, lifetime: 845
2025-05-16 16:13:49,410 - INFO - Choosing to RECOMPUTE convolution_105 (memory saved: 49.00 MB, recompute overhead: 0.050176s)
2025-05-16 16:13:49,410 - INFO - 
Iteration 47/1000 (Elapsed time: 34.8s)
2025-05-16 16:13:49,786 - INFO - Simulated peak memory: 11.13 GB. Budget: 8.00 GB. Exec time: 5.94s
2025-05-16 16:13:49,786 - INFO - Current checkpoint count: 574
2025-05-16 16:13:49,786 - INFO - Current recompute count: 46
2025-05-16 16:13:49,786 - INFO - New best schedule found with peak memory: 11.13 GB
2025-05-16 16:13:50,200 - INFO - Considering activation: relu__5, recompute_benefit_ratio: 1023999997.96, mem_size: 49.00 MB, recomp_time: 0.050176s, lifetime: 2478
2025-05-16 16:13:50,200 - INFO - Choosing to RECOMPUTE relu__5 (memory saved: 49.00 MB, recompute overhead: 0.050176s)
2025-05-16 16:13:50,200 - INFO - 
Iteration 48/1000 (Elapsed time: 35.6s)
2025-05-16 16:13:50,562 - INFO - Simulated peak memory: 11.11 GB. Budget: 8.00 GB. Exec time: 5.99s
2025-05-16 16:13:50,562 - INFO - Current checkpoint count: 573
2025-05-16 16:13:50,562 - INFO - Current recompute count: 47
2025-05-16 16:13:50,563 - INFO - New best schedule found with peak memory: 11.11 GB
2025-05-16 16:13:50,982 - INFO - Considering activation: convolution_75, recompute_benefit_ratio: 1023999997.96, mem_size: 49.00 MB, recomp_time: 0.050176s, lifetime: 1345
2025-05-16 16:13:50,982 - INFO - Choosing to RECOMPUTE convolution_75 (memory saved: 49.00 MB, recompute overhead: 0.050176s)
2025-05-16 16:13:50,982 - INFO - 
Iteration 49/1000 (Elapsed time: 36.4s)
2025-05-16 16:13:51,337 - INFO - Simulated peak memory: 11.10 GB. Budget: 8.00 GB. Exec time: 6.04s
2025-05-16 16:13:51,337 - INFO - Current checkpoint count: 572
2025-05-16 16:13:51,338 - INFO - Current recompute count: 48
2025-05-16 16:13:51,338 - INFO - New best schedule found with peak memory: 11.10 GB
2025-05-16 16:13:51,750 - INFO - Considering activation: relu__63, recompute_benefit_ratio: 1023999997.96, mem_size: 49.00 MB, recomp_time: 0.050176s, lifetime: 1482
2025-05-16 16:13:51,750 - INFO - Choosing to RECOMPUTE relu__63 (memory saved: 49.00 MB, recompute overhead: 0.050176s)
2025-05-16 16:13:51,750 - INFO - 
Iteration 50/1000 (Elapsed time: 37.1s)
2025-05-16 16:13:52,103 - INFO - Simulated peak memory: 11.09 GB. Budget: 8.00 GB. Exec time: 6.09s
2025-05-16 16:13:52,103 - INFO - Current checkpoint count: 571
2025-05-16 16:13:52,103 - INFO - Current recompute count: 49
2025-05-16 16:13:52,103 - INFO - New best schedule found with peak memory: 11.09 GB
2025-05-16 16:13:52,514 - INFO - Considering activation: convolution_48, recompute_benefit_ratio: 1023999997.96, mem_size: 49.00 MB, recomp_time: 0.050176s, lifetime: 1795
2025-05-16 16:13:52,514 - INFO - Choosing to RECOMPUTE convolution_48 (memory saved: 49.00 MB, recompute overhead: 0.050176s)
2025-05-16 16:13:52,514 - INFO - 
Iteration 51/1000 (Elapsed time: 37.9s)
2025-05-16 16:13:52,871 - INFO - Simulated peak memory: 11.08 GB. Budget: 8.00 GB. Exec time: 6.14s
2025-05-16 16:13:52,871 - INFO - Current checkpoint count: 570
2025-05-16 16:13:52,871 - INFO - Current recompute count: 50
2025-05-16 16:13:52,871 - INFO - New best schedule found with peak memory: 11.08 GB
2025-05-16 16:13:53,278 - INFO - Considering activation: relu__54, recompute_benefit_ratio: 1023999997.96, mem_size: 49.00 MB, recomp_time: 0.050176s, lifetime: 1632
2025-05-16 16:13:53,278 - INFO - Choosing to RECOMPUTE relu__54 (memory saved: 49.00 MB, recompute overhead: 0.050176s)
2025-05-16 16:13:53,278 - INFO - 
Iteration 52/1000 (Elapsed time: 38.7s)
2025-05-16 16:13:53,634 - INFO - Simulated peak memory: 11.06 GB. Budget: 8.00 GB. Exec time: 6.19s
2025-05-16 16:13:53,635 - INFO - Current checkpoint count: 569
2025-05-16 16:13:53,635 - INFO - Current recompute count: 51
2025-05-16 16:13:53,635 - INFO - New best schedule found with peak memory: 11.06 GB
2025-05-16 16:13:54,045 - INFO - Considering activation: relu__66, recompute_benefit_ratio: 1023999997.96, mem_size: 49.00 MB, recomp_time: 0.050176s, lifetime: 1432
2025-05-16 16:13:54,046 - INFO - Choosing to RECOMPUTE relu__66 (memory saved: 49.00 MB, recompute overhead: 0.050176s)
2025-05-16 16:13:54,046 - INFO - 
Iteration 53/1000 (Elapsed time: 39.4s)
2025-05-16 16:13:54,402 - INFO - Simulated peak memory: 11.05 GB. Budget: 8.00 GB. Exec time: 6.25s
2025-05-16 16:13:54,402 - INFO - Current checkpoint count: 568
2025-05-16 16:13:54,402 - INFO - Current recompute count: 52
2025-05-16 16:13:54,402 - INFO - New best schedule found with peak memory: 11.05 GB
2025-05-16 16:13:54,814 - INFO - Considering activation: relu__105, recompute_benefit_ratio: 1023999997.96, mem_size: 49.00 MB, recomp_time: 0.050176s, lifetime: 782
2025-05-16 16:13:54,815 - INFO - Choosing to RECOMPUTE relu__105 (memory saved: 49.00 MB, recompute overhead: 0.050176s)
2025-05-16 16:13:54,815 - INFO - 
Iteration 54/1000 (Elapsed time: 40.2s)
2025-05-16 16:13:55,172 - INFO - Simulated peak memory: 11.04 GB. Budget: 8.00 GB. Exec time: 6.30s
2025-05-16 16:13:55,172 - INFO - Current checkpoint count: 567
2025-05-16 16:13:55,172 - INFO - Current recompute count: 53
2025-05-16 16:13:55,173 - INFO - New best schedule found with peak memory: 11.04 GB
2025-05-16 16:13:55,581 - INFO - Considering activation: convolution_66, recompute_benefit_ratio: 1023999997.96, mem_size: 49.00 MB, recomp_time: 0.050176s, lifetime: 1495
2025-05-16 16:13:55,581 - INFO - Choosing to RECOMPUTE convolution_66 (memory saved: 49.00 MB, recompute overhead: 0.050176s)
2025-05-16 16:13:55,581 - INFO - 
Iteration 55/1000 (Elapsed time: 41.0s)
2025-05-16 16:13:55,945 - INFO - Simulated peak memory: 11.03 GB. Budget: 8.00 GB. Exec time: 6.35s
2025-05-16 16:13:55,945 - INFO - Current checkpoint count: 566
2025-05-16 16:13:55,945 - INFO - Current recompute count: 54
2025-05-16 16:13:55,945 - INFO - New best schedule found with peak memory: 11.03 GB
2025-05-16 16:13:56,352 - INFO - Considering activation: relu__117, recompute_benefit_ratio: 1023999997.96, mem_size: 49.00 MB, recomp_time: 0.050176s, lifetime: 582
2025-05-16 16:13:56,353 - INFO - Choosing to RECOMPUTE relu__117 (memory saved: 49.00 MB, recompute overhead: 0.050176s)
2025-05-16 16:13:56,353 - INFO - 
Iteration 56/1000 (Elapsed time: 41.7s)
2025-05-16 16:13:56,710 - INFO - Simulated peak memory: 11.01 GB. Budget: 8.00 GB. Exec time: 6.40s
2025-05-16 16:13:56,710 - INFO - Current checkpoint count: 565
2025-05-16 16:13:56,710 - INFO - Current recompute count: 55
2025-05-16 16:13:56,710 - INFO - New best schedule found with peak memory: 11.01 GB
2025-05-16 16:13:57,117 - INFO - Considering activation: convolution_93, recompute_benefit_ratio: 1023999997.96, mem_size: 49.00 MB, recomp_time: 0.050176s, lifetime: 1045
2025-05-16 16:13:57,117 - INFO - Choosing to RECOMPUTE convolution_93 (memory saved: 49.00 MB, recompute overhead: 0.050176s)
2025-05-16 16:13:57,117 - INFO - 
Iteration 57/1000 (Elapsed time: 42.5s)
2025-05-16 16:13:57,474 - INFO - Simulated peak memory: 11.00 GB. Budget: 8.00 GB. Exec time: 6.45s
2025-05-16 16:13:57,474 - INFO - Current checkpoint count: 564
2025-05-16 16:13:57,474 - INFO - Current recompute count: 56
2025-05-16 16:13:57,474 - INFO - New best schedule found with peak memory: 11.00 GB
2025-05-16 16:13:57,886 - INFO - Considering activation: convolution_60, recompute_benefit_ratio: 1023999997.96, mem_size: 49.00 MB, recomp_time: 0.050176s, lifetime: 1595
2025-05-16 16:13:57,886 - INFO - Choosing to RECOMPUTE convolution_60 (memory saved: 49.00 MB, recompute overhead: 0.050176s)
2025-05-16 16:13:57,887 - INFO - 
Iteration 58/1000 (Elapsed time: 43.3s)
2025-05-16 16:13:58,247 - INFO - Simulated peak memory: 10.99 GB. Budget: 8.00 GB. Exec time: 6.50s
2025-05-16 16:13:58,248 - INFO - Current checkpoint count: 563
2025-05-16 16:13:58,248 - INFO - Current recompute count: 57
2025-05-16 16:13:58,248 - INFO - New best schedule found with peak memory: 10.99 GB
2025-05-16 16:13:58,668 - INFO - Considering activation: convolution_9, recompute_benefit_ratio: 1023999997.96, mem_size: 49.00 MB, recomp_time: 0.050176s, lifetime: 2439
2025-05-16 16:13:58,668 - INFO - Choosing to RECOMPUTE convolution_9 (memory saved: 49.00 MB, recompute overhead: 0.050176s)
2025-05-16 16:13:58,668 - INFO - 
Iteration 59/1000 (Elapsed time: 44.1s)
2025-05-16 16:13:59,027 - INFO - Simulated peak memory: 10.98 GB. Budget: 8.00 GB. Exec time: 6.55s
2025-05-16 16:13:59,027 - INFO - Current checkpoint count: 562
2025-05-16 16:13:59,027 - INFO - Current recompute count: 58
2025-05-16 16:13:59,028 - INFO - New best schedule found with peak memory: 10.98 GB
2025-05-16 16:13:59,445 - INFO - Considering activation: relu__90, recompute_benefit_ratio: 1023999997.96, mem_size: 49.00 MB, recomp_time: 0.050176s, lifetime: 1032
2025-05-16 16:13:59,445 - INFO - Choosing to RECOMPUTE relu__90 (memory saved: 49.00 MB, recompute overhead: 0.050176s)
2025-05-16 16:13:59,445 - INFO - 
Iteration 60/1000 (Elapsed time: 44.8s)
2025-05-16 16:13:59,819 - INFO - Simulated peak memory: 10.96 GB. Budget: 8.00 GB. Exec time: 6.60s
2025-05-16 16:13:59,819 - INFO - Current checkpoint count: 561
2025-05-16 16:13:59,819 - INFO - Current recompute count: 59
2025-05-16 16:13:59,819 - INFO - New best schedule found with peak memory: 10.96 GB
2025-05-16 16:14:00,226 - INFO - Considering activation: relu__51, recompute_benefit_ratio: 1023999997.96, mem_size: 49.00 MB, recomp_time: 0.050176s, lifetime: 1682
2025-05-16 16:14:00,226 - INFO - Choosing to RECOMPUTE relu__51 (memory saved: 49.00 MB, recompute overhead: 0.050176s)
2025-05-16 16:14:00,226 - INFO - 
Iteration 61/1000 (Elapsed time: 45.6s)
2025-05-16 16:14:00,585 - INFO - Simulated peak memory: 10.95 GB. Budget: 8.00 GB. Exec time: 6.65s
2025-05-16 16:14:00,585 - INFO - Current checkpoint count: 560
2025-05-16 16:14:00,585 - INFO - Current recompute count: 60
2025-05-16 16:14:00,585 - INFO - New best schedule found with peak memory: 10.95 GB
2025-05-16 16:14:00,993 - INFO - Considering activation: convolution_2, recompute_benefit_ratio: 1023999997.96, mem_size: 49.00 MB, recomp_time: 0.050176s, lifetime: 2553
2025-05-16 16:14:00,993 - INFO - Choosing to RECOMPUTE convolution_2 (memory saved: 49.00 MB, recompute overhead: 0.050176s)
2025-05-16 16:14:00,993 - INFO - 
Iteration 62/1000 (Elapsed time: 46.4s)
2025-05-16 16:14:01,352 - INFO - Simulated peak memory: 10.94 GB. Budget: 8.00 GB. Exec time: 6.70s
2025-05-16 16:14:01,352 - INFO - Current checkpoint count: 559
2025-05-16 16:14:01,352 - INFO - Current recompute count: 61
2025-05-16 16:14:01,352 - INFO - New best schedule found with peak memory: 10.94 GB
2025-05-16 16:14:01,768 - INFO - Considering activation: convolution_39, recompute_benefit_ratio: 1023999997.96, mem_size: 49.00 MB, recomp_time: 0.050176s, lifetime: 1945
2025-05-16 16:14:01,768 - INFO - Choosing to RECOMPUTE convolution_39 (memory saved: 49.00 MB, recompute overhead: 0.050176s)
2025-05-16 16:14:01,768 - INFO - 
Iteration 63/1000 (Elapsed time: 47.2s)
2025-05-16 16:14:02,133 - INFO - Simulated peak memory: 10.93 GB. Budget: 8.00 GB. Exec time: 6.75s
2025-05-16 16:14:02,133 - INFO - Current checkpoint count: 558
2025-05-16 16:14:02,133 - INFO - Current recompute count: 62
2025-05-16 16:14:02,133 - INFO - New best schedule found with peak memory: 10.93 GB
2025-05-16 16:14:02,541 - INFO - Considering activation: relu__75, recompute_benefit_ratio: 1023999997.96, mem_size: 49.00 MB, recomp_time: 0.050176s, lifetime: 1282
2025-05-16 16:14:02,541 - INFO - Choosing to RECOMPUTE relu__75 (memory saved: 49.00 MB, recompute overhead: 0.050176s)
2025-05-16 16:14:02,542 - INFO - 
Iteration 64/1000 (Elapsed time: 47.9s)
2025-05-16 16:14:02,908 - INFO - Simulated peak memory: 10.92 GB. Budget: 8.00 GB. Exec time: 6.80s
2025-05-16 16:14:02,908 - INFO - Current checkpoint count: 557
2025-05-16 16:14:02,908 - INFO - Current recompute count: 63
2025-05-16 16:14:02,908 - INFO - New best schedule found with peak memory: 10.92 GB
2025-05-16 16:14:03,324 - INFO - Considering activation: convolution_42, recompute_benefit_ratio: 1023999997.96, mem_size: 49.00 MB, recomp_time: 0.050176s, lifetime: 1895
2025-05-16 16:14:03,324 - INFO - Choosing to RECOMPUTE convolution_42 (memory saved: 49.00 MB, recompute overhead: 0.050176s)
2025-05-16 16:14:03,324 - INFO - 
Iteration 65/1000 (Elapsed time: 48.7s)
2025-05-16 16:14:03,690 - INFO - Simulated peak memory: 10.90 GB. Budget: 8.00 GB. Exec time: 6.85s
2025-05-16 16:14:03,690 - INFO - Current checkpoint count: 556
2025-05-16 16:14:03,690 - INFO - Current recompute count: 64
2025-05-16 16:14:03,690 - INFO - New best schedule found with peak memory: 10.90 GB
2025-05-16 16:14:04,101 - INFO - Considering activation: convolution_45, recompute_benefit_ratio: 1023999997.96, mem_size: 49.00 MB, recomp_time: 0.050176s, lifetime: 1845
2025-05-16 16:14:04,101 - INFO - Choosing to RECOMPUTE convolution_45 (memory saved: 49.00 MB, recompute overhead: 0.050176s)
2025-05-16 16:14:04,101 - INFO - 
Iteration 66/1000 (Elapsed time: 49.5s)
2025-05-16 16:14:04,472 - INFO - Simulated peak memory: 10.89 GB. Budget: 8.00 GB. Exec time: 6.90s
2025-05-16 16:14:04,472 - INFO - Current checkpoint count: 555
2025-05-16 16:14:04,472 - INFO - Current recompute count: 65
2025-05-16 16:14:04,472 - INFO - New best schedule found with peak memory: 10.89 GB
2025-05-16 16:14:04,886 - INFO - Considering activation: convolution_144, recompute_benefit_ratio: 1023999997.96, mem_size: 49.00 MB, recomp_time: 0.050176s, lifetime: 195
2025-05-16 16:14:04,886 - INFO - Choosing to RECOMPUTE convolution_144 (memory saved: 49.00 MB, recompute overhead: 0.050176s)
2025-05-16 16:14:04,886 - INFO - 
Iteration 67/1000 (Elapsed time: 50.3s)
2025-05-16 16:14:05,261 - INFO - Simulated peak memory: 10.88 GB. Budget: 8.00 GB. Exec time: 6.95s
2025-05-16 16:14:05,261 - INFO - Current checkpoint count: 554
2025-05-16 16:14:05,261 - INFO - Current recompute count: 66
2025-05-16 16:14:05,261 - INFO - New best schedule found with peak memory: 10.88 GB
2025-05-16 16:14:05,671 - INFO - Considering activation: convolution_69, recompute_benefit_ratio: 1023999997.96, mem_size: 49.00 MB, recomp_time: 0.050176s, lifetime: 1445
2025-05-16 16:14:05,671 - INFO - Choosing to RECOMPUTE convolution_69 (memory saved: 49.00 MB, recompute overhead: 0.050176s)
2025-05-16 16:14:05,671 - INFO - 
Iteration 68/1000 (Elapsed time: 51.1s)
2025-05-16 16:14:06,041 - INFO - Simulated peak memory: 10.87 GB. Budget: 8.00 GB. Exec time: 7.00s
2025-05-16 16:14:06,041 - INFO - Current checkpoint count: 553
2025-05-16 16:14:06,041 - INFO - Current recompute count: 67
2025-05-16 16:14:06,041 - INFO - New best schedule found with peak memory: 10.87 GB
2025-05-16 16:14:06,450 - INFO - Considering activation: relu__4, recompute_benefit_ratio: 1023999997.96, mem_size: 49.00 MB, recomp_time: 0.050176s, lifetime: 2494
2025-05-16 16:14:06,450 - INFO - Choosing to RECOMPUTE relu__4 (memory saved: 49.00 MB, recompute overhead: 0.050176s)
2025-05-16 16:14:06,450 - INFO - 
Iteration 69/1000 (Elapsed time: 51.8s)
2025-05-16 16:14:06,815 - INFO - Simulated peak memory: 10.85 GB. Budget: 8.00 GB. Exec time: 7.05s
2025-05-16 16:14:06,815 - INFO - Current checkpoint count: 552
2025-05-16 16:14:06,815 - INFO - Current recompute count: 68
2025-05-16 16:14:06,815 - INFO - New best schedule found with peak memory: 10.85 GB
2025-05-16 16:14:07,216 - INFO - Considering activation: relu__93, recompute_benefit_ratio: 1023999997.96, mem_size: 49.00 MB, recomp_time: 0.050176s, lifetime: 982
2025-05-16 16:14:07,216 - INFO - Choosing to RECOMPUTE relu__93 (memory saved: 49.00 MB, recompute overhead: 0.050176s)
2025-05-16 16:14:07,216 - INFO - 
Iteration 70/1000 (Elapsed time: 52.6s)
2025-05-16 16:14:07,578 - INFO - Simulated peak memory: 10.84 GB. Budget: 8.00 GB. Exec time: 7.10s
2025-05-16 16:14:07,579 - INFO - Current checkpoint count: 551
2025-05-16 16:14:07,579 - INFO - Current recompute count: 69
2025-05-16 16:14:07,579 - INFO - New best schedule found with peak memory: 10.84 GB
2025-05-16 16:14:07,983 - INFO - Considering activation: relu__135, recompute_benefit_ratio: 1023999997.96, mem_size: 49.00 MB, recomp_time: 0.050176s, lifetime: 282
2025-05-16 16:14:07,983 - INFO - Choosing to RECOMPUTE relu__135 (memory saved: 49.00 MB, recompute overhead: 0.050176s)
2025-05-16 16:14:07,983 - INFO - 
Iteration 71/1000 (Elapsed time: 53.4s)
2025-05-16 16:14:08,353 - INFO - Simulated peak memory: 10.83 GB. Budget: 8.00 GB. Exec time: 7.15s
2025-05-16 16:14:08,353 - INFO - Current checkpoint count: 550
2025-05-16 16:14:08,353 - INFO - Current recompute count: 70
2025-05-16 16:14:08,353 - INFO - New best schedule found with peak memory: 10.83 GB
2025-05-16 16:14:08,764 - INFO - Considering activation: relu__138, recompute_benefit_ratio: 1023999997.96, mem_size: 49.00 MB, recomp_time: 0.050176s, lifetime: 232
2025-05-16 16:14:08,764 - INFO - Choosing to RECOMPUTE relu__138 (memory saved: 49.00 MB, recompute overhead: 0.050176s)
2025-05-16 16:14:08,764 - INFO - 
Iteration 72/1000 (Elapsed time: 54.2s)
2025-05-16 16:14:09,127 - INFO - Simulated peak memory: 10.82 GB. Budget: 8.00 GB. Exec time: 7.20s
2025-05-16 16:14:09,127 - INFO - Current checkpoint count: 549
2025-05-16 16:14:09,127 - INFO - Current recompute count: 71
2025-05-16 16:14:09,127 - INFO - New best schedule found with peak memory: 10.82 GB
2025-05-16 16:14:09,534 - INFO - Considering activation: relu__69, recompute_benefit_ratio: 1023999997.96, mem_size: 49.00 MB, recomp_time: 0.050176s, lifetime: 1382
2025-05-16 16:14:09,534 - INFO - Choosing to RECOMPUTE relu__69 (memory saved: 49.00 MB, recompute overhead: 0.050176s)
2025-05-16 16:14:09,534 - INFO - 
Iteration 73/1000 (Elapsed time: 54.9s)
2025-05-16 16:14:09,899 - INFO - Simulated peak memory: 10.80 GB. Budget: 8.00 GB. Exec time: 7.25s
2025-05-16 16:14:09,899 - INFO - Current checkpoint count: 548
2025-05-16 16:14:09,899 - INFO - Current recompute count: 72
2025-05-16 16:14:09,899 - INFO - New best schedule found with peak memory: 10.80 GB
2025-05-16 16:14:10,305 - INFO - Considering activation: convolution_138, recompute_benefit_ratio: 1023999997.96, mem_size: 49.00 MB, recomp_time: 0.050176s, lifetime: 295
2025-05-16 16:14:10,305 - INFO - Choosing to RECOMPUTE convolution_138 (memory saved: 49.00 MB, recompute overhead: 0.050176s)
2025-05-16 16:14:10,305 - INFO - 
Iteration 74/1000 (Elapsed time: 55.7s)
2025-05-16 16:14:10,675 - INFO - Simulated peak memory: 10.79 GB. Budget: 8.00 GB. Exec time: 7.30s
2025-05-16 16:14:10,675 - INFO - Current checkpoint count: 547
2025-05-16 16:14:10,675 - INFO - Current recompute count: 73
2025-05-16 16:14:10,676 - INFO - New best schedule found with peak memory: 10.79 GB
2025-05-16 16:14:11,079 - INFO - Considering activation: relu__102, recompute_benefit_ratio: 1023999997.96, mem_size: 49.00 MB, recomp_time: 0.050176s, lifetime: 832
2025-05-16 16:14:11,079 - INFO - Choosing to RECOMPUTE relu__102 (memory saved: 49.00 MB, recompute overhead: 0.050176s)
2025-05-16 16:14:11,080 - INFO - 
Iteration 75/1000 (Elapsed time: 56.5s)
2025-05-16 16:14:11,442 - INFO - Simulated peak memory: 10.78 GB. Budget: 8.00 GB. Exec time: 7.35s
2025-05-16 16:14:11,442 - INFO - Current checkpoint count: 546
2025-05-16 16:14:11,442 - INFO - Current recompute count: 74
2025-05-16 16:14:11,442 - INFO - New best schedule found with peak memory: 10.78 GB
2025-05-16 16:14:11,852 - INFO - Considering activation: convolution_72, recompute_benefit_ratio: 1023999997.96, mem_size: 49.00 MB, recomp_time: 0.050176s, lifetime: 1395
2025-05-16 16:14:11,852 - INFO - Choosing to RECOMPUTE convolution_72 (memory saved: 49.00 MB, recompute overhead: 0.050176s)
2025-05-16 16:14:11,852 - INFO - 
Iteration 76/1000 (Elapsed time: 57.2s)
2025-05-16 16:14:12,226 - INFO - Simulated peak memory: 10.77 GB. Budget: 8.00 GB. Exec time: 7.40s
2025-05-16 16:14:12,226 - INFO - Current checkpoint count: 545
2025-05-16 16:14:12,226 - INFO - Current recompute count: 75
2025-05-16 16:14:12,227 - INFO - New best schedule found with peak memory: 10.77 GB
2025-05-16 16:14:12,638 - INFO - Considering activation: relu__78, recompute_benefit_ratio: 1023999997.96, mem_size: 49.00 MB, recomp_time: 0.050176s, lifetime: 1232
2025-05-16 16:14:12,639 - INFO - Choosing to RECOMPUTE relu__78 (memory saved: 49.00 MB, recompute overhead: 0.050176s)
2025-05-16 16:14:12,639 - INFO - 
Iteration 77/1000 (Elapsed time: 58.0s)
2025-05-16 16:14:13,015 - INFO - Simulated peak memory: 10.76 GB. Budget: 8.00 GB. Exec time: 7.45s
2025-05-16 16:14:13,015 - INFO - Current checkpoint count: 544
2025-05-16 16:14:13,016 - INFO - Current recompute count: 76
2025-05-16 16:14:13,016 - INFO - New best schedule found with peak memory: 10.76 GB
2025-05-16 16:14:13,425 - INFO - Considering activation: convolution_114, recompute_benefit_ratio: 1023999997.96, mem_size: 49.00 MB, recomp_time: 0.050176s, lifetime: 695
2025-05-16 16:14:13,425 - INFO - Choosing to RECOMPUTE convolution_114 (memory saved: 49.00 MB, recompute overhead: 0.050176s)
2025-05-16 16:14:13,425 - INFO - 
Iteration 78/1000 (Elapsed time: 58.8s)
2025-05-16 16:14:13,800 - INFO - Simulated peak memory: 10.74 GB. Budget: 8.00 GB. Exec time: 7.50s
2025-05-16 16:14:13,801 - INFO - Current checkpoint count: 543
2025-05-16 16:14:13,801 - INFO - Current recompute count: 77
2025-05-16 16:14:13,801 - INFO - New best schedule found with peak memory: 10.74 GB
2025-05-16 16:14:14,207 - INFO - Considering activation: relu__96, recompute_benefit_ratio: 1023999997.96, mem_size: 49.00 MB, recomp_time: 0.050176s, lifetime: 932
2025-05-16 16:14:14,207 - INFO - Choosing to RECOMPUTE relu__96 (memory saved: 49.00 MB, recompute overhead: 0.050176s)
2025-05-16 16:14:14,207 - INFO - 
Iteration 79/1000 (Elapsed time: 59.6s)
2025-05-16 16:14:14,573 - INFO - Simulated peak memory: 10.73 GB. Budget: 8.00 GB. Exec time: 7.55s
2025-05-16 16:14:14,573 - INFO - Current checkpoint count: 542
2025-05-16 16:14:14,573 - INFO - Current recompute count: 78
2025-05-16 16:14:14,573 - INFO - New best schedule found with peak memory: 10.73 GB
2025-05-16 16:14:14,985 - INFO - Considering activation: relu__84, recompute_benefit_ratio: 1023999997.96, mem_size: 49.00 MB, recomp_time: 0.050176s, lifetime: 1132
2025-05-16 16:14:14,986 - INFO - Choosing to RECOMPUTE relu__84 (memory saved: 49.00 MB, recompute overhead: 0.050176s)
2025-05-16 16:14:14,986 - INFO - 
Iteration 80/1000 (Elapsed time: 60.4s)
2025-05-16 16:14:15,356 - INFO - Simulated peak memory: 10.72 GB. Budget: 8.00 GB. Exec time: 7.60s
2025-05-16 16:14:15,357 - INFO - Current checkpoint count: 541
2025-05-16 16:14:15,357 - INFO - Current recompute count: 79
2025-05-16 16:14:15,357 - INFO - New best schedule found with peak memory: 10.72 GB
2025-05-16 16:14:15,767 - INFO - Considering activation: relu__2, recompute_benefit_ratio: 1023999997.96, mem_size: 49.00 MB, recomp_time: 0.050176s, lifetime: 2542
2025-05-16 16:14:15,767 - INFO - Choosing to RECOMPUTE relu__2 (memory saved: 49.00 MB, recompute overhead: 0.050176s)
2025-05-16 16:14:15,767 - INFO - 
Iteration 81/1000 (Elapsed time: 61.2s)
2025-05-16 16:14:16,136 - INFO - Simulated peak memory: 10.71 GB. Budget: 8.00 GB. Exec time: 7.65s
2025-05-16 16:14:16,136 - INFO - Current checkpoint count: 540
2025-05-16 16:14:16,136 - INFO - Current recompute count: 80
2025-05-16 16:14:16,136 - INFO - New best schedule found with peak memory: 10.71 GB
2025-05-16 16:14:16,534 - INFO - Considering activation: convolution_90, recompute_benefit_ratio: 1023999997.96, mem_size: 49.00 MB, recomp_time: 0.050176s, lifetime: 1095
2025-05-16 16:14:16,534 - INFO - Choosing to RECOMPUTE convolution_90 (memory saved: 49.00 MB, recompute overhead: 0.050176s)
2025-05-16 16:14:16,534 - INFO - 
Iteration 82/1000 (Elapsed time: 61.9s)
2025-05-16 16:14:16,904 - INFO - Simulated peak memory: 10.69 GB. Budget: 8.00 GB. Exec time: 7.70s
2025-05-16 16:14:16,904 - INFO - Current checkpoint count: 539
2025-05-16 16:14:16,904 - INFO - Current recompute count: 81
2025-05-16 16:14:16,905 - INFO - New best schedule found with peak memory: 10.69 GB
2025-05-16 16:14:17,311 - INFO - Considering activation: convolution_63, recompute_benefit_ratio: 1023999997.96, mem_size: 49.00 MB, recomp_time: 0.050176s, lifetime: 1545
2025-05-16 16:14:17,311 - INFO - Choosing to RECOMPUTE convolution_63 (memory saved: 49.00 MB, recompute overhead: 0.050176s)
2025-05-16 16:14:17,311 - INFO - 
Iteration 83/1000 (Elapsed time: 62.7s)
2025-05-16 16:14:17,677 - INFO - Simulated peak memory: 10.68 GB. Budget: 8.00 GB. Exec time: 7.75s
2025-05-16 16:14:17,677 - INFO - Current checkpoint count: 538
2025-05-16 16:14:17,677 - INFO - Current recompute count: 82
2025-05-16 16:14:17,677 - INFO - New best schedule found with peak memory: 10.68 GB
2025-05-16 16:14:18,083 - INFO - Considering activation: convolution_54, recompute_benefit_ratio: 1023999997.96, mem_size: 49.00 MB, recomp_time: 0.050176s, lifetime: 1695
2025-05-16 16:14:18,083 - INFO - Choosing to RECOMPUTE convolution_54 (memory saved: 49.00 MB, recompute overhead: 0.050176s)
2025-05-16 16:14:18,083 - INFO - 
Iteration 84/1000 (Elapsed time: 63.5s)
2025-05-16 16:14:18,453 - INFO - Simulated peak memory: 10.67 GB. Budget: 8.00 GB. Exec time: 7.80s
2025-05-16 16:14:18,453 - INFO - Current checkpoint count: 537
2025-05-16 16:14:18,453 - INFO - Current recompute count: 83
2025-05-16 16:14:18,453 - INFO - New best schedule found with peak memory: 10.67 GB
2025-05-16 16:14:18,864 - INFO - Considering activation: convolution_135, recompute_benefit_ratio: 1023999997.96, mem_size: 49.00 MB, recomp_time: 0.050176s, lifetime: 345
2025-05-16 16:14:18,864 - INFO - Choosing to RECOMPUTE convolution_135 (memory saved: 49.00 MB, recompute overhead: 0.050176s)
2025-05-16 16:14:18,864 - INFO - 
Iteration 85/1000 (Elapsed time: 64.3s)
2025-05-16 16:14:19,233 - INFO - Simulated peak memory: 10.66 GB. Budget: 8.00 GB. Exec time: 7.85s
2025-05-16 16:14:19,233 - INFO - Current checkpoint count: 536
2025-05-16 16:14:19,233 - INFO - Current recompute count: 84
2025-05-16 16:14:19,233 - INFO - New best schedule found with peak memory: 10.66 GB
2025-05-16 16:14:19,644 - INFO - Considering activation: convolution_78, recompute_benefit_ratio: 1023999997.96, mem_size: 49.00 MB, recomp_time: 0.050176s, lifetime: 1295
2025-05-16 16:14:19,644 - INFO - Choosing to RECOMPUTE convolution_78 (memory saved: 49.00 MB, recompute overhead: 0.050176s)
2025-05-16 16:14:19,644 - INFO - 
Iteration 86/1000 (Elapsed time: 65.0s)
2025-05-16 16:14:20,043 - INFO - Simulated peak memory: 10.64 GB. Budget: 8.00 GB. Exec time: 7.90s
2025-05-16 16:14:20,043 - INFO - Current checkpoint count: 535
2025-05-16 16:14:20,043 - INFO - Current recompute count: 85
2025-05-16 16:14:20,044 - INFO - New best schedule found with peak memory: 10.64 GB
2025-05-16 16:14:20,480 - INFO - Considering activation: convolution_51, recompute_benefit_ratio: 1023999997.96, mem_size: 49.00 MB, recomp_time: 0.050176s, lifetime: 1745
2025-05-16 16:14:20,480 - INFO - Choosing to RECOMPUTE convolution_51 (memory saved: 49.00 MB, recompute overhead: 0.050176s)
2025-05-16 16:14:20,480 - INFO - 
Iteration 87/1000 (Elapsed time: 65.9s)
2025-05-16 16:14:20,885 - INFO - Simulated peak memory: 10.63 GB. Budget: 8.00 GB. Exec time: 7.95s
2025-05-16 16:14:20,885 - INFO - Current checkpoint count: 534
2025-05-16 16:14:20,885 - INFO - Current recompute count: 86
2025-05-16 16:14:20,885 - INFO - New best schedule found with peak memory: 10.63 GB
2025-05-16 16:14:21,299 - INFO - Considering activation: convolution_96, recompute_benefit_ratio: 1023999997.96, mem_size: 49.00 MB, recomp_time: 0.050176s, lifetime: 995
2025-05-16 16:14:21,299 - INFO - Choosing to RECOMPUTE convolution_96 (memory saved: 49.00 MB, recompute overhead: 0.050176s)
2025-05-16 16:14:21,299 - INFO - 
Iteration 88/1000 (Elapsed time: 66.7s)
2025-05-16 16:14:21,678 - INFO - Simulated peak memory: 10.62 GB. Budget: 8.00 GB. Exec time: 8.00s
2025-05-16 16:14:21,678 - INFO - Current checkpoint count: 533
2025-05-16 16:14:21,678 - INFO - Current recompute count: 87
2025-05-16 16:14:21,678 - INFO - New best schedule found with peak memory: 10.62 GB
2025-05-16 16:14:22,094 - INFO - Considering activation: relu__48, recompute_benefit_ratio: 1023999997.96, mem_size: 49.00 MB, recomp_time: 0.050176s, lifetime: 1732
2025-05-16 16:14:22,094 - INFO - Choosing to RECOMPUTE relu__48 (memory saved: 49.00 MB, recompute overhead: 0.050176s)
2025-05-16 16:14:22,094 - INFO - 
Iteration 89/1000 (Elapsed time: 67.5s)
2025-05-16 16:14:22,470 - INFO - Simulated peak memory: 10.61 GB. Budget: 8.00 GB. Exec time: 8.05s
2025-05-16 16:14:22,470 - INFO - Current checkpoint count: 532
2025-05-16 16:14:22,470 - INFO - Current recompute count: 88
2025-05-16 16:14:22,470 - INFO - New best schedule found with peak memory: 10.61 GB
2025-05-16 16:14:22,885 - INFO - Considering activation: convolution_1, recompute_benefit_ratio: 1023999997.96, mem_size: 49.00 MB, recomp_time: 0.050176s, lifetime: 2569
2025-05-16 16:14:22,885 - INFO - Choosing to RECOMPUTE convolution_1 (memory saved: 49.00 MB, recompute overhead: 0.050176s)
2025-05-16 16:14:22,885 - INFO - 
Iteration 90/1000 (Elapsed time: 68.3s)
2025-05-16 16:14:23,259 - INFO - Simulated peak memory: 10.59 GB. Budget: 8.00 GB. Exec time: 8.10s
2025-05-16 16:14:23,260 - INFO - Current checkpoint count: 531
2025-05-16 16:14:23,260 - INFO - Current recompute count: 89
2025-05-16 16:14:23,260 - INFO - New best schedule found with peak memory: 10.59 GB
2025-05-16 16:14:23,676 - INFO - Considering activation: relu__111, recompute_benefit_ratio: 1023999997.96, mem_size: 49.00 MB, recomp_time: 0.050176s, lifetime: 682
2025-05-16 16:14:23,676 - INFO - Choosing to RECOMPUTE relu__111 (memory saved: 49.00 MB, recompute overhead: 0.050176s)
2025-05-16 16:14:23,676 - INFO - 
Iteration 91/1000 (Elapsed time: 69.1s)
2025-05-16 16:14:24,064 - INFO - Simulated peak memory: 10.58 GB. Budget: 8.00 GB. Exec time: 8.15s
2025-05-16 16:14:24,064 - INFO - Current checkpoint count: 530
2025-05-16 16:14:24,064 - INFO - Current recompute count: 90
2025-05-16 16:14:24,064 - INFO - New best schedule found with peak memory: 10.58 GB
2025-05-16 16:14:24,495 - INFO - Considering activation: relu__39, recompute_benefit_ratio: 1023999997.96, mem_size: 49.00 MB, recomp_time: 0.050176s, lifetime: 1882
2025-05-16 16:14:24,496 - INFO - Choosing to RECOMPUTE relu__39 (memory saved: 49.00 MB, recompute overhead: 0.050176s)
2025-05-16 16:14:24,496 - INFO - 
Iteration 92/1000 (Elapsed time: 69.9s)
2025-05-16 16:14:24,880 - INFO - Simulated peak memory: 10.57 GB. Budget: 8.00 GB. Exec time: 8.20s
2025-05-16 16:14:24,880 - INFO - Current checkpoint count: 529
2025-05-16 16:14:24,880 - INFO - Current recompute count: 91
2025-05-16 16:14:24,880 - INFO - New best schedule found with peak memory: 10.57 GB
2025-05-16 16:14:25,296 - INFO - Considering activation: convolution_57, recompute_benefit_ratio: 1023999997.96, mem_size: 49.00 MB, recomp_time: 0.050176s, lifetime: 1645
2025-05-16 16:14:25,296 - INFO - Choosing to RECOMPUTE convolution_57 (memory saved: 49.00 MB, recompute overhead: 0.050176s)
2025-05-16 16:14:25,296 - INFO - 
Iteration 93/1000 (Elapsed time: 70.7s)
2025-05-16 16:14:25,678 - INFO - Simulated peak memory: 10.56 GB. Budget: 8.00 GB. Exec time: 8.25s
2025-05-16 16:14:25,678 - INFO - Current checkpoint count: 528
2025-05-16 16:14:25,678 - INFO - Current recompute count: 92
2025-05-16 16:14:25,678 - INFO - New best schedule found with peak memory: 10.56 GB
2025-05-16 16:14:26,087 - INFO - Considering activation: relu__7, recompute_benefit_ratio: 1023999997.96, mem_size: 49.00 MB, recomp_time: 0.050176s, lifetime: 2444
2025-05-16 16:14:26,087 - INFO - Choosing to RECOMPUTE relu__7 (memory saved: 49.00 MB, recompute overhead: 0.050176s)
2025-05-16 16:14:26,087 - INFO - 
Iteration 94/1000 (Elapsed time: 71.5s)
2025-05-16 16:14:26,464 - INFO - Simulated peak memory: 10.55 GB. Budget: 8.00 GB. Exec time: 8.30s
2025-05-16 16:14:26,464 - INFO - Current checkpoint count: 527
2025-05-16 16:14:26,464 - INFO - Current recompute count: 93
2025-05-16 16:14:26,464 - INFO - New best schedule found with peak memory: 10.55 GB
2025-05-16 16:14:26,870 - INFO - Considering activation: relu__57, recompute_benefit_ratio: 1023999997.96, mem_size: 49.00 MB, recomp_time: 0.050176s, lifetime: 1582
2025-05-16 16:14:26,870 - INFO - Choosing to RECOMPUTE relu__57 (memory saved: 49.00 MB, recompute overhead: 0.050176s)
2025-05-16 16:14:26,870 - INFO - 
Iteration 95/1000 (Elapsed time: 72.3s)
2025-05-16 16:14:27,246 - INFO - Simulated peak memory: 10.53 GB. Budget: 8.00 GB. Exec time: 8.35s
2025-05-16 16:14:27,246 - INFO - Current checkpoint count: 526
2025-05-16 16:14:27,246 - INFO - Current recompute count: 94
2025-05-16 16:14:27,246 - INFO - New best schedule found with peak memory: 10.53 GB
2025-05-16 16:14:27,653 - INFO - Considering activation: relu__8, recompute_benefit_ratio: 1023999997.96, mem_size: 49.00 MB, recomp_time: 0.050176s, lifetime: 2428
2025-05-16 16:14:27,653 - INFO - Choosing to RECOMPUTE relu__8 (memory saved: 49.00 MB, recompute overhead: 0.050176s)
2025-05-16 16:14:27,653 - INFO - 
Iteration 96/1000 (Elapsed time: 73.0s)
2025-05-16 16:14:28,035 - INFO - Simulated peak memory: 10.52 GB. Budget: 8.00 GB. Exec time: 8.40s
2025-05-16 16:14:28,035 - INFO - Current checkpoint count: 525
2025-05-16 16:14:28,036 - INFO - Current recompute count: 95
2025-05-16 16:14:28,036 - INFO - New best schedule found with peak memory: 10.52 GB
2025-05-16 16:14:28,439 - INFO - Considering activation: relu__81, recompute_benefit_ratio: 1023999997.96, mem_size: 49.00 MB, recomp_time: 0.050176s, lifetime: 1182
2025-05-16 16:14:28,439 - INFO - Choosing to RECOMPUTE relu__81 (memory saved: 49.00 MB, recompute overhead: 0.050176s)
2025-05-16 16:14:28,439 - INFO - 
Iteration 97/1000 (Elapsed time: 73.8s)
2025-05-16 16:14:28,817 - INFO - Simulated peak memory: 10.51 GB. Budget: 8.00 GB. Exec time: 8.45s
2025-05-16 16:14:28,817 - INFO - Current checkpoint count: 524
2025-05-16 16:14:28,817 - INFO - Current recompute count: 96
2025-05-16 16:14:28,817 - INFO - New best schedule found with peak memory: 10.51 GB
2025-05-16 16:14:29,228 - INFO - Considering activation: relu__36, recompute_benefit_ratio: 1023999997.96, mem_size: 49.00 MB, recomp_time: 0.050176s, lifetime: 1932
2025-05-16 16:14:29,228 - INFO - Choosing to RECOMPUTE relu__36 (memory saved: 49.00 MB, recompute overhead: 0.050176s)
2025-05-16 16:14:29,228 - INFO - 
Iteration 98/1000 (Elapsed time: 74.6s)
2025-05-16 16:14:29,608 - INFO - Simulated peak memory: 10.50 GB. Budget: 8.00 GB. Exec time: 8.50s
2025-05-16 16:14:29,608 - INFO - Current checkpoint count: 523
2025-05-16 16:14:29,608 - INFO - Current recompute count: 97
2025-05-16 16:14:29,608 - INFO - New best schedule found with peak memory: 10.50 GB
2025-05-16 16:14:30,020 - INFO - Considering activation: convolution_123, recompute_benefit_ratio: 1023999997.96, mem_size: 49.00 MB, recomp_time: 0.050176s, lifetime: 545
2025-05-16 16:14:30,020 - INFO - Choosing to RECOMPUTE convolution_123 (memory saved: 49.00 MB, recompute overhead: 0.050176s)
2025-05-16 16:14:30,020 - INFO - 
Iteration 99/1000 (Elapsed time: 75.4s)
2025-05-16 16:14:30,409 - INFO - Simulated peak memory: 10.48 GB. Budget: 8.00 GB. Exec time: 8.55s
2025-05-16 16:14:30,409 - INFO - Current checkpoint count: 522
2025-05-16 16:14:30,409 - INFO - Current recompute count: 98
2025-05-16 16:14:30,409 - INFO - New best schedule found with peak memory: 10.48 GB
2025-05-16 16:14:30,828 - INFO - Considering activation: relu__60, recompute_benefit_ratio: 1023999997.96, mem_size: 49.00 MB, recomp_time: 0.050176s, lifetime: 1532
2025-05-16 16:14:30,828 - INFO - Choosing to RECOMPUTE relu__60 (memory saved: 49.00 MB, recompute overhead: 0.050176s)
2025-05-16 16:14:30,828 - INFO - 
Iteration 100/1000 (Elapsed time: 76.2s)
2025-05-16 16:14:31,208 - INFO - Simulated peak memory: 10.47 GB. Budget: 8.00 GB. Exec time: 8.60s
2025-05-16 16:14:31,208 - INFO - Current checkpoint count: 521
2025-05-16 16:14:31,208 - INFO - Current recompute count: 99
2025-05-16 16:14:31,208 - INFO - New best schedule found with peak memory: 10.47 GB
2025-05-16 16:14:31,610 - INFO - Considering activation: convolution_126, recompute_benefit_ratio: 1023999997.96, mem_size: 49.00 MB, recomp_time: 0.050176s, lifetime: 495
2025-05-16 16:14:31,610 - INFO - Choosing to RECOMPUTE convolution_126 (memory saved: 49.00 MB, recompute overhead: 0.050176s)
2025-05-16 16:14:31,610 - INFO - 
Iteration 101/1000 (Elapsed time: 77.0s)
2025-05-16 16:14:31,991 - INFO - Simulated peak memory: 10.46 GB. Budget: 8.00 GB. Exec time: 8.65s
2025-05-16 16:14:31,991 - INFO - Current checkpoint count: 520
2025-05-16 16:14:31,991 - INFO - Current recompute count: 100
2025-05-16 16:14:31,991 - INFO - New best schedule found with peak memory: 10.46 GB
2025-05-16 16:14:32,394 - INFO - Considering activation: convolution_38, recompute_benefit_ratio: 1023999997.96, mem_size: 49.00 MB, recomp_time: 0.050176s, lifetime: 1959
2025-05-16 16:14:32,394 - INFO - Choosing to RECOMPUTE convolution_38 (memory saved: 49.00 MB, recompute overhead: 0.050176s)
2025-05-16 16:14:32,394 - INFO - 
Iteration 102/1000 (Elapsed time: 77.8s)
2025-05-16 16:14:32,775 - INFO - Simulated peak memory: 10.45 GB. Budget: 8.00 GB. Exec time: 8.70s
2025-05-16 16:14:32,776 - INFO - Current checkpoint count: 519
2025-05-16 16:14:32,776 - INFO - Current recompute count: 101
2025-05-16 16:14:32,776 - INFO - New best schedule found with peak memory: 10.45 GB
2025-05-16 16:14:33,183 - INFO - Considering activation: relu__72, recompute_benefit_ratio: 1023999997.96, mem_size: 49.00 MB, recomp_time: 0.050176s, lifetime: 1332
2025-05-16 16:14:33,183 - INFO - Choosing to RECOMPUTE relu__72 (memory saved: 49.00 MB, recompute overhead: 0.050176s)
2025-05-16 16:14:33,183 - INFO - 
Iteration 103/1000 (Elapsed time: 78.6s)
2025-05-16 16:14:33,561 - INFO - Simulated peak memory: 10.43 GB. Budget: 8.00 GB. Exec time: 8.75s
2025-05-16 16:14:33,561 - INFO - Current checkpoint count: 518
2025-05-16 16:14:33,561 - INFO - Current recompute count: 102
2025-05-16 16:14:33,561 - INFO - New best schedule found with peak memory: 10.43 GB
2025-05-16 16:14:33,967 - INFO - Considering activation: relu__34, recompute_benefit_ratio: 1023999997.96, mem_size: 49.00 MB, recomp_time: 0.050176s, lifetime: 1980
2025-05-16 16:14:33,967 - INFO - Choosing to RECOMPUTE relu__34 (memory saved: 49.00 MB, recompute overhead: 0.050176s)
2025-05-16 16:14:33,967 - INFO - 
Iteration 104/1000 (Elapsed time: 79.4s)
2025-05-16 16:14:34,352 - INFO - Simulated peak memory: 10.42 GB. Budget: 8.00 GB. Exec time: 8.80s
2025-05-16 16:14:34,352 - INFO - Current checkpoint count: 517
2025-05-16 16:14:34,352 - INFO - Current recompute count: 103
2025-05-16 16:14:34,353 - INFO - New best schedule found with peak memory: 10.42 GB
2025-05-16 16:14:34,763 - INFO - Considering activation: relu__114, recompute_benefit_ratio: 1023999997.96, mem_size: 49.00 MB, recomp_time: 0.050176s, lifetime: 632
2025-05-16 16:14:34,763 - INFO - Choosing to RECOMPUTE relu__114 (memory saved: 49.00 MB, recompute overhead: 0.050176s)
2025-05-16 16:14:34,763 - INFO - 
Iteration 105/1000 (Elapsed time: 80.1s)
2025-05-16 16:14:35,143 - INFO - Simulated peak memory: 10.41 GB. Budget: 8.00 GB. Exec time: 8.85s
2025-05-16 16:14:35,143 - INFO - Current checkpoint count: 516
2025-05-16 16:14:35,143 - INFO - Current recompute count: 104
2025-05-16 16:14:35,143 - INFO - New best schedule found with peak memory: 10.41 GB
2025-05-16 16:14:35,560 - INFO - Considering activation: convolution_132, recompute_benefit_ratio: 1023999997.96, mem_size: 49.00 MB, recomp_time: 0.050176s, lifetime: 395
2025-05-16 16:14:35,560 - INFO - Choosing to RECOMPUTE convolution_132 (memory saved: 49.00 MB, recompute overhead: 0.050176s)
2025-05-16 16:14:35,560 - INFO - 
Iteration 106/1000 (Elapsed time: 80.9s)
2025-05-16 16:14:35,981 - INFO - Simulated peak memory: 10.40 GB. Budget: 8.00 GB. Exec time: 8.90s
2025-05-16 16:14:35,981 - INFO - Current checkpoint count: 515
2025-05-16 16:14:35,982 - INFO - Current recompute count: 105
2025-05-16 16:14:35,982 - INFO - New best schedule found with peak memory: 10.40 GB
2025-05-16 16:14:36,397 - INFO - Considering activation: convolution_81, recompute_benefit_ratio: 1023999997.96, mem_size: 49.00 MB, recomp_time: 0.050176s, lifetime: 1245
2025-05-16 16:14:36,397 - INFO - Choosing to RECOMPUTE convolution_81 (memory saved: 49.00 MB, recompute overhead: 0.050176s)
2025-05-16 16:14:36,397 - INFO - 
Iteration 107/1000 (Elapsed time: 81.8s)
2025-05-16 16:14:36,792 - INFO - Simulated peak memory: 10.38 GB. Budget: 8.00 GB. Exec time: 8.95s
2025-05-16 16:14:36,792 - INFO - Current checkpoint count: 514
2025-05-16 16:14:36,792 - INFO - Current recompute count: 106
2025-05-16 16:14:36,792 - INFO - New best schedule found with peak memory: 10.38 GB
2025-05-16 16:14:37,211 - INFO - Considering activation: getitem_4, recompute_benefit_ratio: 1023999997.96, mem_size: 49.00 MB, recomp_time: 0.050176s, lifetime: 2552
2025-05-16 16:14:37,211 - INFO - Choosing to RECOMPUTE getitem_4 (memory saved: 49.00 MB, recompute overhead: 0.050176s)
2025-05-16 16:14:37,211 - INFO - 
Iteration 108/1000 (Elapsed time: 82.6s)
2025-05-16 16:14:37,627 - INFO - Simulated peak memory: 10.37 GB. Budget: 8.00 GB. Exec time: 9.00s
2025-05-16 16:14:37,627 - INFO - Current checkpoint count: 513
2025-05-16 16:14:37,627 - INFO - Current recompute count: 107
2025-05-16 16:14:37,627 - INFO - New best schedule found with peak memory: 10.37 GB
2025-05-16 16:14:38,044 - INFO - Considering activation: relu__87, recompute_benefit_ratio: 1023999997.96, mem_size: 49.00 MB, recomp_time: 0.050176s, lifetime: 1082
2025-05-16 16:14:38,044 - INFO - Choosing to RECOMPUTE relu__87 (memory saved: 49.00 MB, recompute overhead: 0.050176s)
2025-05-16 16:14:38,044 - INFO - 
Iteration 109/1000 (Elapsed time: 83.4s)
2025-05-16 16:14:38,433 - INFO - Simulated peak memory: 10.36 GB. Budget: 8.00 GB. Exec time: 9.05s
2025-05-16 16:14:38,433 - INFO - Current checkpoint count: 512
2025-05-16 16:14:38,433 - INFO - Current recompute count: 108
2025-05-16 16:14:38,433 - INFO - New best schedule found with peak memory: 10.36 GB
2025-05-16 16:14:38,855 - INFO - Considering activation: relu__123, recompute_benefit_ratio: 1023999997.96, mem_size: 49.00 MB, recomp_time: 0.050176s, lifetime: 482
2025-05-16 16:14:38,855 - INFO - Choosing to RECOMPUTE relu__123 (memory saved: 49.00 MB, recompute overhead: 0.050176s)
2025-05-16 16:14:38,855 - INFO - 
Iteration 110/1000 (Elapsed time: 84.2s)
2025-05-16 16:14:39,249 - INFO - Simulated peak memory: 10.35 GB. Budget: 8.00 GB. Exec time: 9.11s
2025-05-16 16:14:39,250 - INFO - Current checkpoint count: 511
2025-05-16 16:14:39,250 - INFO - Current recompute count: 109
2025-05-16 16:14:39,250 - INFO - New best schedule found with peak memory: 10.35 GB
2025-05-16 16:14:39,674 - INFO - Considering activation: relu__120, recompute_benefit_ratio: 1023999997.96, mem_size: 49.00 MB, recomp_time: 0.050176s, lifetime: 532
2025-05-16 16:14:39,674 - INFO - Choosing to RECOMPUTE relu__120 (memory saved: 49.00 MB, recompute overhead: 0.050176s)
2025-05-16 16:14:39,674 - INFO - 
Iteration 111/1000 (Elapsed time: 85.1s)
2025-05-16 16:14:40,078 - INFO - Simulated peak memory: 10.34 GB. Budget: 8.00 GB. Exec time: 9.16s
2025-05-16 16:14:40,078 - INFO - Current checkpoint count: 510
2025-05-16 16:14:40,078 - INFO - Current recompute count: 110
2025-05-16 16:14:40,078 - INFO - New best schedule found with peak memory: 10.34 GB
2025-05-16 16:14:40,503 - INFO - Considering activation: convolution_84, recompute_benefit_ratio: 1023999997.96, mem_size: 49.00 MB, recomp_time: 0.050176s, lifetime: 1195
2025-05-16 16:14:40,503 - INFO - Choosing to RECOMPUTE convolution_84 (memory saved: 49.00 MB, recompute overhead: 0.050176s)
2025-05-16 16:14:40,503 - INFO - 
Iteration 112/1000 (Elapsed time: 85.9s)
2025-05-16 16:14:41,488 - INFO - Simulated peak memory: 10.32 GB. Budget: 8.00 GB. Exec time: 9.21s
2025-05-16 16:14:41,488 - INFO - Current checkpoint count: 509
2025-05-16 16:14:41,488 - INFO - Current recompute count: 111
2025-05-16 16:14:41,488 - INFO - New best schedule found with peak memory: 10.32 GB
2025-05-16 16:14:43,741 - INFO - Considering activation: convolution_111, recompute_benefit_ratio: 1023999997.96, mem_size: 49.00 MB, recomp_time: 0.050176s, lifetime: 745
2025-05-16 16:14:43,741 - INFO - Choosing to RECOMPUTE convolution_111 (memory saved: 49.00 MB, recompute overhead: 0.050176s)
2025-05-16 16:14:43,741 - INFO - 
Iteration 113/1000 (Elapsed time: 89.1s)
2025-05-16 16:14:46,496 - INFO - Simulated peak memory: 10.31 GB. Budget: 8.00 GB. Exec time: 9.26s
2025-05-16 16:14:46,498 - INFO - Current checkpoint count: 508
2025-05-16 16:14:46,498 - INFO - Current recompute count: 112
2025-05-16 16:14:46,499 - INFO - New best schedule found with peak memory: 10.31 GB
2025-05-16 16:14:49,246 - INFO - Considering activation: convolution_117, recompute_benefit_ratio: 1023999997.96, mem_size: 49.00 MB, recomp_time: 0.050176s, lifetime: 645
2025-05-16 16:14:49,248 - INFO - Choosing to RECOMPUTE convolution_117 (memory saved: 49.00 MB, recompute overhead: 0.050176s)
2025-05-16 16:14:49,248 - INFO - 
Iteration 114/1000 (Elapsed time: 94.6s)
2025-05-16 16:14:52,099 - INFO - Simulated peak memory: 10.30 GB. Budget: 8.00 GB. Exec time: 9.31s
2025-05-16 16:14:52,100 - INFO - Current checkpoint count: 507
2025-05-16 16:14:52,101 - INFO - Current recompute count: 113
2025-05-16 16:14:52,101 - INFO - New best schedule found with peak memory: 10.30 GB
2025-05-16 16:14:54,900 - INFO - Considering activation: convolution_87, recompute_benefit_ratio: 1023999997.96, mem_size: 49.00 MB, recomp_time: 0.050176s, lifetime: 1145
2025-05-16 16:14:54,901 - INFO - Choosing to RECOMPUTE convolution_87 (memory saved: 49.00 MB, recompute overhead: 0.050176s)
2025-05-16 16:14:54,901 - INFO - 
Iteration 115/1000 (Elapsed time: 100.3s)
2025-05-16 16:14:56,972 - INFO - Simulated peak memory: 10.29 GB. Budget: 8.00 GB. Exec time: 9.36s
2025-05-16 16:14:56,972 - INFO - Current checkpoint count: 506
2025-05-16 16:14:56,973 - INFO - Current recompute count: 114
2025-05-16 16:14:56,973 - INFO - New best schedule found with peak memory: 10.29 GB
2025-05-16 16:14:59,265 - INFO - Considering activation: relu__99, recompute_benefit_ratio: 1023999997.96, mem_size: 49.00 MB, recomp_time: 0.050176s, lifetime: 882
2025-05-16 16:14:59,265 - INFO - Choosing to RECOMPUTE relu__99 (memory saved: 49.00 MB, recompute overhead: 0.050176s)
2025-05-16 16:14:59,267 - INFO - 
Iteration 116/1000 (Elapsed time: 104.7s)
2025-05-16 16:15:01,539 - INFO - Simulated peak memory: 10.27 GB. Budget: 8.00 GB. Exec time: 9.41s
2025-05-16 16:15:01,540 - INFO - Current checkpoint count: 505
2025-05-16 16:15:01,540 - INFO - Current recompute count: 115
2025-05-16 16:15:01,541 - INFO - New best schedule found with peak memory: 10.27 GB
2025-05-16 16:15:03,927 - INFO - Considering activation: convolution_141, recompute_benefit_ratio: 1023999997.96, mem_size: 49.00 MB, recomp_time: 0.050176s, lifetime: 245
2025-05-16 16:15:03,927 - INFO - Choosing to RECOMPUTE convolution_141 (memory saved: 49.00 MB, recompute overhead: 0.050176s)
2025-05-16 16:15:03,927 - INFO - 
Iteration 117/1000 (Elapsed time: 109.3s)
2025-05-16 16:15:06,184 - INFO - Simulated peak memory: 10.26 GB. Budget: 8.00 GB. Exec time: 9.46s
2025-05-16 16:15:06,185 - INFO - Current checkpoint count: 504
2025-05-16 16:15:06,185 - INFO - Current recompute count: 116
2025-05-16 16:15:06,185 - INFO - New best schedule found with peak memory: 10.26 GB
2025-05-16 16:15:08,534 - INFO - Considering activation: convolution_6, recompute_benefit_ratio: 1023999997.96, mem_size: 49.00 MB, recomp_time: 0.050176s, lifetime: 2489
2025-05-16 16:15:08,534 - INFO - Choosing to RECOMPUTE convolution_6 (memory saved: 49.00 MB, recompute overhead: 0.050176s)
2025-05-16 16:15:08,535 - INFO - 
Iteration 118/1000 (Elapsed time: 113.9s)
2025-05-16 16:15:10,722 - INFO - Simulated peak memory: 10.25 GB. Budget: 8.00 GB. Exec time: 9.51s
2025-05-16 16:15:10,723 - INFO - Current checkpoint count: 503
2025-05-16 16:15:10,723 - INFO - Current recompute count: 117
2025-05-16 16:15:10,723 - INFO - New best schedule found with peak memory: 10.25 GB
2025-05-16 16:15:13,109 - INFO - Considering activation: convolution_36, recompute_benefit_ratio: 1023999997.96, mem_size: 49.00 MB, recomp_time: 0.050176s, lifetime: 1991
2025-05-16 16:15:13,110 - INFO - Choosing to RECOMPUTE convolution_36 (memory saved: 49.00 MB, recompute overhead: 0.050176s)
2025-05-16 16:15:13,110 - INFO - 
Iteration 119/1000 (Elapsed time: 118.5s)
2025-05-16 16:15:14,711 - INFO - Simulated peak memory: 10.24 GB. Budget: 8.00 GB. Exec time: 9.56s
2025-05-16 16:15:14,711 - INFO - Current checkpoint count: 502
2025-05-16 16:15:14,711 - INFO - Current recompute count: 118
2025-05-16 16:15:14,711 - INFO - New best schedule found with peak memory: 10.24 GB
2025-05-16 16:15:15,129 - INFO - Considering activation: convolution_12, recompute_benefit_ratio: 1023999995.92, mem_size: 24.50 MB, recomp_time: 0.025088s, lifetime: 2389
2025-05-16 16:15:15,129 - INFO - Choosing to RECOMPUTE convolution_12 (memory saved: 24.50 MB, recompute overhead: 0.025088s)
2025-05-16 16:15:15,129 - WARNING - Timeout reached after 120.5 seconds. Stopping algorithm.
2025-05-16 16:15:15,129 - WARNING - Algorithm timed out after 120.5 seconds.
2025-05-16 16:15:15,129 - WARNING - Returning best schedule found so far with 502 checkpoints and 118 recomputes.
2025-05-16 16:15:15,526 - INFO - 
Final Results:
2025-05-16 16:15:15,526 - INFO - Initial peak memory: 11.77 GB
2025-05-16 16:15:15,526 - INFO - Final peak memory: 10.24 GB
2025-05-16 16:15:15,526 - INFO - Memory reduction: 1.54 GB (13.1%)
2025-05-16 16:15:15,526 - INFO - Memory budget: 8.00 GB
2025-05-16 16:15:15,526 - INFO - Gap to budget: 2.24 GB
2025-05-16 16:15:15,526 - INFO - Estimated incompressible memory: 3.72 GB
2025-05-16 16:15:15,527 - INFO - Initial execution time: 1.30s
2025-05-16 16:15:15,527 - INFO - Final execution time: 9.56s
2025-05-16 16:15:15,527 - INFO - Execution time overhead: 8.25s (633.6%)
2025-05-16 16:15:15,527 - INFO - Total activations marked for recomputation: 118
2025-05-16 16:15:15,527 - INFO - Total memory saved by recomputation: 7.87 GB
2025-05-16 16:15:15,545 - INFO - Saved activation checkpointing decisions to c:\Users\ydeng\Documents\GitHub\CS265-mlsys-project-final\reports\ac_decisions.csv
2025-05-16 16:15:15,545 - INFO - 
Timing Statistics:
2025-05-16 16:15:15,545 - INFO - Total execution time: 122.49s
2025-05-16 16:15:15,545 - INFO - Initialization: 0.01s (0.0%)
2025-05-16 16:15:15,545 - INFO - Initial memory simulation: 0.35s (0.3%)
2025-05-16 16:15:15,545 - INFO - Memory component analysis: 0.62s (0.5%)
2025-05-16 16:15:15,546 - INFO - Candidate filtering: 0.00s (0.0%)
2025-05-16 16:15:15,546 - INFO - Main loop: 120.52s (98.4%)
2025-05-16 16:15:15,546 - INFO -   - Memory simulations: 57.24s (46.7%)
2025-05-16 16:15:15,546 - INFO -   - Candidate selection: 63.21s (51.6%)
2025-05-16 16:15:15,546 - INFO - Final memory simulation: 0.40s (0.3%)
2025-05-16 16:15:15,546 - INFO - 
Top 5 slowest iterations:
2025-05-16 16:15:15,546 - INFO -   1. Iteration 114: 5.65s (Simulation: 2.85s, Selection: 2.80s)
2025-05-16 16:15:15,546 - INFO -   2. Iteration 113: 5.51s (Simulation: 2.75s, Selection: 2.75s)
2025-05-16 16:15:15,546 - INFO -   3. Iteration 116: 4.66s (Simulation: 2.27s, Selection: 2.39s)
2025-05-16 16:15:15,546 - INFO -   4. Iteration 117: 4.61s (Simulation: 2.26s, Selection: 2.35s)
2025-05-16 16:15:15,546 - INFO -   5. Iteration 118: 4.57s (Simulation: 2.19s, Selection: 2.39s)
