2025-05-17 01:17:07,428 - INFO - ================================================================================
2025-05-17 01:17:07,428 - INFO - Activation Checkpointing Algorithm Starting
2025-05-17 01:17:07,428 - INFO - Log file: logs\activation_checkpointing_20250517_011707.log
2025-05-17 01:17:08,042 - INFO - Loaded node stats with 18493 rows
2025-05-17 01:17:08,042 - INFO - Loaded activation stats with 775 rows
2025-05-17 01:17:08,042 - INFO - Memory budget set to 8.0 GB (8589934592.0 bytes)
2025-05-17 01:17:08,043 - INFO - Algorithm initialization time: 0.61s
2025-05-17 01:17:08,053 - INFO - Starting checkpoint decision algorithm...
2025-05-17 01:17:08,053 - INFO - Fixed overhead: 0.3 GB, Memory budget: 8.00 GB
2025-05-17 01:17:08,053 - INFO - Initializing schedule with all activations checkpointed...
2025-05-17 01:17:08,053 - INFO - Initial schedule has 620 activations marked for RETAINED
2025-05-17 01:17:08,066 - INFO - Built activation mappings with 775 activations
2025-05-17 01:17:08,066 - INFO - Initialized simulation cache with 18493 nodes, 3631 forward nodes, 14860 backward nodes
2025-05-17 01:17:08,099 - INFO - Initial peak memory: 11.69 GB
2025-05-17 01:17:08,099 - INFO - Initial execution time: 1.46s
2025-05-17 01:17:08,109 - INFO - Incompressible memory: 11.69 GB
2025-05-17 01:17:08,109 - INFO - Active memory - FW: 11.36 GB, BW: 11.39 GB
2025-05-17 01:17:08,109 - INFO - Fixed overhead: 0.30 GB
2025-05-17 01:17:08,109 - WARNING - Memory budget of 8.00 GB is not achievable!
2025-05-17 01:17:08,109 - WARNING - Estimated minimum possible memory is 11.69 GB due to incompressible components
2025-05-17 01:17:08,109 - WARNING - Will try to get as close as possible to the budget
2025-05-17 01:17:08,109 - WARNING - Setting effective target budget to incompressible memory: 11.69 GB
2025-05-17 01:17:08,109 - INFO - Filtering valid activations...
2025-05-17 01:17:08,110 - INFO - Found 775 valid activations for consideration
2025-05-17 01:17:25,191 - WARNING - No valid recompute candidate found
2025-05-17 01:17:25,215 - INFO - 
Final Results:
2025-05-17 01:17:25,215 - INFO - Initial peak memory: 11.69 GB
2025-05-17 01:17:25,215 - INFO - Final peak memory: 11.69 GB
2025-05-17 01:17:25,215 - INFO - Memory reduction: 0.00 GB (0.0%)
2025-05-17 01:17:25,215 - INFO - Memory budget: 8.00 GB
2025-05-17 01:17:25,215 - INFO - Gap to budget: 3.69 GB
2025-05-17 01:17:25,215 - INFO - Estimated incompressible memory: 11.69 GB
2025-05-17 01:17:25,215 - INFO - Initial execution time: 1.46s
2025-05-17 01:17:25,215 - INFO - Final execution time: 12.53s
2025-05-17 01:17:25,215 - INFO - Execution time overhead: 11.06s (755.1%)
2025-05-17 01:17:25,215 - INFO - Total activations marked for recomputation: 620
2025-05-17 01:17:25,215 - INFO - Total memory saved by recomputation: 10.55 GB
2025-05-17 01:17:25,219 - INFO - Saved activation checkpointing decisions to C:\Users\ydeng\Documents\GitHub\CS265-mlsys-project-final\reports\ac_decisions.csv
2025-05-17 01:17:25,219 - INFO - 
Timing Statistics:
2025-05-17 01:17:25,219 - INFO - Total execution time: 17.17s
2025-05-17 01:17:25,219 - INFO - Initialization: 0.00s (0.0%)
2025-05-17 01:17:25,219 - INFO - Initial memory simulation: 0.05s (0.3%)
2025-05-17 01:17:25,219 - INFO - Memory component analysis: 0.01s (0.1%)
2025-05-17 01:17:25,219 - INFO - Candidate filtering: 0.00s (0.0%)
2025-05-17 01:17:25,219 - INFO - Main loop: 17.08s (99.5%)
2025-05-17 01:17:25,219 - INFO -   - Memory simulations: 16.77s (97.7%)
2025-05-17 01:17:25,219 - INFO -   - Candidate selection: 0.31s (1.8%)
2025-05-17 01:17:25,219 - INFO - Final memory simulation: 0.02s (0.1%)
2025-05-17 01:17:25,220 - INFO - 
Top 5 slowest iterations:
2025-05-17 01:17:25,220 - INFO -   1. Iteration 30: 0.04s (Simulation: 0.04s, Selection: 0.00s)
2025-05-17 01:17:25,220 - INFO -   2. Iteration 23: 0.03s (Simulation: 0.03s, Selection: 0.00s)
2025-05-17 01:17:25,220 - INFO -   3. Iteration 21: 0.03s (Simulation: 0.03s, Selection: 0.00s)
2025-05-17 01:17:25,220 - INFO -   4. Iteration 20: 0.03s (Simulation: 0.03s, Selection: 0.00s)
2025-05-17 01:17:25,220 - INFO -   5. Iteration 1: 0.03s (Simulation: 0.03s, Selection: 0.00s)
