2025-05-17 04:06:47,320 - INFO - ================================================================================
2025-05-17 04:06:47,320 - INFO - Activation Checkpointing Algorithm Starting
2025-05-17 04:06:47,320 - INFO - Log file: logs\activation_checkpointing_20250517_040647.log
2025-05-17 04:06:47,321 - INFO - Detected model: transformer, batch size: 32
2025-05-17 04:06:47,321 - INFO - Inferred activation stats path: reports/profiler_stats_transformer_bs32_activation_stats.csv
2025-05-17 04:06:47,483 - INFO - Loaded node stats with 3663 rows
2025-05-17 04:06:47,484 - INFO - Loaded activation stats with 150 rows
2025-05-17 04:06:47,484 - INFO - Memory budget set to 12.0 GB (12884901888.0 bytes)
2025-05-17 04:06:47,484 - INFO - Algorithm initialization time: 0.16s
2025-05-17 04:06:47,484 - INFO - Starting checkpoint decision algorithm...
2025-05-17 04:06:47,484 - INFO - Fixed overhead: 1.2 GB, Memory budget: 12.00 GB
2025-05-17 04:06:47,484 - INFO - Initializing schedule with all activations checkpointed...
2025-05-17 04:06:47,484 - INFO - Initial schedule has 150 activations marked for RETAINED
2025-05-17 04:06:47,487 - INFO - Built activation mappings with 150 activations
2025-05-17 04:06:47,488 - INFO - Initialized simulation cache with 3663 nodes, 714 forward nodes, 2947 backward nodes
2025-05-17 04:06:47,493 - INFO - Initial peak memory: 2.38 GB
2025-05-17 04:06:47,493 - INFO - Initial execution time: 0.24s
2025-05-17 04:06:47,495 - INFO - Incompressible memory with checkpointing: 1.26 GB
2025-05-17 04:06:47,495 - INFO - Largest single activation: 0.06 GB
2025-05-17 04:06:47,495 - INFO - Active memory - FW: 2.12 GB, BW: 1.75 GB
2025-05-17 04:06:47,495 - INFO - Fixed overhead: 1.20 GB
2025-05-17 04:06:47,495 - INFO - Memory budget of 12.00 GB should be achievable
2025-05-17 04:06:47,495 - INFO - Filtering valid activations...
2025-05-17 04:06:47,495 - INFO - Found 150 valid activations for consideration
2025-05-17 04:06:47,501 - INFO - Memory budget of 12.00 GB met.
2025-05-17 04:06:47,501 - INFO - Actual memory usage: 2.38 GB
2025-05-17 04:06:47,507 - INFO - 
Final Results:
2025-05-17 04:06:47,507 - INFO - Initial peak memory: 2.38 GB
2025-05-17 04:06:47,507 - INFO - Final peak memory: 2.38 GB
2025-05-17 04:06:47,507 - INFO - Memory reduction: 0.00 GB (0.0%)
2025-05-17 04:06:47,507 - INFO - Memory budget: 12.00 GB
2025-05-17 04:06:47,507 - INFO - Gap to budget: -9.62 GB
2025-05-17 04:06:47,507 - INFO - Theoretical minimum memory (extreme checkpointing): 1.26 GB
2025-05-17 04:06:47,507 - INFO - Initial execution time: 0.24s
2025-05-17 04:06:47,507 - INFO - Final execution time: 0.24s
2025-05-17 04:06:47,507 - INFO - Execution time overhead: 0.00s (0.0%)
2025-05-17 04:06:47,507 - INFO - Total activations marked for recomputation: 0
2025-05-17 04:06:47,507 - INFO - Total memory saved by recomputation: 0.00 GB
2025-05-17 04:06:47,507 - INFO - 
==================================================
2025-05-17 04:06:47,507 - INFO - ACTIVATION CHECKPOINTING SUMMARY
2025-05-17 04:06:47,507 - INFO - ==================================================
2025-05-17 04:06:47,507 - INFO - Total activations considered:        150
2025-05-17 04:06:47,508 - INFO - Activations marked RETAINED:         150 (100.0%)
2025-05-17 04:06:47,508 - INFO - Activations marked for RECOMPUTE:    0 (0.0%)
2025-05-17 04:06:47,508 - INFO - Memory used by RETAINED activations: 1.18 GB
2025-05-17 04:06:47,508 - INFO - Memory saved by RECOMPUTE decisions: 0.00 GB
2025-05-17 04:06:47,508 - INFO - Final peak memory usage:             2.38 GB
2025-05-17 04:06:47,508 - INFO - Memory budget:                       12.00 GB
2025-05-17 04:06:47,508 - INFO - Gap to budget:                       -9.62 GB
2025-05-17 04:06:47,508 - INFO - --------------------------------------------------
2025-05-17 04:06:47,508 - INFO - Initial execution time:              0.2430s
2025-05-17 04:06:47,508 - INFO - Final execution time:                0.2430s
2025-05-17 04:06:47,508 - INFO - Recomputation time overhead:         0.0000s
2025-05-17 04:06:47,508 - INFO - Execution time overhead:             0.0000s (0.0%)
2025-05-17 04:06:47,508 - INFO - ==================================================

2025-05-17 04:06:47,511 - INFO - Saved activation checkpointing decisions to C:\Users\ydeng\Documents\GitHub\CS265-mlsys-project-final\reports\ac_decisions_transformer_bs32.csv
2025-05-17 04:06:47,511 - INFO - 
Timing Statistics:
2025-05-17 04:06:47,511 - INFO - Total execution time: 0.03s
2025-05-17 04:06:47,511 - INFO - Initialization: 0.00s (0.0%)
2025-05-17 04:06:47,511 - INFO - Initial memory simulation: 0.01s (31.5%)
2025-05-17 04:06:47,511 - INFO - Memory component analysis: 0.00s (7.4%)
2025-05-17 04:06:47,511 - INFO - Candidate filtering: 0.00s (0.0%)
2025-05-17 04:06:47,511 - INFO - Main loop: 0.01s (22.2%)
2025-05-17 04:06:47,511 - INFO -   - Memory simulations: 0.01s (22.2%)
2025-05-17 04:06:47,511 - INFO -   - Candidate selection: 0.00s (0.0%)
2025-05-17 04:06:47,511 - INFO - Final memory simulation: 0.01s (20.4%)
