2025-05-17 04:16:28,664 - INFO - ================================================================================
2025-05-17 04:16:28,665 - INFO - Activation Checkpointing Algorithm Starting
2025-05-17 04:16:28,665 - INFO - Log file: logs\activation_checkpointing_20250517_041628.log
2025-05-17 04:16:28,666 - INFO - Detected model: transformer, batch size: 4
2025-05-17 04:16:28,666 - INFO - Inferred activation stats path: reports/profiler_stats_transformer_bs4_activation_stats.csv
2025-05-17 04:16:28,830 - INFO - Loaded node stats with 3663 rows
2025-05-17 04:16:28,839 - INFO - Loaded activation stats with 150 rows
2025-05-17 04:16:28,839 - INFO - Memory budget set to 12.0 GB (12884901888.0 bytes)
2025-05-17 04:16:28,839 - INFO - Algorithm initialization time: 0.17s
2025-05-17 04:16:28,839 - INFO - Starting checkpoint decision algorithm...
2025-05-17 04:16:28,839 - INFO - Fixed overhead: 1.2 GB, Memory budget: 12.00 GB
2025-05-17 04:16:28,839 - INFO - Initializing schedule with all activations checkpointed...
2025-05-17 04:16:28,839 - INFO - Initial schedule has 150 activations marked for RETAINED
2025-05-17 04:16:28,842 - INFO - Built activation mappings with 150 activations
2025-05-17 04:16:28,842 - INFO - Initialized simulation cache with 3663 nodes, 714 forward nodes, 2947 backward nodes
2025-05-17 04:16:28,848 - INFO - Initial peak memory: 1.46 GB
2025-05-17 04:16:28,848 - INFO - Initial execution time: 0.31s
2025-05-17 04:16:28,850 - INFO - Incompressible memory with checkpointing: 1.26 GB
2025-05-17 04:16:28,850 - INFO - Largest single activation: 0.06 GB
2025-05-17 04:16:28,850 - INFO - Active memory - FW: 0.77 GB, BW: 0.95 GB
2025-05-17 04:16:28,850 - INFO - Fixed overhead: 1.20 GB
2025-05-17 04:16:28,850 - INFO - Memory budget of 12.00 GB should be achievable
2025-05-17 04:16:28,850 - INFO - Filtering valid activations...
2025-05-17 04:16:28,851 - INFO - Found 150 valid activations for consideration
2025-05-17 04:16:28,857 - INFO - Memory budget of 12.00 GB met.
2025-05-17 04:16:28,857 - INFO - Actual memory usage: 1.46 GB
2025-05-17 04:16:28,863 - INFO - 
Final Results:
2025-05-17 04:16:28,863 - INFO - Initial peak memory: 1.46 GB
2025-05-17 04:16:28,863 - INFO - Final peak memory: 1.46 GB
2025-05-17 04:16:28,863 - INFO - Memory reduction: 0.00 GB (0.0%)
2025-05-17 04:16:28,863 - INFO - Memory budget: 12.00 GB
2025-05-17 04:16:28,863 - INFO - Gap to budget: -10.54 GB
2025-05-17 04:16:28,863 - INFO - Theoretical minimum memory (extreme checkpointing): 1.26 GB
2025-05-17 04:16:28,863 - INFO - Initial execution time: 0.31s
2025-05-17 04:16:28,863 - INFO - Final execution time: 0.31s
2025-05-17 04:16:28,863 - INFO - Execution time overhead: 0.00s (0.0%)
2025-05-17 04:16:28,863 - INFO - Total activations marked for recomputation: 0
2025-05-17 04:16:28,863 - INFO - Total memory saved by recomputation: 0.00 GB
2025-05-17 04:16:28,864 - INFO - 
==================================================
2025-05-17 04:16:28,864 - INFO - ACTIVATION CHECKPOINTING SUMMARY
2025-05-17 04:16:28,864 - INFO - ==================================================
2025-05-17 04:16:28,864 - INFO - Total activations considered:        150
2025-05-17 04:16:28,864 - INFO - Activations marked RETAINED:         150 (100.0%)
2025-05-17 04:16:28,864 - INFO - Activations marked for RECOMPUTE:    0 (0.0%)
2025-05-17 04:16:28,864 - INFO - Memory used by RETAINED activations: 0.26 GB
2025-05-17 04:16:28,864 - INFO - Memory saved by RECOMPUTE decisions: 0.00 GB
2025-05-17 04:16:28,864 - INFO - Final peak memory usage:             1.46 GB
2025-05-17 04:16:28,864 - INFO - Memory budget:                       12.00 GB
2025-05-17 04:16:28,864 - INFO - Gap to budget:                       -10.54 GB
2025-05-17 04:16:28,864 - INFO - --------------------------------------------------
2025-05-17 04:16:28,864 - INFO - Initial execution time:              0.3116s
2025-05-17 04:16:28,864 - INFO - Final execution time:                0.3116s
2025-05-17 04:16:28,864 - INFO - Recomputation time overhead:         0.0000s
2025-05-17 04:16:28,864 - INFO - Execution time overhead:             0.0000s (0.0%)
2025-05-17 04:16:28,864 - INFO - ==================================================

2025-05-17 04:16:28,866 - INFO - Saved activation checkpointing decisions to C:\Users\ydeng\Documents\GitHub\CS265-mlsys-project-final\reports\ac_decisions_transformer_bs4.csv
2025-05-17 04:16:28,866 - INFO - 
Timing Statistics:
2025-05-17 04:16:28,866 - INFO - Total execution time: 0.03s
2025-05-17 04:16:28,866 - INFO - Initialization: 0.00s (0.0%)
2025-05-17 04:16:28,866 - INFO - Initial memory simulation: 0.01s (34.6%)
2025-05-17 04:16:28,866 - INFO - Memory component analysis: 0.00s (7.2%)
2025-05-17 04:16:28,866 - INFO - Candidate filtering: 0.00s (3.6%)
2025-05-17 04:16:28,866 - INFO - Main loop: 0.01s (20.3%)
2025-05-17 04:16:28,866 - INFO -   - Memory simulations: 0.01s (20.3%)
2025-05-17 04:16:28,866 - INFO -   - Candidate selection: 0.00s (0.0%)
2025-05-17 04:16:28,866 - INFO - Final memory simulation: 0.01s (21.4%)
