2025-05-17 04:13:33,096 - INFO - ================================================================================
2025-05-17 04:13:33,096 - INFO - Activation Checkpointing Algorithm Starting
2025-05-17 04:13:33,096 - INFO - Log file: logs\activation_checkpointing_20250517_041333.log
2025-05-17 04:13:33,097 - INFO - Detected model: resnet, batch size: 4
2025-05-17 04:13:33,097 - INFO - Inferred activation stats path: reports/profiler_stats_resnet_bs4_activation_stats.csv
2025-05-17 04:13:33,738 - INFO - Loaded node stats with 18493 rows
2025-05-17 04:13:33,739 - INFO - Loaded activation stats with 775 rows
2025-05-17 04:13:33,739 - INFO - Memory budget set to 1.5 GB (1610612736.0 bytes)
2025-05-17 04:13:33,739 - INFO - Algorithm initialization time: 0.64s
2025-05-17 04:13:33,740 - INFO - Starting checkpoint decision algorithm...
2025-05-17 04:13:33,740 - INFO - Fixed overhead: 0.8 GB, Memory budget: 1.50 GB
2025-05-17 04:13:33,740 - INFO - Initializing schedule with all activations checkpointed...
2025-05-17 04:13:33,740 - INFO - Initial schedule has 620 activations marked for RETAINED
2025-05-17 04:13:33,754 - INFO - Built activation mappings with 775 activations
2025-05-17 04:13:33,754 - INFO - Initialized simulation cache with 18493 nodes, 3631 forward nodes, 14860 backward nodes
2025-05-17 04:13:33,785 - INFO - Initial peak memory: 1.47 GB
2025-05-17 04:13:33,785 - INFO - Initial execution time: 1.32s
2025-05-17 04:13:33,795 - INFO - Incompressible memory with checkpointing: 0.81 GB
2025-05-17 04:13:33,795 - INFO - Largest single activation: 0.01 GB
2025-05-17 04:13:33,795 - INFO - Active memory - FW: 1.36 GB, BW: 1.42 GB
2025-05-17 04:13:33,795 - INFO - Fixed overhead: 0.80 GB
2025-05-17 04:13:33,795 - INFO - Memory budget of 1.50 GB should be achievable
2025-05-17 04:13:33,795 - INFO - Filtering valid activations...
2025-05-17 04:13:33,796 - INFO - Found 775 valid activations for consideration
2025-05-17 04:13:33,829 - INFO - Memory budget of 1.50 GB met.
2025-05-17 04:13:33,830 - INFO - Actual memory usage: 1.47 GB
2025-05-17 04:13:33,860 - INFO - 
Final Results:
2025-05-17 04:13:33,860 - INFO - Initial peak memory: 1.47 GB
2025-05-17 04:13:33,860 - INFO - Final peak memory: 1.47 GB
2025-05-17 04:13:33,860 - INFO - Memory reduction: 0.00 GB (0.0%)
2025-05-17 04:13:33,860 - INFO - Memory budget: 1.50 GB
2025-05-17 04:13:33,860 - INFO - Gap to budget: -0.03 GB
2025-05-17 04:13:33,860 - INFO - Theoretical minimum memory (extreme checkpointing): 0.81 GB
2025-05-17 04:13:33,860 - INFO - Initial execution time: 1.32s
2025-05-17 04:13:33,860 - INFO - Final execution time: 1.32s
2025-05-17 04:13:33,860 - INFO - Execution time overhead: 0.00s (0.0%)
2025-05-17 04:13:33,860 - INFO - Total activations marked for recomputation: 0
2025-05-17 04:13:33,860 - INFO - Total memory saved by recomputation: 0.00 GB
2025-05-17 04:13:33,860 - INFO - 
==================================================
2025-05-17 04:13:33,861 - INFO - ACTIVATION CHECKPOINTING SUMMARY
2025-05-17 04:13:33,861 - INFO - ==================================================
2025-05-17 04:13:33,861 - INFO - Total activations considered:        620
2025-05-17 04:13:33,861 - INFO - Activations marked RETAINED:         620 (100.0%)
2025-05-17 04:13:33,861 - INFO - Activations marked for RECOMPUTE:    0 (0.0%)
2025-05-17 04:13:33,861 - INFO - Memory used by RETAINED activations: 0.67 GB
2025-05-17 04:13:33,861 - INFO - Memory saved by RECOMPUTE decisions: 0.00 GB
2025-05-17 04:13:33,861 - INFO - Final peak memory usage:             1.47 GB
2025-05-17 04:13:33,861 - INFO - Memory budget:                       1.50 GB
2025-05-17 04:13:33,861 - INFO - Gap to budget:                       -0.03 GB
2025-05-17 04:13:33,861 - INFO - --------------------------------------------------
2025-05-17 04:13:33,861 - INFO - Initial execution time:              1.3249s
2025-05-17 04:13:33,861 - INFO - Final execution time:                1.3249s
2025-05-17 04:13:33,861 - INFO - Recomputation time overhead:         0.0000s
2025-05-17 04:13:33,861 - INFO - Execution time overhead:             0.0000s (0.0%)
2025-05-17 04:13:33,861 - INFO - ==================================================

2025-05-17 04:13:33,864 - INFO - Saved activation checkpointing decisions to C:\Users\ydeng\Documents\GitHub\CS265-mlsys-project-final\reports\ac_decisions_resnet_bs4.csv
2025-05-17 04:13:33,864 - INFO - 
Timing Statistics:
2025-05-17 04:13:33,864 - INFO - Total execution time: 0.12s
2025-05-17 04:13:33,864 - INFO - Initialization: 0.00s (0.4%)
2025-05-17 04:13:33,864 - INFO - Initial memory simulation: 0.05s (36.3%)
2025-05-17 04:13:33,865 - INFO - Memory component analysis: 0.01s (8.1%)
2025-05-17 04:13:33,865 - INFO - Candidate filtering: 0.00s (0.8%)
2025-05-17 04:13:33,865 - INFO - Main loop: 0.03s (26.7%)
2025-05-17 04:13:33,865 - INFO -   - Memory simulations: 0.03s (25.8%)
2025-05-17 04:13:33,865 - INFO -   - Candidate selection: 0.00s (0.0%)
2025-05-17 04:13:33,865 - INFO - Final memory simulation: 0.03s (24.6%)
