2025-05-16 16:13:05,568 - INFO - ================================================================================
2025-05-16 16:13:05,568 - INFO - Activation Checkpointing Algorithm Starting
2025-05-16 16:13:05,568 - INFO - Log file: logs\activation_checkpointing_20250516_161305.log
2025-05-16 16:13:05,588 - INFO - Loaded node stats with 18493 rows
2025-05-16 16:13:05,588 - INFO - Loaded activation stats with 775 rows
2025-05-16 16:13:05,589 - INFO - Memory budget set to 8.0 GB (8589934592.0 bytes)
2025-05-16 16:13:05,589 - INFO - Algorithm initialization time: 0.02s
2025-05-16 16:13:05,598 - INFO - Starting checkpoint decision algorithm...
2025-05-16 16:13:05,598 - INFO - Fixed overhead: 0.3 GB, Memory budget: 8.00 GB
2025-05-16 16:13:05,598 - INFO - Initializing schedule with all activations checkpointed...
2025-05-16 16:13:05,605 - INFO - Initial schedule has 620 activations marked for RETAINED
2025-05-16 16:13:06,195 - INFO - Built activation mappings with 775 activations
2025-05-16 16:13:06,195 - INFO - Initialized simulation cache with 18493 nodes, 3631 forward nodes, 14860 backward nodes
2025-05-16 16:13:06,558 - INFO - Initial peak memory: 11.77 GB
2025-05-16 16:13:06,558 - INFO - Initial execution time: 1.30s
2025-05-16 16:13:07,198 - INFO - Incompressible memory: 3.72 GB
2025-05-16 16:13:07,198 - INFO - Original active memory - FW: 11.36 GB, BW: 11.39 GB
2025-05-16 16:13:07,198 - INFO - Applied reduction factor of 0.3 to active memory (assuming 70% can be recomputed)
2025-05-16 16:13:07,198 - INFO - Fixed overhead: 0.30 GB
2025-05-16 16:13:07,198 - INFO - Setting effective target budget to 7.84 GB (2% below requested)
2025-05-16 16:13:07,198 - INFO - Filtering valid activations...
2025-05-16 16:13:07,199 - INFO - Found 775 valid activations for consideration
2025-05-16 16:13:07,199 - INFO - 
Iteration 1/1000 (Elapsed time: 0.0s)
2025-05-16 16:13:07,558 - INFO - Simulated peak memory: 11.77 GB. Budget: 8.00 GB. Exec time: 1.30s
2025-05-16 16:13:07,559 - INFO - Current checkpoint count: 620
2025-05-16 16:13:07,559 - INFO - Current recompute count: 0
2025-05-16 16:13:07,983 - INFO - Considering activation: relu__147, recompute_benefit_ratio: 1023999995.92, mem_size: 24.50 MB, recomp_time: 0.025088s, lifetime: 68
2025-05-16 16:13:07,983 - INFO - Choosing to RECOMPUTE relu__147 (memory saved: 24.50 MB, recompute overhead: 0.025088s)
2025-05-16 16:13:07,983 - INFO - 
Iteration 2/1000 (Elapsed time: 0.8s)
2025-05-16 16:13:08,366 - INFO - Simulated peak memory: 11.76 GB. Budget: 8.00 GB. Exec time: 1.33s
2025-05-16 16:13:08,366 - INFO - Current checkpoint count: 619
2025-05-16 16:13:08,366 - INFO - Current recompute count: 1
2025-05-16 16:13:08,367 - INFO - New best schedule found with peak memory: 11.76 GB
2025-05-16 16:13:08,825 - INFO - Considering activation: relu__3, recompute_benefit_ratio: 1023999999.49, mem_size: 196.00 MB, recomp_time: 0.200704s, lifetime: 2510
2025-05-16 16:13:08,825 - INFO - Choosing to RECOMPUTE relu__3 (memory saved: 196.00 MB, recompute overhead: 0.200704s)
2025-05-16 16:13:08,825 - INFO - 
Iteration 3/1000 (Elapsed time: 1.6s)
2025-05-16 16:13:09,226 - INFO - Simulated peak memory: 11.75 GB. Budget: 8.00 GB. Exec time: 1.53s
2025-05-16 16:13:09,227 - INFO - Current checkpoint count: 618
2025-05-16 16:13:09,227 - INFO - Current recompute count: 2
2025-05-16 16:13:09,227 - INFO - New best schedule found with peak memory: 11.75 GB
2025-05-16 16:13:09,656 - INFO - Considering activation: relu__9, recompute_benefit_ratio: 1023999999.49, mem_size: 196.00 MB, recomp_time: 0.200704s, lifetime: 2387
2025-05-16 16:13:09,656 - INFO - Choosing to RECOMPUTE relu__9 (memory saved: 196.00 MB, recompute overhead: 0.200704s)
2025-05-16 16:13:09,656 - INFO - 
Iteration 4/1000 (Elapsed time: 2.5s)
2025-05-16 16:13:10,018 - INFO - Simulated peak memory: 11.74 GB. Budget: 8.00 GB. Exec time: 1.73s
2025-05-16 16:13:10,018 - INFO - Current checkpoint count: 617
2025-05-16 16:13:10,018 - INFO - Current recompute count: 3
2025-05-16 16:13:10,018 - INFO - New best schedule found with peak memory: 11.74 GB
