2025-05-17 04:28:59,768 - INFO - ================================================================================
2025-05-17 04:28:59,768 - INFO - Activation Checkpointing Algorithm Starting
2025-05-17 04:28:59,768 - INFO - Log file: logs\activation_checkpointing_20250517_042859.log
2025-05-17 04:28:59,769 - INFO - Detected model: resnet, batch size: 32
2025-05-17 04:28:59,769 - INFO - Inferred activation stats path: reports/profiler_stats_resnet_bs32_activation_stats.csv
2025-05-17 04:29:00,365 - INFO - Loaded node stats with 18493 rows
2025-05-17 04:29:00,365 - INFO - Loaded activation stats with 775 rows
2025-05-17 04:29:00,365 - INFO - Memory budget set to 1.5 GB (1610612736.0 bytes)
2025-05-17 04:29:00,365 - INFO - Algorithm initialization time: 0.60s
2025-05-17 04:29:00,365 - INFO - Starting checkpoint decision algorithm...
2025-05-17 04:29:00,365 - INFO - Fixed overhead: 0.8 GB, Memory budget: 1.50 GB
2025-05-17 04:29:00,365 - INFO - Initializing schedule with all activations checkpointed...
2025-05-17 04:29:00,365 - INFO - Initial schedule has 620 activations marked for RETAINED
2025-05-17 04:29:00,380 - INFO - Built activation mappings with 775 activations
2025-05-17 04:29:00,380 - INFO - Initialized simulation cache with 18493 nodes, 3631 forward nodes, 14860 backward nodes
2025-05-17 04:29:00,413 - INFO - Initial peak memory: 6.08 GB
2025-05-17 04:29:00,413 - INFO - Initial execution time: 1.04s
2025-05-17 04:29:00,424 - INFO - Incompressible memory with checkpointing: 0.90 GB
2025-05-17 04:29:00,424 - INFO - Largest single activation: 0.10 GB
2025-05-17 04:29:00,424 - INFO - Active memory - FW: 6.01 GB, BW: 6.03 GB
2025-05-17 04:29:00,424 - INFO - Fixed overhead: 0.80 GB
2025-05-17 04:29:00,424 - INFO - Memory budget of 1.50 GB should be achievable
2025-05-17 04:29:00,424 - INFO - Filtering valid activations...
2025-05-17 04:29:00,425 - INFO - Found 775 valid activations for consideration
2025-05-17 04:29:06,367 - INFO - Memory budget of 1.50 GB met.
2025-05-17 04:29:06,367 - INFO - Actual memory usage: 1.49 GB
2025-05-17 04:29:06,396 - INFO - 
Final Results:
2025-05-17 04:29:06,396 - INFO - Initial peak memory: 6.08 GB
2025-05-17 04:29:06,396 - INFO - Final peak memory: 1.49 GB
2025-05-17 04:29:06,396 - INFO - Memory reduction: 4.58 GB (75.4%)
2025-05-17 04:29:06,396 - INFO - Memory budget: 1.50 GB
2025-05-17 04:29:06,396 - INFO - Gap to budget: -0.01 GB
2025-05-17 04:29:06,396 - INFO - Theoretical minimum memory (extreme checkpointing): 0.90 GB
2025-05-17 04:29:06,396 - INFO - Initial execution time: 1.04s
2025-05-17 04:29:06,396 - INFO - Final execution time: 5.92s
2025-05-17 04:29:06,396 - INFO - Execution time overhead: 4.88s (468.5%)
2025-05-17 04:29:06,396 - INFO - Total activations marked for recomputation: 200
2025-05-17 04:29:06,396 - INFO - Total memory saved by recomputation: 4.66 GB
2025-05-17 04:29:06,397 - INFO - 
==================================================
2025-05-17 04:29:06,397 - INFO - ACTIVATION CHECKPOINTING SUMMARY
2025-05-17 04:29:06,397 - INFO - ==================================================
2025-05-17 04:29:06,397 - INFO - Total activations considered:        620
2025-05-17 04:29:06,397 - INFO - Activations marked RETAINED:         420 (67.7%)
2025-05-17 04:29:06,397 - INFO - Activations marked for RECOMPUTE:    200 (32.3%)
2025-05-17 04:29:06,397 - INFO - Memory used by RETAINED activations: 0.62 GB
2025-05-17 04:29:06,397 - INFO - Memory saved by RECOMPUTE decisions: 4.66 GB
2025-05-17 04:29:06,397 - INFO - Final peak memory usage:             1.49 GB
2025-05-17 04:29:06,397 - INFO - Memory budget:                       1.50 GB
2025-05-17 04:29:06,397 - INFO - Gap to budget:                       -0.01 GB
2025-05-17 04:29:06,397 - INFO - --------------------------------------------------
2025-05-17 04:29:06,397 - INFO - Initial execution time:              1.0419s
2025-05-17 04:29:06,397 - INFO - Final execution time:                5.9232s
2025-05-17 04:29:06,397 - INFO - Recomputation time overhead:         4.8813s
2025-05-17 04:29:06,397 - INFO - Execution time overhead:             4.8813s (468.5%)
2025-05-17 04:29:06,397 - INFO - ==================================================

2025-05-17 04:29:06,401 - INFO - Saved activation checkpointing decisions to C:\Users\ydeng\Documents\GitHub\CS265-mlsys-project-final\reports\ac_decisions_resnet_bs32.csv
2025-05-17 04:29:06,401 - INFO - 
Timing Statistics:
2025-05-17 04:29:06,401 - INFO - Total execution time: 6.04s
2025-05-17 04:29:06,401 - INFO - Initialization: 0.00s (0.0%)
2025-05-17 04:29:06,401 - INFO - Initial memory simulation: 0.05s (0.8%)
2025-05-17 04:29:06,401 - INFO - Memory component analysis: 0.01s (0.2%)
2025-05-17 04:29:06,401 - INFO - Candidate filtering: 0.00s (0.0%)
2025-05-17 04:29:06,401 - INFO - Main loop: 5.94s (98.5%)
2025-05-17 04:29:06,401 - INFO -   - Memory simulations: 5.87s (97.2%)
2025-05-17 04:29:06,401 - INFO -   - Candidate selection: 0.07s (1.2%)
2025-05-17 04:29:06,401 - INFO - Final memory simulation: 0.03s (0.5%)
2025-05-17 04:29:06,401 - INFO - 
Top 5 slowest iterations:
2025-05-17 04:29:06,402 - INFO -   1. Iteration 2: 0.05s (Simulation: 0.05s, Selection: 0.00s)
2025-05-17 04:29:06,402 - INFO -   2. Iteration 3: 0.04s (Simulation: 0.04s, Selection: 0.00s)
2025-05-17 04:29:06,402 - INFO -   3. Iteration 16: 0.03s (Simulation: 0.03s, Selection: 0.00s)
2025-05-17 04:29:06,402 - INFO -   4. Iteration 4: 0.03s (Simulation: 0.03s, Selection: 0.00s)
2025-05-17 04:29:06,402 - INFO -   5. Iteration 1: 0.03s (Simulation: 0.03s, Selection: 0.00s)
