2025-05-17 03:47:04,740 - INFO - ================================================================================
2025-05-17 03:47:04,740 - INFO - Activation Checkpointing Algorithm Starting
2025-05-17 03:47:04,740 - INFO - Log file: logs\activation_checkpointing_20250517_034704.log
2025-05-17 03:47:05,419 - INFO - Loaded node stats with 18493 rows
2025-05-17 03:47:05,419 - INFO - Loaded activation stats with 775 rows
2025-05-17 03:47:05,419 - INFO - Memory budget set to 8.0 GB (8589934592.0 bytes)
2025-05-17 03:47:05,419 - INFO - Algorithm initialization time: 0.68s
2025-05-17 03:47:05,420 - INFO - Starting checkpoint decision algorithm...
2025-05-17 03:47:05,420 - INFO - Fixed overhead: 0.3 GB, Memory budget: 8.00 GB
2025-05-17 03:47:05,420 - INFO - Initializing schedule with all activations checkpointed...
2025-05-17 03:47:05,420 - INFO - Initial schedule has 620 activations marked for RETAINED
2025-05-17 03:47:05,435 - INFO - Built activation mappings with 775 activations
2025-05-17 03:47:05,435 - INFO - Initialized simulation cache with 18493 nodes, 3631 forward nodes, 14860 backward nodes
2025-05-17 03:47:05,470 - INFO - Initial peak memory: 10.85 GB
2025-05-17 03:47:05,470 - INFO - Initial execution time: 1.43s
2025-05-17 03:47:05,480 - INFO - Incompressible memory with checkpointing: 0.49 GB
2025-05-17 03:47:05,480 - INFO - Largest single activation: 0.19 GB
2025-05-17 03:47:05,480 - INFO - Active memory - FW: 11.35 GB, BW: 11.38 GB
2025-05-17 03:47:05,480 - INFO - Fixed overhead: 0.30 GB
2025-05-17 03:47:05,480 - INFO - Memory budget of 8.00 GB should be achievable
2025-05-17 03:47:05,480 - INFO - Filtering valid activations...
2025-05-17 03:47:05,481 - INFO - Found 775 valid activations for consideration
2025-05-17 03:47:06,272 - INFO - Memory budget of 8.00 GB met.
2025-05-17 03:47:06,272 - INFO - Actual memory usage: 7.98 GB
2025-05-17 03:47:06,306 - INFO - 
Final Results:
2025-05-17 03:47:06,306 - INFO - Initial peak memory: 10.85 GB
2025-05-17 03:47:06,306 - INFO - Final peak memory: 7.98 GB
2025-05-17 03:47:06,306 - INFO - Memory reduction: 2.87 GB (26.5%)
2025-05-17 03:47:06,306 - INFO - Memory budget: 8.00 GB
2025-05-17 03:47:06,306 - INFO - Gap to budget: -0.02 GB
2025-05-17 03:47:06,307 - INFO - Theoretical minimum memory (extreme checkpointing): 0.49 GB
2025-05-17 03:47:06,307 - INFO - Initial execution time: 1.43s
2025-05-17 03:47:06,307 - INFO - Final execution time: 4.54s
2025-05-17 03:47:06,307 - INFO - Execution time overhead: 3.11s (217.4%)
2025-05-17 03:47:06,307 - INFO - Total activations marked for recomputation: 22
2025-05-17 03:47:06,307 - INFO - Total memory saved by recomputation: 2.97 GB
2025-05-17 03:47:06,311 - INFO - Saved activation checkpointing decisions to C:\Users\ydeng\Documents\GitHub\CS265-mlsys-project-final\reports\ac_decisions.csv
2025-05-17 03:47:06,311 - INFO - 
Timing Statistics:
2025-05-17 03:47:06,311 - INFO - Total execution time: 0.89s
2025-05-17 03:47:06,311 - INFO - Initialization: 0.00s (0.0%)
2025-05-17 03:47:06,311 - INFO - Initial memory simulation: 0.05s (5.5%)
2025-05-17 03:47:06,311 - INFO - Memory component analysis: 0.01s (1.1%)
2025-05-17 03:47:06,312 - INFO - Candidate filtering: 0.00s (0.1%)
2025-05-17 03:47:06,312 - INFO - Main loop: 0.79s (88.8%)
2025-05-17 03:47:06,312 - INFO -   - Memory simulations: 0.78s (87.4%)
2025-05-17 03:47:06,312 - INFO -   - Candidate selection: 0.01s (1.4%)
2025-05-17 03:47:06,312 - INFO - Final memory simulation: 0.03s (3.7%)
2025-05-17 03:47:06,312 - INFO - 
Top 5 slowest iterations:
2025-05-17 03:47:06,312 - INFO -   1. Iteration 10: 0.04s (Simulation: 0.04s, Selection: 0.00s)
2025-05-17 03:47:06,312 - INFO -   2. Iteration 8: 0.04s (Simulation: 0.03s, Selection: 0.00s)
2025-05-17 03:47:06,312 - INFO -   3. Iteration 4: 0.04s (Simulation: 0.03s, Selection: 0.00s)
2025-05-17 03:47:06,312 - INFO -   4. Iteration 1: 0.04s (Simulation: 0.03s, Selection: 0.00s)
2025-05-17 03:47:06,312 - INFO -   5. Iteration 21: 0.04s (Simulation: 0.04s, Selection: 0.00s)
