2025-05-16 22:54:56,778 - INFO - ================================================================================
2025-05-16 22:54:56,778 - INFO - Activation Checkpointing Algorithm Starting
2025-05-16 22:54:56,778 - INFO - Log file: logs\activation_checkpointing_20250516_225456.log
2025-05-16 22:54:57,447 - INFO - Loaded node stats with 18493 rows
2025-05-16 22:54:57,447 - INFO - Loaded activation stats with 775 rows
2025-05-16 22:54:57,447 - INFO - Memory budget set to 15.0 GB (16106127360.0 bytes)
2025-05-16 22:54:57,447 - INFO - Algorithm initialization time: 0.67s
2025-05-16 22:54:57,448 - INFO - Starting checkpoint decision algorithm...
2025-05-16 22:54:57,448 - INFO - Fixed overhead: 0.3 GB, Memory budget: 15.00 GB
2025-05-16 22:54:57,448 - INFO - Initializing schedule with all activations checkpointed...
2025-05-16 22:54:57,448 - INFO - Initial schedule has 620 activations marked for RETAINED
2025-05-16 22:54:57,463 - INFO - Built activation mappings with 775 activations
2025-05-16 22:54:57,464 - INFO - Initialized simulation cache with 18493 nodes, 3631 forward nodes, 14860 backward nodes
2025-05-16 22:54:57,496 - INFO - Initial peak memory: 22.20 GB
2025-05-16 22:54:57,497 - INFO - Initial execution time: 1.30s
2025-05-16 22:54:57,507 - INFO - Incompressible memory: 11.69 GB
2025-05-16 22:54:57,507 - INFO - Active memory - FW: 11.36 GB, BW: 11.39 GB
2025-05-16 22:54:57,507 - INFO - Fixed overhead: 0.30 GB
2025-05-16 22:54:57,507 - INFO - Setting effective target budget to 14.70 GB (2% below requested)
2025-05-16 22:54:57,507 - INFO - Filtering valid activations...
2025-05-16 22:54:57,508 - INFO - Found 775 valid activations for consideration
2025-05-16 22:54:57,508 - INFO - 
Iteration 1/1000 (Elapsed time: 0.0s)
2025-05-16 22:54:57,540 - INFO - Simulated peak memory: 22.20 GB. Budget: 15.00 GB. Exec time: 1.30s
2025-05-16 22:54:57,540 - INFO - Current checkpoint count: 620
2025-05-16 22:54:57,540 - INFO - Current recompute count: 0
2025-05-16 22:54:57,541 - INFO - Considering activation: convolution_10, recompute_benefit_ratio: 1023999999.49, mem_size: 196.00 MB, recomp_time: 0.200704s, lifetime: 2423
2025-05-16 22:54:57,541 - INFO - Choosing to RECOMPUTE convolution_10 (memory saved: 196.00 MB, recompute overhead: 0.200704s)
2025-05-16 22:54:57,541 - INFO - 
Iteration 2/1000 (Elapsed time: 0.0s)
2025-05-16 22:54:57,574 - INFO - Simulated peak memory: 22.01 GB. Budget: 15.00 GB. Exec time: 1.50s
2025-05-16 22:54:57,575 - INFO - Current checkpoint count: 619
2025-05-16 22:54:57,575 - INFO - Current recompute count: 1
2025-05-16 22:54:57,575 - INFO - New best schedule found with peak memory: 22.01 GB
2025-05-16 22:54:57,575 - INFO - Considering activation: convolution_4, recompute_benefit_ratio: 1023999999.49, mem_size: 196.00 MB, recomp_time: 0.200704s, lifetime: 2523
2025-05-16 22:54:57,575 - INFO - Choosing to RECOMPUTE convolution_4 (memory saved: 196.00 MB, recompute overhead: 0.200704s)
2025-05-16 22:54:57,575 - INFO - 
Iteration 3/1000 (Elapsed time: 0.1s)
2025-05-16 22:54:57,608 - INFO - Simulated peak memory: 21.82 GB. Budget: 15.00 GB. Exec time: 1.70s
2025-05-16 22:54:57,608 - INFO - Current checkpoint count: 618
2025-05-16 22:54:57,608 - INFO - Current recompute count: 2
2025-05-16 22:54:57,608 - INFO - New best schedule found with peak memory: 21.82 GB
2025-05-16 22:54:57,608 - INFO - Considering activation: relu__3, recompute_benefit_ratio: 1023999999.49, mem_size: 196.00 MB, recomp_time: 0.200704s, lifetime: 2510
2025-05-16 22:54:57,608 - INFO - Choosing to RECOMPUTE relu__3 (memory saved: 196.00 MB, recompute overhead: 0.200704s)
2025-05-16 22:54:57,609 - INFO - 
Iteration 4/1000 (Elapsed time: 0.1s)
2025-05-16 22:54:57,642 - INFO - Simulated peak memory: 21.63 GB. Budget: 15.00 GB. Exec time: 1.90s
2025-05-16 22:54:57,642 - INFO - Current checkpoint count: 617
2025-05-16 22:54:57,642 - INFO - Current recompute count: 3
2025-05-16 22:54:57,644 - INFO - New best schedule found with peak memory: 21.63 GB
2025-05-16 22:54:57,645 - INFO - Considering activation: relu_, recompute_benefit_ratio: 1023999999.49, mem_size: 196.00 MB, recomp_time: 0.200704s, lifetime: 2581
2025-05-16 22:54:57,645 - INFO - Choosing to RECOMPUTE relu_ (memory saved: 196.00 MB, recompute overhead: 0.200704s)
2025-05-16 22:54:57,645 - INFO - 
Iteration 5/1000 (Elapsed time: 0.1s)
2025-05-16 22:54:57,678 - INFO - Simulated peak memory: 21.44 GB. Budget: 15.00 GB. Exec time: 2.11s
2025-05-16 22:54:57,678 - INFO - Current checkpoint count: 616
2025-05-16 22:54:57,678 - INFO - Current recompute count: 4
2025-05-16 22:54:57,678 - INFO - New best schedule found with peak memory: 21.44 GB
2025-05-16 22:54:57,679 - INFO - Considering activation: convolution_3, recompute_benefit_ratio: 1023999999.49, mem_size: 196.00 MB, recomp_time: 0.200704s, lifetime: 2537
2025-05-16 22:54:57,679 - INFO - Choosing to RECOMPUTE convolution_3 (memory saved: 196.00 MB, recompute overhead: 0.200704s)
2025-05-16 22:54:57,679 - INFO - 
Iteration 6/1000 (Elapsed time: 0.2s)
2025-05-16 22:54:57,712 - INFO - Simulated peak memory: 21.25 GB. Budget: 15.00 GB. Exec time: 2.31s
2025-05-16 22:54:57,712 - INFO - Current checkpoint count: 615
2025-05-16 22:54:57,712 - INFO - Current recompute count: 5
2025-05-16 22:54:57,712 - INFO - New best schedule found with peak memory: 21.25 GB
2025-05-16 22:54:57,713 - INFO - Considering activation: convolution, recompute_benefit_ratio: 1023999999.49, mem_size: 196.00 MB, recomp_time: 0.200704s, lifetime: 2590
2025-05-16 22:54:57,713 - INFO - Choosing to RECOMPUTE convolution (memory saved: 196.00 MB, recompute overhead: 0.200704s)
2025-05-16 22:54:57,713 - INFO - 
Iteration 7/1000 (Elapsed time: 0.2s)
2025-05-16 22:54:57,746 - INFO - Simulated peak memory: 21.06 GB. Budget: 15.00 GB. Exec time: 2.51s
2025-05-16 22:54:57,746 - INFO - Current checkpoint count: 614
2025-05-16 22:54:57,746 - INFO - Current recompute count: 6
2025-05-16 22:54:57,746 - INFO - New best schedule found with peak memory: 21.06 GB
2025-05-16 22:54:57,747 - INFO - Considering activation: convolution_7, recompute_benefit_ratio: 1023999999.49, mem_size: 196.00 MB, recomp_time: 0.200704s, lifetime: 2473
2025-05-16 22:54:57,747 - INFO - Choosing to RECOMPUTE convolution_7 (memory saved: 196.00 MB, recompute overhead: 0.200704s)
2025-05-16 22:54:57,747 - INFO - 
Iteration 8/1000 (Elapsed time: 0.2s)
2025-05-16 22:54:57,781 - INFO - Simulated peak memory: 20.86 GB. Budget: 15.00 GB. Exec time: 2.71s
2025-05-16 22:54:57,781 - INFO - Current checkpoint count: 613
2025-05-16 22:54:57,781 - INFO - Current recompute count: 7
2025-05-16 22:54:57,781 - INFO - New best schedule found with peak memory: 20.86 GB
2025-05-16 22:54:57,782 - INFO - Considering activation: relu__9, recompute_benefit_ratio: 1023999999.49, mem_size: 196.00 MB, recomp_time: 0.200704s, lifetime: 2387
2025-05-16 22:54:57,782 - INFO - Choosing to RECOMPUTE relu__9 (memory saved: 196.00 MB, recompute overhead: 0.200704s)
2025-05-16 22:54:57,782 - INFO - 
Iteration 9/1000 (Elapsed time: 0.3s)
2025-05-16 22:54:57,814 - INFO - Simulated peak memory: 20.67 GB. Budget: 15.00 GB. Exec time: 2.91s
2025-05-16 22:54:57,814 - INFO - Current checkpoint count: 612
2025-05-16 22:54:57,814 - INFO - Current recompute count: 8
2025-05-16 22:54:57,814 - INFO - New best schedule found with peak memory: 20.67 GB
2025-05-16 22:54:57,816 - INFO - Considering activation: relu__6, recompute_benefit_ratio: 1023999999.49, mem_size: 196.00 MB, recomp_time: 0.200704s, lifetime: 2460
2025-05-16 22:54:57,816 - INFO - Choosing to RECOMPUTE relu__6 (memory saved: 196.00 MB, recompute overhead: 0.200704s)
2025-05-16 22:54:57,816 - INFO - 
Iteration 10/1000 (Elapsed time: 0.3s)
2025-05-16 22:54:57,849 - INFO - Simulated peak memory: 20.48 GB. Budget: 15.00 GB. Exec time: 3.11s
2025-05-16 22:54:57,849 - INFO - Current checkpoint count: 611
2025-05-16 22:54:57,850 - INFO - Current recompute count: 9
2025-05-16 22:54:57,850 - INFO - New best schedule found with peak memory: 20.48 GB
2025-05-16 22:54:57,850 - INFO - Considering activation: relu__15, recompute_benefit_ratio: 1023999998.98, mem_size: 98.00 MB, recomp_time: 0.100352s, lifetime: 2296
2025-05-16 22:54:57,850 - INFO - Choosing to RECOMPUTE relu__15 (memory saved: 98.00 MB, recompute overhead: 0.100352s)
2025-05-16 22:54:57,850 - INFO - 
Iteration 11/1000 (Elapsed time: 0.3s)
2025-05-16 22:54:57,882 - INFO - Simulated peak memory: 20.39 GB. Budget: 15.00 GB. Exec time: 3.21s
2025-05-16 22:54:57,882 - INFO - Current checkpoint count: 610
2025-05-16 22:54:57,882 - INFO - Current recompute count: 10
2025-05-16 22:54:57,882 - INFO - New best schedule found with peak memory: 20.39 GB
2025-05-16 22:54:57,883 - INFO - Considering activation: relu__30, recompute_benefit_ratio: 1023999998.98, mem_size: 98.00 MB, recomp_time: 0.100352s, lifetime: 2046
2025-05-16 22:54:57,883 - INFO - Choosing to RECOMPUTE relu__30 (memory saved: 98.00 MB, recompute overhead: 0.100352s)
2025-05-16 22:54:57,883 - INFO - 
Iteration 12/1000 (Elapsed time: 0.4s)
2025-05-16 22:54:57,916 - INFO - Simulated peak memory: 20.29 GB. Budget: 15.00 GB. Exec time: 3.31s
2025-05-16 22:54:57,916 - INFO - Current checkpoint count: 609
2025-05-16 22:54:57,916 - INFO - Current recompute count: 11
2025-05-16 22:54:57,916 - INFO - New best schedule found with peak memory: 20.29 GB
2025-05-16 22:54:57,917 - INFO - Considering activation: convolution_11, recompute_benefit_ratio: 1023999998.98, mem_size: 98.00 MB, recomp_time: 0.100352s, lifetime: 2405
2025-05-16 22:54:57,917 - INFO - Choosing to RECOMPUTE convolution_11 (memory saved: 98.00 MB, recompute overhead: 0.100352s)
2025-05-16 22:54:57,917 - INFO - 
Iteration 13/1000 (Elapsed time: 0.4s)
2025-05-16 22:54:57,949 - INFO - Simulated peak memory: 20.19 GB. Budget: 15.00 GB. Exec time: 3.41s
2025-05-16 22:54:57,949 - INFO - Current checkpoint count: 608
2025-05-16 22:54:57,949 - INFO - Current recompute count: 12
2025-05-16 22:54:57,949 - INFO - New best schedule found with peak memory: 20.19 GB
2025-05-16 22:54:57,949 - INFO - Considering activation: convolution_32, recompute_benefit_ratio: 1023999998.98, mem_size: 98.00 MB, recomp_time: 0.100352s, lifetime: 2059
2025-05-16 22:54:57,949 - INFO - Choosing to RECOMPUTE convolution_32 (memory saved: 98.00 MB, recompute overhead: 0.100352s)
2025-05-16 22:54:57,949 - INFO - 
Iteration 14/1000 (Elapsed time: 0.4s)
2025-05-16 22:54:57,982 - INFO - Simulated peak memory: 20.10 GB. Budget: 15.00 GB. Exec time: 3.51s
2025-05-16 22:54:57,982 - INFO - Current checkpoint count: 607
2025-05-16 22:54:57,982 - INFO - Current recompute count: 13
2025-05-16 22:54:57,982 - INFO - New best schedule found with peak memory: 20.10 GB
2025-05-16 22:54:57,983 - INFO - Considering activation: relu__27, recompute_benefit_ratio: 1023999998.98, mem_size: 98.00 MB, recomp_time: 0.100352s, lifetime: 2096
2025-05-16 22:54:57,983 - INFO - Choosing to RECOMPUTE relu__27 (memory saved: 98.00 MB, recompute overhead: 0.100352s)
2025-05-16 22:54:57,983 - INFO - 
Iteration 15/1000 (Elapsed time: 0.5s)
2025-05-16 22:54:58,015 - INFO - Simulated peak memory: 20.00 GB. Budget: 15.00 GB. Exec time: 3.61s
2025-05-16 22:54:58,015 - INFO - Current checkpoint count: 606
2025-05-16 22:54:58,015 - INFO - Current recompute count: 14
2025-05-16 22:54:58,015 - INFO - New best schedule found with peak memory: 20.00 GB
2025-05-16 22:54:58,016 - INFO - Considering activation: convolution_29, recompute_benefit_ratio: 1023999998.98, mem_size: 98.00 MB, recomp_time: 0.100352s, lifetime: 2109
2025-05-16 22:54:58,016 - INFO - Choosing to RECOMPUTE convolution_29 (memory saved: 98.00 MB, recompute overhead: 0.100352s)
2025-05-16 22:54:58,016 - INFO - 
Iteration 16/1000 (Elapsed time: 0.5s)
2025-05-16 22:54:58,047 - INFO - Simulated peak memory: 19.91 GB. Budget: 15.00 GB. Exec time: 3.71s
2025-05-16 22:54:58,048 - INFO - Current checkpoint count: 605
2025-05-16 22:54:58,048 - INFO - Current recompute count: 15
2025-05-16 22:54:58,048 - INFO - New best schedule found with peak memory: 19.91 GB
2025-05-16 22:54:58,048 - INFO - Considering activation: convolution_17, recompute_benefit_ratio: 1023999998.98, mem_size: 98.00 MB, recomp_time: 0.100352s, lifetime: 2309
2025-05-16 22:54:58,048 - INFO - Choosing to RECOMPUTE convolution_17 (memory saved: 98.00 MB, recompute overhead: 0.100352s)
2025-05-16 22:54:58,048 - INFO - 
Iteration 17/1000 (Elapsed time: 0.5s)
2025-05-16 22:54:58,079 - INFO - Simulated peak memory: 19.81 GB. Budget: 15.00 GB. Exec time: 3.81s
2025-05-16 22:54:58,079 - INFO - Current checkpoint count: 604
2025-05-16 22:54:58,079 - INFO - Current recompute count: 16
2025-05-16 22:54:58,079 - INFO - New best schedule found with peak memory: 19.81 GB
2025-05-16 22:54:58,081 - INFO - Considering activation: convolution_35, recompute_benefit_ratio: 1023999998.98, mem_size: 98.00 MB, recomp_time: 0.100352s, lifetime: 2009
2025-05-16 22:54:58,081 - INFO - Choosing to RECOMPUTE convolution_35 (memory saved: 98.00 MB, recompute overhead: 0.100352s)
2025-05-16 22:54:58,081 - INFO - 
Iteration 18/1000 (Elapsed time: 0.6s)
2025-05-16 22:54:58,112 - INFO - Simulated peak memory: 19.72 GB. Budget: 15.00 GB. Exec time: 3.91s
2025-05-16 22:54:58,112 - INFO - Current checkpoint count: 603
2025-05-16 22:54:58,112 - INFO - Current recompute count: 17
2025-05-16 22:54:58,112 - INFO - New best schedule found with peak memory: 19.72 GB
2025-05-16 22:54:58,113 - INFO - Considering activation: relu__12, recompute_benefit_ratio: 1023999998.98, mem_size: 98.00 MB, recomp_time: 0.100352s, lifetime: 2346
2025-05-16 22:54:58,113 - INFO - Choosing to RECOMPUTE relu__12 (memory saved: 98.00 MB, recompute overhead: 0.100352s)
2025-05-16 22:54:58,113 - INFO - 
Iteration 19/1000 (Elapsed time: 0.6s)
2025-05-16 22:54:58,145 - INFO - Simulated peak memory: 19.62 GB. Budget: 15.00 GB. Exec time: 4.01s
2025-05-16 22:54:58,145 - INFO - Current checkpoint count: 602
2025-05-16 22:54:58,145 - INFO - Current recompute count: 18
2025-05-16 22:54:58,145 - INFO - New best schedule found with peak memory: 19.62 GB
2025-05-16 22:54:58,147 - INFO - Considering activation: convolution_14, recompute_benefit_ratio: 1023999998.98, mem_size: 98.00 MB, recomp_time: 0.100352s, lifetime: 2359
2025-05-16 22:54:58,147 - INFO - Choosing to RECOMPUTE convolution_14 (memory saved: 98.00 MB, recompute overhead: 0.100352s)
2025-05-16 22:54:58,147 - INFO - 
Iteration 20/1000 (Elapsed time: 0.6s)
2025-05-16 22:54:58,178 - INFO - Simulated peak memory: 19.52 GB. Budget: 15.00 GB. Exec time: 4.11s
2025-05-16 22:54:58,178 - INFO - Current checkpoint count: 601
2025-05-16 22:54:58,178 - INFO - Current recompute count: 19
2025-05-16 22:54:58,178 - INFO - New best schedule found with peak memory: 19.52 GB
2025-05-16 22:54:58,179 - INFO - Considering activation: relu__33, recompute_benefit_ratio: 1023999998.98, mem_size: 98.00 MB, recomp_time: 0.100352s, lifetime: 1973
2025-05-16 22:54:58,179 - INFO - Choosing to RECOMPUTE relu__33 (memory saved: 98.00 MB, recompute overhead: 0.100352s)
2025-05-16 22:54:58,179 - INFO - 
Iteration 21/1000 (Elapsed time: 0.7s)
2025-05-16 22:54:58,210 - INFO - Simulated peak memory: 19.43 GB. Budget: 15.00 GB. Exec time: 4.21s
2025-05-16 22:54:58,211 - INFO - Current checkpoint count: 600
2025-05-16 22:54:58,211 - INFO - Current recompute count: 20
2025-05-16 22:54:58,211 - INFO - New best schedule found with peak memory: 19.43 GB
2025-05-16 22:54:58,212 - INFO - Considering activation: relu__21, recompute_benefit_ratio: 1023999998.98, mem_size: 98.00 MB, recomp_time: 0.100352s, lifetime: 2196
2025-05-16 22:54:58,212 - INFO - Choosing to RECOMPUTE relu__21 (memory saved: 98.00 MB, recompute overhead: 0.100352s)
2025-05-16 22:54:58,212 - INFO - 
Iteration 22/1000 (Elapsed time: 0.7s)
2025-05-16 22:54:58,242 - INFO - Simulated peak memory: 19.33 GB. Budget: 15.00 GB. Exec time: 4.31s
2025-05-16 22:54:58,242 - INFO - Current checkpoint count: 599
2025-05-16 22:54:58,242 - INFO - Current recompute count: 21
2025-05-16 22:54:58,242 - INFO - New best schedule found with peak memory: 19.33 GB
2025-05-16 22:54:58,244 - INFO - Considering activation: convolution_26, recompute_benefit_ratio: 1023999998.98, mem_size: 98.00 MB, recomp_time: 0.100352s, lifetime: 2159
2025-05-16 22:54:58,244 - INFO - Choosing to RECOMPUTE convolution_26 (memory saved: 98.00 MB, recompute overhead: 0.100352s)
2025-05-16 22:54:58,244 - INFO - 
Iteration 23/1000 (Elapsed time: 0.7s)
2025-05-16 22:54:58,275 - INFO - Simulated peak memory: 19.24 GB. Budget: 15.00 GB. Exec time: 4.41s
2025-05-16 22:54:58,275 - INFO - Current checkpoint count: 598
2025-05-16 22:54:58,275 - INFO - Current recompute count: 22
2025-05-16 22:54:58,275 - INFO - New best schedule found with peak memory: 19.24 GB
2025-05-16 22:54:58,276 - INFO - Considering activation: relu__10, recompute_benefit_ratio: 1023999998.98, mem_size: 98.00 MB, recomp_time: 0.100352s, lifetime: 2394
2025-05-16 22:54:58,276 - INFO - Choosing to RECOMPUTE relu__10 (memory saved: 98.00 MB, recompute overhead: 0.100352s)
2025-05-16 22:54:58,276 - INFO - 
Iteration 24/1000 (Elapsed time: 0.8s)
2025-05-16 22:54:58,311 - INFO - Simulated peak memory: 19.14 GB. Budget: 15.00 GB. Exec time: 4.51s
2025-05-16 22:54:58,311 - INFO - Current checkpoint count: 597
2025-05-16 22:54:58,311 - INFO - Current recompute count: 23
2025-05-16 22:54:58,311 - INFO - New best schedule found with peak memory: 19.14 GB
2025-05-16 22:54:58,311 - INFO - Considering activation: relu__24, recompute_benefit_ratio: 1023999998.98, mem_size: 98.00 MB, recomp_time: 0.100352s, lifetime: 2146
2025-05-16 22:54:58,311 - INFO - Choosing to RECOMPUTE relu__24 (memory saved: 98.00 MB, recompute overhead: 0.100352s)
2025-05-16 22:54:58,311 - INFO - 
Iteration 25/1000 (Elapsed time: 0.8s)
2025-05-16 22:54:58,344 - INFO - Simulated peak memory: 19.05 GB. Budget: 15.00 GB. Exec time: 4.61s
2025-05-16 22:54:58,344 - INFO - Current checkpoint count: 596
2025-05-16 22:54:58,344 - INFO - Current recompute count: 24
2025-05-16 22:54:58,344 - INFO - New best schedule found with peak memory: 19.05 GB
2025-05-16 22:54:58,345 - INFO - Considering activation: relu__18, recompute_benefit_ratio: 1023999998.98, mem_size: 98.00 MB, recomp_time: 0.100352s, lifetime: 2246
2025-05-16 22:54:58,345 - INFO - Choosing to RECOMPUTE relu__18 (memory saved: 98.00 MB, recompute overhead: 0.100352s)
2025-05-16 22:54:58,345 - INFO - 
Iteration 26/1000 (Elapsed time: 0.8s)
2025-05-16 22:54:58,376 - INFO - Simulated peak memory: 18.95 GB. Budget: 15.00 GB. Exec time: 4.71s
2025-05-16 22:54:58,376 - INFO - Current checkpoint count: 595
2025-05-16 22:54:58,376 - INFO - Current recompute count: 25
2025-05-16 22:54:58,376 - INFO - New best schedule found with peak memory: 18.95 GB
2025-05-16 22:54:58,377 - INFO - Considering activation: convolution_13, recompute_benefit_ratio: 1023999998.98, mem_size: 98.00 MB, recomp_time: 0.100352s, lifetime: 2373
2025-05-16 22:54:58,377 - INFO - Choosing to RECOMPUTE convolution_13 (memory saved: 98.00 MB, recompute overhead: 0.100352s)
2025-05-16 22:54:58,377 - INFO - 
Iteration 27/1000 (Elapsed time: 0.9s)
2025-05-16 22:54:58,407 - INFO - Simulated peak memory: 18.85 GB. Budget: 15.00 GB. Exec time: 4.82s
2025-05-16 22:54:58,407 - INFO - Current checkpoint count: 594
2025-05-16 22:54:58,408 - INFO - Current recompute count: 26
2025-05-16 22:54:58,408 - INFO - New best schedule found with peak memory: 18.85 GB
2025-05-16 22:54:58,410 - INFO - Considering activation: getitem_5, recompute_benefit_ratio: 1023999998.98, mem_size: 98.00 MB, recomp_time: 0.100352s, lifetime: 2578
2025-05-16 22:54:58,410 - INFO - Choosing to RECOMPUTE getitem_5 (memory saved: 98.00 MB, recompute overhead: 0.100352s)
2025-05-16 22:54:58,410 - INFO - 
Iteration 28/1000 (Elapsed time: 0.9s)
2025-05-16 22:54:58,439 - INFO - Simulated peak memory: 18.85 GB. Budget: 15.00 GB. Exec time: 4.92s
2025-05-16 22:54:58,439 - INFO - Current checkpoint count: 593
2025-05-16 22:54:58,439 - INFO - Current recompute count: 27
2025-05-16 22:54:58,441 - INFO - Considering activation: convolution_23, recompute_benefit_ratio: 1023999998.98, mem_size: 98.00 MB, recomp_time: 0.100352s, lifetime: 2209
2025-05-16 22:54:58,441 - INFO - Choosing to RECOMPUTE convolution_23 (memory saved: 98.00 MB, recompute overhead: 0.100352s)
2025-05-16 22:54:58,441 - INFO - 
Iteration 29/1000 (Elapsed time: 0.9s)
2025-05-16 22:54:58,471 - INFO - Simulated peak memory: 18.76 GB. Budget: 15.00 GB. Exec time: 5.02s
2025-05-16 22:54:58,473 - INFO - Current checkpoint count: 592
2025-05-16 22:54:58,473 - INFO - Current recompute count: 28
2025-05-16 22:54:58,473 - INFO - New best schedule found with peak memory: 18.76 GB
2025-05-16 22:54:58,474 - INFO - Considering activation: convolution_20, recompute_benefit_ratio: 1023999998.98, mem_size: 98.00 MB, recomp_time: 0.100352s, lifetime: 2259
2025-05-16 22:54:58,474 - INFO - Choosing to RECOMPUTE convolution_20 (memory saved: 98.00 MB, recompute overhead: 0.100352s)
2025-05-16 22:54:58,474 - INFO - 
Iteration 30/1000 (Elapsed time: 1.0s)
2025-05-16 22:54:58,504 - INFO - Simulated peak memory: 18.66 GB. Budget: 15.00 GB. Exec time: 5.12s
2025-05-16 22:54:58,504 - INFO - Current checkpoint count: 591
2025-05-16 22:54:58,504 - INFO - Current recompute count: 29
2025-05-16 22:54:58,504 - INFO - New best schedule found with peak memory: 18.66 GB
2025-05-16 22:54:58,506 - INFO - Considering activation: relu__42, recompute_benefit_ratio: 1023999997.96, mem_size: 49.00 MB, recomp_time: 0.050176s, lifetime: 1832
2025-05-16 22:54:58,506 - INFO - Choosing to RECOMPUTE relu__42 (memory saved: 49.00 MB, recompute overhead: 0.050176s)
2025-05-16 22:54:58,506 - INFO - 
Iteration 31/1000 (Elapsed time: 1.0s)
2025-05-16 22:54:58,536 - INFO - Simulated peak memory: 18.61 GB. Budget: 15.00 GB. Exec time: 5.17s
2025-05-16 22:54:58,536 - INFO - Current checkpoint count: 590
2025-05-16 22:54:58,536 - INFO - Current recompute count: 30
2025-05-16 22:54:58,536 - INFO - New best schedule found with peak memory: 18.61 GB
2025-05-16 22:54:58,537 - INFO - Considering activation: relu__34, recompute_benefit_ratio: 1023999997.96, mem_size: 49.00 MB, recomp_time: 0.050176s, lifetime: 1980
2025-05-16 22:54:58,537 - INFO - Choosing to RECOMPUTE relu__34 (memory saved: 49.00 MB, recompute overhead: 0.050176s)
2025-05-16 22:54:58,537 - INFO - 
Iteration 32/1000 (Elapsed time: 1.0s)
2025-05-16 22:54:58,569 - INFO - Simulated peak memory: 18.57 GB. Budget: 15.00 GB. Exec time: 5.22s
2025-05-16 22:54:58,569 - INFO - Current checkpoint count: 589
2025-05-16 22:54:58,569 - INFO - Current recompute count: 31
2025-05-16 22:54:58,569 - INFO - New best schedule found with peak memory: 18.57 GB
2025-05-16 22:54:58,571 - INFO - Considering activation: relu__69, recompute_benefit_ratio: 1023999997.96, mem_size: 49.00 MB, recomp_time: 0.050176s, lifetime: 1382
2025-05-16 22:54:58,571 - INFO - Choosing to RECOMPUTE relu__69 (memory saved: 49.00 MB, recompute overhead: 0.050176s)
2025-05-16 22:54:58,571 - INFO - 
Iteration 33/1000 (Elapsed time: 1.1s)
2025-05-16 22:54:58,601 - INFO - Simulated peak memory: 18.52 GB. Budget: 15.00 GB. Exec time: 5.27s
2025-05-16 22:54:58,601 - INFO - Current checkpoint count: 588
2025-05-16 22:54:58,601 - INFO - Current recompute count: 32
2025-05-16 22:54:58,602 - INFO - New best schedule found with peak memory: 18.52 GB
2025-05-16 22:54:58,602 - INFO - Considering activation: relu__36, recompute_benefit_ratio: 1023999997.96, mem_size: 49.00 MB, recomp_time: 0.050176s, lifetime: 1932
2025-05-16 22:54:58,602 - INFO - Choosing to RECOMPUTE relu__36 (memory saved: 49.00 MB, recompute overhead: 0.050176s)
2025-05-16 22:54:58,602 - INFO - 
Iteration 34/1000 (Elapsed time: 1.1s)
2025-05-16 22:54:58,632 - INFO - Simulated peak memory: 18.47 GB. Budget: 15.00 GB. Exec time: 5.32s
2025-05-16 22:54:58,632 - INFO - Current checkpoint count: 587
2025-05-16 22:54:58,632 - INFO - Current recompute count: 33
2025-05-16 22:54:58,632 - INFO - New best schedule found with peak memory: 18.47 GB
2025-05-16 22:54:58,634 - INFO - Considering activation: relu__96, recompute_benefit_ratio: 1023999997.96, mem_size: 49.00 MB, recomp_time: 0.050176s, lifetime: 932
2025-05-16 22:54:58,634 - INFO - Choosing to RECOMPUTE relu__96 (memory saved: 49.00 MB, recompute overhead: 0.050176s)
2025-05-16 22:54:58,634 - INFO - 
Iteration 35/1000 (Elapsed time: 1.1s)
2025-05-16 22:54:58,666 - INFO - Simulated peak memory: 18.42 GB. Budget: 15.00 GB. Exec time: 5.37s
2025-05-16 22:54:58,666 - INFO - Current checkpoint count: 586
2025-05-16 22:54:58,666 - INFO - Current recompute count: 34
2025-05-16 22:54:58,666 - INFO - New best schedule found with peak memory: 18.42 GB
2025-05-16 22:54:58,667 - INFO - Considering activation: relu__48, recompute_benefit_ratio: 1023999997.96, mem_size: 49.00 MB, recomp_time: 0.050176s, lifetime: 1732
2025-05-16 22:54:58,667 - INFO - Choosing to RECOMPUTE relu__48 (memory saved: 49.00 MB, recompute overhead: 0.050176s)
2025-05-16 22:54:58,667 - INFO - 
Iteration 36/1000 (Elapsed time: 1.2s)
2025-05-16 22:54:58,697 - INFO - Simulated peak memory: 18.38 GB. Budget: 15.00 GB. Exec time: 5.42s
2025-05-16 22:54:58,697 - INFO - Current checkpoint count: 585
2025-05-16 22:54:58,697 - INFO - Current recompute count: 35
2025-05-16 22:54:58,697 - INFO - New best schedule found with peak memory: 18.38 GB
2025-05-16 22:54:58,698 - INFO - Considering activation: relu__108, recompute_benefit_ratio: 1023999997.96, mem_size: 49.00 MB, recomp_time: 0.050176s, lifetime: 732
2025-05-16 22:54:58,698 - INFO - Choosing to RECOMPUTE relu__108 (memory saved: 49.00 MB, recompute overhead: 0.050176s)
2025-05-16 22:54:58,698 - INFO - 
Iteration 37/1000 (Elapsed time: 1.2s)
2025-05-16 22:54:58,729 - INFO - Simulated peak memory: 18.33 GB. Budget: 15.00 GB. Exec time: 5.47s
2025-05-16 22:54:58,729 - INFO - Current checkpoint count: 584
2025-05-16 22:54:58,729 - INFO - Current recompute count: 36
2025-05-16 22:54:58,729 - INFO - New best schedule found with peak memory: 18.33 GB
2025-05-16 22:54:58,731 - INFO - Considering activation: relu__2, recompute_benefit_ratio: 1023999997.96, mem_size: 49.00 MB, recomp_time: 0.050176s, lifetime: 2542
2025-05-16 22:54:58,731 - INFO - Choosing to RECOMPUTE relu__2 (memory saved: 49.00 MB, recompute overhead: 0.050176s)
2025-05-16 22:54:58,731 - INFO - 
Iteration 38/1000 (Elapsed time: 1.2s)
2025-05-16 22:54:58,761 - INFO - Simulated peak memory: 18.28 GB. Budget: 15.00 GB. Exec time: 5.52s
2025-05-16 22:54:58,761 - INFO - Current checkpoint count: 583
2025-05-16 22:54:58,762 - INFO - Current recompute count: 37
2025-05-16 22:54:58,762 - INFO - New best schedule found with peak memory: 18.28 GB
2025-05-16 22:54:58,763 - INFO - Considering activation: convolution_138, recompute_benefit_ratio: 1023999997.96, mem_size: 49.00 MB, recomp_time: 0.050176s, lifetime: 295
2025-05-16 22:54:58,763 - INFO - Choosing to RECOMPUTE convolution_138 (memory saved: 49.00 MB, recompute overhead: 0.050176s)
2025-05-16 22:54:58,763 - INFO - 
Iteration 39/1000 (Elapsed time: 1.3s)
2025-05-16 22:54:58,794 - INFO - Simulated peak memory: 18.23 GB. Budget: 15.00 GB. Exec time: 5.57s
2025-05-16 22:54:58,794 - INFO - Current checkpoint count: 582
2025-05-16 22:54:58,794 - INFO - Current recompute count: 38
2025-05-16 22:54:58,794 - INFO - New best schedule found with peak memory: 18.23 GB
2025-05-16 22:54:58,795 - INFO - Considering activation: convolution_72, recompute_benefit_ratio: 1023999997.96, mem_size: 49.00 MB, recomp_time: 0.050176s, lifetime: 1395
2025-05-16 22:54:58,795 - INFO - Choosing to RECOMPUTE convolution_72 (memory saved: 49.00 MB, recompute overhead: 0.050176s)
2025-05-16 22:54:58,795 - INFO - 
Iteration 40/1000 (Elapsed time: 1.3s)
2025-05-16 22:54:58,826 - INFO - Simulated peak memory: 18.18 GB. Budget: 15.00 GB. Exec time: 5.62s
2025-05-16 22:54:58,826 - INFO - Current checkpoint count: 581
2025-05-16 22:54:58,826 - INFO - Current recompute count: 39
2025-05-16 22:54:58,826 - INFO - New best schedule found with peak memory: 18.18 GB
2025-05-16 22:54:58,827 - INFO - Considering activation: convolution_63, recompute_benefit_ratio: 1023999997.96, mem_size: 49.00 MB, recomp_time: 0.050176s, lifetime: 1545
2025-05-16 22:54:58,827 - INFO - Choosing to RECOMPUTE convolution_63 (memory saved: 49.00 MB, recompute overhead: 0.050176s)
2025-05-16 22:54:58,827 - INFO - 
Iteration 41/1000 (Elapsed time: 1.3s)
2025-05-16 22:54:58,859 - INFO - Simulated peak memory: 18.14 GB. Budget: 15.00 GB. Exec time: 5.67s
2025-05-16 22:54:58,859 - INFO - Current checkpoint count: 580
2025-05-16 22:54:58,859 - INFO - Current recompute count: 40
2025-05-16 22:54:58,859 - INFO - New best schedule found with peak memory: 18.14 GB
2025-05-16 22:54:58,860 - INFO - Considering activation: convolution_8, recompute_benefit_ratio: 1023999997.96, mem_size: 49.00 MB, recomp_time: 0.050176s, lifetime: 2455
2025-05-16 22:54:58,860 - INFO - Choosing to RECOMPUTE convolution_8 (memory saved: 49.00 MB, recompute overhead: 0.050176s)
2025-05-16 22:54:58,860 - INFO - 
Iteration 42/1000 (Elapsed time: 1.4s)
2025-05-16 22:54:58,889 - INFO - Simulated peak memory: 18.09 GB. Budget: 15.00 GB. Exec time: 5.72s
2025-05-16 22:54:58,889 - INFO - Current checkpoint count: 579
2025-05-16 22:54:58,889 - INFO - Current recompute count: 41
2025-05-16 22:54:58,889 - INFO - New best schedule found with peak memory: 18.09 GB
2025-05-16 22:54:58,891 - INFO - Considering activation: relu__4, recompute_benefit_ratio: 1023999997.96, mem_size: 49.00 MB, recomp_time: 0.050176s, lifetime: 2494
2025-05-16 22:54:58,891 - INFO - Choosing to RECOMPUTE relu__4 (memory saved: 49.00 MB, recompute overhead: 0.050176s)
2025-05-16 22:54:58,891 - INFO - 
Iteration 43/1000 (Elapsed time: 1.4s)
2025-05-16 22:54:58,920 - INFO - Simulated peak memory: 18.04 GB. Budget: 15.00 GB. Exec time: 5.77s
2025-05-16 22:54:58,920 - INFO - Current checkpoint count: 578
2025-05-16 22:54:58,920 - INFO - Current recompute count: 42
2025-05-16 22:54:58,920 - INFO - New best schedule found with peak memory: 18.04 GB
2025-05-16 22:54:58,921 - INFO - Considering activation: convolution_38, recompute_benefit_ratio: 1023999997.96, mem_size: 49.00 MB, recomp_time: 0.050176s, lifetime: 1959
2025-05-16 22:54:58,921 - INFO - Choosing to RECOMPUTE convolution_38 (memory saved: 49.00 MB, recompute overhead: 0.050176s)
2025-05-16 22:54:58,921 - INFO - 
Iteration 44/1000 (Elapsed time: 1.4s)
2025-05-16 22:54:58,953 - INFO - Simulated peak memory: 17.99 GB. Budget: 15.00 GB. Exec time: 5.82s
2025-05-16 22:54:58,953 - INFO - Current checkpoint count: 577
2025-05-16 22:54:58,953 - INFO - Current recompute count: 43
2025-05-16 22:54:58,953 - INFO - New best schedule found with peak memory: 17.99 GB
2025-05-16 22:54:58,954 - INFO - Considering activation: relu__7, recompute_benefit_ratio: 1023999997.96, mem_size: 49.00 MB, recomp_time: 0.050176s, lifetime: 2444
2025-05-16 22:54:58,954 - INFO - Choosing to RECOMPUTE relu__7 (memory saved: 49.00 MB, recompute overhead: 0.050176s)
2025-05-16 22:54:58,954 - INFO - 
Iteration 45/1000 (Elapsed time: 1.4s)
2025-05-16 22:54:58,984 - INFO - Simulated peak memory: 17.94 GB. Budget: 15.00 GB. Exec time: 5.87s
2025-05-16 22:54:58,984 - INFO - Current checkpoint count: 576
2025-05-16 22:54:58,984 - INFO - Current recompute count: 44
2025-05-16 22:54:58,984 - INFO - New best schedule found with peak memory: 17.94 GB
2025-05-16 22:54:58,985 - INFO - Considering activation: relu__105, recompute_benefit_ratio: 1023999997.96, mem_size: 49.00 MB, recomp_time: 0.050176s, lifetime: 782
2025-05-16 22:54:58,985 - INFO - Choosing to RECOMPUTE relu__105 (memory saved: 49.00 MB, recompute overhead: 0.050176s)
2025-05-16 22:54:58,986 - INFO - 
Iteration 46/1000 (Elapsed time: 1.5s)
2025-05-16 22:54:59,015 - INFO - Simulated peak memory: 17.90 GB. Budget: 15.00 GB. Exec time: 5.92s
2025-05-16 22:54:59,015 - INFO - Current checkpoint count: 575
2025-05-16 22:54:59,015 - INFO - Current recompute count: 45
2025-05-16 22:54:59,015 - INFO - New best schedule found with peak memory: 17.90 GB
2025-05-16 22:54:59,016 - INFO - Considering activation: getitem_4, recompute_benefit_ratio: 1023999997.96, mem_size: 49.00 MB, recomp_time: 0.050176s, lifetime: 2552
2025-05-16 22:54:59,016 - INFO - Choosing to RECOMPUTE getitem_4 (memory saved: 49.00 MB, recompute overhead: 0.050176s)
2025-05-16 22:54:59,016 - INFO - 
Iteration 47/1000 (Elapsed time: 1.5s)
2025-05-16 22:54:59,048 - INFO - Simulated peak memory: 17.85 GB. Budget: 15.00 GB. Exec time: 5.97s
2025-05-16 22:54:59,048 - INFO - Current checkpoint count: 574
2025-05-16 22:54:59,048 - INFO - Current recompute count: 46
2025-05-16 22:54:59,048 - INFO - New best schedule found with peak memory: 17.85 GB
2025-05-16 22:54:59,049 - INFO - Considering activation: relu__5, recompute_benefit_ratio: 1023999997.96, mem_size: 49.00 MB, recomp_time: 0.050176s, lifetime: 2478
2025-05-16 22:54:59,049 - INFO - Choosing to RECOMPUTE relu__5 (memory saved: 49.00 MB, recompute overhead: 0.050176s)
2025-05-16 22:54:59,049 - INFO - 
Iteration 48/1000 (Elapsed time: 1.5s)
2025-05-16 22:54:59,079 - INFO - Simulated peak memory: 17.80 GB. Budget: 15.00 GB. Exec time: 6.02s
2025-05-16 22:54:59,079 - INFO - Current checkpoint count: 573
2025-05-16 22:54:59,079 - INFO - Current recompute count: 47
2025-05-16 22:54:59,079 - INFO - New best schedule found with peak memory: 17.80 GB
2025-05-16 22:54:59,081 - INFO - Considering activation: relu__78, recompute_benefit_ratio: 1023999997.96, mem_size: 49.00 MB, recomp_time: 0.050176s, lifetime: 1232
2025-05-16 22:54:59,081 - INFO - Choosing to RECOMPUTE relu__78 (memory saved: 49.00 MB, recompute overhead: 0.050176s)
2025-05-16 22:54:59,081 - INFO - 
Iteration 49/1000 (Elapsed time: 1.6s)
2025-05-16 22:54:59,110 - INFO - Simulated peak memory: 17.75 GB. Budget: 15.00 GB. Exec time: 6.07s
2025-05-16 22:54:59,111 - INFO - Current checkpoint count: 572
2025-05-16 22:54:59,111 - INFO - Current recompute count: 48
2025-05-16 22:54:59,111 - INFO - New best schedule found with peak memory: 17.75 GB
2025-05-16 22:54:59,112 - INFO - Considering activation: relu__63, recompute_benefit_ratio: 1023999997.96, mem_size: 49.00 MB, recomp_time: 0.050176s, lifetime: 1482
2025-05-16 22:54:59,112 - INFO - Choosing to RECOMPUTE relu__63 (memory saved: 49.00 MB, recompute overhead: 0.050176s)
2025-05-16 22:54:59,112 - INFO - 
Iteration 50/1000 (Elapsed time: 1.6s)
2025-05-16 22:54:59,142 - INFO - Simulated peak memory: 17.71 GB. Budget: 15.00 GB. Exec time: 6.12s
2025-05-16 22:54:59,142 - INFO - Current checkpoint count: 571
2025-05-16 22:54:59,142 - INFO - Current recompute count: 49
2025-05-16 22:54:59,142 - INFO - New best schedule found with peak memory: 17.71 GB
2025-05-16 22:54:59,143 - INFO - Considering activation: relu__102, recompute_benefit_ratio: 1023999997.96, mem_size: 49.00 MB, recomp_time: 0.050176s, lifetime: 832
2025-05-16 22:54:59,144 - INFO - Choosing to RECOMPUTE relu__102 (memory saved: 49.00 MB, recompute overhead: 0.050176s)
2025-05-16 22:54:59,144 - INFO - 
Iteration 51/1000 (Elapsed time: 1.6s)
2025-05-16 22:54:59,175 - INFO - Simulated peak memory: 17.66 GB. Budget: 15.00 GB. Exec time: 6.17s
2025-05-16 22:54:59,175 - INFO - Current checkpoint count: 570
2025-05-16 22:54:59,175 - INFO - Current recompute count: 50
2025-05-16 22:54:59,175 - INFO - New best schedule found with peak memory: 17.66 GB
2025-05-16 22:54:59,175 - INFO - Considering activation: convolution_135, recompute_benefit_ratio: 1023999997.96, mem_size: 49.00 MB, recomp_time: 0.050176s, lifetime: 345
2025-05-16 22:54:59,175 - INFO - Choosing to RECOMPUTE convolution_135 (memory saved: 49.00 MB, recompute overhead: 0.050176s)
2025-05-16 22:54:59,175 - INFO - 
Iteration 52/1000 (Elapsed time: 1.7s)
2025-05-16 22:54:59,206 - INFO - Simulated peak memory: 17.61 GB. Budget: 15.00 GB. Exec time: 6.22s
2025-05-16 22:54:59,206 - INFO - Current checkpoint count: 569
2025-05-16 22:54:59,206 - INFO - Current recompute count: 51
2025-05-16 22:54:59,206 - INFO - New best schedule found with peak memory: 17.61 GB
2025-05-16 22:54:59,207 - INFO - Considering activation: convolution_120, recompute_benefit_ratio: 1023999997.96, mem_size: 49.00 MB, recomp_time: 0.050176s, lifetime: 595
2025-05-16 22:54:59,207 - INFO - Choosing to RECOMPUTE convolution_120 (memory saved: 49.00 MB, recompute overhead: 0.050176s)
2025-05-16 22:54:59,207 - INFO - 
Iteration 53/1000 (Elapsed time: 1.7s)
2025-05-16 22:54:59,238 - INFO - Simulated peak memory: 17.56 GB. Budget: 15.00 GB. Exec time: 6.27s
2025-05-16 22:54:59,238 - INFO - Current checkpoint count: 568
2025-05-16 22:54:59,238 - INFO - Current recompute count: 52
2025-05-16 22:54:59,238 - INFO - New best schedule found with peak memory: 17.56 GB
2025-05-16 22:54:59,240 - INFO - Considering activation: relu__135, recompute_benefit_ratio: 1023999997.96, mem_size: 49.00 MB, recomp_time: 0.050176s, lifetime: 282
2025-05-16 22:54:59,240 - INFO - Choosing to RECOMPUTE relu__135 (memory saved: 49.00 MB, recompute overhead: 0.050176s)
2025-05-16 22:54:59,240 - INFO - 
Iteration 54/1000 (Elapsed time: 1.7s)
2025-05-16 22:54:59,278 - INFO - Simulated peak memory: 17.51 GB. Budget: 15.00 GB. Exec time: 6.32s
2025-05-16 22:54:59,278 - INFO - Current checkpoint count: 567
2025-05-16 22:54:59,278 - INFO - Current recompute count: 53
2025-05-16 22:54:59,278 - INFO - New best schedule found with peak memory: 17.51 GB
2025-05-16 22:54:59,279 - INFO - Considering activation: convolution_5, recompute_benefit_ratio: 1023999997.96, mem_size: 49.00 MB, recomp_time: 0.050176s, lifetime: 2505
2025-05-16 22:54:59,279 - INFO - Choosing to RECOMPUTE convolution_5 (memory saved: 49.00 MB, recompute overhead: 0.050176s)
2025-05-16 22:54:59,279 - INFO - 
Iteration 55/1000 (Elapsed time: 1.8s)
2025-05-16 22:54:59,313 - INFO - Simulated peak memory: 17.47 GB. Budget: 15.00 GB. Exec time: 6.37s
2025-05-16 22:54:59,313 - INFO - Current checkpoint count: 566
2025-05-16 22:54:59,313 - INFO - Current recompute count: 54
2025-05-16 22:54:59,313 - INFO - New best schedule found with peak memory: 17.47 GB
2025-05-16 22:54:59,314 - INFO - Considering activation: convolution_39, recompute_benefit_ratio: 1023999997.96, mem_size: 49.00 MB, recomp_time: 0.050176s, lifetime: 1945
2025-05-16 22:54:59,314 - INFO - Choosing to RECOMPUTE convolution_39 (memory saved: 49.00 MB, recompute overhead: 0.050176s)
2025-05-16 22:54:59,314 - INFO - 
Iteration 56/1000 (Elapsed time: 1.8s)
2025-05-16 22:54:59,343 - INFO - Simulated peak memory: 17.42 GB. Budget: 15.00 GB. Exec time: 6.42s
2025-05-16 22:54:59,343 - INFO - Current checkpoint count: 565
2025-05-16 22:54:59,343 - INFO - Current recompute count: 55
2025-05-16 22:54:59,344 - INFO - New best schedule found with peak memory: 17.42 GB
2025-05-16 22:54:59,345 - INFO - Considering activation: convolution_117, recompute_benefit_ratio: 1023999997.96, mem_size: 49.00 MB, recomp_time: 0.050176s, lifetime: 645
2025-05-16 22:54:59,345 - INFO - Choosing to RECOMPUTE convolution_117 (memory saved: 49.00 MB, recompute overhead: 0.050176s)
2025-05-16 22:54:59,345 - INFO - 
Iteration 57/1000 (Elapsed time: 1.8s)
2025-05-16 22:54:59,375 - INFO - Simulated peak memory: 17.37 GB. Budget: 15.00 GB. Exec time: 6.47s
2025-05-16 22:54:59,375 - INFO - Current checkpoint count: 564
2025-05-16 22:54:59,375 - INFO - Current recompute count: 56
2025-05-16 22:54:59,375 - INFO - New best schedule found with peak memory: 17.37 GB
2025-05-16 22:54:59,376 - INFO - Considering activation: convolution_51, recompute_benefit_ratio: 1023999997.96, mem_size: 49.00 MB, recomp_time: 0.050176s, lifetime: 1745
2025-05-16 22:54:59,376 - INFO - Choosing to RECOMPUTE convolution_51 (memory saved: 49.00 MB, recompute overhead: 0.050176s)
2025-05-16 22:54:59,376 - INFO - 
Iteration 58/1000 (Elapsed time: 1.9s)
2025-05-16 22:54:59,406 - INFO - Simulated peak memory: 17.32 GB. Budget: 15.00 GB. Exec time: 6.52s
2025-05-16 22:54:59,407 - INFO - Current checkpoint count: 563
2025-05-16 22:54:59,407 - INFO - Current recompute count: 57
2025-05-16 22:54:59,407 - INFO - New best schedule found with peak memory: 17.32 GB
2025-05-16 22:54:59,408 - INFO - Considering activation: relu__57, recompute_benefit_ratio: 1023999997.96, mem_size: 49.00 MB, recomp_time: 0.050176s, lifetime: 1582
2025-05-16 22:54:59,408 - INFO - Choosing to RECOMPUTE relu__57 (memory saved: 49.00 MB, recompute overhead: 0.050176s)
2025-05-16 22:54:59,408 - INFO - 
Iteration 59/1000 (Elapsed time: 1.9s)
2025-05-16 22:54:59,438 - INFO - Simulated peak memory: 17.27 GB. Budget: 15.00 GB. Exec time: 6.57s
2025-05-16 22:54:59,438 - INFO - Current checkpoint count: 562
2025-05-16 22:54:59,438 - INFO - Current recompute count: 58
2025-05-16 22:54:59,439 - INFO - New best schedule found with peak memory: 17.27 GB
2025-05-16 22:54:59,440 - INFO - Considering activation: convolution_99, recompute_benefit_ratio: 1023999997.96, mem_size: 49.00 MB, recomp_time: 0.050176s, lifetime: 945
2025-05-16 22:54:59,440 - INFO - Choosing to RECOMPUTE convolution_99 (memory saved: 49.00 MB, recompute overhead: 0.050176s)
2025-05-16 22:54:59,440 - INFO - 
Iteration 60/1000 (Elapsed time: 1.9s)
2025-05-16 22:54:59,470 - INFO - Simulated peak memory: 17.23 GB. Budget: 15.00 GB. Exec time: 6.62s
2025-05-16 22:54:59,470 - INFO - Current checkpoint count: 561
2025-05-16 22:54:59,470 - INFO - Current recompute count: 59
2025-05-16 22:54:59,470 - INFO - New best schedule found with peak memory: 17.23 GB
2025-05-16 22:54:59,471 - INFO - Considering activation: relu__72, recompute_benefit_ratio: 1023999997.96, mem_size: 49.00 MB, recomp_time: 0.050176s, lifetime: 1332
2025-05-16 22:54:59,471 - INFO - Choosing to RECOMPUTE relu__72 (memory saved: 49.00 MB, recompute overhead: 0.050176s)
2025-05-16 22:54:59,471 - INFO - 
Iteration 61/1000 (Elapsed time: 2.0s)
2025-05-16 22:54:59,502 - INFO - Simulated peak memory: 17.18 GB. Budget: 15.00 GB. Exec time: 6.67s
2025-05-16 22:54:59,502 - INFO - Current checkpoint count: 560
2025-05-16 22:54:59,502 - INFO - Current recompute count: 60
2025-05-16 22:54:59,502 - INFO - New best schedule found with peak memory: 17.18 GB
2025-05-16 22:54:59,503 - INFO - Considering activation: convolution_111, recompute_benefit_ratio: 1023999997.96, mem_size: 49.00 MB, recomp_time: 0.050176s, lifetime: 745
2025-05-16 22:54:59,503 - INFO - Choosing to RECOMPUTE convolution_111 (memory saved: 49.00 MB, recompute overhead: 0.050176s)
2025-05-16 22:54:59,503 - INFO - 
Iteration 62/1000 (Elapsed time: 2.0s)
2025-05-16 22:54:59,533 - INFO - Simulated peak memory: 17.13 GB. Budget: 15.00 GB. Exec time: 6.72s
2025-05-16 22:54:59,533 - INFO - Current checkpoint count: 559
2025-05-16 22:54:59,533 - INFO - Current recompute count: 61
2025-05-16 22:54:59,533 - INFO - New best schedule found with peak memory: 17.13 GB
2025-05-16 22:54:59,533 - INFO - Considering activation: relu__51, recompute_benefit_ratio: 1023999997.96, mem_size: 49.00 MB, recomp_time: 0.050176s, lifetime: 1682
2025-05-16 22:54:59,533 - INFO - Choosing to RECOMPUTE relu__51 (memory saved: 49.00 MB, recompute overhead: 0.050176s)
2025-05-16 22:54:59,535 - INFO - 
Iteration 63/1000 (Elapsed time: 2.0s)
2025-05-16 22:54:59,565 - INFO - Simulated peak memory: 17.08 GB. Budget: 15.00 GB. Exec time: 6.77s
2025-05-16 22:54:59,565 - INFO - Current checkpoint count: 558
2025-05-16 22:54:59,565 - INFO - Current recompute count: 62
2025-05-16 22:54:59,565 - INFO - New best schedule found with peak memory: 17.08 GB
2025-05-16 22:54:59,565 - INFO - Considering activation: relu__60, recompute_benefit_ratio: 1023999997.96, mem_size: 49.00 MB, recomp_time: 0.050176s, lifetime: 1532
2025-05-16 22:54:59,565 - INFO - Choosing to RECOMPUTE relu__60 (memory saved: 49.00 MB, recompute overhead: 0.050176s)
2025-05-16 22:54:59,565 - INFO - 
Iteration 64/1000 (Elapsed time: 2.1s)
2025-05-16 22:54:59,596 - INFO - Simulated peak memory: 17.04 GB. Budget: 15.00 GB. Exec time: 6.82s
2025-05-16 22:54:59,596 - INFO - Current checkpoint count: 557
2025-05-16 22:54:59,596 - INFO - Current recompute count: 63
2025-05-16 22:54:59,596 - INFO - New best schedule found with peak memory: 17.04 GB
2025-05-16 22:54:59,597 - INFO - Considering activation: relu__81, recompute_benefit_ratio: 1023999997.96, mem_size: 49.00 MB, recomp_time: 0.050176s, lifetime: 1182
2025-05-16 22:54:59,597 - INFO - Choosing to RECOMPUTE relu__81 (memory saved: 49.00 MB, recompute overhead: 0.050176s)
2025-05-16 22:54:59,597 - INFO - 
Iteration 65/1000 (Elapsed time: 2.1s)
2025-05-16 22:54:59,627 - INFO - Simulated peak memory: 16.99 GB. Budget: 15.00 GB. Exec time: 6.87s
2025-05-16 22:54:59,627 - INFO - Current checkpoint count: 556
2025-05-16 22:54:59,627 - INFO - Current recompute count: 64
2025-05-16 22:54:59,627 - INFO - New best schedule found with peak memory: 16.99 GB
2025-05-16 22:54:59,628 - INFO - Considering activation: convolution_75, recompute_benefit_ratio: 1023999997.96, mem_size: 49.00 MB, recomp_time: 0.050176s, lifetime: 1345
2025-05-16 22:54:59,628 - INFO - Choosing to RECOMPUTE convolution_75 (memory saved: 49.00 MB, recompute overhead: 0.050176s)
2025-05-16 22:54:59,628 - INFO - 
Iteration 66/1000 (Elapsed time: 2.1s)
2025-05-16 22:54:59,658 - INFO - Simulated peak memory: 16.94 GB. Budget: 15.00 GB. Exec time: 6.92s
2025-05-16 22:54:59,658 - INFO - Current checkpoint count: 555
2025-05-16 22:54:59,658 - INFO - Current recompute count: 65
2025-05-16 22:54:59,658 - INFO - New best schedule found with peak memory: 16.94 GB
2025-05-16 22:54:59,660 - INFO - Considering activation: relu__117, recompute_benefit_ratio: 1023999997.96, mem_size: 49.00 MB, recomp_time: 0.050176s, lifetime: 582
2025-05-16 22:54:59,660 - INFO - Choosing to RECOMPUTE relu__117 (memory saved: 49.00 MB, recompute overhead: 0.050176s)
2025-05-16 22:54:59,660 - INFO - 
Iteration 67/1000 (Elapsed time: 2.2s)
2025-05-16 22:54:59,689 - INFO - Simulated peak memory: 16.89 GB. Budget: 15.00 GB. Exec time: 6.97s
2025-05-16 22:54:59,691 - INFO - Current checkpoint count: 554
2025-05-16 22:54:59,691 - INFO - Current recompute count: 66
2025-05-16 22:54:59,691 - INFO - New best schedule found with peak memory: 16.89 GB
2025-05-16 22:54:59,691 - INFO - Considering activation: relu__138, recompute_benefit_ratio: 1023999997.96, mem_size: 49.00 MB, recomp_time: 0.050176s, lifetime: 232
2025-05-16 22:54:59,691 - INFO - Choosing to RECOMPUTE relu__138 (memory saved: 49.00 MB, recompute overhead: 0.050176s)
2025-05-16 22:54:59,691 - INFO - 
Iteration 68/1000 (Elapsed time: 2.2s)
2025-05-16 22:54:59,721 - INFO - Simulated peak memory: 16.84 GB. Budget: 15.00 GB. Exec time: 7.02s
2025-05-16 22:54:59,722 - INFO - Current checkpoint count: 553
2025-05-16 22:54:59,722 - INFO - Current recompute count: 67
2025-05-16 22:54:59,722 - INFO - New best schedule found with peak memory: 16.84 GB
2025-05-16 22:54:59,724 - INFO - Considering activation: convolution_102, recompute_benefit_ratio: 1023999997.96, mem_size: 49.00 MB, recomp_time: 0.050176s, lifetime: 895
2025-05-16 22:54:59,724 - INFO - Choosing to RECOMPUTE convolution_102 (memory saved: 49.00 MB, recompute overhead: 0.050176s)
2025-05-16 22:54:59,724 - INFO - 
Iteration 69/1000 (Elapsed time: 2.2s)
2025-05-16 22:54:59,755 - INFO - Simulated peak memory: 16.80 GB. Budget: 15.00 GB. Exec time: 7.07s
2025-05-16 22:54:59,755 - INFO - Current checkpoint count: 552
2025-05-16 22:54:59,755 - INFO - Current recompute count: 68
2025-05-16 22:54:59,755 - INFO - New best schedule found with peak memory: 16.80 GB
2025-05-16 22:54:59,757 - INFO - Considering activation: convolution_48, recompute_benefit_ratio: 1023999997.96, mem_size: 49.00 MB, recomp_time: 0.050176s, lifetime: 1795
2025-05-16 22:54:59,757 - INFO - Choosing to RECOMPUTE convolution_48 (memory saved: 49.00 MB, recompute overhead: 0.050176s)
2025-05-16 22:54:59,757 - INFO - 
Iteration 70/1000 (Elapsed time: 2.2s)
2025-05-16 22:54:59,787 - INFO - Simulated peak memory: 16.75 GB. Budget: 15.00 GB. Exec time: 7.12s
2025-05-16 22:54:59,787 - INFO - Current checkpoint count: 551
2025-05-16 22:54:59,787 - INFO - Current recompute count: 69
2025-05-16 22:54:59,787 - INFO - New best schedule found with peak memory: 16.75 GB
2025-05-16 22:54:59,788 - INFO - Considering activation: convolution_57, recompute_benefit_ratio: 1023999997.96, mem_size: 49.00 MB, recomp_time: 0.050176s, lifetime: 1645
2025-05-16 22:54:59,788 - INFO - Choosing to RECOMPUTE convolution_57 (memory saved: 49.00 MB, recompute overhead: 0.050176s)
2025-05-16 22:54:59,788 - INFO - 
Iteration 71/1000 (Elapsed time: 2.3s)
2025-05-16 22:54:59,818 - INFO - Simulated peak memory: 16.70 GB. Budget: 15.00 GB. Exec time: 7.17s
2025-05-16 22:54:59,818 - INFO - Current checkpoint count: 550
2025-05-16 22:54:59,818 - INFO - Current recompute count: 70
2025-05-16 22:54:59,818 - INFO - New best schedule found with peak memory: 16.70 GB
2025-05-16 22:54:59,819 - INFO - Considering activation: relu__120, recompute_benefit_ratio: 1023999997.96, mem_size: 49.00 MB, recomp_time: 0.050176s, lifetime: 532
2025-05-16 22:54:59,819 - INFO - Choosing to RECOMPUTE relu__120 (memory saved: 49.00 MB, recompute overhead: 0.050176s)
2025-05-16 22:54:59,819 - INFO - 
Iteration 72/1000 (Elapsed time: 2.3s)
2025-05-16 22:54:59,849 - INFO - Simulated peak memory: 16.65 GB. Budget: 15.00 GB. Exec time: 7.22s
2025-05-16 22:54:59,850 - INFO - Current checkpoint count: 549
2025-05-16 22:54:59,850 - INFO - Current recompute count: 71
2025-05-16 22:54:59,850 - INFO - New best schedule found with peak memory: 16.65 GB
2025-05-16 22:54:59,851 - INFO - Considering activation: relu__129, recompute_benefit_ratio: 1023999997.96, mem_size: 49.00 MB, recomp_time: 0.050176s, lifetime: 382
2025-05-16 22:54:59,851 - INFO - Choosing to RECOMPUTE relu__129 (memory saved: 49.00 MB, recompute overhead: 0.050176s)
2025-05-16 22:54:59,851 - INFO - 
Iteration 73/1000 (Elapsed time: 2.3s)
2025-05-16 22:54:59,881 - INFO - Simulated peak memory: 16.60 GB. Budget: 15.00 GB. Exec time: 7.27s
2025-05-16 22:54:59,882 - INFO - Current checkpoint count: 548
2025-05-16 22:54:59,882 - INFO - Current recompute count: 72
2025-05-16 22:54:59,882 - INFO - New best schedule found with peak memory: 16.60 GB
2025-05-16 22:54:59,883 - INFO - Considering activation: convolution_69, recompute_benefit_ratio: 1023999997.96, mem_size: 49.00 MB, recomp_time: 0.050176s, lifetime: 1445
2025-05-16 22:54:59,883 - INFO - Choosing to RECOMPUTE convolution_69 (memory saved: 49.00 MB, recompute overhead: 0.050176s)
2025-05-16 22:54:59,883 - INFO - 
Iteration 74/1000 (Elapsed time: 2.4s)
2025-05-16 22:54:59,913 - INFO - Simulated peak memory: 16.56 GB. Budget: 15.00 GB. Exec time: 7.32s
2025-05-16 22:54:59,913 - INFO - Current checkpoint count: 547
2025-05-16 22:54:59,913 - INFO - Current recompute count: 73
2025-05-16 22:54:59,913 - INFO - New best schedule found with peak memory: 16.56 GB
2025-05-16 22:54:59,914 - INFO - Considering activation: relu__8, recompute_benefit_ratio: 1023999997.96, mem_size: 49.00 MB, recomp_time: 0.050176s, lifetime: 2428
2025-05-16 22:54:59,914 - INFO - Choosing to RECOMPUTE relu__8 (memory saved: 49.00 MB, recompute overhead: 0.050176s)
2025-05-16 22:54:59,914 - INFO - 
Iteration 75/1000 (Elapsed time: 2.4s)
2025-05-16 22:54:59,944 - INFO - Simulated peak memory: 16.51 GB. Budget: 15.00 GB. Exec time: 7.37s
2025-05-16 22:54:59,944 - INFO - Current checkpoint count: 546
2025-05-16 22:54:59,945 - INFO - Current recompute count: 74
2025-05-16 22:54:59,945 - INFO - New best schedule found with peak memory: 16.51 GB
2025-05-16 22:54:59,945 - INFO - Considering activation: convolution_93, recompute_benefit_ratio: 1023999997.96, mem_size: 49.00 MB, recomp_time: 0.050176s, lifetime: 1045
2025-05-16 22:54:59,945 - INFO - Choosing to RECOMPUTE convolution_93 (memory saved: 49.00 MB, recompute overhead: 0.050176s)
2025-05-16 22:54:59,945 - INFO - 
Iteration 76/1000 (Elapsed time: 2.4s)
2025-05-16 22:54:59,975 - INFO - Simulated peak memory: 16.46 GB. Budget: 15.00 GB. Exec time: 7.42s
2025-05-16 22:54:59,975 - INFO - Current checkpoint count: 545
2025-05-16 22:54:59,975 - INFO - Current recompute count: 75
2025-05-16 22:54:59,976 - INFO - New best schedule found with peak memory: 16.46 GB
2025-05-16 22:54:59,976 - INFO - Considering activation: convolution_114, recompute_benefit_ratio: 1023999997.96, mem_size: 49.00 MB, recomp_time: 0.050176s, lifetime: 695
2025-05-16 22:54:59,976 - INFO - Choosing to RECOMPUTE convolution_114 (memory saved: 49.00 MB, recompute overhead: 0.050176s)
2025-05-16 22:54:59,977 - INFO - 
Iteration 77/1000 (Elapsed time: 2.5s)
2025-05-16 22:55:00,006 - INFO - Simulated peak memory: 16.41 GB. Budget: 15.00 GB. Exec time: 7.47s
2025-05-16 22:55:00,006 - INFO - Current checkpoint count: 544
2025-05-16 22:55:00,006 - INFO - Current recompute count: 76
2025-05-16 22:55:00,006 - INFO - New best schedule found with peak memory: 16.41 GB
2025-05-16 22:55:00,006 - INFO - Considering activation: relu__123, recompute_benefit_ratio: 1023999997.96, mem_size: 49.00 MB, recomp_time: 0.050176s, lifetime: 482
2025-05-16 22:55:00,006 - INFO - Choosing to RECOMPUTE relu__123 (memory saved: 49.00 MB, recompute overhead: 0.050176s)
2025-05-16 22:55:00,006 - INFO - 
Iteration 78/1000 (Elapsed time: 2.5s)
2025-05-16 22:55:00,036 - INFO - Simulated peak memory: 16.37 GB. Budget: 15.00 GB. Exec time: 7.52s
2025-05-16 22:55:00,037 - INFO - Current checkpoint count: 543
2025-05-16 22:55:00,037 - INFO - Current recompute count: 77
2025-05-16 22:55:00,037 - INFO - New best schedule found with peak memory: 16.37 GB
2025-05-16 22:55:00,038 - INFO - Considering activation: convolution_90, recompute_benefit_ratio: 1023999997.96, mem_size: 49.00 MB, recomp_time: 0.050176s, lifetime: 1095
2025-05-16 22:55:00,038 - INFO - Choosing to RECOMPUTE convolution_90 (memory saved: 49.00 MB, recompute overhead: 0.050176s)
2025-05-16 22:55:00,038 - INFO - 
Iteration 79/1000 (Elapsed time: 2.5s)
2025-05-16 22:55:00,067 - INFO - Simulated peak memory: 16.32 GB. Budget: 15.00 GB. Exec time: 7.57s
2025-05-16 22:55:00,067 - INFO - Current checkpoint count: 542
2025-05-16 22:55:00,067 - INFO - Current recompute count: 78
2025-05-16 22:55:00,067 - INFO - New best schedule found with peak memory: 16.32 GB
2025-05-16 22:55:00,067 - INFO - Considering activation: convolution_66, recompute_benefit_ratio: 1023999997.96, mem_size: 49.00 MB, recomp_time: 0.050176s, lifetime: 1495
2025-05-16 22:55:00,067 - INFO - Choosing to RECOMPUTE convolution_66 (memory saved: 49.00 MB, recompute overhead: 0.050176s)
2025-05-16 22:55:00,067 - INFO - 
Iteration 80/1000 (Elapsed time: 2.6s)
2025-05-16 22:55:00,097 - INFO - Simulated peak memory: 16.27 GB. Budget: 15.00 GB. Exec time: 7.62s
2025-05-16 22:55:00,097 - INFO - Current checkpoint count: 541
2025-05-16 22:55:00,097 - INFO - Current recompute count: 79
2025-05-16 22:55:00,097 - INFO - New best schedule found with peak memory: 16.27 GB
2025-05-16 22:55:00,098 - INFO - Considering activation: relu__141, recompute_benefit_ratio: 1023999997.96, mem_size: 49.00 MB, recomp_time: 0.050176s, lifetime: 159
2025-05-16 22:55:00,098 - INFO - Choosing to RECOMPUTE relu__141 (memory saved: 49.00 MB, recompute overhead: 0.050176s)
2025-05-16 22:55:00,098 - INFO - 
Iteration 81/1000 (Elapsed time: 2.6s)
2025-05-16 22:55:00,128 - INFO - Simulated peak memory: 16.22 GB. Budget: 15.00 GB. Exec time: 7.68s
2025-05-16 22:55:00,128 - INFO - Current checkpoint count: 540
2025-05-16 22:55:00,128 - INFO - Current recompute count: 80
2025-05-16 22:55:00,128 - INFO - New best schedule found with peak memory: 16.22 GB
2025-05-16 22:55:00,128 - INFO - Considering activation: relu__114, recompute_benefit_ratio: 1023999997.96, mem_size: 49.00 MB, recomp_time: 0.050176s, lifetime: 632
2025-05-16 22:55:00,128 - INFO - Choosing to RECOMPUTE relu__114 (memory saved: 49.00 MB, recompute overhead: 0.050176s)
2025-05-16 22:55:00,128 - INFO - 
Iteration 82/1000 (Elapsed time: 2.6s)
2025-05-16 22:55:00,157 - INFO - Simulated peak memory: 16.17 GB. Budget: 15.00 GB. Exec time: 7.73s
2025-05-16 22:55:00,157 - INFO - Current checkpoint count: 539
2025-05-16 22:55:00,157 - INFO - Current recompute count: 81
2025-05-16 22:55:00,157 - INFO - New best schedule found with peak memory: 16.17 GB
2025-05-16 22:55:00,158 - INFO - Considering activation: convolution_2, recompute_benefit_ratio: 1023999997.96, mem_size: 49.00 MB, recomp_time: 0.050176s, lifetime: 2553
2025-05-16 22:55:00,158 - INFO - Choosing to RECOMPUTE convolution_2 (memory saved: 49.00 MB, recompute overhead: 0.050176s)
2025-05-16 22:55:00,159 - INFO - 
Iteration 83/1000 (Elapsed time: 2.7s)
2025-05-16 22:55:00,186 - INFO - Simulated peak memory: 16.13 GB. Budget: 15.00 GB. Exec time: 7.78s
2025-05-16 22:55:00,187 - INFO - Current checkpoint count: 538
2025-05-16 22:55:00,187 - INFO - Current recompute count: 82
2025-05-16 22:55:00,187 - INFO - New best schedule found with peak memory: 16.13 GB
2025-05-16 22:55:00,187 - INFO - Considering activation: convolution_96, recompute_benefit_ratio: 1023999997.96, mem_size: 49.00 MB, recomp_time: 0.050176s, lifetime: 995
2025-05-16 22:55:00,187 - INFO - Choosing to RECOMPUTE convolution_96 (memory saved: 49.00 MB, recompute overhead: 0.050176s)
2025-05-16 22:55:00,187 - INFO - 
Iteration 84/1000 (Elapsed time: 2.7s)
2025-05-16 22:55:00,217 - INFO - Simulated peak memory: 16.08 GB. Budget: 15.00 GB. Exec time: 7.83s
2025-05-16 22:55:00,217 - INFO - Current checkpoint count: 537
2025-05-16 22:55:00,217 - INFO - Current recompute count: 83
2025-05-16 22:55:00,217 - INFO - New best schedule found with peak memory: 16.08 GB
2025-05-16 22:55:00,218 - INFO - Considering activation: convolution_36, recompute_benefit_ratio: 1023999997.96, mem_size: 49.00 MB, recomp_time: 0.050176s, lifetime: 1991
2025-05-16 22:55:00,218 - INFO - Choosing to RECOMPUTE convolution_36 (memory saved: 49.00 MB, recompute overhead: 0.050176s)
2025-05-16 22:55:00,218 - INFO - 
Iteration 85/1000 (Elapsed time: 2.7s)
2025-05-16 22:55:00,247 - INFO - Simulated peak memory: 16.03 GB. Budget: 15.00 GB. Exec time: 7.88s
2025-05-16 22:55:00,247 - INFO - Current checkpoint count: 536
2025-05-16 22:55:00,247 - INFO - Current recompute count: 84
2025-05-16 22:55:00,247 - INFO - New best schedule found with peak memory: 16.03 GB
2025-05-16 22:55:00,248 - INFO - Considering activation: convolution_105, recompute_benefit_ratio: 1023999997.96, mem_size: 49.00 MB, recomp_time: 0.050176s, lifetime: 845
2025-05-16 22:55:00,248 - INFO - Choosing to RECOMPUTE convolution_105 (memory saved: 49.00 MB, recompute overhead: 0.050176s)
2025-05-16 22:55:00,248 - INFO - 
Iteration 86/1000 (Elapsed time: 2.7s)
2025-05-16 22:55:00,278 - INFO - Simulated peak memory: 15.98 GB. Budget: 15.00 GB. Exec time: 7.93s
2025-05-16 22:55:00,278 - INFO - Current checkpoint count: 535
2025-05-16 22:55:00,278 - INFO - Current recompute count: 85
2025-05-16 22:55:00,278 - INFO - New best schedule found with peak memory: 15.98 GB
2025-05-16 22:55:00,279 - INFO - Considering activation: convolution_42, recompute_benefit_ratio: 1023999997.96, mem_size: 49.00 MB, recomp_time: 0.050176s, lifetime: 1895
2025-05-16 22:55:00,279 - INFO - Choosing to RECOMPUTE convolution_42 (memory saved: 49.00 MB, recompute overhead: 0.050176s)
2025-05-16 22:55:00,279 - INFO - 
Iteration 87/1000 (Elapsed time: 2.8s)
2025-05-16 22:55:00,306 - INFO - Simulated peak memory: 15.93 GB. Budget: 15.00 GB. Exec time: 7.98s
2025-05-16 22:55:00,306 - INFO - Current checkpoint count: 534
2025-05-16 22:55:00,306 - INFO - Current recompute count: 86
2025-05-16 22:55:00,306 - INFO - New best schedule found with peak memory: 15.93 GB
2025-05-16 22:55:00,307 - INFO - Considering activation: convolution_87, recompute_benefit_ratio: 1023999997.96, mem_size: 49.00 MB, recomp_time: 0.050176s, lifetime: 1145
2025-05-16 22:55:00,307 - INFO - Choosing to RECOMPUTE convolution_87 (memory saved: 49.00 MB, recompute overhead: 0.050176s)
2025-05-16 22:55:00,307 - INFO - 
Iteration 88/1000 (Elapsed time: 2.8s)
2025-05-16 22:55:00,337 - INFO - Simulated peak memory: 15.89 GB. Budget: 15.00 GB. Exec time: 8.03s
2025-05-16 22:55:00,337 - INFO - Current checkpoint count: 533
2025-05-16 22:55:00,337 - INFO - Current recompute count: 87
2025-05-16 22:55:00,337 - INFO - New best schedule found with peak memory: 15.89 GB
2025-05-16 22:55:00,338 - INFO - Considering activation: convolution_9, recompute_benefit_ratio: 1023999997.96, mem_size: 49.00 MB, recomp_time: 0.050176s, lifetime: 2439
2025-05-16 22:55:00,338 - INFO - Choosing to RECOMPUTE convolution_9 (memory saved: 49.00 MB, recompute overhead: 0.050176s)
2025-05-16 22:55:00,338 - INFO - 
Iteration 89/1000 (Elapsed time: 2.8s)
2025-05-16 22:55:00,367 - INFO - Simulated peak memory: 15.84 GB. Budget: 15.00 GB. Exec time: 8.08s
2025-05-16 22:55:00,367 - INFO - Current checkpoint count: 532
2025-05-16 22:55:00,367 - INFO - Current recompute count: 88
2025-05-16 22:55:00,367 - INFO - New best schedule found with peak memory: 15.84 GB
2025-05-16 22:55:00,368 - INFO - Considering activation: relu__93, recompute_benefit_ratio: 1023999997.96, mem_size: 49.00 MB, recomp_time: 0.050176s, lifetime: 982
2025-05-16 22:55:00,369 - INFO - Choosing to RECOMPUTE relu__93 (memory saved: 49.00 MB, recompute overhead: 0.050176s)
2025-05-16 22:55:00,369 - INFO - 
Iteration 90/1000 (Elapsed time: 2.9s)
2025-05-16 22:55:00,396 - INFO - Simulated peak memory: 15.79 GB. Budget: 15.00 GB. Exec time: 8.13s
2025-05-16 22:55:00,396 - INFO - Current checkpoint count: 531
2025-05-16 22:55:00,396 - INFO - Current recompute count: 89
2025-05-16 22:55:00,396 - INFO - New best schedule found with peak memory: 15.79 GB
2025-05-16 22:55:00,397 - INFO - Considering activation: convolution_81, recompute_benefit_ratio: 1023999997.96, mem_size: 49.00 MB, recomp_time: 0.050176s, lifetime: 1245
2025-05-16 22:55:00,397 - INFO - Choosing to RECOMPUTE convolution_81 (memory saved: 49.00 MB, recompute overhead: 0.050176s)
2025-05-16 22:55:00,397 - INFO - 
Iteration 91/1000 (Elapsed time: 2.9s)
2025-05-16 22:55:00,427 - INFO - Simulated peak memory: 15.74 GB. Budget: 15.00 GB. Exec time: 8.18s
2025-05-16 22:55:00,427 - INFO - Current checkpoint count: 530
2025-05-16 22:55:00,427 - INFO - Current recompute count: 90
2025-05-16 22:55:00,427 - INFO - New best schedule found with peak memory: 15.74 GB
2025-05-16 22:55:00,428 - INFO - Considering activation: relu__90, recompute_benefit_ratio: 1023999997.96, mem_size: 49.00 MB, recomp_time: 0.050176s, lifetime: 1032
2025-05-16 22:55:00,428 - INFO - Choosing to RECOMPUTE relu__90 (memory saved: 49.00 MB, recompute overhead: 0.050176s)
2025-05-16 22:55:00,428 - INFO - 
Iteration 92/1000 (Elapsed time: 2.9s)
2025-05-16 22:55:00,457 - INFO - Simulated peak memory: 15.70 GB. Budget: 15.00 GB. Exec time: 8.23s
2025-05-16 22:55:00,457 - INFO - Current checkpoint count: 529
2025-05-16 22:55:00,457 - INFO - Current recompute count: 91
2025-05-16 22:55:00,457 - INFO - New best schedule found with peak memory: 15.70 GB
2025-05-16 22:55:00,458 - INFO - Considering activation: convolution_60, recompute_benefit_ratio: 1023999997.96, mem_size: 49.00 MB, recomp_time: 0.050176s, lifetime: 1595
2025-05-16 22:55:00,458 - INFO - Choosing to RECOMPUTE convolution_60 (memory saved: 49.00 MB, recompute overhead: 0.050176s)
2025-05-16 22:55:00,458 - INFO - 
Iteration 93/1000 (Elapsed time: 3.0s)
2025-05-16 22:55:00,489 - INFO - Simulated peak memory: 15.65 GB. Budget: 15.00 GB. Exec time: 8.28s
2025-05-16 22:55:00,489 - INFO - Current checkpoint count: 528
2025-05-16 22:55:00,489 - INFO - Current recompute count: 92
2025-05-16 22:55:00,489 - INFO - New best schedule found with peak memory: 15.65 GB
2025-05-16 22:55:00,490 - INFO - Considering activation: relu__45, recompute_benefit_ratio: 1023999997.96, mem_size: 49.00 MB, recomp_time: 0.050176s, lifetime: 1782
2025-05-16 22:55:00,490 - INFO - Choosing to RECOMPUTE relu__45 (memory saved: 49.00 MB, recompute overhead: 0.050176s)
2025-05-16 22:55:00,490 - INFO - 
Iteration 94/1000 (Elapsed time: 3.0s)
2025-05-16 22:55:00,520 - INFO - Simulated peak memory: 15.60 GB. Budget: 15.00 GB. Exec time: 8.33s
2025-05-16 22:55:00,520 - INFO - Current checkpoint count: 527
2025-05-16 22:55:00,520 - INFO - Current recompute count: 93
2025-05-16 22:55:00,520 - INFO - New best schedule found with peak memory: 15.60 GB
2025-05-16 22:55:00,521 - INFO - Considering activation: convolution_141, recompute_benefit_ratio: 1023999997.96, mem_size: 49.00 MB, recomp_time: 0.050176s, lifetime: 245
2025-05-16 22:55:00,521 - INFO - Choosing to RECOMPUTE convolution_141 (memory saved: 49.00 MB, recompute overhead: 0.050176s)
2025-05-16 22:55:00,521 - INFO - 
Iteration 95/1000 (Elapsed time: 3.0s)
2025-05-16 22:55:00,550 - INFO - Simulated peak memory: 15.55 GB. Budget: 15.00 GB. Exec time: 8.38s
2025-05-16 22:55:00,550 - INFO - Current checkpoint count: 526
2025-05-16 22:55:00,550 - INFO - Current recompute count: 94
2025-05-16 22:55:00,550 - INFO - New best schedule found with peak memory: 15.55 GB
2025-05-16 22:55:00,551 - INFO - Considering activation: relu__1, recompute_benefit_ratio: 1023999997.96, mem_size: 49.00 MB, recomp_time: 0.050176s, lifetime: 2558
2025-05-16 22:55:00,551 - INFO - Choosing to RECOMPUTE relu__1 (memory saved: 49.00 MB, recompute overhead: 0.050176s)
2025-05-16 22:55:00,551 - INFO - 
Iteration 96/1000 (Elapsed time: 3.0s)
2025-05-16 22:55:00,580 - INFO - Simulated peak memory: 15.50 GB. Budget: 15.00 GB. Exec time: 8.43s
2025-05-16 22:55:00,580 - INFO - Current checkpoint count: 525
2025-05-16 22:55:00,580 - INFO - Current recompute count: 95
2025-05-16 22:55:00,580 - INFO - New best schedule found with peak memory: 15.50 GB
2025-05-16 22:55:00,581 - INFO - Considering activation: relu__84, recompute_benefit_ratio: 1023999997.96, mem_size: 49.00 MB, recomp_time: 0.050176s, lifetime: 1132
2025-05-16 22:55:00,581 - INFO - Choosing to RECOMPUTE relu__84 (memory saved: 49.00 MB, recompute overhead: 0.050176s)
2025-05-16 22:55:00,581 - INFO - 
Iteration 97/1000 (Elapsed time: 3.1s)
2025-05-16 22:55:00,610 - INFO - Simulated peak memory: 15.46 GB. Budget: 15.00 GB. Exec time: 8.48s
2025-05-16 22:55:00,611 - INFO - Current checkpoint count: 524
2025-05-16 22:55:00,611 - INFO - Current recompute count: 96
2025-05-16 22:55:00,611 - INFO - New best schedule found with peak memory: 15.46 GB
2025-05-16 22:55:00,612 - INFO - Considering activation: convolution_132, recompute_benefit_ratio: 1023999997.96, mem_size: 49.00 MB, recomp_time: 0.050176s, lifetime: 395
2025-05-16 22:55:00,612 - INFO - Choosing to RECOMPUTE convolution_132 (memory saved: 49.00 MB, recompute overhead: 0.050176s)
2025-05-16 22:55:00,612 - INFO - 
Iteration 98/1000 (Elapsed time: 3.1s)
2025-05-16 22:55:00,642 - INFO - Simulated peak memory: 15.41 GB. Budget: 15.00 GB. Exec time: 8.53s
2025-05-16 22:55:00,642 - INFO - Current checkpoint count: 523
2025-05-16 22:55:00,642 - INFO - Current recompute count: 97
2025-05-16 22:55:00,642 - INFO - New best schedule found with peak memory: 15.41 GB
2025-05-16 22:55:00,643 - INFO - Considering activation: relu__111, recompute_benefit_ratio: 1023999997.96, mem_size: 49.00 MB, recomp_time: 0.050176s, lifetime: 682
2025-05-16 22:55:00,643 - INFO - Choosing to RECOMPUTE relu__111 (memory saved: 49.00 MB, recompute overhead: 0.050176s)
2025-05-16 22:55:00,643 - INFO - 
Iteration 99/1000 (Elapsed time: 3.1s)
2025-05-16 22:55:00,672 - INFO - Simulated peak memory: 15.36 GB. Budget: 15.00 GB. Exec time: 8.58s
2025-05-16 22:55:00,672 - INFO - Current checkpoint count: 522
2025-05-16 22:55:00,672 - INFO - Current recompute count: 98
2025-05-16 22:55:00,672 - INFO - New best schedule found with peak memory: 15.36 GB
2025-05-16 22:55:00,673 - INFO - Considering activation: convolution_129, recompute_benefit_ratio: 1023999997.96, mem_size: 49.00 MB, recomp_time: 0.050176s, lifetime: 445
2025-05-16 22:55:00,673 - INFO - Choosing to RECOMPUTE convolution_129 (memory saved: 49.00 MB, recompute overhead: 0.050176s)
2025-05-16 22:55:00,673 - INFO - 
Iteration 100/1000 (Elapsed time: 3.2s)
2025-05-16 22:55:00,703 - INFO - Simulated peak memory: 15.31 GB. Budget: 15.00 GB. Exec time: 8.63s
2025-05-16 22:55:00,703 - INFO - Current checkpoint count: 521
2025-05-16 22:55:00,703 - INFO - Current recompute count: 99
2025-05-16 22:55:00,703 - INFO - New best schedule found with peak memory: 15.31 GB
2025-05-16 22:55:00,705 - INFO - Considering activation: relu__132, recompute_benefit_ratio: 1023999997.96, mem_size: 49.00 MB, recomp_time: 0.050176s, lifetime: 332
2025-05-16 22:55:00,705 - INFO - Choosing to RECOMPUTE relu__132 (memory saved: 49.00 MB, recompute overhead: 0.050176s)
2025-05-16 22:55:00,705 - INFO - 
Iteration 101/1000 (Elapsed time: 3.2s)
2025-05-16 22:55:00,735 - INFO - Simulated peak memory: 15.26 GB. Budget: 15.00 GB. Exec time: 8.68s
2025-05-16 22:55:00,736 - INFO - Current checkpoint count: 520
2025-05-16 22:55:00,736 - INFO - Current recompute count: 100
2025-05-16 22:55:00,736 - INFO - New best schedule found with peak memory: 15.26 GB
2025-05-16 22:55:00,737 - INFO - Considering activation: relu__66, recompute_benefit_ratio: 1023999997.96, mem_size: 49.00 MB, recomp_time: 0.050176s, lifetime: 1432
2025-05-16 22:55:00,737 - INFO - Choosing to RECOMPUTE relu__66 (memory saved: 49.00 MB, recompute overhead: 0.050176s)
2025-05-16 22:55:00,737 - INFO - 
Iteration 102/1000 (Elapsed time: 3.2s)
2025-05-16 22:55:00,766 - INFO - Simulated peak memory: 15.22 GB. Budget: 15.00 GB. Exec time: 8.73s
2025-05-16 22:55:00,766 - INFO - Current checkpoint count: 519
2025-05-16 22:55:00,766 - INFO - Current recompute count: 101
2025-05-16 22:55:00,766 - INFO - New best schedule found with peak memory: 15.22 GB
2025-05-16 22:55:00,767 - INFO - Considering activation: relu__75, recompute_benefit_ratio: 1023999997.96, mem_size: 49.00 MB, recomp_time: 0.050176s, lifetime: 1282
2025-05-16 22:55:00,767 - INFO - Choosing to RECOMPUTE relu__75 (memory saved: 49.00 MB, recompute overhead: 0.050176s)
2025-05-16 22:55:00,767 - INFO - 
Iteration 103/1000 (Elapsed time: 3.3s)
2025-05-16 22:55:00,796 - INFO - Simulated peak memory: 15.17 GB. Budget: 15.00 GB. Exec time: 8.78s
2025-05-16 22:55:00,796 - INFO - Current checkpoint count: 518
2025-05-16 22:55:00,796 - INFO - Current recompute count: 102
2025-05-16 22:55:00,796 - INFO - New best schedule found with peak memory: 15.17 GB
2025-05-16 22:55:00,797 - INFO - Considering activation: convolution_6, recompute_benefit_ratio: 1023999997.96, mem_size: 49.00 MB, recomp_time: 0.050176s, lifetime: 2489
2025-05-16 22:55:00,797 - INFO - Choosing to RECOMPUTE convolution_6 (memory saved: 49.00 MB, recompute overhead: 0.050176s)
2025-05-16 22:55:00,797 - INFO - 
Iteration 104/1000 (Elapsed time: 3.3s)
2025-05-16 22:55:00,826 - INFO - Simulated peak memory: 15.12 GB. Budget: 15.00 GB. Exec time: 8.83s
2025-05-16 22:55:00,826 - INFO - Current checkpoint count: 517
2025-05-16 22:55:00,826 - INFO - Current recompute count: 103
2025-05-16 22:55:00,827 - INFO - New best schedule found with peak memory: 15.12 GB
2025-05-16 22:55:00,827 - INFO - Considering activation: convolution_78, recompute_benefit_ratio: 1023999997.96, mem_size: 49.00 MB, recomp_time: 0.050176s, lifetime: 1295
2025-05-16 22:55:00,828 - INFO - Choosing to RECOMPUTE convolution_78 (memory saved: 49.00 MB, recompute overhead: 0.050176s)
2025-05-16 22:55:00,828 - INFO - 
Iteration 105/1000 (Elapsed time: 3.3s)
2025-05-16 22:55:00,858 - INFO - Simulated peak memory: 15.07 GB. Budget: 15.00 GB. Exec time: 8.88s
2025-05-16 22:55:00,858 - INFO - Current checkpoint count: 516
2025-05-16 22:55:00,858 - INFO - Current recompute count: 104
2025-05-16 22:55:00,858 - INFO - New best schedule found with peak memory: 15.07 GB
2025-05-16 22:55:00,858 - INFO - Considering activation: relu__87, recompute_benefit_ratio: 1023999997.96, mem_size: 49.00 MB, recomp_time: 0.050176s, lifetime: 1082
2025-05-16 22:55:00,858 - INFO - Choosing to RECOMPUTE relu__87 (memory saved: 49.00 MB, recompute overhead: 0.050176s)
2025-05-16 22:55:00,858 - INFO - 
Iteration 106/1000 (Elapsed time: 3.4s)
2025-05-16 22:55:00,887 - INFO - Simulated peak memory: 15.03 GB. Budget: 15.00 GB. Exec time: 8.93s
2025-05-16 22:55:00,887 - INFO - Current checkpoint count: 515
2025-05-16 22:55:00,887 - INFO - Current recompute count: 105
2025-05-16 22:55:00,887 - INFO - New best schedule found with peak memory: 15.03 GB
2025-05-16 22:55:00,888 - INFO - Considering activation: relu__99, recompute_benefit_ratio: 1023999997.96, mem_size: 49.00 MB, recomp_time: 0.050176s, lifetime: 882
2025-05-16 22:55:00,888 - INFO - Choosing to RECOMPUTE relu__99 (memory saved: 49.00 MB, recompute overhead: 0.050176s)
2025-05-16 22:55:00,888 - INFO - 
Iteration 107/1000 (Elapsed time: 3.4s)
2025-05-16 22:55:00,918 - INFO - Simulated peak memory: 14.98 GB. Budget: 15.00 GB. Exec time: 8.98s
2025-05-16 22:55:00,918 - INFO - Current checkpoint count: 514
2025-05-16 22:55:00,918 - INFO - Current recompute count: 106
2025-05-16 22:55:00,918 - INFO - New best schedule found with peak memory: 14.98 GB
2025-05-16 22:55:00,918 - INFO - Memory budget of 15.00 GB met.
2025-05-16 22:55:00,918 - INFO - Actual memory usage: 14.98 GB
2025-05-16 22:55:00,946 - INFO - 
Final Results:
2025-05-16 22:55:00,947 - INFO - Initial peak memory: 22.20 GB
2025-05-16 22:55:00,947 - INFO - Final peak memory: 14.98 GB
2025-05-16 22:55:00,947 - INFO - Memory reduction: 7.23 GB (32.5%)
2025-05-16 22:55:00,947 - INFO - Memory budget: 15.00 GB
2025-05-16 22:55:00,947 - INFO - Gap to budget: -0.02 GB
2025-05-16 22:55:00,947 - INFO - Estimated incompressible memory: 11.69 GB
2025-05-16 22:55:00,947 - INFO - Initial execution time: 1.30s
2025-05-16 22:55:00,947 - INFO - Final execution time: 8.98s
2025-05-16 22:55:00,947 - INFO - Execution time overhead: 7.68s (589.3%)
2025-05-16 22:55:00,947 - INFO - Total activations marked for recomputation: 106
2025-05-16 22:55:00,947 - INFO - Total memory saved by recomputation: 7.32 GB
2025-05-16 22:55:00,951 - INFO - Saved activation checkpointing decisions to C:\Users\ydeng\Documents\GitHub\CS265-mlsys-project-final\reports\ac_decisions.csv
2025-05-16 22:55:00,951 - INFO - 
Timing Statistics:
2025-05-16 22:55:00,951 - INFO - Total execution time: 3.50s
2025-05-16 22:55:00,951 - INFO - Initialization: 0.00s (0.0%)
2025-05-16 22:55:00,951 - INFO - Initial memory simulation: 0.05s (1.4%)
2025-05-16 22:55:00,951 - INFO - Memory component analysis: 0.01s (0.3%)
2025-05-16 22:55:00,951 - INFO - Candidate filtering: 0.00s (0.0%)
2025-05-16 22:55:00,951 - INFO - Main loop: 3.41s (97.3%)
2025-05-16 22:55:00,951 - INFO -   - Memory simulations: 3.27s (93.4%)
2025-05-16 22:55:00,951 - INFO -   - Candidate selection: 0.11s (3.0%)
2025-05-16 22:55:00,951 - INFO - Final memory simulation: 0.03s (0.8%)
2025-05-16 22:55:00,951 - INFO - 
Top 5 slowest iterations:
2025-05-16 22:55:00,951 - INFO -   1. Iteration 54: 0.04s (Simulation: 0.04s, Selection: 0.00s)
2025-05-16 22:55:00,951 - INFO -   2. Iteration 24: 0.04s (Simulation: 0.03s, Selection: 0.00s)
2025-05-16 22:55:00,951 - INFO -   3. Iteration 4: 0.04s (Simulation: 0.03s, Selection: 0.00s)
2025-05-16 22:55:00,951 - INFO -   4. Iteration 8: 0.04s (Simulation: 0.03s, Selection: 0.00s)
2025-05-16 22:55:00,951 - INFO -   5. Iteration 55: 0.03s (Simulation: 0.03s, Selection: 0.00s)
