2025-05-17 04:15:59,053 - INFO - ================================================================================
2025-05-17 04:15:59,053 - INFO - Activation Checkpointing Algorithm Starting
2025-05-17 04:15:59,054 - INFO - Log file: logs\activation_checkpointing_20250517_041559.log
2025-05-17 04:15:59,054 - INFO - Detected model: resnet, batch size: 32
2025-05-17 04:15:59,054 - INFO - Inferred activation stats path: reports/profiler_stats_resnet_bs32_activation_stats.csv
2025-05-17 04:15:59,717 - INFO - Loaded node stats with 18493 rows
2025-05-17 04:15:59,718 - INFO - Loaded activation stats with 775 rows
2025-05-17 04:15:59,718 - INFO - Memory budget set to 1.5 GB (1610612736.0 bytes)
2025-05-17 04:15:59,718 - INFO - Algorithm initialization time: 0.66s
2025-05-17 04:15:59,718 - INFO - Starting checkpoint decision algorithm...
2025-05-17 04:15:59,718 - INFO - Fixed overhead: 0.8 GB, Memory budget: 1.50 GB
2025-05-17 04:15:59,718 - INFO - Initializing schedule with all activations checkpointed...
2025-05-17 04:15:59,718 - INFO - Initial schedule has 620 activations marked for RETAINED
2025-05-17 04:15:59,735 - INFO - Built activation mappings with 775 activations
2025-05-17 04:15:59,735 - INFO - Initialized simulation cache with 18493 nodes, 3631 forward nodes, 14860 backward nodes
2025-05-17 04:15:59,770 - INFO - Initial peak memory: 6.08 GB
2025-05-17 04:15:59,770 - INFO - Initial execution time: 1.04s
2025-05-17 04:15:59,780 - INFO - Incompressible memory with checkpointing: 0.90 GB
2025-05-17 04:15:59,780 - INFO - Largest single activation: 0.10 GB
2025-05-17 04:15:59,780 - INFO - Active memory - FW: 6.01 GB, BW: 6.03 GB
2025-05-17 04:15:59,780 - INFO - Fixed overhead: 0.80 GB
2025-05-17 04:15:59,781 - INFO - Memory budget of 1.50 GB should be achievable
2025-05-17 04:15:59,781 - INFO - Filtering valid activations...
2025-05-17 04:15:59,782 - INFO - Found 775 valid activations for consideration
2025-05-17 04:16:06,174 - INFO - Memory budget of 1.50 GB met.
2025-05-17 04:16:06,174 - INFO - Actual memory usage: 1.49 GB
2025-05-17 04:16:06,205 - INFO - 
Final Results:
2025-05-17 04:16:06,205 - INFO - Initial peak memory: 6.08 GB
2025-05-17 04:16:06,205 - INFO - Final peak memory: 1.49 GB
2025-05-17 04:16:06,205 - INFO - Memory reduction: 4.58 GB (75.4%)
2025-05-17 04:16:06,205 - INFO - Memory budget: 1.50 GB
2025-05-17 04:16:06,205 - INFO - Gap to budget: -0.01 GB
2025-05-17 04:16:06,205 - INFO - Theoretical minimum memory (extreme checkpointing): 0.90 GB
2025-05-17 04:16:06,206 - INFO - Initial execution time: 1.04s
2025-05-17 04:16:06,206 - INFO - Final execution time: 5.92s
2025-05-17 04:16:06,206 - INFO - Execution time overhead: 4.88s (468.5%)
2025-05-17 04:16:06,206 - INFO - Total activations marked for recomputation: 200
2025-05-17 04:16:06,206 - INFO - Total memory saved by recomputation: 4.66 GB
2025-05-17 04:16:06,206 - INFO - 
==================================================
2025-05-17 04:16:06,206 - INFO - ACTIVATION CHECKPOINTING SUMMARY
2025-05-17 04:16:06,206 - INFO - ==================================================
2025-05-17 04:16:06,206 - INFO - Total activations considered:        620
2025-05-17 04:16:06,206 - INFO - Activations marked RETAINED:         420 (67.7%)
2025-05-17 04:16:06,206 - INFO - Activations marked for RECOMPUTE:    200 (32.3%)
2025-05-17 04:16:06,206 - INFO - Memory used by RETAINED activations: 0.62 GB
2025-05-17 04:16:06,206 - INFO - Memory saved by RECOMPUTE decisions: 4.66 GB
2025-05-17 04:16:06,206 - INFO - Final peak memory usage:             1.49 GB
2025-05-17 04:16:06,206 - INFO - Memory budget:                       1.50 GB
2025-05-17 04:16:06,206 - INFO - Gap to budget:                       -0.01 GB
2025-05-17 04:16:06,206 - INFO - --------------------------------------------------
2025-05-17 04:16:06,206 - INFO - Initial execution time:              1.0419s
2025-05-17 04:16:06,206 - INFO - Final execution time:                5.9232s
2025-05-17 04:16:06,206 - INFO - Recomputation time overhead:         4.8813s
2025-05-17 04:16:06,206 - INFO - Execution time overhead:             4.8813s (468.5%)
2025-05-17 04:16:06,206 - INFO - ==================================================

2025-05-17 04:16:06,210 - INFO - Saved activation checkpointing decisions to C:\Users\ydeng\Documents\GitHub\CS265-mlsys-project-final\reports\ac_decisions_resnet_bs32.csv
2025-05-17 04:16:06,210 - INFO - 
Timing Statistics:
2025-05-17 04:16:06,211 - INFO - Total execution time: 6.49s
2025-05-17 04:16:06,211 - INFO - Initialization: 0.00s (0.0%)
2025-05-17 04:16:06,211 - INFO - Initial memory simulation: 0.05s (0.8%)
2025-05-17 04:16:06,211 - INFO - Memory component analysis: 0.01s (0.2%)
2025-05-17 04:16:06,211 - INFO - Candidate filtering: 0.00s (0.0%)
2025-05-17 04:16:06,211 - INFO - Main loop: 6.39s (98.5%)
2025-05-17 04:16:06,212 - INFO -   - Memory simulations: 6.30s (97.0%)
2025-05-17 04:16:06,212 - INFO -   - Candidate selection: 0.09s (1.4%)
2025-05-17 04:16:06,212 - INFO - Final memory simulation: 0.03s (0.5%)
2025-05-17 04:16:06,212 - INFO - 
Top 5 slowest iterations:
2025-05-17 04:16:06,212 - INFO -   1. Iteration 1: 0.04s (Simulation: 0.03s, Selection: 0.00s)
2025-05-17 04:16:06,212 - INFO -   2. Iteration 13: 0.04s (Simulation: 0.04s, Selection: 0.00s)
2025-05-17 04:16:06,212 - INFO -   3. Iteration 7: 0.04s (Simulation: 0.03s, Selection: 0.00s)
2025-05-17 04:16:06,212 - INFO -   4. Iteration 15: 0.04s (Simulation: 0.03s, Selection: 0.00s)
2025-05-17 04:16:06,212 - INFO -   5. Iteration 12: 0.04s (Simulation: 0.04s, Selection: 0.00s)
