2025-05-17 03:36:43,526 - INFO - ================================================================================
2025-05-17 03:36:43,527 - INFO - Activation Checkpointing Algorithm Starting
2025-05-17 03:36:43,527 - INFO - Log file: logs\activation_checkpointing_20250517_033643.log
2025-05-17 03:36:44,171 - INFO - Loaded node stats with 18493 rows
2025-05-17 03:36:44,171 - INFO - Loaded activation stats with 775 rows
2025-05-17 03:36:44,171 - INFO - Memory budget set to 8.0 GB (8589934592.0 bytes)
2025-05-17 03:36:44,171 - INFO - Algorithm initialization time: 0.64s
2025-05-17 03:36:44,181 - INFO - Starting checkpoint decision algorithm...
2025-05-17 03:36:44,181 - INFO - Fixed overhead: 0.3 GB, Memory budget: 8.00 GB
2025-05-17 03:36:44,181 - INFO - Initializing schedule with all activations checkpointed...
2025-05-17 03:36:44,181 - INFO - Initial schedule has 620 activations marked for RETAINED
2025-05-17 03:36:44,197 - INFO - Built activation mappings with 775 activations
2025-05-17 03:36:44,197 - INFO - Initialized simulation cache with 18493 nodes, 3631 forward nodes, 14860 backward nodes
2025-05-17 03:36:44,233 - INFO - Initial peak memory: 11.68 GB
2025-05-17 03:36:44,233 - INFO - Initial execution time: 1.43s
2025-05-17 03:36:44,243 - INFO - Incompressible memory with checkpointing: 0.49 GB
2025-05-17 03:36:44,243 - INFO - Largest single activation: 0.19 GB
2025-05-17 03:36:44,243 - INFO - Active memory - FW: 11.35 GB, BW: 11.38 GB
2025-05-17 03:36:44,243 - INFO - Fixed overhead: 0.30 GB
2025-05-17 03:36:44,243 - INFO - Memory budget of 8.00 GB should be achievable
2025-05-17 03:36:44,243 - INFO - Filtering valid activations...
2025-05-17 03:36:44,244 - INFO - Found 775 valid activations for consideration
2025-05-17 03:36:44,280 - INFO - Max recompute ratio candidate: relu__9, ratio: 1023994897.9846042
2025-05-17 03:36:44,315 - INFO - Max recompute ratio candidate: convolution_10, ratio: 1023994897.9846042
2025-05-17 03:36:44,350 - INFO - Max recompute ratio candidate: convolution_7, ratio: 1023994897.9846042
2025-05-17 03:36:44,386 - INFO - Max recompute ratio candidate: convolution, ratio: 1023994897.9846042
2025-05-17 03:36:44,422 - INFO - Max recompute ratio candidate: convolution_3, ratio: 1023994897.9846042
2025-05-17 03:36:44,456 - INFO - Max recompute ratio candidate: relu__3, ratio: 1023994897.9846042
2025-05-17 03:36:44,491 - INFO - Max recompute ratio candidate: relu_, ratio: 1023994897.9846042
2025-05-17 03:36:44,526 - INFO - Max recompute ratio candidate: relu__6, ratio: 1023994897.9846042
2025-05-17 03:36:44,561 - INFO - Max recompute ratio candidate: convolution_4, ratio: 1023994897.9846042
2025-05-17 03:36:44,596 - INFO - Max recompute ratio candidate: convolution_29, ratio: 1023989796.0200492
2025-05-17 03:36:44,630 - INFO - Max recompute ratio candidate: convolution_35, ratio: 1023989796.0200492
2025-05-17 03:36:44,667 - INFO - Max recompute ratio candidate: relu__24, ratio: 1023989796.0200492
2025-05-17 03:36:44,702 - INFO - Max recompute ratio candidate: relu__12, ratio: 1023989796.0200492
2025-05-17 03:36:44,737 - INFO - Max recompute ratio candidate: convolution_17, ratio: 1023989796.0200492
2025-05-17 03:36:44,771 - INFO - Max recompute ratio candidate: convolution_11, ratio: 1023989796.0200492
2025-05-17 03:36:44,805 - INFO - Max recompute ratio candidate: relu__10, ratio: 1023989796.0200492
2025-05-17 03:36:44,840 - INFO - Max recompute ratio candidate: convolution_13, ratio: 1023989796.0200492
2025-05-17 03:36:44,875 - INFO - Max recompute ratio candidate: convolution_32, ratio: 1023989796.0200492
2025-05-17 03:36:44,911 - INFO - Max recompute ratio candidate: convolution_26, ratio: 1023989796.0200492
2025-05-17 03:36:44,945 - INFO - Max recompute ratio candidate: relu__21, ratio: 1023989796.0200492
2025-05-17 03:36:44,979 - INFO - Max recompute ratio candidate: relu__15, ratio: 1023989796.0200492
2025-05-17 03:36:45,012 - INFO - Max recompute ratio candidate: relu__18, ratio: 1023989796.0200492
2025-05-17 03:36:45,046 - INFO - Max recompute ratio candidate: convolution_23, ratio: 1023989796.0200492
2025-05-17 03:36:45,078 - INFO - Max recompute ratio candidate: convolution_14, ratio: 1023989796.0200492
2025-05-17 03:36:45,111 - INFO - Max recompute ratio candidate: relu__30, ratio: 1023989796.0200492
2025-05-17 03:36:45,143 - INFO - Max recompute ratio candidate: convolution_20, ratio: 1023989796.0200492
2025-05-17 03:36:45,178 - INFO - Max recompute ratio candidate: getitem_5, ratio: 1023989796.0200492
2025-05-17 03:36:45,214 - INFO - Max recompute ratio candidate: relu__33, ratio: 1023989796.0200492
2025-05-17 03:36:45,247 - INFO - Max recompute ratio candidate: relu__27, ratio: 1023989796.0200492
2025-05-17 03:36:45,283 - INFO - Max recompute ratio candidate: relu__126, ratio: 1023979592.2434582
2025-05-17 03:36:45,316 - INFO - Max recompute ratio candidate: convolution_36, ratio: 1023979592.2434582
2025-05-17 03:36:45,348 - INFO - Max recompute ratio candidate: relu__69, ratio: 1023979592.2434582
2025-05-17 03:36:45,382 - INFO - Max recompute ratio candidate: convolution_48, ratio: 1023979592.2434582
2025-05-17 03:36:45,415 - INFO - Max recompute ratio candidate: relu__141, ratio: 1023979592.2434582
2025-05-17 03:36:45,447 - INFO - Max recompute ratio candidate: convolution_96, ratio: 1023979592.2434582
2025-05-17 03:36:45,480 - INFO - Max recompute ratio candidate: relu__54, ratio: 1023979592.2434582
2025-05-17 03:36:45,514 - INFO - Max recompute ratio candidate: convolution_99, ratio: 1023979592.2434582
2025-05-17 03:36:45,546 - INFO - Max recompute ratio candidate: relu__84, ratio: 1023979592.2434582
2025-05-17 03:36:45,578 - INFO - Max recompute ratio candidate: convolution_102, ratio: 1023979592.2434582
2025-05-17 03:36:45,611 - INFO - Max recompute ratio candidate: relu__51, ratio: 1023979592.2434582
2025-05-17 03:36:45,643 - INFO - Max recompute ratio candidate: convolution_45, ratio: 1023979592.2434582
2025-05-17 03:36:45,676 - INFO - Max recompute ratio candidate: convolution_63, ratio: 1023979592.2434582
2025-05-17 03:36:45,708 - INFO - Max recompute ratio candidate: relu__90, ratio: 1023979592.2434582
2025-05-17 03:36:45,742 - INFO - Max recompute ratio candidate: convolution_57, ratio: 1023979592.2434582
2025-05-17 03:36:45,775 - INFO - Max recompute ratio candidate: convolution_138, ratio: 1023979592.2434582
2025-05-17 03:36:45,807 - INFO - Max recompute ratio candidate: convolution_69, ratio: 1023979592.2434582
2025-05-17 03:36:45,839 - INFO - Max recompute ratio candidate: convolution_132, ratio: 1023979592.2434582
2025-05-17 03:36:45,871 - INFO - Max recompute ratio candidate: convolution_51, ratio: 1023979592.2434582
2025-05-17 03:36:45,903 - INFO - Max recompute ratio candidate: relu__114, ratio: 1023979592.2434582
2025-05-17 03:36:45,936 - INFO - Max recompute ratio candidate: relu__66, ratio: 1023979592.2434582
2025-05-17 03:36:45,969 - INFO - Max recompute ratio candidate: relu__108, ratio: 1023979592.2434582
2025-05-17 03:36:46,003 - INFO - Max recompute ratio candidate: convolution_141, ratio: 1023979592.2434582
2025-05-17 03:36:46,035 - INFO - Max recompute ratio candidate: convolution_87, ratio: 1023979592.2434582
2025-05-17 03:36:46,068 - INFO - Max recompute ratio candidate: convolution_42, ratio: 1023979592.2434582
2025-05-17 03:36:46,101 - INFO - Max recompute ratio candidate: convolution_108, ratio: 1023979592.2434582
2025-05-17 03:36:46,134 - INFO - Max recompute ratio candidate: convolution_2, ratio: 1023979592.2434582
2025-05-17 03:36:46,166 - INFO - Max recompute ratio candidate: relu__5, ratio: 1023979592.2434582
2025-05-17 03:36:46,197 - INFO - Max recompute ratio candidate: relu__81, ratio: 1023979592.2434582
2025-05-17 03:36:46,228 - INFO - Max recompute ratio candidate: relu__99, ratio: 1023979592.2434582
2025-05-17 03:36:46,261 - INFO - Max recompute ratio candidate: relu__8, ratio: 1023979592.2434582
2025-05-17 03:36:46,292 - INFO - Max recompute ratio candidate: relu__1, ratio: 1023979592.2434582
2025-05-17 03:36:46,324 - INFO - Max recompute ratio candidate: relu__105, ratio: 1023979592.2434582
2025-05-17 03:36:46,356 - INFO - Max recompute ratio candidate: relu__75, ratio: 1023979592.2434582
2025-05-17 03:36:46,388 - INFO - Max recompute ratio candidate: convolution_135, ratio: 1023979592.2434582
2025-05-17 03:36:46,422 - INFO - Max recompute ratio candidate: relu__102, ratio: 1023979592.2434582
2025-05-17 03:36:46,453 - INFO - Max recompute ratio candidate: relu__129, ratio: 1023979592.2434582
2025-05-17 03:36:46,486 - INFO - Max recompute ratio candidate: convolution_72, ratio: 1023979592.2434582
2025-05-17 03:36:46,519 - INFO - Max recompute ratio candidate: relu__4, ratio: 1023979592.2434582
2025-05-17 03:36:46,552 - INFO - Max recompute ratio candidate: convolution_39, ratio: 1023979592.2434582
2025-05-17 03:36:46,584 - INFO - Max recompute ratio candidate: convolution_84, ratio: 1023979592.2434582
2025-05-17 03:36:46,616 - INFO - Max recompute ratio candidate: getitem_4, ratio: 1023979592.2434582
2025-05-17 03:36:46,648 - INFO - Max recompute ratio candidate: convolution_126, ratio: 1023979592.2434582
2025-05-17 03:36:46,680 - INFO - Max recompute ratio candidate: convolution_111, ratio: 1023979592.2434582
2025-05-17 03:36:46,714 - INFO - Max recompute ratio candidate: convolution_90, ratio: 1023979592.2434582
2025-05-17 03:36:46,746 - INFO - Max recompute ratio candidate: convolution_8, ratio: 1023979592.2434582
2025-05-17 03:36:46,779 - INFO - Max recompute ratio candidate: convolution_120, ratio: 1023979592.2434582
2025-05-17 03:36:46,811 - INFO - Max recompute ratio candidate: convolution_66, ratio: 1023979592.2434582
2025-05-17 03:36:46,844 - INFO - Max recompute ratio candidate: convolution_6, ratio: 1023979592.2434582
2025-05-17 03:36:46,877 - INFO - Max recompute ratio candidate: convolution_5, ratio: 1023979592.2434582
2025-05-17 03:36:46,911 - INFO - Max recompute ratio candidate: convolution_54, ratio: 1023979592.2434582
2025-05-17 03:36:46,942 - INFO - Max recompute ratio candidate: relu__57, ratio: 1023979592.2434582
2025-05-17 03:36:46,974 - INFO - Max recompute ratio candidate: relu__60, ratio: 1023979592.2434582
2025-05-17 03:36:47,010 - INFO - Max recompute ratio candidate: relu__2, ratio: 1023979592.2434582
2025-05-17 03:36:47,052 - INFO - Max recompute ratio candidate: relu__96, ratio: 1023979592.2434582
2025-05-17 03:36:47,089 - INFO - Max recompute ratio candidate: relu__63, ratio: 1023979592.2434582
2025-05-17 03:36:47,120 - INFO - Max recompute ratio candidate: relu__138, ratio: 1023979592.2434582
2025-05-17 03:36:47,149 - INFO - Max recompute ratio candidate: relu__7, ratio: 1023979592.2434582
2025-05-17 03:36:47,181 - INFO - Max recompute ratio candidate: relu__132, ratio: 1023979592.2434582
2025-05-17 03:36:47,213 - INFO - Max recompute ratio candidate: convolution_9, ratio: 1023979592.2434582
2025-05-17 03:36:47,244 - INFO - Max recompute ratio candidate: relu__72, ratio: 1023979592.2434582
2025-05-17 03:36:47,275 - INFO - Max recompute ratio candidate: relu__111, ratio: 1023979592.2434582
2025-05-17 03:36:47,307 - INFO - Max recompute ratio candidate: convolution_78, ratio: 1023979592.2434582
2025-05-17 03:36:47,338 - INFO - Max recompute ratio candidate: convolution_93, ratio: 1023979592.2434582
2025-05-17 03:36:47,370 - INFO - Max recompute ratio candidate: relu__48, ratio: 1023979592.2434582
2025-05-17 03:36:47,401 - INFO - Max recompute ratio candidate: convolution_81, ratio: 1023979592.2434582
2025-05-17 03:36:47,433 - INFO - Max recompute ratio candidate: convolution_105, ratio: 1023979592.2434582
2025-05-17 03:36:47,464 - INFO - Max recompute ratio candidate: convolution_75, ratio: 1023979592.2434582
2025-05-17 03:36:47,495 - INFO - Max recompute ratio candidate: relu__123, ratio: 1023979592.2434582
2025-05-17 03:36:47,526 - INFO - Max recompute ratio candidate: convolution_144, ratio: 1023979592.2434582
2025-05-17 03:36:47,556 - INFO - Max recompute ratio candidate: relu__34, ratio: 1023979592.2434582
2025-05-17 03:36:47,585 - INFO - Max recompute ratio candidate: relu__87, ratio: 1023979592.2434582
2025-05-17 03:36:47,616 - INFO - Max recompute ratio candidate: convolution_60, ratio: 1023979592.2434582
2025-05-17 03:36:47,646 - INFO - Max recompute ratio candidate: convolution_114, ratio: 1023979592.2434582
2025-05-17 03:36:47,676 - INFO - Max recompute ratio candidate: relu__39, ratio: 1023979592.2434582
2025-05-17 03:36:47,706 - INFO - Max recompute ratio candidate: relu__42, ratio: 1023979592.2434582
2025-05-17 03:36:47,737 - INFO - Max recompute ratio candidate: convolution_1, ratio: 1023979592.2434582
2025-05-17 03:36:47,767 - INFO - Max recompute ratio candidate: convolution_123, ratio: 1023979592.2434582
2025-05-17 03:36:47,797 - INFO - Max recompute ratio candidate: relu__120, ratio: 1023979592.2434582
2025-05-17 03:36:47,828 - INFO - Max recompute ratio candidate: convolution_129, ratio: 1023979592.2434582
2025-05-17 03:36:47,858 - INFO - Max recompute ratio candidate: relu__135, ratio: 1023979592.2434582
2025-05-17 03:36:47,888 - INFO - Max recompute ratio candidate: relu__93, ratio: 1023979592.2434582
2025-05-17 03:36:47,919 - INFO - Max recompute ratio candidate: relu__78, ratio: 1023979592.2434582
2025-05-17 03:36:47,951 - INFO - Max recompute ratio candidate: relu__117, ratio: 1023979592.2434582
2025-05-17 03:36:47,981 - INFO - Max recompute ratio candidate: convolution_117, ratio: 1023979592.2434582
2025-05-17 03:36:48,010 - INFO - Max recompute ratio candidate: relu__36, ratio: 1023979592.2434582
2025-05-17 03:36:48,042 - INFO - Max recompute ratio candidate: relu__45, ratio: 1023979592.2434582
2025-05-17 03:36:48,073 - INFO - Max recompute ratio candidate: convolution_38, ratio: 1023979592.2434582
2025-05-17 03:36:48,104 - INFO - Max recompute ratio candidate: relu__25, ratio: 1023959185.3003308
2025-05-17 03:36:48,135 - INFO - Max recompute ratio candidate: convolution_22, ratio: 1023959185.3003308
2025-05-17 03:36:48,166 - INFO - Max recompute ratio candidate: convolution_25, ratio: 1023959185.3003308
2025-05-17 03:36:48,198 - INFO - Max recompute ratio candidate: convolution_145, ratio: 1023959185.3003308
2025-05-17 03:36:48,230 - INFO - Max recompute ratio candidate: convolution_28, ratio: 1023959185.3003308
2025-05-17 03:36:48,260 - INFO - Max recompute ratio candidate: convolution_18, ratio: 1023959185.3003308
2025-05-17 03:36:48,291 - INFO - Max recompute ratio candidate: convolution_27, ratio: 1023959185.3003308
2025-05-17 03:36:48,321 - INFO - Max recompute ratio candidate: convolution_151, ratio: 1023959185.3003308
2025-05-17 03:36:48,352 - INFO - Max recompute ratio candidate: convolution_148, ratio: 1023959185.3003308
2025-05-17 03:36:48,382 - INFO - Max recompute ratio candidate: relu__19, ratio: 1023959185.3003308
2025-05-17 03:36:48,414 - INFO - Max recompute ratio candidate: convolution_154, ratio: 1023959185.3003308
2025-05-17 03:36:48,444 - INFO - Max recompute ratio candidate: relu__26, ratio: 1023959185.3003308
2025-05-17 03:36:48,475 - INFO - Max recompute ratio candidate: relu__20, ratio: 1023959185.3003308
2025-05-17 03:36:48,505 - INFO - Max recompute ratio candidate: relu__29, ratio: 1023959185.3003308
2025-05-17 03:36:48,535 - INFO - Max recompute ratio candidate: relu__22, ratio: 1023959185.3003308
2025-05-17 03:36:48,566 - INFO - Max recompute ratio candidate: relu__23, ratio: 1023959185.3003308
2025-05-17 03:36:48,597 - INFO - Max recompute ratio candidate: relu__11, ratio: 1023959185.3003308
2025-05-17 03:36:48,627 - INFO - Max recompute ratio candidate: relu__150, ratio: 1023959185.3003308
2025-05-17 03:36:48,656 - INFO - Max recompute ratio candidate: convolution_30, ratio: 1023959185.3003308
2025-05-17 03:36:48,687 - INFO - Max recompute ratio candidate: convolution_31, ratio: 1023959185.3003308
2025-05-17 03:36:48,716 - INFO - Max recompute ratio candidate: relu__32, ratio: 1023959185.3003308
2025-05-17 03:36:48,746 - INFO - Max recompute ratio candidate: convolution_15, ratio: 1023959185.3003308
2025-05-17 03:36:48,776 - INFO - Max recompute ratio candidate: relu__28, ratio: 1023959185.3003308
2025-05-17 03:36:48,806 - INFO - Max recompute ratio candidate: relu__16, ratio: 1023959185.3003308
2025-05-17 03:36:48,836 - INFO - Max recompute ratio candidate: convolution_16, ratio: 1023959185.3003308
2025-05-17 03:36:48,868 - INFO - Max recompute ratio candidate: relu__17, ratio: 1023959185.3003308
2025-05-17 03:36:48,898 - INFO - Max recompute ratio candidate: convolution_33, ratio: 1023959185.3003308
2025-05-17 03:36:48,929 - INFO - Max recompute ratio candidate: relu__142, ratio: 1023959185.3003308
2025-05-17 03:36:48,959 - INFO - Max recompute ratio candidate: relu__13, ratio: 1023959185.3003308
2025-05-17 03:36:48,989 - INFO - Max recompute ratio candidate: convolution_12, ratio: 1023959185.3003308
2025-05-17 03:36:49,020 - INFO - Max recompute ratio candidate: convolution_147, ratio: 1023959185.3003308
2025-05-17 03:36:49,050 - INFO - Max recompute ratio candidate: relu__144, ratio: 1023959185.3003308
2025-05-17 03:36:49,080 - INFO - Max recompute ratio candidate: convolution_19, ratio: 1023959185.3003308
2025-05-17 03:36:49,109 - INFO - Max recompute ratio candidate: relu__31, ratio: 1023959185.3003308
2025-05-17 03:36:49,141 - INFO - Max recompute ratio candidate: convolution_21, ratio: 1023959185.3003308
2025-05-17 03:36:49,171 - INFO - Max recompute ratio candidate: convolution_24, ratio: 1023959185.3003308
2025-05-17 03:36:49,200 - INFO - Max recompute ratio candidate: convolution_34, ratio: 1023959185.3003308
2025-05-17 03:36:49,230 - INFO - Max recompute ratio candidate: relu__147, ratio: 1023959185.3003308
2025-05-17 03:36:49,260 - INFO - Max recompute ratio candidate: relu__14, ratio: 1023959185.3003308
2025-05-17 03:36:49,291 - INFO - Max recompute ratio candidate: convolution_136, ratio: 1023918373.8541253
2025-05-17 03:36:49,320 - INFO - Max recompute ratio candidate: convolution_137, ratio: 1023918373.8541253
2025-05-17 03:36:49,350 - INFO - Max recompute ratio candidate: relu__95, ratio: 1023918373.8541253
2025-05-17 03:36:49,379 - INFO - Max recompute ratio candidate: relu__118, ratio: 1023918373.8541253
2025-05-17 03:36:49,408 - INFO - Max recompute ratio candidate: relu__106, ratio: 1023918373.8541253
2025-05-17 03:36:49,439 - INFO - Max recompute ratio candidate: convolution_50, ratio: 1023918373.8541253
2025-05-17 03:36:49,468 - INFO - Max recompute ratio candidate: relu__52, ratio: 1023918373.8541253
2025-05-17 03:36:49,498 - INFO - Max recompute ratio candidate: convolution_100, ratio: 1023918373.8541253
2025-05-17 03:36:49,527 - INFO - Max recompute ratio candidate: convolution_113, ratio: 1023918373.8541253
2025-05-17 03:36:49,557 - INFO - Max recompute ratio candidate: relu__121, ratio: 1023918373.8541253
2025-05-17 03:36:49,586 - INFO - Max recompute ratio candidate: relu__125, ratio: 1023918373.8541253
2025-05-17 03:36:49,616 - INFO - Max recompute ratio candidate: relu__92, ratio: 1023918373.8541253
2025-05-17 03:36:49,646 - INFO - Max recompute ratio candidate: convolution_140, ratio: 1023918373.8541253
2025-05-17 03:36:49,676 - INFO - Max recompute ratio candidate: relu__109, ratio: 1023918373.8541253
2025-05-17 03:36:49,706 - INFO - Max recompute ratio candidate: convolution_71, ratio: 1023918373.8541253
2025-05-17 03:36:49,737 - INFO - Max recompute ratio candidate: relu__128, ratio: 1023918373.8541253
2025-05-17 03:36:49,767 - INFO - Max recompute ratio candidate: relu__77, ratio: 1023918373.8541253
2025-05-17 03:36:49,796 - INFO - Max recompute ratio candidate: relu__86, ratio: 1023918373.8541253
2025-05-17 03:36:49,825 - INFO - Max recompute ratio candidate: relu__88, ratio: 1023918373.8541253
2025-05-17 03:36:49,854 - INFO - Max recompute ratio candidate: convolution_80, ratio: 1023918373.8541253
2025-05-17 03:36:49,885 - INFO - Max recompute ratio candidate: relu__119, ratio: 1023918373.8541253
2025-05-17 03:36:49,916 - INFO - Max recompute ratio candidate: relu__112, ratio: 1023918373.8541253
2025-05-17 03:36:49,946 - INFO - Max recompute ratio candidate: convolution_103, ratio: 1023918373.8541253
2025-05-17 03:36:49,977 - INFO - Max recompute ratio candidate: relu__97, ratio: 1023918373.8541253
2025-05-17 03:36:50,007 - INFO - Max recompute ratio candidate: relu__46, ratio: 1023918373.8541253
2025-05-17 03:36:50,036 - INFO - Max recompute ratio candidate: convolution_40, ratio: 1023918373.8541253
2025-05-17 03:36:50,066 - INFO - Max recompute ratio candidate: relu__38, ratio: 1023918373.8541253
2025-05-17 03:36:50,098 - INFO - Max recompute ratio candidate: relu__50, ratio: 1023918373.8541253
2025-05-17 03:36:50,129 - INFO - Max recompute ratio candidate: relu__83, ratio: 1023918373.8541253
2025-05-17 03:36:50,158 - INFO - Max recompute ratio candidate: convolution_127, ratio: 1023918373.8541253
2025-05-17 03:36:50,189 - INFO - Max recompute ratio candidate: convolution_46, ratio: 1023918373.8541253
2025-05-17 03:36:50,221 - INFO - Max recompute ratio candidate: relu__37, ratio: 1023918373.8541253
2025-05-17 03:36:50,252 - INFO - Max recompute ratio candidate: convolution_62, ratio: 1023918373.8541253
2025-05-17 03:36:50,282 - INFO - Max recompute ratio candidate: convolution_49, ratio: 1023918373.8541253
2025-05-17 03:36:50,311 - INFO - Max recompute ratio candidate: convolution_131, ratio: 1023918373.8541253
2025-05-17 03:36:50,342 - INFO - Max recompute ratio candidate: convolution_44, ratio: 1023918373.8541253
2025-05-17 03:36:50,373 - INFO - Max recompute ratio candidate: convolution_98, ratio: 1023918373.8541253
2025-05-17 03:36:50,402 - INFO - Max recompute ratio candidate: convolution_73, ratio: 1023918373.8541253
2025-05-17 03:36:50,432 - INFO - Max recompute ratio candidate: convolution_47, ratio: 1023918373.8541253
2025-05-17 03:36:50,462 - INFO - Max recompute ratio candidate: convolution_104, ratio: 1023918373.8541253
2025-05-17 03:36:50,491 - INFO - Max recompute ratio candidate: convolution_124, ratio: 1023918373.8541253
2025-05-17 03:36:50,520 - INFO - Max recompute ratio candidate: convolution_43, ratio: 1023918373.8541253
2025-05-17 03:36:50,550 - INFO - Max recompute ratio candidate: relu__55, ratio: 1023918373.8541253
2025-05-17 03:36:50,579 - INFO - Max recompute ratio candidate: relu__131, ratio: 1023918373.8541253
2025-05-17 03:36:50,608 - INFO - Max recompute ratio candidate: convolution_89, ratio: 1023918373.8541253
2025-05-17 03:36:50,639 - INFO - Max recompute ratio candidate: convolution_53, ratio: 1023918373.8541253
2025-05-17 03:36:50,669 - INFO - Max recompute ratio candidate: convolution_107, ratio: 1023918373.8541253
2025-05-17 03:36:50,700 - INFO - Max recompute ratio candidate: convolution_52, ratio: 1023918373.8541253
2025-05-17 03:36:50,729 - INFO - Max recompute ratio candidate: convolution_86, ratio: 1023918373.8541253
2025-05-17 03:36:50,759 - INFO - Max recompute ratio candidate: convolution_56, ratio: 1023918373.8541253
2025-05-17 03:36:50,791 - INFO - Max recompute ratio candidate: relu__58, ratio: 1023918373.8541253
2025-05-17 03:36:50,820 - INFO - Max recompute ratio candidate: relu__116, ratio: 1023918373.8541253
2025-05-17 03:36:50,851 - INFO - Max recompute ratio candidate: convolution_101, ratio: 1023918373.8541253
2025-05-17 03:36:50,879 - INFO - Max recompute ratio candidate: convolution_109, ratio: 1023918373.8541253
2025-05-17 03:36:50,908 - INFO - Max recompute ratio candidate: convolution_115, ratio: 1023918373.8541253
2025-05-17 03:36:50,938 - INFO - Max recompute ratio candidate: relu__35, ratio: 1023918373.8541253
2025-05-17 03:36:50,968 - INFO - Max recompute ratio candidate: relu__79, ratio: 1023918373.8541253
2025-05-17 03:36:50,998 - INFO - Max recompute ratio candidate: relu__53, ratio: 1023918373.8541253
2025-05-17 03:36:51,029 - INFO - Max recompute ratio candidate: convolution_58, ratio: 1023918373.8541253
2025-05-17 03:36:51,058 - INFO - Max recompute ratio candidate: convolution_64, ratio: 1023918373.8541253
2025-05-17 03:36:51,087 - INFO - Max recompute ratio candidate: relu__110, ratio: 1023918373.8541253
2025-05-17 03:36:51,116 - INFO - Max recompute ratio candidate: relu__115, ratio: 1023918373.8541253
2025-05-17 03:36:51,146 - INFO - Max recompute ratio candidate: convolution_121, ratio: 1023918373.8541253
2025-05-17 03:36:51,176 - INFO - Max recompute ratio candidate: convolution_65, ratio: 1023918373.8541253
2025-05-17 03:36:51,205 - INFO - Max recompute ratio candidate: relu__113, ratio: 1023918373.8541253
2025-05-17 03:36:51,236 - INFO - Max recompute ratio candidate: convolution_130, ratio: 1023918373.8541253
2025-05-17 03:36:51,267 - INFO - Max recompute ratio candidate: relu__100, ratio: 1023918373.8541253
2025-05-17 03:36:51,297 - INFO - Max recompute ratio candidate: relu__137, ratio: 1023918373.8541253
2025-05-17 03:36:51,326 - INFO - Max recompute ratio candidate: convolution_59, ratio: 1023918373.8541253
2025-05-17 03:36:51,356 - INFO - Max recompute ratio candidate: relu__122, ratio: 1023918373.8541253
2025-05-17 03:36:51,386 - INFO - Max recompute ratio candidate: convolution_122, ratio: 1023918373.8541253
2025-05-17 03:36:51,416 - INFO - Max recompute ratio candidate: convolution_139, ratio: 1023918373.8541253
2025-05-17 03:36:51,445 - INFO - Max recompute ratio candidate: convolution_83, ratio: 1023918373.8541253
2025-05-17 03:36:51,476 - INFO - Max recompute ratio candidate: relu__74, ratio: 1023918373.8541253
2025-05-17 03:36:51,506 - INFO - Max recompute ratio candidate: convolution_91, ratio: 1023918373.8541253
2025-05-17 03:36:51,536 - INFO - Max recompute ratio candidate: relu__136, ratio: 1023918373.8541253
2025-05-17 03:36:51,566 - INFO - Max recompute ratio candidate: relu__49, ratio: 1023918373.8541253
2025-05-17 03:36:51,595 - INFO - Max recompute ratio candidate: relu__71, ratio: 1023918373.8541253
2025-05-17 03:36:51,625 - INFO - Max recompute ratio candidate: relu__140, ratio: 1023918373.8541253
2025-05-17 03:36:51,655 - INFO - Max recompute ratio candidate: convolution_68, ratio: 1023918373.8541253
2025-05-17 03:36:51,685 - INFO - Max recompute ratio candidate: relu__130, ratio: 1023918373.8541253
2025-05-17 03:36:51,715 - INFO - Max recompute ratio candidate: relu__62, ratio: 1023918373.8541253
2025-05-17 03:36:51,744 - INFO - Max recompute ratio candidate: convolution_55, ratio: 1023918373.8541253
2025-05-17 03:36:51,774 - INFO - Max recompute ratio candidate: relu__68, ratio: 1023918373.8541253
2025-05-17 03:36:51,804 - INFO - Max recompute ratio candidate: convolution_106, ratio: 1023918373.8541253
2025-05-17 03:36:51,836 - INFO - Max recompute ratio candidate: relu__41, ratio: 1023918373.8541253
2025-05-17 03:36:51,867 - INFO - Max recompute ratio candidate: convolution_74, ratio: 1023918373.8541253
2025-05-17 03:36:51,899 - INFO - Max recompute ratio candidate: convolution_77, ratio: 1023918373.8541253
2025-05-17 03:36:51,930 - INFO - Max recompute ratio candidate: relu__89, ratio: 1023918373.8541253
2025-05-17 03:36:51,961 - INFO - Max recompute ratio candidate: relu__56, ratio: 1023918373.8541253
2025-05-17 03:36:51,991 - INFO - Max recompute ratio candidate: relu__133, ratio: 1023918373.8541253
2025-05-17 03:36:52,021 - INFO - Max recompute ratio candidate: relu__127, ratio: 1023918373.8541253
2025-05-17 03:36:52,052 - INFO - Max recompute ratio candidate: relu__139, ratio: 1023918373.8541253
2025-05-17 03:36:52,083 - INFO - Max recompute ratio candidate: convolution_97, ratio: 1023918373.8541253
2025-05-17 03:36:52,114 - INFO - Max recompute ratio candidate: convolution_112, ratio: 1023918373.8541253
2025-05-17 03:36:52,144 - INFO - Max recompute ratio candidate: relu__40, ratio: 1023918373.8541253
2025-05-17 03:36:52,173 - INFO - Max recompute ratio candidate: relu__103, ratio: 1023918373.8541253
2025-05-17 03:36:52,205 - INFO - Max recompute ratio candidate: relu__76, ratio: 1023918373.8541253
2025-05-17 03:36:52,235 - INFO - Max recompute ratio candidate: convolution_85, ratio: 1023918373.8541253
2025-05-17 03:36:52,266 - INFO - Max recompute ratio candidate: relu__104, ratio: 1023918373.8541253
2025-05-17 03:36:52,298 - INFO - Max recompute ratio candidate: convolution_67, ratio: 1023918373.8541253
2025-05-17 03:36:52,329 - INFO - Max recompute ratio candidate: convolution_143, ratio: 1023918373.8541253
2025-05-17 03:36:52,360 - INFO - Max recompute ratio candidate: convolution_95, ratio: 1023918373.8541253
2025-05-17 03:36:52,392 - INFO - Max recompute ratio candidate: relu__64, ratio: 1023918373.8541253
2025-05-17 03:36:52,424 - INFO - Max recompute ratio candidate: convolution_82, ratio: 1023918373.8541253
2025-05-17 03:36:52,453 - INFO - Max recompute ratio candidate: relu__61, ratio: 1023918373.8541253
2025-05-17 03:36:52,483 - INFO - Max recompute ratio candidate: relu__80, ratio: 1023918373.8541253
2025-05-17 03:36:52,514 - INFO - Max recompute ratio candidate: relu__47, ratio: 1023918373.8541253
2025-05-17 03:36:52,543 - INFO - Max recompute ratio candidate: relu__44, ratio: 1023918373.8541253
2025-05-17 03:36:52,574 - INFO - Max recompute ratio candidate: relu__65, ratio: 1023918373.8541253
2025-05-17 03:36:52,603 - INFO - Max recompute ratio candidate: relu__43, ratio: 1023918373.8541253
2025-05-17 03:36:52,633 - INFO - Max recompute ratio candidate: relu__107, ratio: 1023918373.8541253
2025-05-17 03:36:52,664 - INFO - Max recompute ratio candidate: relu__98, ratio: 1023918373.8541253
2025-05-17 03:36:52,694 - INFO - Max recompute ratio candidate: relu__134, ratio: 1023918373.8541253
2025-05-17 03:36:52,724 - INFO - Max recompute ratio candidate: convolution_37, ratio: 1023918373.8541253
2025-05-17 03:36:52,755 - INFO - Max recompute ratio candidate: relu__70, ratio: 1023918373.8541253
2025-05-17 03:36:52,785 - INFO - Max recompute ratio candidate: convolution_92, ratio: 1023918373.8541253
2025-05-17 03:36:52,816 - INFO - Max recompute ratio candidate: convolution_79, ratio: 1023918373.8541253
2025-05-17 03:36:52,844 - INFO - Max recompute ratio candidate: relu__101, ratio: 1023918373.8541253
2025-05-17 03:36:52,874 - INFO - Max recompute ratio candidate: relu__85, ratio: 1023918373.8541253
2025-05-17 03:36:52,903 - INFO - Max recompute ratio candidate: convolution_128, ratio: 1023918373.8541253
2025-05-17 03:36:52,934 - INFO - Max recompute ratio candidate: relu__124, ratio: 1023918373.8541253
2025-05-17 03:36:52,963 - INFO - Max recompute ratio candidate: convolution_134, ratio: 1023918373.8541253
2025-05-17 03:36:52,992 - INFO - Max recompute ratio candidate: relu__94, ratio: 1023918373.8541253
2025-05-17 03:36:53,020 - INFO - Max recompute ratio candidate: relu__82, ratio: 1023918373.8541253
2025-05-17 03:36:53,048 - INFO - Max recompute ratio candidate: convolution_116, ratio: 1023918373.8541253
2025-05-17 03:36:53,077 - INFO - Max recompute ratio candidate: convolution_94, ratio: 1023918373.8541253
2025-05-17 03:36:53,105 - INFO - Max recompute ratio candidate: convolution_133, ratio: 1023918373.8541253
2025-05-17 03:36:53,136 - INFO - Max recompute ratio candidate: relu__67, ratio: 1023918373.8541253
2025-05-17 03:36:53,165 - INFO - Max recompute ratio candidate: convolution_61, ratio: 1023918373.8541253
2025-05-17 03:36:53,194 - INFO - Max recompute ratio candidate: relu__59, ratio: 1023918373.8541253
2025-05-17 03:36:53,223 - INFO - Max recompute ratio candidate: relu__91, ratio: 1023918373.8541253
2025-05-17 03:36:53,252 - INFO - Max recompute ratio candidate: convolution_110, ratio: 1023918373.8541253
2025-05-17 03:36:53,283 - INFO - Max recompute ratio candidate: convolution_41, ratio: 1023918373.8541253
2025-05-17 03:36:53,313 - INFO - Max recompute ratio candidate: relu__73, ratio: 1023918373.8541253
2025-05-17 03:36:53,342 - INFO - Max recompute ratio candidate: convolution_119, ratio: 1023918373.8541253
2025-05-17 03:36:53,373 - INFO - Max recompute ratio candidate: convolution_88, ratio: 1023918373.8541253
2025-05-17 03:36:53,401 - INFO - Max recompute ratio candidate: convolution_118, ratio: 1023918373.8541253
2025-05-17 03:36:53,432 - INFO - Max recompute ratio candidate: convolution_70, ratio: 1023918373.8541253
2025-05-17 03:36:53,461 - INFO - Max recompute ratio candidate: convolution_142, ratio: 1023918373.8541253
2025-05-17 03:36:53,491 - INFO - Max recompute ratio candidate: convolution_76, ratio: 1023918373.8541253
2025-05-17 03:36:53,522 - INFO - Max recompute ratio candidate: convolution_125, ratio: 1023918373.8541253
2025-05-17 03:36:53,553 - INFO - Max recompute ratio candidate: t, ratio: 1023872015.9980003
2025-05-17 03:36:53,582 - INFO - Max recompute ratio candidate: relu__145, ratio: 1023836760.7205484
2025-05-17 03:36:53,611 - INFO - Max recompute ratio candidate: relu__146, ratio: 1023836760.7205484
2025-05-17 03:36:53,640 - INFO - Max recompute ratio candidate: relu__143, ratio: 1023836760.7205484
2025-05-17 03:36:53,669 - INFO - Max recompute ratio candidate: convolution_146, ratio: 1023836760.7205484
2025-05-17 03:36:53,699 - INFO - Max recompute ratio candidate: convolution_152, ratio: 1023836760.7205484
2025-05-17 03:36:53,728 - INFO - Max recompute ratio candidate: convolution_150, ratio: 1023836760.7205484
2025-05-17 03:36:53,757 - INFO - Max recompute ratio candidate: convolution_153, ratio: 1023836760.7205484
2025-05-17 03:36:53,786 - INFO - Max recompute ratio candidate: relu__149, ratio: 1023836760.7205484
2025-05-17 03:36:53,816 - INFO - Max recompute ratio candidate: relu__148, ratio: 1023836760.7205484
2025-05-17 03:36:53,845 - INFO - Max recompute ratio candidate: convolution_149, ratio: 1023836760.7205484
2025-05-17 03:36:53,874 - INFO - Max recompute ratio candidate: view, ratio: 1022003898.6354775
2025-05-17 03:36:53,904 - INFO - Max recompute ratio candidate: getitem_592, ratio: 910222222.2222222
2025-05-17 03:36:53,933 - INFO - Max recompute ratio candidate: getitem_619, ratio: 910222222.2222222
2025-05-17 03:36:53,962 - INFO - Max recompute ratio candidate: getitem_608, ratio: 910222222.2222222
2025-05-17 03:36:53,992 - INFO - Max recompute ratio candidate: getitem_607, ratio: 910222222.2222222
2025-05-17 03:36:54,021 - INFO - Max recompute ratio candidate: getitem_596, ratio: 910222222.2222222
2025-05-17 03:36:54,050 - INFO - Max recompute ratio candidate: getitem_591, ratio: 910222222.2222222
2025-05-17 03:36:54,079 - INFO - Max recompute ratio candidate: getitem_595, ratio: 910222222.2222222
2025-05-17 03:36:54,109 - INFO - Max recompute ratio candidate: getitem_620, ratio: 910222222.2222222
2025-05-17 03:36:54,137 - INFO - Max recompute ratio candidate: getitem_555, ratio: 819200000.0000001
2025-05-17 03:36:54,165 - INFO - Max recompute ratio candidate: getitem_543, ratio: 819200000.0000001
2025-05-17 03:36:54,195 - INFO - Max recompute ratio candidate: getitem_339, ratio: 819200000.0000001
2025-05-17 03:36:54,224 - INFO - Max recompute ratio candidate: getitem_400, ratio: 819200000.0000001
2025-05-17 03:36:54,253 - INFO - Max recompute ratio candidate: getitem_268, ratio: 819200000.0000001
2025-05-17 03:36:54,282 - INFO - Max recompute ratio candidate: getitem_399, ratio: 819200000.0000001
2025-05-17 03:36:54,310 - INFO - Max recompute ratio candidate: getitem_519, ratio: 819200000.0000001
2025-05-17 03:36:54,339 - INFO - Max recompute ratio candidate: getitem_159, ratio: 819200000.0000001
2025-05-17 03:36:54,367 - INFO - Max recompute ratio candidate: getitem_579, ratio: 819200000.0000001
2025-05-17 03:36:54,397 - INFO - Max recompute ratio candidate: getitem_156, ratio: 819200000.0000001
2025-05-17 03:36:54,426 - INFO - Max recompute ratio candidate: getitem_292, ratio: 819200000.0000001
2025-05-17 03:36:54,455 - INFO - Max recompute ratio candidate: getitem_291, ratio: 819200000.0000001
2025-05-17 03:36:54,484 - INFO - Max recompute ratio candidate: getitem_316, ratio: 819200000.0000001
2025-05-17 03:36:54,512 - INFO - Max recompute ratio candidate: getitem_472, ratio: 819200000.0000001
2025-05-17 03:36:54,540 - INFO - Max recompute ratio candidate: getitem_280, ratio: 819200000.0000001
2025-05-17 03:36:54,571 - INFO - Max recompute ratio candidate: getitem_483, ratio: 819200000.0000001
2025-05-17 03:36:54,599 - INFO - Max recompute ratio candidate: getitem_447, ratio: 819200000.0000001
2025-05-17 03:36:54,628 - INFO - Max recompute ratio candidate: getitem_267, ratio: 819200000.0000001
2025-05-17 03:36:54,658 - INFO - Max recompute ratio candidate: getitem_351, ratio: 819200000.0000001
2025-05-17 03:36:54,687 - INFO - Max recompute ratio candidate: getitem_388, ratio: 819200000.0000001
2025-05-17 03:36:54,716 - INFO - Max recompute ratio candidate: getitem_160, ratio: 819200000.0000001
2025-05-17 03:36:54,746 - INFO - Max recompute ratio candidate: getitem_495, ratio: 819200000.0000001
2025-05-17 03:36:54,775 - INFO - Max recompute ratio candidate: getitem_471, ratio: 819200000.0000001
2025-05-17 03:36:54,805 - INFO - Max recompute ratio candidate: getitem_375, ratio: 819200000.0000001
2025-05-17 03:36:54,834 - INFO - Max recompute ratio candidate: getitem_423, ratio: 819200000.0000001
2025-05-17 03:36:54,863 - INFO - Max recompute ratio candidate: getitem_340, ratio: 819200000.0000001
2025-05-17 03:36:54,892 - INFO - Max recompute ratio candidate: getitem_171, ratio: 819200000.0000001
2025-05-17 03:36:54,923 - INFO - Max recompute ratio candidate: getitem_231, ratio: 819200000.0000001
2025-05-17 03:36:54,951 - INFO - Max recompute ratio candidate: getitem_387, ratio: 819200000.0000001
2025-05-17 03:36:54,981 - INFO - Max recompute ratio candidate: getitem_412, ratio: 819200000.0000001
2025-05-17 03:36:55,010 - INFO - Max recompute ratio candidate: getitem_496, ratio: 819200000.0000001
2025-05-17 03:36:55,040 - INFO - Max recompute ratio candidate: getitem_303, ratio: 819200000.0000001
2025-05-17 03:36:55,068 - INFO - Max recompute ratio candidate: getitem_352, ratio: 819200000.0000001
2025-05-17 03:36:55,097 - INFO - Max recompute ratio candidate: getitem_232, ratio: 819200000.0000001
2025-05-17 03:36:55,126 - INFO - Max recompute ratio candidate: getitem_544, ratio: 819200000.0000001
2025-05-17 03:36:55,155 - INFO - Max recompute ratio candidate: getitem_304, ratio: 819200000.0000001
2025-05-17 03:36:55,183 - INFO - Max recompute ratio candidate: getitem_580, ratio: 819200000.0000001
2025-05-17 03:36:55,213 - INFO - Max recompute ratio candidate: getitem_172, ratio: 819200000.0000001
2025-05-17 03:36:55,243 - INFO - Max recompute ratio candidate: getitem_255, ratio: 819200000.0000001
2025-05-17 03:36:55,272 - INFO - Max recompute ratio candidate: getitem_484, ratio: 819200000.0000001
2025-05-17 03:36:55,301 - INFO - Max recompute ratio candidate: getitem_567, ratio: 819200000.0000001
2025-05-17 03:36:55,330 - INFO - Max recompute ratio candidate: getitem_531, ratio: 819200000.0000001
2025-05-17 03:36:55,358 - INFO - Max recompute ratio candidate: getitem_520, ratio: 819200000.0000001
2025-05-17 03:36:55,387 - INFO - Max recompute ratio candidate: getitem_155, ratio: 819200000.0000001
2025-05-17 03:36:55,417 - INFO - Max recompute ratio candidate: getitem_435, ratio: 819200000.0000001
2025-05-17 03:36:55,447 - INFO - Max recompute ratio candidate: getitem_436, ratio: 819200000.0000001
2025-05-17 03:36:55,477 - INFO - Max recompute ratio candidate: getitem_244, ratio: 819200000.0000001
2025-05-17 03:36:55,506 - INFO - Max recompute ratio candidate: getitem_207, ratio: 819200000.0000001
2025-05-17 03:36:55,535 - INFO - Max recompute ratio candidate: getitem_196, ratio: 819200000.0000001
2025-05-17 03:36:55,564 - INFO - Max recompute ratio candidate: getitem_556, ratio: 819200000.0000001
2025-05-17 03:36:55,593 - INFO - Max recompute ratio candidate: getitem_532, ratio: 819200000.0000001
2025-05-17 03:36:55,623 - INFO - Max recompute ratio candidate: getitem_243, ratio: 819200000.0000001
2025-05-17 03:36:55,651 - INFO - Max recompute ratio candidate: getitem_508, ratio: 819200000.0000001
2025-05-17 03:36:55,681 - INFO - Max recompute ratio candidate: getitem_568, ratio: 819200000.0000001
2025-05-17 03:36:55,711 - INFO - Max recompute ratio candidate: getitem_279, ratio: 819200000.0000001
2025-05-17 03:36:55,743 - INFO - Max recompute ratio candidate: getitem_376, ratio: 819200000.0000001
2025-05-17 03:36:55,773 - INFO - Max recompute ratio candidate: getitem_208, ratio: 819200000.0000001
2025-05-17 03:36:55,802 - INFO - Max recompute ratio candidate: getitem_315, ratio: 819200000.0000001
2025-05-17 03:36:55,831 - INFO - Max recompute ratio candidate: getitem_328, ratio: 819200000.0000001
2025-05-17 03:36:55,859 - INFO - Max recompute ratio candidate: getitem_195, ratio: 819200000.0000001
2025-05-17 03:36:55,888 - INFO - Max recompute ratio candidate: getitem_364, ratio: 819200000.0000001
2025-05-17 03:36:55,917 - INFO - Max recompute ratio candidate: getitem_460, ratio: 819200000.0000001
2025-05-17 03:36:55,946 - INFO - Max recompute ratio candidate: getitem_220, ratio: 819200000.0000001
2025-05-17 03:36:55,975 - INFO - Max recompute ratio candidate: getitem_507, ratio: 819200000.0000001
2025-05-17 03:36:56,003 - INFO - Max recompute ratio candidate: getitem_459, ratio: 819200000.0000001
2025-05-17 03:36:56,031 - INFO - Max recompute ratio candidate: getitem_183, ratio: 819200000.0000001
2025-05-17 03:36:56,059 - INFO - Max recompute ratio candidate: getitem_327, ratio: 819200000.0000001
2025-05-17 03:36:56,089 - INFO - Max recompute ratio candidate: getitem_184, ratio: 819200000.0000001
2025-05-17 03:36:56,118 - INFO - Max recompute ratio candidate: getitem_219, ratio: 819200000.0000001
2025-05-17 03:36:56,148 - INFO - Max recompute ratio candidate: getitem_448, ratio: 819200000.0000001
2025-05-17 03:36:56,176 - INFO - Max recompute ratio candidate: getitem_424, ratio: 819200000.0000001
2025-05-17 03:36:56,205 - INFO - Max recompute ratio candidate: getitem_363, ratio: 819200000.0000001
2025-05-17 03:36:56,234 - INFO - Max recompute ratio candidate: getitem_411, ratio: 819200000.0000001
2025-05-17 03:36:56,263 - INFO - Max recompute ratio candidate: getitem_256, ratio: 819200000.0000001
2025-05-17 03:36:56,291 - INFO - Max recompute ratio candidate: getitem_583, ratio: 682666666.6666666
2025-05-17 03:36:56,320 - INFO - Max recompute ratio candidate: getitem_108, ratio: 682666666.6666666
2025-05-17 03:36:56,348 - INFO - Max recompute ratio candidate: getitem_60, ratio: 682666666.6666666
2025-05-17 03:36:56,376 - INFO - Max recompute ratio candidate: getitem_599, ratio: 682666666.6666666
2025-05-17 03:36:56,406 - INFO - Max recompute ratio candidate: getitem_600, ratio: 682666666.6666666
2025-05-17 03:36:56,434 - INFO - Max recompute ratio candidate: getitem_95, ratio: 682666666.6666666
2025-05-17 03:36:56,461 - INFO - Max recompute ratio candidate: getitem_71, ratio: 682666666.6666666
2025-05-17 03:36:56,492 - INFO - Max recompute ratio candidate: getitem_83, ratio: 682666666.6666666
2025-05-17 03:36:56,520 - INFO - Max recompute ratio candidate: getitem_55, ratio: 682666666.6666666
2025-05-17 03:36:56,548 - INFO - Max recompute ratio candidate: getitem_616, ratio: 682666666.6666666
2025-05-17 03:36:56,577 - INFO - Max recompute ratio candidate: getitem_59, ratio: 682666666.6666666
2025-05-17 03:36:56,606 - INFO - Max recompute ratio candidate: getitem_120, ratio: 682666666.6666666
2025-05-17 03:36:56,634 - INFO - Max recompute ratio candidate: getitem_588, ratio: 682666666.6666666
2025-05-17 03:36:56,662 - INFO - Max recompute ratio candidate: getitem_615, ratio: 682666666.6666666
2025-05-17 03:36:56,691 - INFO - Max recompute ratio candidate: getitem_72, ratio: 682666666.6666666
2025-05-17 03:36:56,720 - INFO - Max recompute ratio candidate: getitem_84, ratio: 682666666.6666666
2025-05-17 03:36:56,749 - INFO - Max recompute ratio candidate: getitem_56, ratio: 682666666.6666666
2025-05-17 03:36:56,777 - INFO - Max recompute ratio candidate: getitem_584, ratio: 682666666.6666666
2025-05-17 03:36:56,807 - INFO - Max recompute ratio candidate: getitem_612, ratio: 682666666.6666666
2025-05-17 03:36:56,836 - INFO - Max recompute ratio candidate: getitem_144, ratio: 682666666.6666666
2025-05-17 03:36:56,863 - INFO - Max recompute ratio candidate: getitem_107, ratio: 682666666.6666666
2025-05-17 03:36:56,892 - INFO - Max recompute ratio candidate: getitem_119, ratio: 682666666.6666666
2025-05-17 03:36:56,921 - INFO - Max recompute ratio candidate: getitem_603, ratio: 682666666.6666666
2025-05-17 03:36:56,948 - INFO - Max recompute ratio candidate: getitem_132, ratio: 682666666.6666666
2025-05-17 03:36:56,976 - INFO - Max recompute ratio candidate: getitem_587, ratio: 682666666.6666666
2025-05-17 03:36:57,005 - INFO - Max recompute ratio candidate: getitem_143, ratio: 682666666.6666666
2025-05-17 03:36:57,033 - INFO - Max recompute ratio candidate: getitem_604, ratio: 682666666.6666666
2025-05-17 03:36:57,061 - INFO - Max recompute ratio candidate: getitem_611, ratio: 682666666.6666666
2025-05-17 03:36:57,089 - INFO - Max recompute ratio candidate: getitem_96, ratio: 682666666.6666666
2025-05-17 03:36:57,116 - INFO - Max recompute ratio candidate: getitem_131, ratio: 682666666.6666666
2025-05-17 03:36:57,144 - INFO - Max recompute ratio candidate: getitem_32, ratio: 512000000.0
2025-05-17 03:36:57,173 - INFO - Max recompute ratio candidate: getitem_151, ratio: 512000000.0
2025-05-17 03:36:57,200 - INFO - Max recompute ratio candidate: getitem_187, ratio: 512000000.0
2025-05-17 03:36:57,227 - INFO - Max recompute ratio candidate: getitem_331, ratio: 512000000.0
2025-05-17 03:36:57,254 - INFO - Max recompute ratio candidate: getitem_415, ratio: 512000000.0
2025-05-17 03:36:57,283 - INFO - Max recompute ratio candidate: getitem_431, ratio: 512000000.0
2025-05-17 03:36:57,310 - INFO - Max recompute ratio candidate: getitem_191, ratio: 512000000.0
2025-05-17 03:36:57,338 - INFO - Max recompute ratio candidate: getitem_452, ratio: 512000000.0
2025-05-17 03:36:57,366 - INFO - Max recompute ratio candidate: getitem_407, ratio: 512000000.0
2025-05-17 03:36:57,395 - INFO - Max recompute ratio candidate: getitem_348, ratio: 512000000.0
2025-05-17 03:36:57,424 - INFO - Max recompute ratio candidate: getitem_240, ratio: 512000000.0
2025-05-17 03:36:57,452 - INFO - Max recompute ratio candidate: getitem_323, ratio: 512000000.0
2025-05-17 03:36:57,481 - INFO - Max recompute ratio candidate: getitem_200, ratio: 512000000.0
2025-05-17 03:36:57,508 - INFO - Max recompute ratio candidate: getitem_271, ratio: 512000000.0
2025-05-17 03:36:57,536 - INFO - Max recompute ratio candidate: getitem_476, ratio: 512000000.0
2025-05-17 03:36:57,562 - INFO - Max recompute ratio candidate: getitem_564, ratio: 512000000.0
2025-05-17 03:36:57,590 - INFO - Max recompute ratio candidate: getitem_395, ratio: 512000000.0
2025-05-17 03:36:57,617 - INFO - Max recompute ratio candidate: getitem_152, ratio: 512000000.0
2025-05-17 03:36:57,644 - INFO - Max recompute ratio candidate: getitem_276, ratio: 512000000.0
2025-05-17 03:36:57,672 - INFO - Max recompute ratio candidate: getitem_548, ratio: 512000000.0
2025-05-17 03:36:57,699 - INFO - Max recompute ratio candidate: getitem_391, ratio: 512000000.0
2025-05-17 03:36:57,727 - INFO - Max recompute ratio candidate: getitem_167, ratio: 512000000.0
2025-05-17 03:36:57,754 - INFO - Max recompute ratio candidate: getitem_212, ratio: 512000000.0
2025-05-17 03:36:57,782 - INFO - Max recompute ratio candidate: getitem_416, ratio: 512000000.0
2025-05-17 03:36:57,809 - INFO - Max recompute ratio candidate: getitem_480, ratio: 512000000.0
2025-05-17 03:36:57,836 - INFO - Max recompute ratio candidate: getitem_260, ratio: 512000000.0
2025-05-17 03:36:57,863 - INFO - Max recompute ratio candidate: getitem_296, ratio: 512000000.0
2025-05-17 03:36:57,891 - INFO - Max recompute ratio candidate: getitem_19, ratio: 512000000.0
2025-05-17 03:36:57,919 - INFO - Max recompute ratio candidate: getitem_215, ratio: 512000000.0
2025-05-17 03:36:57,947 - INFO - Max recompute ratio candidate: getitem_31, ratio: 512000000.0
2025-05-17 03:36:57,976 - INFO - Max recompute ratio candidate: getitem_272, ratio: 512000000.0
2025-05-17 03:36:58,003 - INFO - Max recompute ratio candidate: getitem_475, ratio: 512000000.0
2025-05-17 03:36:58,031 - INFO - Max recompute ratio candidate: getitem_335, ratio: 512000000.0
2025-05-17 03:36:58,060 - INFO - Max recompute ratio candidate: getitem_180, ratio: 512000000.0
2025-05-17 03:36:58,088 - INFO - Max recompute ratio candidate: getitem_311, ratio: 512000000.0
2025-05-17 03:36:58,116 - INFO - Max recompute ratio candidate: getitem_176, ratio: 512000000.0
2025-05-17 03:36:58,144 - INFO - Max recompute ratio candidate: getitem_179, ratio: 512000000.0
2025-05-17 03:36:58,172 - INFO - Max recompute ratio candidate: getitem_43, ratio: 512000000.0
2025-05-17 03:36:58,199 - INFO - Max recompute ratio candidate: getitem_511, ratio: 512000000.0
2025-05-17 03:36:58,227 - INFO - Max recompute ratio candidate: getitem_384, ratio: 512000000.0
2025-05-17 03:36:58,255 - INFO - Max recompute ratio candidate: getitem_263, ratio: 512000000.0
2025-05-17 03:36:58,285 - INFO - Max recompute ratio candidate: getitem_288, ratio: 512000000.0
2025-05-17 03:36:58,313 - INFO - Max recompute ratio candidate: getitem_347, ratio: 512000000.0
2025-05-17 03:36:58,340 - INFO - Max recompute ratio candidate: getitem_312, ratio: 512000000.0
2025-05-17 03:36:58,368 - INFO - Max recompute ratio candidate: getitem_368, ratio: 512000000.0
2025-05-17 03:36:58,396 - INFO - Max recompute ratio candidate: getitem_319, ratio: 512000000.0
2025-05-17 03:36:58,425 - INFO - Max recompute ratio candidate: getitem_575, ratio: 512000000.0
2025-05-17 03:36:58,453 - INFO - Max recompute ratio candidate: getitem_287, ratio: 512000000.0
2025-05-17 03:36:58,481 - INFO - Max recompute ratio candidate: getitem_295, ratio: 512000000.0
2025-05-17 03:36:58,508 - INFO - Max recompute ratio candidate: getitem_504, ratio: 512000000.0
2025-05-17 03:36:58,536 - INFO - Max recompute ratio candidate: getitem_211, ratio: 512000000.0
2025-05-17 03:36:58,565 - INFO - Max recompute ratio candidate: getitem_439, ratio: 512000000.0
2025-05-17 03:36:58,593 - INFO - Max recompute ratio candidate: getitem_456, ratio: 512000000.0
2025-05-17 03:36:58,621 - INFO - Max recompute ratio candidate: getitem_275, ratio: 512000000.0
2025-05-17 03:36:58,649 - INFO - Max recompute ratio candidate: getitem_404, ratio: 512000000.0
2025-05-17 03:36:58,678 - INFO - Max recompute ratio candidate: getitem_204, ratio: 512000000.0
2025-05-17 03:36:58,707 - INFO - Max recompute ratio candidate: getitem_464, ratio: 512000000.0
2025-05-17 03:36:58,735 - INFO - Max recompute ratio candidate: getitem_264, ratio: 512000000.0
2025-05-17 03:36:58,764 - INFO - Max recompute ratio candidate: getitem_283, ratio: 512000000.0
2025-05-17 03:36:58,791 - INFO - Max recompute ratio candidate: getitem_527, ratio: 512000000.0
2025-05-17 03:36:58,820 - INFO - Max recompute ratio candidate: getitem_223, ratio: 512000000.0
2025-05-17 03:36:58,849 - INFO - Max recompute ratio candidate: getitem_551, ratio: 512000000.0
2025-05-17 03:36:58,878 - INFO - Max recompute ratio candidate: getitem_455, ratio: 512000000.0
2025-05-17 03:36:58,906 - INFO - Max recompute ratio candidate: getitem_540, ratio: 512000000.0
2025-05-17 03:36:58,934 - INFO - Max recompute ratio candidate: getitem_372, ratio: 512000000.0
2025-05-17 03:36:58,962 - INFO - Max recompute ratio candidate: getitem_503, ratio: 512000000.0
2025-05-17 03:36:58,990 - INFO - Max recompute ratio candidate: getitem_492, ratio: 512000000.0
2025-05-17 03:36:59,017 - INFO - Max recompute ratio candidate: getitem_44, ratio: 512000000.0
2025-05-17 03:36:59,045 - INFO - Max recompute ratio candidate: getitem_444, ratio: 512000000.0
2025-05-17 03:36:59,073 - INFO - Max recompute ratio candidate: getitem_420, ratio: 512000000.0
2025-05-17 03:36:59,100 - INFO - Max recompute ratio candidate: getitem_408, ratio: 512000000.0
2025-05-17 03:36:59,128 - INFO - Max recompute ratio candidate: getitem_535, ratio: 512000000.0
2025-05-17 03:36:59,156 - INFO - Max recompute ratio candidate: getitem_235, ratio: 512000000.0
2025-05-17 03:36:59,184 - INFO - Max recompute ratio candidate: getitem_443, ratio: 512000000.0
2025-05-17 03:36:59,212 - INFO - Max recompute ratio candidate: getitem_148, ratio: 512000000.0
2025-05-17 03:36:59,239 - INFO - Max recompute ratio candidate: getitem_576, ratio: 512000000.0
2025-05-17 03:36:59,267 - INFO - Max recompute ratio candidate: getitem_380, ratio: 512000000.0
2025-05-17 03:36:59,295 - INFO - Max recompute ratio candidate: getitem_360, ratio: 512000000.0
2025-05-17 03:36:59,323 - INFO - Max recompute ratio candidate: getitem_479, ratio: 512000000.0
2025-05-17 03:36:59,351 - INFO - Max recompute ratio candidate: getitem_320, ratio: 512000000.0
2025-05-17 03:36:59,378 - INFO - Max recompute ratio candidate: getitem_523, ratio: 512000000.0
2025-05-17 03:36:59,405 - INFO - Max recompute ratio candidate: getitem_571, ratio: 512000000.0
2025-05-17 03:36:59,433 - INFO - Max recompute ratio candidate: getitem_175, ratio: 512000000.0
2025-05-17 03:36:59,460 - INFO - Max recompute ratio candidate: getitem_188, ratio: 512000000.0
2025-05-17 03:36:59,487 - INFO - Max recompute ratio candidate: getitem_307, ratio: 512000000.0
2025-05-17 03:36:59,515 - INFO - Max recompute ratio candidate: getitem_199, ratio: 512000000.0
2025-05-17 03:36:59,542 - INFO - Max recompute ratio candidate: getitem_251, ratio: 512000000.0
2025-05-17 03:36:59,570 - INFO - Max recompute ratio candidate: getitem_236, ratio: 512000000.0
2025-05-17 03:36:59,597 - INFO - Max recompute ratio candidate: getitem_356, ratio: 512000000.0
2025-05-17 03:36:59,624 - INFO - Max recompute ratio candidate: getitem_147, ratio: 512000000.0
2025-05-17 03:36:59,652 - INFO - Max recompute ratio candidate: getitem_164, ratio: 512000000.0
2025-05-17 03:36:59,680 - INFO - Max recompute ratio candidate: getitem_560, ratio: 512000000.0
2025-05-17 03:36:59,708 - INFO - Max recompute ratio candidate: getitem_559, ratio: 512000000.0
2025-05-17 03:36:59,735 - INFO - Max recompute ratio candidate: getitem_332, ratio: 512000000.0
2025-05-17 03:36:59,763 - INFO - Max recompute ratio candidate: getitem_379, ratio: 512000000.0
2025-05-17 03:36:59,791 - INFO - Max recompute ratio candidate: getitem_203, ratio: 512000000.0
2025-05-17 03:36:59,818 - INFO - Max recompute ratio candidate: getitem_547, ratio: 512000000.0
2025-05-17 03:36:59,846 - INFO - Max recompute ratio candidate: getitem_499, ratio: 512000000.0
2025-05-17 03:36:59,875 - INFO - Max recompute ratio candidate: getitem_539, ratio: 512000000.0
2025-05-17 03:36:59,902 - INFO - Max recompute ratio candidate: getitem_552, ratio: 512000000.0
2025-05-17 03:36:59,930 - INFO - Max recompute ratio candidate: getitem_451, ratio: 512000000.0
2025-05-17 03:36:59,956 - INFO - Max recompute ratio candidate: getitem_367, ratio: 512000000.0
2025-05-17 03:36:59,983 - INFO - Max recompute ratio candidate: getitem_515, ratio: 512000000.0
2025-05-17 03:37:00,012 - INFO - Max recompute ratio candidate: getitem_168, ratio: 512000000.0
2025-05-17 03:37:00,038 - INFO - Max recompute ratio candidate: getitem_488, ratio: 512000000.0
2025-05-17 03:37:00,072 - INFO - Max recompute ratio candidate: getitem_239, ratio: 512000000.0
2025-05-17 03:37:00,099 - INFO - Max recompute ratio candidate: getitem_428, ratio: 512000000.0
2025-05-17 03:37:00,126 - INFO - Max recompute ratio candidate: getitem_343, ratio: 512000000.0
2025-05-17 03:37:00,153 - INFO - Max recompute ratio candidate: getitem_536, ratio: 512000000.0
2025-05-17 03:37:00,181 - INFO - Max recompute ratio candidate: getitem_491, ratio: 512000000.0
2025-05-17 03:37:00,208 - INFO - Max recompute ratio candidate: getitem_228, ratio: 512000000.0
2025-05-17 03:37:00,237 - INFO - Max recompute ratio candidate: getitem_392, ratio: 512000000.0
2025-05-17 03:37:00,264 - INFO - Max recompute ratio candidate: getitem_467, ratio: 512000000.0
2025-05-17 03:37:00,292 - INFO - Max recompute ratio candidate: getitem_336, ratio: 512000000.0
2025-05-17 03:37:00,319 - INFO - Max recompute ratio candidate: getitem_248, ratio: 512000000.0
2025-05-17 03:37:00,346 - INFO - Max recompute ratio candidate: getitem_572, ratio: 512000000.0
2025-05-17 03:37:00,374 - INFO - Max recompute ratio candidate: getitem_419, ratio: 512000000.0
2025-05-17 03:37:00,402 - INFO - Max recompute ratio candidate: getitem_300, ratio: 512000000.0
2025-05-17 03:37:00,430 - INFO - Max recompute ratio candidate: getitem_528, ratio: 512000000.0
2025-05-17 03:37:00,458 - INFO - Max recompute ratio candidate: getitem_324, ratio: 512000000.0
2025-05-17 03:37:00,486 - INFO - Max recompute ratio candidate: getitem_227, ratio: 512000000.0
2025-05-17 03:37:00,513 - INFO - Max recompute ratio candidate: getitem_20, ratio: 512000000.0
2025-05-17 03:37:00,541 - INFO - Max recompute ratio candidate: getitem_284, ratio: 512000000.0
2025-05-17 03:37:00,568 - INFO - Max recompute ratio candidate: getitem_371, ratio: 512000000.0
2025-05-17 03:37:00,595 - INFO - Max recompute ratio candidate: getitem_440, ratio: 512000000.0
2025-05-17 03:37:00,625 - INFO - Max recompute ratio candidate: getitem_192, ratio: 512000000.0
2025-05-17 03:37:00,652 - INFO - Max recompute ratio candidate: getitem_15, ratio: 512000000.0
2025-05-17 03:37:00,680 - INFO - Max recompute ratio candidate: getitem_299, ratio: 512000000.0
2025-05-17 03:37:00,708 - INFO - Max recompute ratio candidate: getitem_224, ratio: 512000000.0
2025-05-17 03:37:00,737 - INFO - Max recompute ratio candidate: getitem_247, ratio: 512000000.0
2025-05-17 03:37:00,765 - INFO - Max recompute ratio candidate: getitem_432, ratio: 512000000.0
2025-05-17 03:37:00,792 - INFO - Max recompute ratio candidate: getitem_216, ratio: 512000000.0
2025-05-17 03:37:00,820 - INFO - Max recompute ratio candidate: getitem_259, ratio: 512000000.0
2025-05-17 03:37:00,850 - INFO - Max recompute ratio candidate: getitem_524, ratio: 512000000.0
2025-05-17 03:37:00,877 - INFO - Max recompute ratio candidate: getitem_563, ratio: 512000000.0
2025-05-17 03:37:00,905 - INFO - Max recompute ratio candidate: getitem_308, ratio: 512000000.0
2025-05-17 03:37:00,932 - INFO - Max recompute ratio candidate: getitem_516, ratio: 512000000.0
2025-05-17 03:37:00,960 - INFO - Max recompute ratio candidate: getitem_355, ratio: 512000000.0
2025-05-17 03:37:00,988 - INFO - Max recompute ratio candidate: getitem_163, ratio: 512000000.0
2025-05-17 03:37:01,015 - INFO - Max recompute ratio candidate: getitem_500, ratio: 512000000.0
2025-05-17 03:37:01,042 - INFO - Max recompute ratio candidate: getitem_252, ratio: 512000000.0
2025-05-17 03:37:01,068 - INFO - Max recompute ratio candidate: getitem_359, ratio: 512000000.0
2025-05-17 03:37:01,096 - INFO - Max recompute ratio candidate: getitem_16, ratio: 512000000.0
2025-05-17 03:37:01,123 - INFO - Max recompute ratio candidate: getitem_427, ratio: 512000000.0
2025-05-17 03:37:01,150 - INFO - Max recompute ratio candidate: getitem_463, ratio: 512000000.0
2025-05-17 03:37:01,177 - INFO - Max recompute ratio candidate: getitem_468, ratio: 512000000.0
2025-05-17 03:37:01,204 - INFO - Max recompute ratio candidate: getitem_344, ratio: 512000000.0
2025-05-17 03:37:01,232 - INFO - Max recompute ratio candidate: getitem_396, ratio: 512000000.0
2025-05-17 03:37:01,259 - INFO - Max recompute ratio candidate: getitem_512, ratio: 512000000.0
2025-05-17 03:37:01,286 - INFO - Max recompute ratio candidate: getitem_487, ratio: 512000000.0
2025-05-17 03:37:01,314 - INFO - Max recompute ratio candidate: getitem_403, ratio: 512000000.0
2025-05-17 03:37:01,341 - INFO - Max recompute ratio candidate: getitem_383, ratio: 512000000.0
2025-05-17 03:37:01,368 - INFO - Max recompute ratio candidate: getitem_51, ratio: 256000000.0
2025-05-17 03:37:01,395 - INFO - Max recompute ratio candidate: getitem_135, ratio: 256000000.0
2025-05-17 03:37:01,424 - INFO - Max recompute ratio candidate: getitem_116, ratio: 256000000.0
2025-05-17 03:37:01,451 - INFO - Max recompute ratio candidate: getitem_79, ratio: 256000000.0
2025-05-17 03:37:01,478 - INFO - Max recompute ratio candidate: getitem_48, ratio: 256000000.0
2025-05-17 03:37:01,505 - INFO - Max recompute ratio candidate: getitem_104, ratio: 256000000.0
2025-05-17 03:37:01,532 - INFO - Max recompute ratio candidate: getitem_52, ratio: 256000000.0
2025-05-17 03:37:01,560 - INFO - Max recompute ratio candidate: getitem_87, ratio: 256000000.0
2025-05-17 03:37:01,590 - INFO - Max recompute ratio candidate: getitem_140, ratio: 256000000.0
2025-05-17 03:37:01,616 - INFO - Max recompute ratio candidate: getitem_123, ratio: 256000000.0
2025-05-17 03:37:01,643 - INFO - Max recompute ratio candidate: getitem_127, ratio: 256000000.0
2025-05-17 03:37:01,671 - INFO - Max recompute ratio candidate: getitem_99, ratio: 256000000.0
2025-05-17 03:37:01,701 - INFO - Max recompute ratio candidate: getitem_100, ratio: 256000000.0
2025-05-17 03:37:01,728 - INFO - Max recompute ratio candidate: getitem_128, ratio: 256000000.0
2025-05-17 03:37:01,755 - INFO - Max recompute ratio candidate: getitem_115, ratio: 256000000.0
2025-05-17 03:37:01,781 - INFO - Max recompute ratio candidate: getitem_67, ratio: 256000000.0
2025-05-17 03:37:01,809 - INFO - Max recompute ratio candidate: getitem_68, ratio: 256000000.0
2025-05-17 03:37:01,837 - INFO - Max recompute ratio candidate: getitem_139, ratio: 256000000.0
2025-05-17 03:37:01,863 - INFO - Max recompute ratio candidate: getitem_47, ratio: 256000000.0
2025-05-17 03:37:01,889 - INFO - Max recompute ratio candidate: getitem_92, ratio: 256000000.0
2025-05-17 03:37:01,916 - INFO - Max recompute ratio candidate: getitem_76, ratio: 256000000.0
2025-05-17 03:37:01,943 - INFO - Max recompute ratio candidate: getitem_75, ratio: 256000000.0
2025-05-17 03:37:01,970 - INFO - Max recompute ratio candidate: getitem_136, ratio: 256000000.0
2025-05-17 03:37:01,997 - INFO - Max recompute ratio candidate: getitem_111, ratio: 256000000.0
2025-05-17 03:37:02,024 - INFO - Max recompute ratio candidate: getitem_63, ratio: 256000000.0
2025-05-17 03:37:02,051 - INFO - Max recompute ratio candidate: getitem_80, ratio: 256000000.0
2025-05-17 03:37:02,080 - INFO - Max recompute ratio candidate: getitem_64, ratio: 256000000.0
2025-05-17 03:37:02,107 - INFO - Max recompute ratio candidate: getitem_88, ratio: 256000000.0
2025-05-17 03:37:02,134 - INFO - Max recompute ratio candidate: getitem_103, ratio: 256000000.0
2025-05-17 03:37:02,162 - INFO - Max recompute ratio candidate: getitem_112, ratio: 256000000.0
2025-05-17 03:37:02,189 - INFO - Max recompute ratio candidate: getitem_91, ratio: 256000000.0
2025-05-17 03:37:02,216 - INFO - Max recompute ratio candidate: getitem_124, ratio: 256000000.0
2025-05-17 03:37:02,241 - INFO - Max recompute ratio candidate: getitem_27, ratio: 128000000.0
2025-05-17 03:37:02,268 - INFO - Max recompute ratio candidate: getitem_7, ratio: 128000000.0
2025-05-17 03:37:02,295 - INFO - Max recompute ratio candidate: getitem_11, ratio: 128000000.0
2025-05-17 03:37:02,321 - INFO - Max recompute ratio candidate: getitem_39, ratio: 128000000.0
2025-05-17 03:37:02,346 - INFO - Max recompute ratio candidate: getitem_28, ratio: 128000000.0
2025-05-17 03:37:02,372 - INFO - Max recompute ratio candidate: getitem_12, ratio: 128000000.0
2025-05-17 03:37:02,398 - INFO - Max recompute ratio candidate: getitem_1, ratio: 128000000.0
2025-05-17 03:37:02,425 - INFO - Max recompute ratio candidate: getitem_24, ratio: 128000000.0
2025-05-17 03:37:02,452 - INFO - Max recompute ratio candidate: getitem_36, ratio: 128000000.0
2025-05-17 03:37:02,478 - INFO - Max recompute ratio candidate: getitem_40, ratio: 128000000.0
2025-05-17 03:37:02,504 - INFO - Max recompute ratio candidate: getitem_2, ratio: 128000000.0
2025-05-17 03:37:02,530 - INFO - Max recompute ratio candidate: getitem_35, ratio: 128000000.0
2025-05-17 03:37:02,555 - INFO - Max recompute ratio candidate: getitem_8, ratio: 128000000.0
2025-05-17 03:37:02,581 - INFO - Max recompute ratio candidate: getitem_23, ratio: 128000000.0
2025-05-17 03:37:02,607 - INFO - Max recompute ratio candidate: None, ratio: -1
2025-05-17 03:37:02,607 - WARNING - No valid recompute candidate found
2025-05-17 03:37:02,633 - INFO - 
Final Results:
2025-05-17 03:37:02,633 - INFO - Initial peak memory: 11.68 GB
2025-05-17 03:37:02,633 - INFO - Final peak memory: 11.68 GB
2025-05-17 03:37:02,633 - INFO - Memory reduction: 0.00 GB (0.0%)
2025-05-17 03:37:02,633 - INFO - Memory budget: 8.00 GB
2025-05-17 03:37:02,633 - INFO - Gap to budget: 3.68 GB
2025-05-17 03:37:02,633 - INFO - Theoretical minimum memory (extreme checkpointing): 0.49 GB
2025-05-17 03:37:02,633 - INFO - Initial execution time: 1.43s
2025-05-17 03:37:02,633 - INFO - Final execution time: 12.49s
2025-05-17 03:37:02,633 - INFO - Execution time overhead: 11.06s (772.9%)
2025-05-17 03:37:02,633 - INFO - Total activations marked for recomputation: 620
2025-05-17 03:37:02,633 - INFO - Total memory saved by recomputation: 10.55 GB
2025-05-17 03:37:02,652 - INFO - Saved activation checkpointing decisions to C:\Users\ydeng\Documents\GitHub\CS265-mlsys-project-final\reports\ac_decisions.csv
2025-05-17 03:37:02,652 - INFO - 
Timing Statistics:
2025-05-17 03:37:02,652 - INFO - Total execution time: 18.47s
2025-05-17 03:37:02,652 - INFO - Initialization: 0.00s (0.0%)
2025-05-17 03:37:02,652 - INFO - Initial memory simulation: 0.05s (0.3%)
2025-05-17 03:37:02,652 - INFO - Memory component analysis: 0.01s (0.1%)
2025-05-17 03:37:02,652 - INFO - Candidate filtering: 0.00s (0.0%)
2025-05-17 03:37:02,652 - INFO - Main loop: 18.36s (99.4%)
2025-05-17 03:37:02,652 - INFO -   - Memory simulations: 18.09s (97.9%)
2025-05-17 03:37:02,652 - INFO -   - Candidate selection: 0.27s (1.5%)
2025-05-17 03:37:02,652 - INFO - Final memory simulation: 0.03s (0.1%)
2025-05-17 03:37:02,652 - INFO - 
Top 5 slowest iterations:
2025-05-17 03:37:02,652 - INFO -   1. Iteration 84: 0.04s (Simulation: 0.04s, Selection: 0.00s)
2025-05-17 03:37:02,652 - INFO -   2. Iteration 85: 0.04s (Simulation: 0.04s, Selection: 0.00s)
2025-05-17 03:37:02,652 - INFO -   3. Iteration 83: 0.04s (Simulation: 0.04s, Selection: 0.00s)
2025-05-17 03:37:02,652 - INFO -   4. Iteration 12: 0.04s (Simulation: 0.04s, Selection: 0.00s)
2025-05-17 03:37:02,652 - INFO -   5. Iteration 4: 0.04s (Simulation: 0.04s, Selection: 0.00s)
