2025-05-16 18:31:06,640 - INFO - ================================================================================
2025-05-16 18:31:06,641 - INFO - Activation Checkpointing Algorithm Starting
2025-05-16 18:31:06,641 - INFO - Log file: logs\activation_checkpointing_20250516_183106.log
2025-05-16 18:31:06,665 - INFO - Loaded node stats with 18493 rows
2025-05-16 18:31:06,665 - INFO - Loaded activation stats with 775 rows
2025-05-16 18:31:06,665 - INFO - Memory budget set to 20.0 GB (21474836480.0 bytes)
2025-05-16 18:31:06,666 - INFO - Algorithm initialization time: 0.02s
2025-05-16 18:31:06,675 - INFO - Starting checkpoint decision algorithm...
2025-05-16 18:31:06,675 - INFO - Fixed overhead: 0.3 GB, Memory budget: 20.00 GB
2025-05-16 18:31:06,675 - INFO - Initializing schedule with all activations checkpointed...
2025-05-16 18:31:06,683 - INFO - Initial schedule has 620 activations marked for RETAINED
2025-05-16 18:31:07,303 - INFO - Built activation mappings with 775 activations
2025-05-16 18:31:07,303 - INFO - Initialized simulation cache with 18493 nodes, 3631 forward nodes, 14860 backward nodes
2025-05-16 18:31:08,448 - INFO - Initial peak memory: 22.20 GB
2025-05-16 18:31:08,448 - INFO - Initial execution time: 1.30s
2025-05-16 18:31:09,004 - INFO - Incompressible memory: 11.69 GB
2025-05-16 18:31:09,004 - INFO - Active memory - FW: 11.36 GB, BW: 11.39 GB
2025-05-16 18:31:09,004 - INFO - Fixed overhead: 0.30 GB
2025-05-16 18:31:09,004 - INFO - Setting effective target budget to 19.60 GB (2% below requested)
2025-05-16 18:31:09,004 - INFO - Filtering valid activations...
2025-05-16 18:31:09,004 - INFO - Found 775 valid activations for consideration
2025-05-16 18:31:09,004 - INFO - 
Iteration 1/1000 (Elapsed time: 0.0s)
2025-05-16 18:31:10,054 - INFO - Simulated peak memory: 22.20 GB. Budget: 20.00 GB. Exec time: 1.30s
2025-05-16 18:31:10,054 - INFO - Current checkpoint count: 620
2025-05-16 18:31:10,054 - INFO - Current recompute count: 0
