2025-05-17 03:09:21,044 - INFO - ================================================================================
2025-05-17 03:09:21,044 - INFO - Activation Checkpointing Algorithm Starting
2025-05-17 03:09:21,044 - INFO - Log file: logs\activation_checkpointing_20250517_030921.log
2025-05-17 03:09:21,672 - INFO - Loaded node stats with 18493 rows
2025-05-17 03:09:21,673 - INFO - Loaded activation stats with 775 rows
2025-05-17 03:09:21,673 - INFO - Memory budget set to 8.0 GB (8589934592.0 bytes)
2025-05-17 03:09:21,673 - INFO - Algorithm initialization time: 0.63s
2025-05-17 03:09:21,683 - INFO - Starting checkpoint decision algorithm...
2025-05-17 03:09:21,683 - INFO - Fixed overhead: 0.3 GB, Memory budget: 8.00 GB
2025-05-17 03:09:21,683 - INFO - Initializing schedule with all activations checkpointed...
2025-05-17 03:09:21,683 - INFO - Initial schedule has 620 activations marked for RETAINED
2025-05-17 03:09:21,698 - INFO - Built activation mappings with 775 activations
2025-05-17 03:09:21,698 - INFO - Initialized simulation cache with 18493 nodes, 3631 forward nodes, 14860 backward nodes
2025-05-17 03:09:21,805 - INFO - Initial peak memory: 11.68 GB
2025-05-17 03:09:21,805 - INFO - Initial execution time: 1.43s
2025-05-17 03:09:21,822 - INFO - Theoretical incompressible memory (params+grads+max_act): 0.49 GB
2025-05-17 03:09:21,822 - INFO - Traditional incompressible memory (max_active+fixed): 11.68 GB
2025-05-17 03:09:21,822 - INFO - Final incompressible memory (with workspace buffer): 0.52 GB
2025-05-17 03:09:21,822 - INFO - Active memory - FW: 11.35 GB, BW: 11.38 GB
2025-05-17 03:09:21,822 - INFO - Max activation size: 0.19 GB
2025-05-17 03:09:21,822 - INFO - Parameter and gradient memory: 0.30 GB
2025-05-17 03:09:21,822 - INFO - Fixed overhead (original): 0.30 GB
2025-05-17 03:09:21,822 - INFO - Memory budget of 8.00 GB should be achievable
2025-05-17 03:09:21,822 - INFO - Filtering valid activations...
2025-05-17 03:09:21,823 - INFO - Found 775 valid activations for consideration
