2025-05-17 04:25:05,296 - INFO - ================================================================================
2025-05-17 04:25:05,296 - INFO - Activation Checkpointing Algorithm Starting
2025-05-17 04:25:05,296 - INFO - Log file: logs\activation_checkpointing_20250517_042505.log
2025-05-17 04:25:05,297 - INFO - Detected model: transformer, batch size: 16
2025-05-17 04:25:05,297 - INFO - Inferred activation stats path: reports/profiler_stats_transformer_bs16_activation_stats.csv
2025-05-17 04:25:05,430 - INFO - Loaded node stats with 3663 rows
2025-05-17 04:25:05,439 - INFO - Loaded activation stats with 150 rows
2025-05-17 04:25:05,439 - INFO - Memory budget set to 1.5 GB (1610612736.0 bytes)
2025-05-17 04:25:05,439 - INFO - Algorithm initialization time: 0.14s
2025-05-17 04:25:05,439 - INFO - Starting checkpoint decision algorithm...
2025-05-17 04:25:05,439 - INFO - Fixed overhead: 1.2 GB, Memory budget: 1.50 GB
2025-05-17 04:25:05,439 - INFO - Initializing schedule with all activations checkpointed...
2025-05-17 04:25:05,439 - INFO - Initial schedule has 150 activations marked for RETAINED
2025-05-17 04:25:05,443 - INFO - Built activation mappings with 150 activations
2025-05-17 04:25:05,443 - INFO - Initialized simulation cache with 3663 nodes, 714 forward nodes, 2947 backward nodes
2025-05-17 04:25:05,449 - INFO - Initial peak memory: 1.85 GB
2025-05-17 04:25:05,449 - INFO - Initial execution time: 0.22s
2025-05-17 04:25:05,451 - INFO - Incompressible memory with checkpointing: 1.26 GB
2025-05-17 04:25:05,451 - INFO - Largest single activation: 0.06 GB
2025-05-17 04:25:05,451 - INFO - Active memory - FW: 1.35 GB, BW: 1.19 GB
2025-05-17 04:25:05,451 - INFO - Fixed overhead: 1.20 GB
2025-05-17 04:25:05,451 - INFO - Memory budget of 1.50 GB should be achievable
2025-05-17 04:25:05,451 - INFO - Filtering valid activations...
2025-05-17 04:25:05,452 - INFO - Found 150 valid activations for consideration
2025-05-17 04:25:05,728 - INFO - Memory budget of 1.50 GB met.
2025-05-17 04:25:05,729 - INFO - Actual memory usage: 1.50 GB
2025-05-17 04:25:05,734 - INFO - 
Final Results:
2025-05-17 04:25:05,734 - INFO - Initial peak memory: 1.85 GB
2025-05-17 04:25:05,734 - INFO - Final peak memory: 1.50 GB
2025-05-17 04:25:05,734 - INFO - Memory reduction: 0.36 GB (19.2%)
2025-05-17 04:25:05,734 - INFO - Memory budget: 1.50 GB
2025-05-17 04:25:05,734 - INFO - Gap to budget: -0.00 GB
2025-05-17 04:25:05,734 - INFO - Theoretical minimum memory (extreme checkpointing): 1.26 GB
2025-05-17 04:25:05,734 - INFO - Initial execution time: 0.22s
2025-05-17 04:25:05,734 - INFO - Final execution time: 0.67s
2025-05-17 04:25:05,734 - INFO - Execution time overhead: 0.45s (200.6%)
2025-05-17 04:25:05,734 - INFO - Total activations marked for recomputation: 48
2025-05-17 04:25:05,734 - INFO - Total memory saved by recomputation: 0.43 GB
2025-05-17 04:25:05,734 - INFO - 
==================================================
2025-05-17 04:25:05,734 - INFO - ACTIVATION CHECKPOINTING SUMMARY
2025-05-17 04:25:05,734 - INFO - ==================================================
2025-05-17 04:25:05,734 - INFO - Total activations considered:        150
2025-05-17 04:25:05,734 - INFO - Activations marked RETAINED:         102 (68.0%)
2025-05-17 04:25:05,734 - INFO - Activations marked for RECOMPUTE:    48 (32.0%)
2025-05-17 04:25:05,734 - INFO - Memory used by RETAINED activations: 0.22 GB
2025-05-17 04:25:05,734 - INFO - Memory saved by RECOMPUTE decisions: 0.43 GB
2025-05-17 04:25:05,735 - INFO - Final peak memory usage:             1.50 GB
2025-05-17 04:25:05,735 - INFO - Memory budget:                       1.50 GB
2025-05-17 04:25:05,735 - INFO - Gap to budget:                       -0.00 GB
2025-05-17 04:25:05,735 - INFO - --------------------------------------------------
2025-05-17 04:25:05,735 - INFO - Initial execution time:              0.2239s
2025-05-17 04:25:05,735 - INFO - Final execution time:                0.6731s
2025-05-17 04:25:05,735 - INFO - Recomputation time overhead:         0.4491s
2025-05-17 04:25:05,735 - INFO - Execution time overhead:             0.4491s (200.6%)
2025-05-17 04:25:05,735 - INFO - ==================================================

2025-05-17 04:25:05,738 - INFO - Saved activation checkpointing decisions to C:\Users\ydeng\Documents\GitHub\CS265-mlsys-project-final\reports\ac_decisions_transformer_bs16.csv
2025-05-17 04:25:05,738 - INFO - 
Timing Statistics:
2025-05-17 04:25:05,738 - INFO - Total execution time: 0.30s
2025-05-17 04:25:05,738 - INFO - Initialization: 0.00s (0.0%)
2025-05-17 04:25:05,738 - INFO - Initial memory simulation: 0.01s (3.4%)
2025-05-17 04:25:05,738 - INFO - Memory component analysis: 0.00s (0.6%)
2025-05-17 04:25:05,738 - INFO - Candidate filtering: 0.00s (0.3%)
2025-05-17 04:25:05,738 - INFO - Main loop: 0.28s (92.6%)
2025-05-17 04:25:05,738 - INFO -   - Memory simulations: 0.27s (89.9%)
2025-05-17 04:25:05,738 - INFO -   - Candidate selection: 0.01s (2.4%)
2025-05-17 04:25:05,738 - INFO - Final memory simulation: 0.01s (1.7%)
2025-05-17 04:25:05,738 - INFO - 
Top 5 slowest iterations:
2025-05-17 04:25:05,739 - INFO -   1. Iteration 42: 0.01s (Simulation: 0.01s, Selection: 0.00s)
2025-05-17 04:25:05,739 - INFO -   2. Iteration 4: 0.01s (Simulation: 0.01s, Selection: 0.00s)
2025-05-17 04:25:05,739 - INFO -   3. Iteration 2: 0.01s (Simulation: 0.01s, Selection: 0.00s)
2025-05-17 04:25:05,739 - INFO -   4. Iteration 30: 0.01s (Simulation: 0.01s, Selection: 0.00s)
2025-05-17 04:25:05,739 - INFO -   5. Iteration 5: 0.01s (Simulation: 0.00s, Selection: 0.00s)
