2025-05-17 02:40:32,113 - INFO - ================================================================================
2025-05-17 02:40:32,113 - INFO - Activation Checkpointing Algorithm Starting
2025-05-17 02:40:32,113 - INFO - Log file: logs\activation_checkpointing_20250517_024032.log
2025-05-17 02:40:32,704 - INFO - Loaded node stats with 18493 rows
2025-05-17 02:40:32,704 - INFO - Loaded activation stats with 775 rows
2025-05-17 02:40:32,704 - INFO - Memory budget set to 8.0 GB (8589934592.0 bytes)
2025-05-17 02:40:32,704 - INFO - Algorithm initialization time: 0.59s
2025-05-17 02:40:32,704 - INFO - Starting checkpoint decision algorithm...
2025-05-17 02:40:32,704 - INFO - Fixed overhead: 0.3 GB, Memory budget: 8.00 GB
2025-05-17 02:40:32,704 - INFO - Initializing schedule with all activations checkpointed...
2025-05-17 02:40:32,704 - INFO - Initial schedule has 620 activations marked for RETAINED
2025-05-17 02:40:32,718 - INFO - Built activation mappings with 775 activations
2025-05-17 02:40:32,718 - INFO - Initialized simulation cache with 18493 nodes, 3631 forward nodes, 14860 backward nodes
2025-05-17 02:40:32,750 - INFO - Initial peak memory: 11.68 GB
2025-05-17 02:40:32,750 - INFO - Initial execution time: 1.43s
2025-05-17 02:40:32,760 - INFO - Incompressible memory: 11.68 GB
2025-05-17 02:40:32,760 - INFO - Active memory - FW: 11.35 GB, BW: 11.38 GB
2025-05-17 02:40:32,760 - INFO - Fixed overhead: 0.30 GB
2025-05-17 02:40:32,760 - WARNING - Memory budget of 8.00 GB is not achievable!
2025-05-17 02:40:32,760 - WARNING - Estimated minimum possible memory is 11.68 GB due to incompressible components
2025-05-17 02:40:32,760 - WARNING - Will try to get as close as possible to the budget
2025-05-17 02:40:32,760 - INFO - Filtering valid activations...
2025-05-17 02:40:32,761 - INFO - Found 775 valid activations for consideration
2025-05-17 02:40:50,028 - WARNING - No valid recompute candidate found
2025-05-17 02:40:50,052 - INFO - 
Final Results:
2025-05-17 02:40:50,052 - INFO - Initial peak memory: 11.68 GB
2025-05-17 02:40:50,052 - INFO - Final peak memory: 11.68 GB
2025-05-17 02:40:50,052 - INFO - Memory reduction: 0.00 GB (0.0%)
2025-05-17 02:40:50,052 - INFO - Memory budget: 8.00 GB
2025-05-17 02:40:50,052 - INFO - Gap to budget: 3.68 GB
2025-05-17 02:40:50,052 - INFO - Estimated incompressible memory: 11.68 GB
2025-05-17 02:40:50,052 - INFO - Initial execution time: 1.43s
2025-05-17 02:40:50,052 - INFO - Final execution time: 12.49s
2025-05-17 02:40:50,053 - INFO - Execution time overhead: 11.06s (772.9%)
2025-05-17 02:40:50,053 - INFO - Total activations marked for recomputation: 620
2025-05-17 02:40:50,053 - INFO - Total memory saved by recomputation: 10.55 GB
2025-05-17 02:40:50,057 - INFO - Saved activation checkpointing decisions to C:\Users\ydeng\Documents\GitHub\CS265-mlsys-project-final\reports\ac_decisions.csv
2025-05-17 02:40:50,057 - INFO - 
Timing Statistics:
2025-05-17 02:40:50,057 - INFO - Total execution time: 17.35s
2025-05-17 02:40:50,057 - INFO - Initialization: 0.00s (0.0%)
2025-05-17 02:40:50,057 - INFO - Initial memory simulation: 0.05s (0.3%)
2025-05-17 02:40:50,057 - INFO - Memory component analysis: 0.01s (0.1%)
2025-05-17 02:40:50,057 - INFO - Candidate filtering: 0.00s (0.0%)
2025-05-17 02:40:50,057 - INFO - Main loop: 17.27s (99.5%)
2025-05-17 02:40:50,057 - INFO -   - Memory simulations: 16.95s (97.7%)
2025-05-17 02:40:50,057 - INFO -   - Candidate selection: 0.32s (1.8%)
2025-05-17 02:40:50,057 - INFO - Final memory simulation: 0.02s (0.1%)
2025-05-17 02:40:50,057 - INFO - 
Top 5 slowest iterations:
2025-05-17 02:40:50,057 - INFO -   1. Iteration 28: 0.04s (Simulation: 0.04s, Selection: 0.00s)
2025-05-17 02:40:50,057 - INFO -   2. Iteration 35: 0.04s (Simulation: 0.04s, Selection: 0.00s)
2025-05-17 02:40:50,057 - INFO -   3. Iteration 98: 0.03s (Simulation: 0.03s, Selection: 0.00s)
2025-05-17 02:40:50,057 - INFO -   4. Iteration 97: 0.03s (Simulation: 0.03s, Selection: 0.00s)
2025-05-17 02:40:50,057 - INFO -   5. Iteration 46: 0.03s (Simulation: 0.03s, Selection: 0.00s)
