2025-05-17 04:24:57,262 - INFO - ================================================================================
2025-05-17 04:24:57,262 - INFO - Activation Checkpointing Algorithm Starting
2025-05-17 04:24:57,262 - INFO - Log file: logs\activation_checkpointing_20250517_042457.log
2025-05-17 04:24:57,263 - INFO - Detected model: transformer, batch size: 4
2025-05-17 04:24:57,263 - INFO - Inferred activation stats path: reports/profiler_stats_transformer_bs4_activation_stats.csv
2025-05-17 04:24:57,394 - INFO - Loaded node stats with 3663 rows
2025-05-17 04:24:57,404 - INFO - Loaded activation stats with 150 rows
2025-05-17 04:24:57,404 - INFO - Memory budget set to 1.5 GB (1610612736.0 bytes)
2025-05-17 04:24:57,404 - INFO - Algorithm initialization time: 0.14s
2025-05-17 04:24:57,404 - INFO - Starting checkpoint decision algorithm...
2025-05-17 04:24:57,404 - INFO - Fixed overhead: 1.2 GB, Memory budget: 1.50 GB
2025-05-17 04:24:57,404 - INFO - Initializing schedule with all activations checkpointed...
2025-05-17 04:24:57,404 - INFO - Initial schedule has 150 activations marked for RETAINED
2025-05-17 04:24:57,407 - INFO - Built activation mappings with 150 activations
2025-05-17 04:24:57,407 - INFO - Initialized simulation cache with 3663 nodes, 714 forward nodes, 2947 backward nodes
2025-05-17 04:24:57,413 - INFO - Initial peak memory: 1.46 GB
2025-05-17 04:24:57,413 - INFO - Initial execution time: 0.31s
2025-05-17 04:24:57,415 - INFO - Incompressible memory with checkpointing: 1.26 GB
2025-05-17 04:24:57,415 - INFO - Largest single activation: 0.06 GB
2025-05-17 04:24:57,415 - INFO - Active memory - FW: 0.77 GB, BW: 0.95 GB
2025-05-17 04:24:57,415 - INFO - Fixed overhead: 1.20 GB
2025-05-17 04:24:57,415 - INFO - Memory budget of 1.50 GB should be achievable
2025-05-17 04:24:57,415 - INFO - Filtering valid activations...
2025-05-17 04:24:57,415 - INFO - Found 150 valid activations for consideration
2025-05-17 04:24:57,421 - INFO - Memory budget of 1.50 GB met.
2025-05-17 04:24:57,421 - INFO - Actual memory usage: 1.46 GB
2025-05-17 04:24:57,426 - INFO - 
Final Results:
2025-05-17 04:24:57,427 - INFO - Initial peak memory: 1.46 GB
2025-05-17 04:24:57,427 - INFO - Final peak memory: 1.46 GB
2025-05-17 04:24:57,427 - INFO - Memory reduction: 0.00 GB (0.0%)
2025-05-17 04:24:57,427 - INFO - Memory budget: 1.50 GB
2025-05-17 04:24:57,427 - INFO - Gap to budget: -0.04 GB
2025-05-17 04:24:57,427 - INFO - Theoretical minimum memory (extreme checkpointing): 1.26 GB
2025-05-17 04:24:57,427 - INFO - Initial execution time: 0.31s
2025-05-17 04:24:57,427 - INFO - Final execution time: 0.31s
2025-05-17 04:24:57,427 - INFO - Execution time overhead: 0.00s (0.0%)
2025-05-17 04:24:57,427 - INFO - Total activations marked for recomputation: 0
2025-05-17 04:24:57,427 - INFO - Total memory saved by recomputation: 0.00 GB
2025-05-17 04:24:57,427 - INFO - 
==================================================
2025-05-17 04:24:57,427 - INFO - ACTIVATION CHECKPOINTING SUMMARY
2025-05-17 04:24:57,427 - INFO - ==================================================
2025-05-17 04:24:57,427 - INFO - Total activations considered:        150
2025-05-17 04:24:57,427 - INFO - Activations marked RETAINED:         150 (100.0%)
2025-05-17 04:24:57,427 - INFO - Activations marked for RECOMPUTE:    0 (0.0%)
2025-05-17 04:24:57,427 - INFO - Memory used by RETAINED activations: 0.26 GB
2025-05-17 04:24:57,427 - INFO - Memory saved by RECOMPUTE decisions: 0.00 GB
2025-05-17 04:24:57,427 - INFO - Final peak memory usage:             1.46 GB
2025-05-17 04:24:57,427 - INFO - Memory budget:                       1.50 GB
2025-05-17 04:24:57,427 - INFO - Gap to budget:                       -0.04 GB
2025-05-17 04:24:57,427 - INFO - --------------------------------------------------
2025-05-17 04:24:57,427 - INFO - Initial execution time:              0.3116s
2025-05-17 04:24:57,427 - INFO - Final execution time:                0.3116s
2025-05-17 04:24:57,427 - INFO - Recomputation time overhead:         0.0000s
2025-05-17 04:24:57,427 - INFO - Execution time overhead:             0.0000s (0.0%)
2025-05-17 04:24:57,427 - INFO - ==================================================

2025-05-17 04:24:57,430 - INFO - Saved activation checkpointing decisions to C:\Users\ydeng\Documents\GitHub\CS265-mlsys-project-final\reports\ac_decisions_transformer_bs4.csv
2025-05-17 04:24:57,430 - INFO - 
Timing Statistics:
2025-05-17 04:24:57,430 - INFO - Total execution time: 0.03s
2025-05-17 04:24:57,430 - INFO - Initialization: 0.00s (0.0%)
2025-05-17 04:24:57,430 - INFO - Initial memory simulation: 0.01s (34.9%)
2025-05-17 04:24:57,430 - INFO - Memory component analysis: 0.00s (7.3%)
2025-05-17 04:24:57,430 - INFO - Candidate filtering: 0.00s (0.0%)
2025-05-17 04:24:57,430 - INFO - Main loop: 0.01s (23.0%)
2025-05-17 04:24:57,430 - INFO -   - Memory simulations: 0.01s (23.0%)
2025-05-17 04:24:57,430 - INFO -   - Candidate selection: 0.00s (0.0%)
2025-05-17 04:24:57,430 - INFO - Final memory simulation: 0.01s (19.1%)
