2025-05-17 03:17:39,658 - INFO - ================================================================================
2025-05-17 03:17:39,658 - INFO - Activation Checkpointing Algorithm Starting
2025-05-17 03:17:39,658 - INFO - Log file: logs\activation_checkpointing_20250517_031739.log
2025-05-17 03:17:40,320 - INFO - Loaded node stats with 18493 rows
2025-05-17 03:17:40,320 - INFO - Loaded activation stats with 775 rows
2025-05-17 03:17:40,320 - INFO - Memory budget set to 8.0 GB (8589934592.0 bytes)
2025-05-17 03:17:40,320 - INFO - Algorithm initialization time: 0.66s
2025-05-17 03:17:40,330 - INFO - Starting checkpoint decision algorithm...
2025-05-17 03:17:40,330 - INFO - Fixed overhead: 0.3 GB, Memory budget: 8.00 GB
2025-05-17 03:17:40,330 - INFO - Initializing schedule with all activations checkpointed...
2025-05-17 03:17:40,330 - INFO - Initial schedule has 620 activations marked for RETAINED
2025-05-17 03:17:40,345 - INFO - Built activation mappings with 775 activations
2025-05-17 03:17:40,345 - INFO - Initialized simulation cache with 18493 nodes, 3631 forward nodes, 14860 backward nodes
2025-05-17 03:17:40,381 - INFO - Initial peak memory: 11.68 GB
2025-05-17 03:17:40,381 - INFO - Initial execution time: 1.43s
2025-05-17 03:17:40,390 - INFO - Incompressible memory: 11.68 GB
2025-05-17 03:17:40,391 - INFO - Active memory - FW: 11.35 GB, BW: 11.38 GB
2025-05-17 03:17:40,391 - INFO - Fixed overhead: 0.30 GB
2025-05-17 03:17:40,391 - WARNING - Memory budget of 8.00 GB is not achievable!
2025-05-17 03:17:40,391 - WARNING - Estimated minimum possible memory is 11.68 GB due to incompressible components
2025-05-17 03:17:40,391 - WARNING - Will try to get as close as possible to the budget
2025-05-17 03:17:40,391 - INFO - Filtering valid activations...
2025-05-17 03:17:40,392 - INFO - Found 775 valid activations for consideration
2025-05-17 03:17:59,242 - WARNING - No valid recompute candidate found
2025-05-17 03:17:59,270 - INFO - 
Final Results:
2025-05-17 03:17:59,270 - INFO - Initial peak memory: 11.68 GB
2025-05-17 03:17:59,270 - INFO - Final peak memory: 11.68 GB
2025-05-17 03:17:59,270 - INFO - Memory reduction: 0.00 GB (0.0%)
2025-05-17 03:17:59,270 - INFO - Memory budget: 8.00 GB
2025-05-17 03:17:59,270 - INFO - Gap to budget: 3.68 GB
2025-05-17 03:17:59,270 - INFO - Estimated incompressible memory: 11.68 GB
2025-05-17 03:17:59,270 - INFO - Initial execution time: 1.43s
2025-05-17 03:17:59,270 - INFO - Final execution time: 12.49s
2025-05-17 03:17:59,270 - INFO - Execution time overhead: 11.06s (772.9%)
2025-05-17 03:17:59,270 - INFO - Total activations marked for recomputation: 620
2025-05-17 03:17:59,270 - INFO - Total memory saved by recomputation: 10.55 GB
2025-05-17 03:17:59,273 - INFO - Saved activation checkpointing decisions to C:\Users\ydeng\Documents\GitHub\CS265-mlsys-project-final\reports\ac_decisions.csv
2025-05-17 03:17:59,274 - INFO - 
Timing Statistics:
2025-05-17 03:17:59,274 - INFO - Total execution time: 18.94s
2025-05-17 03:17:59,274 - INFO - Initialization: 0.00s (0.0%)
2025-05-17 03:17:59,274 - INFO - Initial memory simulation: 0.05s (0.3%)
2025-05-17 03:17:59,274 - INFO - Memory component analysis: 0.01s (0.0%)
2025-05-17 03:17:59,274 - INFO - Candidate filtering: 0.00s (0.0%)
2025-05-17 03:17:59,274 - INFO - Main loop: 18.85s (99.5%)
2025-05-17 03:17:59,274 - INFO -   - Memory simulations: 18.47s (97.5%)
2025-05-17 03:17:59,274 - INFO -   - Candidate selection: 0.38s (2.0%)
2025-05-17 03:17:59,274 - INFO - Final memory simulation: 0.03s (0.1%)
2025-05-17 03:17:59,274 - INFO - 
Top 5 slowest iterations:
2025-05-17 03:17:59,274 - INFO -   1. Iteration 404: 0.05s (Simulation: 0.05s, Selection: 0.00s)
2025-05-17 03:17:59,274 - INFO -   2. Iteration 94: 0.04s (Simulation: 0.04s, Selection: 0.00s)
2025-05-17 03:17:59,274 - INFO -   3. Iteration 114: 0.04s (Simulation: 0.04s, Selection: 0.00s)
2025-05-17 03:17:59,274 - INFO -   4. Iteration 406: 0.04s (Simulation: 0.04s, Selection: 0.00s)
2025-05-17 03:17:59,274 - INFO -   5. Iteration 339: 0.04s (Simulation: 0.04s, Selection: 0.00s)
