2025-05-17 04:01:30,150 - INFO - ================================================================================
2025-05-17 04:01:30,150 - INFO - Activation Checkpointing Algorithm Starting
2025-05-17 04:01:30,150 - INFO - Log file: logs\activation_checkpointing_20250517_040130.log
2025-05-17 04:01:30,151 - INFO - Detected model: resnet, batch size: 32
2025-05-17 04:01:30,151 - INFO - Inferred activation stats path: reports/profiler_stats_resnet_bs32_activation_stats.csv
2025-05-17 04:01:30,802 - INFO - Loaded node stats with 18493 rows
2025-05-17 04:01:30,811 - INFO - Loaded activation stats with 775 rows
2025-05-17 04:01:30,811 - INFO - Memory budget set to 6.0 GB (6442450944.0 bytes)
2025-05-17 04:01:30,811 - INFO - Algorithm initialization time: 0.66s
2025-05-17 04:01:30,811 - INFO - Starting checkpoint decision algorithm...
2025-05-17 04:01:30,811 - INFO - Fixed overhead: 0.3 GB, Memory budget: 6.00 GB
2025-05-17 04:01:30,811 - INFO - Initializing schedule with all activations checkpointed...
2025-05-17 04:01:30,811 - INFO - Initial schedule has 620 activations marked for RETAINED
2025-05-17 04:01:30,826 - INFO - Built activation mappings with 775 activations
2025-05-17 04:01:30,826 - INFO - Initialized simulation cache with 18493 nodes, 3631 forward nodes, 14860 backward nodes
2025-05-17 04:01:30,860 - INFO - Initial peak memory: 5.58 GB
2025-05-17 04:01:30,860 - INFO - Initial execution time: 1.04s
2025-05-17 04:01:30,870 - INFO - Incompressible memory with checkpointing: 0.40 GB
2025-05-17 04:01:30,871 - INFO - Largest single activation: 0.10 GB
2025-05-17 04:01:30,871 - INFO - Active memory - FW: 6.01 GB, BW: 6.03 GB
2025-05-17 04:01:30,871 - INFO - Fixed overhead: 0.30 GB
2025-05-17 04:01:30,871 - INFO - Memory budget of 6.00 GB should be achievable
2025-05-17 04:01:30,871 - INFO - Filtering valid activations...
2025-05-17 04:01:30,871 - INFO - Found 775 valid activations for consideration
2025-05-17 04:01:30,905 - INFO - Memory budget of 6.00 GB met.
2025-05-17 04:01:30,905 - INFO - Actual memory usage: 5.58 GB
2025-05-17 04:01:30,939 - INFO - 
Final Results:
2025-05-17 04:01:30,939 - INFO - Initial peak memory: 5.58 GB
2025-05-17 04:01:30,939 - INFO - Final peak memory: 5.58 GB
2025-05-17 04:01:30,939 - INFO - Memory reduction: 0.00 GB (0.0%)
2025-05-17 04:01:30,939 - INFO - Memory budget: 6.00 GB
2025-05-17 04:01:30,939 - INFO - Gap to budget: -0.42 GB
2025-05-17 04:01:30,939 - INFO - Theoretical minimum memory (extreme checkpointing): 0.40 GB
2025-05-17 04:01:30,939 - INFO - Initial execution time: 1.04s
2025-05-17 04:01:30,939 - INFO - Final execution time: 1.04s
2025-05-17 04:01:30,940 - INFO - Execution time overhead: 0.00s (0.0%)
2025-05-17 04:01:30,940 - INFO - Total activations marked for recomputation: 0
2025-05-17 04:01:30,940 - INFO - Total memory saved by recomputation: 0.00 GB
2025-05-17 04:01:30,940 - INFO - 
==================================================
2025-05-17 04:01:30,940 - INFO - ACTIVATION CHECKPOINTING SUMMARY
2025-05-17 04:01:30,940 - INFO - ==================================================
2025-05-17 04:01:30,940 - INFO - Total activations considered:        620
2025-05-17 04:01:30,940 - INFO - Activations marked RETAINED:         620 (100.0%)
2025-05-17 04:01:30,940 - INFO - Activations marked for RECOMPUTE:    0 (0.0%)
2025-05-17 04:01:30,940 - INFO - Memory used by RETAINED activations: 5.28 GB
2025-05-17 04:01:30,940 - INFO - Memory saved by RECOMPUTE decisions: 0.00 GB
2025-05-17 04:01:30,940 - INFO - Final peak memory usage:             5.58 GB
2025-05-17 04:01:30,940 - INFO - Memory budget:                       6.00 GB
2025-05-17 04:01:30,940 - INFO - Gap to budget:                       -0.42 GB
2025-05-17 04:01:30,940 - INFO - --------------------------------------------------
2025-05-17 04:01:30,940 - INFO - Initial execution time:              1.0419s
2025-05-17 04:01:30,940 - INFO - Final execution time:                1.0419s
2025-05-17 04:01:30,940 - INFO - Recomputation time overhead:         0.0000s
2025-05-17 04:01:30,940 - INFO - Execution time overhead:             0.0000s (0.0%)
2025-05-17 04:01:30,940 - INFO - ==================================================

2025-05-17 04:01:30,943 - INFO - Saved activation checkpointing decisions to C:\Users\ydeng\Documents\GitHub\CS265-mlsys-project-final\reports\ac_decisions_resnet_bs32.csv
2025-05-17 04:01:30,943 - INFO - 
Timing Statistics:
2025-05-17 04:01:30,944 - INFO - Total execution time: 0.13s
2025-05-17 04:01:30,944 - INFO - Initialization: 0.00s (0.0%)
2025-05-17 04:01:30,944 - INFO - Initial memory simulation: 0.05s (37.0%)
2025-05-17 04:01:30,944 - INFO - Memory component analysis: 0.01s (8.0%)
2025-05-17 04:01:30,944 - INFO - Candidate filtering: 0.00s (0.0%)
2025-05-17 04:01:30,944 - INFO - Main loop: 0.03s (25.8%)
2025-05-17 04:01:30,944 - INFO -   - Memory simulations: 0.03s (25.8%)
2025-05-17 04:01:30,944 - INFO -   - Candidate selection: 0.00s (0.0%)
2025-05-17 04:01:30,944 - INFO - Final memory simulation: 0.03s (25.1%)
