2025-05-17 03:47:34,408 - INFO - ================================================================================
2025-05-17 03:47:34,409 - INFO - Activation Checkpointing Algorithm Starting
2025-05-17 03:47:34,409 - INFO - Log file: logs\activation_checkpointing_20250517_034734.log
2025-05-17 03:47:35,045 - INFO - Loaded node stats with 18493 rows
2025-05-17 03:47:35,045 - INFO - Loaded activation stats with 775 rows
2025-05-17 03:47:35,045 - INFO - Memory budget set to 4.0 GB (4294967296.0 bytes)
2025-05-17 03:47:35,045 - INFO - Algorithm initialization time: 0.63s
2025-05-17 03:47:35,046 - INFO - Starting checkpoint decision algorithm...
2025-05-17 03:47:35,046 - INFO - Fixed overhead: 0.3 GB, Memory budget: 4.00 GB
2025-05-17 03:47:35,047 - INFO - Initializing schedule with all activations checkpointed...
2025-05-17 03:47:35,047 - INFO - Initial schedule has 620 activations marked for RETAINED
2025-05-17 03:47:35,061 - INFO - Built activation mappings with 775 activations
2025-05-17 03:47:35,061 - INFO - Initialized simulation cache with 18493 nodes, 3631 forward nodes, 14860 backward nodes
2025-05-17 03:47:35,096 - INFO - Initial peak memory: 10.85 GB
2025-05-17 03:47:35,096 - INFO - Initial execution time: 1.43s
2025-05-17 03:47:35,106 - INFO - Incompressible memory with checkpointing: 0.49 GB
2025-05-17 03:47:35,106 - INFO - Largest single activation: 0.19 GB
2025-05-17 03:47:35,106 - INFO - Active memory - FW: 11.35 GB, BW: 11.38 GB
2025-05-17 03:47:35,106 - INFO - Fixed overhead: 0.30 GB
2025-05-17 03:47:35,106 - INFO - Memory budget of 4.00 GB should be achievable
2025-05-17 03:47:35,106 - INFO - Filtering valid activations...
2025-05-17 03:47:35,107 - INFO - Found 775 valid activations for consideration
2025-05-17 03:47:38,317 - INFO - Memory budget of 4.00 GB met.
2025-05-17 03:47:38,317 - INFO - Actual memory usage: 3.96 GB
2025-05-17 03:47:38,348 - INFO - 
Final Results:
2025-05-17 03:47:38,348 - INFO - Initial peak memory: 10.85 GB
2025-05-17 03:47:38,349 - INFO - Final peak memory: 3.96 GB
2025-05-17 03:47:38,349 - INFO - Memory reduction: 6.89 GB (63.5%)
2025-05-17 03:47:38,349 - INFO - Memory budget: 4.00 GB
2025-05-17 03:47:38,349 - INFO - Gap to budget: -0.04 GB
2025-05-17 03:47:38,349 - INFO - Theoretical minimum memory (extreme checkpointing): 0.49 GB
2025-05-17 03:47:38,349 - INFO - Initial execution time: 1.43s
2025-05-17 03:47:38,349 - INFO - Final execution time: 8.76s
2025-05-17 03:47:38,349 - INFO - Execution time overhead: 7.33s (511.9%)
2025-05-17 03:47:38,349 - INFO - Total activations marked for recomputation: 99
2025-05-17 03:47:38,349 - INFO - Total memory saved by recomputation: 6.99 GB
2025-05-17 03:47:38,353 - INFO - Saved activation checkpointing decisions to C:\Users\ydeng\Documents\GitHub\CS265-mlsys-project-final\reports\ac_decisions.csv
2025-05-17 03:47:38,353 - INFO - 
Timing Statistics:
2025-05-17 03:47:38,353 - INFO - Total execution time: 3.31s
2025-05-17 03:47:38,353 - INFO - Initialization: 0.00s (0.0%)
2025-05-17 03:47:38,353 - INFO - Initial memory simulation: 0.05s (1.5%)
2025-05-17 03:47:38,353 - INFO - Memory component analysis: 0.01s (0.3%)
2025-05-17 03:47:38,353 - INFO - Candidate filtering: 0.00s (0.0%)
2025-05-17 03:47:38,353 - INFO - Main loop: 3.21s (97.1%)
2025-05-17 03:47:38,353 - INFO -   - Memory simulations: 3.17s (95.7%)
2025-05-17 03:47:38,353 - INFO -   - Candidate selection: 0.04s (1.4%)
2025-05-17 03:47:38,353 - INFO - Final memory simulation: 0.03s (0.9%)
2025-05-17 03:47:38,353 - INFO - 
Top 5 slowest iterations:
2025-05-17 03:47:38,353 - INFO -   1. Iteration 7: 0.03s (Simulation: 0.03s, Selection: 0.00s)
2025-05-17 03:47:38,353 - INFO -   2. Iteration 1: 0.03s (Simulation: 0.03s, Selection: 0.00s)
2025-05-17 03:47:38,353 - INFO -   3. Iteration 4: 0.03s (Simulation: 0.03s, Selection: 0.00s)
2025-05-17 03:47:38,354 - INFO -   4. Iteration 11: 0.03s (Simulation: 0.03s, Selection: 0.00s)
2025-05-17 03:47:38,354 - INFO -   5. Iteration 3: 0.03s (Simulation: 0.03s, Selection: 0.00s)
