2025-05-17 04:03:45,611 - INFO - ================================================================================
2025-05-17 04:03:45,611 - INFO - Activation Checkpointing Algorithm Starting
2025-05-17 04:03:45,611 - INFO - Log file: logs\activation_checkpointing_20250517_040345.log
2025-05-17 04:03:45,612 - INFO - Detected model: resnet, batch size: 4
2025-05-17 04:03:45,612 - INFO - Inferred activation stats path: reports/profiler_stats_resnet_bs4_activation_stats.csv
2025-05-17 04:03:46,268 - INFO - Loaded node stats with 18493 rows
2025-05-17 04:03:46,277 - INFO - Loaded activation stats with 775 rows
2025-05-17 04:03:46,277 - INFO - Memory budget set to 6.0 GB (6442450944.0 bytes)
2025-05-17 04:03:46,277 - INFO - Algorithm initialization time: 0.67s
2025-05-17 04:03:46,277 - INFO - Starting checkpoint decision algorithm...
2025-05-17 04:03:46,277 - INFO - Fixed overhead: 0.8 GB, Memory budget: 6.00 GB
2025-05-17 04:03:46,277 - INFO - Initializing schedule with all activations checkpointed...
2025-05-17 04:03:46,277 - INFO - Initial schedule has 620 activations marked for RETAINED
2025-05-17 04:03:46,293 - INFO - Built activation mappings with 775 activations
2025-05-17 04:03:46,293 - INFO - Initialized simulation cache with 18493 nodes, 3631 forward nodes, 14860 backward nodes
2025-05-17 04:03:46,326 - INFO - Initial peak memory: 1.47 GB
2025-05-17 04:03:46,326 - INFO - Initial execution time: 1.32s
2025-05-17 04:03:46,335 - INFO - Incompressible memory with checkpointing: 0.81 GB
2025-05-17 04:03:46,335 - INFO - Largest single activation: 0.01 GB
2025-05-17 04:03:46,335 - INFO - Active memory - FW: 1.36 GB, BW: 1.42 GB
2025-05-17 04:03:46,336 - INFO - Fixed overhead: 0.80 GB
2025-05-17 04:03:46,336 - INFO - Memory budget of 6.00 GB should be achievable
2025-05-17 04:03:46,336 - INFO - Filtering valid activations...
2025-05-17 04:03:46,337 - INFO - Found 775 valid activations for consideration
2025-05-17 04:03:46,370 - INFO - Memory budget of 6.00 GB met.
2025-05-17 04:03:46,370 - INFO - Actual memory usage: 1.47 GB
2025-05-17 04:03:46,401 - INFO - 
Final Results:
2025-05-17 04:03:46,401 - INFO - Initial peak memory: 1.47 GB
2025-05-17 04:03:46,401 - INFO - Final peak memory: 1.47 GB
2025-05-17 04:03:46,401 - INFO - Memory reduction: 0.00 GB (0.0%)
2025-05-17 04:03:46,401 - INFO - Memory budget: 6.00 GB
2025-05-17 04:03:46,401 - INFO - Gap to budget: -4.53 GB
2025-05-17 04:03:46,401 - INFO - Theoretical minimum memory (extreme checkpointing): 0.81 GB
2025-05-17 04:03:46,401 - INFO - Initial execution time: 1.32s
2025-05-17 04:03:46,401 - INFO - Final execution time: 1.32s
2025-05-17 04:03:46,401 - INFO - Execution time overhead: 0.00s (0.0%)
2025-05-17 04:03:46,401 - INFO - Total activations marked for recomputation: 0
2025-05-17 04:03:46,401 - INFO - Total memory saved by recomputation: 0.00 GB
2025-05-17 04:03:46,401 - INFO - 
==================================================
2025-05-17 04:03:46,401 - INFO - ACTIVATION CHECKPOINTING SUMMARY
2025-05-17 04:03:46,401 - INFO - ==================================================
2025-05-17 04:03:46,403 - INFO - Total activations considered:        620
2025-05-17 04:03:46,403 - INFO - Activations marked RETAINED:         620 (100.0%)
2025-05-17 04:03:46,403 - INFO - Activations marked for RECOMPUTE:    0 (0.0%)
2025-05-17 04:03:46,403 - INFO - Memory used by RETAINED activations: 0.67 GB
2025-05-17 04:03:46,403 - INFO - Memory saved by RECOMPUTE decisions: 0.00 GB
2025-05-17 04:03:46,403 - INFO - Final peak memory usage:             1.47 GB
2025-05-17 04:03:46,403 - INFO - Memory budget:                       6.00 GB
2025-05-17 04:03:46,403 - INFO - Gap to budget:                       -4.53 GB
2025-05-17 04:03:46,403 - INFO - --------------------------------------------------
2025-05-17 04:03:46,403 - INFO - Initial execution time:              1.3249s
2025-05-17 04:03:46,403 - INFO - Final execution time:                1.3249s
2025-05-17 04:03:46,403 - INFO - Recomputation time overhead:         0.0000s
2025-05-17 04:03:46,403 - INFO - Execution time overhead:             0.0000s (0.0%)
2025-05-17 04:03:46,403 - INFO - ==================================================

2025-05-17 04:03:46,407 - INFO - Saved activation checkpointing decisions to C:\Users\ydeng\Documents\GitHub\CS265-mlsys-project-final\reports\ac_decisions_resnet_bs4.csv
2025-05-17 04:03:46,407 - INFO - 
Timing Statistics:
2025-05-17 04:03:46,407 - INFO - Total execution time: 0.13s
2025-05-17 04:03:46,407 - INFO - Initialization: 0.00s (0.0%)
2025-05-17 04:03:46,407 - INFO - Initial memory simulation: 0.05s (36.7%)
2025-05-17 04:03:46,407 - INFO - Memory component analysis: 0.01s (7.4%)
2025-05-17 04:03:46,407 - INFO - Candidate filtering: 0.00s (0.8%)
2025-05-17 04:03:46,407 - INFO - Main loop: 0.03s (25.2%)
2025-05-17 04:03:46,407 - INFO -   - Memory simulations: 0.03s (25.2%)
2025-05-17 04:03:46,407 - INFO -   - Candidate selection: 0.00s (0.0%)
2025-05-17 04:03:46,407 - INFO - Final memory simulation: 0.03s (24.1%)
