2025-05-16 22:57:35,354 - INFO - ================================================================================
2025-05-16 22:57:35,355 - INFO - Activation Checkpointing Algorithm Starting
2025-05-16 22:57:35,355 - INFO - Log file: logs\activation_checkpointing_20250516_225735.log
2025-05-16 22:57:36,033 - INFO - Loaded node stats with 18493 rows
2025-05-16 22:57:36,033 - INFO - Loaded activation stats with 775 rows
2025-05-16 22:57:36,033 - INFO - Memory budget set to 15.0 GB (16106127360.0 bytes)
2025-05-16 22:57:36,034 - INFO - Algorithm initialization time: 0.68s
2025-05-16 22:57:36,043 - INFO - Starting checkpoint decision algorithm...
2025-05-16 22:57:36,043 - INFO - Fixed overhead: 0.3 GB, Memory budget: 15.00 GB
2025-05-16 22:57:36,043 - INFO - Initializing schedule with all activations checkpointed...
2025-05-16 22:57:36,043 - INFO - Initial schedule has 620 activations marked for RETAINED
2025-05-16 22:57:36,058 - INFO - Built activation mappings with 775 activations
2025-05-16 22:57:36,058 - INFO - Initialized simulation cache with 18493 nodes, 3631 forward nodes, 14860 backward nodes
2025-05-16 22:57:36,092 - INFO - Initial peak memory: 22.20 GB
2025-05-16 22:57:36,094 - INFO - Initial execution time: 1.30s
2025-05-16 22:57:36,104 - INFO - Incompressible memory: 11.69 GB
2025-05-16 22:57:36,104 - INFO - Active memory - FW: 11.36 GB, BW: 11.39 GB
2025-05-16 22:57:36,104 - INFO - Fixed overhead: 0.30 GB
2025-05-16 22:57:36,104 - INFO - Setting effective target budget to 14.70 GB (2% below requested)
2025-05-16 22:57:36,104 - INFO - Filtering valid activations...
2025-05-16 22:57:36,105 - INFO - Found 775 valid activations for consideration
2025-05-16 22:57:39,570 - INFO - Memory budget of 15.00 GB met.
2025-05-16 22:57:39,570 - INFO - Actual memory usage: 14.98 GB
2025-05-16 22:57:39,598 - INFO - 
Final Results:
2025-05-16 22:57:39,599 - INFO - Initial peak memory: 22.20 GB
2025-05-16 22:57:39,599 - INFO - Final peak memory: 14.98 GB
2025-05-16 22:57:39,599 - INFO - Memory reduction: 7.23 GB (32.5%)
2025-05-16 22:57:39,599 - INFO - Memory budget: 15.00 GB
2025-05-16 22:57:39,599 - INFO - Gap to budget: -0.02 GB
2025-05-16 22:57:39,599 - INFO - Estimated incompressible memory: 11.69 GB
2025-05-16 22:57:39,599 - INFO - Initial execution time: 1.30s
2025-05-16 22:57:39,599 - INFO - Final execution time: 8.98s
2025-05-16 22:57:39,599 - INFO - Execution time overhead: 7.68s (589.3%)
2025-05-16 22:57:39,599 - INFO - Total activations marked for recomputation: 106
2025-05-16 22:57:39,599 - INFO - Total memory saved by recomputation: 7.32 GB
2025-05-16 22:57:39,603 - INFO - Saved activation checkpointing decisions to C:\Users\ydeng\Documents\GitHub\CS265-mlsys-project-final\reports\ac_decisions.csv
2025-05-16 22:57:39,604 - INFO - 
Timing Statistics:
2025-05-16 22:57:39,604 - INFO - Total execution time: 3.56s
2025-05-16 22:57:39,604 - INFO - Initialization: 0.00s (0.0%)
2025-05-16 22:57:39,604 - INFO - Initial memory simulation: 0.05s (1.4%)
2025-05-16 22:57:39,604 - INFO - Memory component analysis: 0.01s (0.3%)
2025-05-16 22:57:39,604 - INFO - Candidate filtering: 0.00s (0.0%)
2025-05-16 22:57:39,604 - INFO - Main loop: 3.47s (97.3%)
2025-05-16 22:57:39,604 - INFO -   - Memory simulations: 3.35s (94.1%)
2025-05-16 22:57:39,604 - INFO -   - Candidate selection: 0.11s (3.1%)
2025-05-16 22:57:39,604 - INFO - Final memory simulation: 0.03s (0.8%)
2025-05-16 22:57:39,604 - INFO - 
Top 5 slowest iterations:
2025-05-16 22:57:39,604 - INFO -   1. Iteration 4: 0.04s (Simulation: 0.04s, Selection: 0.00s)
2025-05-16 22:57:39,604 - INFO -   2. Iteration 1: 0.04s (Simulation: 0.04s, Selection: 0.00s)
2025-05-16 22:57:39,604 - INFO -   3. Iteration 8: 0.04s (Simulation: 0.03s, Selection: 0.00s)
2025-05-16 22:57:39,605 - INFO -   4. Iteration 12: 0.04s (Simulation: 0.03s, Selection: 0.00s)
2025-05-16 22:57:39,605 - INFO -   5. Iteration 2: 0.04s (Simulation: 0.03s, Selection: 0.00s)
