2025-05-17 04:16:10,238 - INFO - ================================================================================
2025-05-17 04:16:10,238 - INFO - Activation Checkpointing Algorithm Starting
2025-05-17 04:16:10,238 - INFO - Log file: logs\activation_checkpointing_20250517_041610.log
2025-05-17 04:16:10,239 - INFO - Detected model: resnet, batch size: 64
2025-05-17 04:16:10,239 - INFO - Inferred activation stats path: reports/profiler_stats_resnet_bs64_activation_stats.csv
2025-05-17 04:16:10,926 - INFO - Loaded node stats with 18493 rows
2025-05-17 04:16:10,935 - INFO - Loaded activation stats with 775 rows
2025-05-17 04:16:10,935 - INFO - Memory budget set to 1.5 GB (1610612736.0 bytes)
2025-05-17 04:16:10,935 - INFO - Algorithm initialization time: 0.70s
2025-05-17 04:16:10,935 - INFO - Starting checkpoint decision algorithm...
2025-05-17 04:16:10,935 - INFO - Fixed overhead: 0.8 GB, Memory budget: 1.50 GB
2025-05-17 04:16:10,935 - INFO - Initializing schedule with all activations checkpointed...
2025-05-17 04:16:10,935 - INFO - Initial schedule has 620 activations marked for RETAINED
2025-05-17 04:16:10,950 - INFO - Built activation mappings with 775 activations
2025-05-17 04:16:10,950 - INFO - Initialized simulation cache with 18493 nodes, 3631 forward nodes, 14860 backward nodes
2025-05-17 04:16:10,988 - INFO - Initial peak memory: 11.35 GB
2025-05-17 04:16:10,988 - INFO - Initial execution time: 1.43s
2025-05-17 04:16:10,997 - INFO - Incompressible memory with checkpointing: 0.99 GB
2025-05-17 04:16:10,998 - INFO - Largest single activation: 0.19 GB
2025-05-17 04:16:10,998 - INFO - Active memory - FW: 11.35 GB, BW: 11.38 GB
2025-05-17 04:16:10,998 - INFO - Fixed overhead: 0.80 GB
2025-05-17 04:16:10,998 - INFO - Memory budget of 1.50 GB should be achievable
2025-05-17 04:16:10,998 - INFO - Filtering valid activations...
2025-05-17 04:16:10,999 - INFO - Found 775 valid activations for consideration
2025-05-17 04:16:19,405 - INFO - Memory budget of 1.50 GB met.
2025-05-17 04:16:19,405 - INFO - Actual memory usage: 1.49 GB
2025-05-17 04:16:19,434 - INFO - 
Final Results:
2025-05-17 04:16:19,434 - INFO - Initial peak memory: 11.35 GB
2025-05-17 04:16:19,434 - INFO - Final peak memory: 1.49 GB
2025-05-17 04:16:19,434 - INFO - Memory reduction: 9.85 GB (86.8%)
2025-05-17 04:16:19,434 - INFO - Memory budget: 1.50 GB
2025-05-17 04:16:19,434 - INFO - Gap to budget: -0.01 GB
2025-05-17 04:16:19,434 - INFO - Theoretical minimum memory (extreme checkpointing): 0.99 GB
2025-05-17 04:16:19,434 - INFO - Initial execution time: 1.43s
2025-05-17 04:16:19,434 - INFO - Final execution time: 11.91s
2025-05-17 04:16:19,434 - INFO - Execution time overhead: 10.47s (731.9%)
2025-05-17 04:16:19,434 - INFO - Total activations marked for recomputation: 257
2025-05-17 04:16:19,435 - INFO - Total memory saved by recomputation: 9.99 GB
2025-05-17 04:16:19,435 - INFO - 
==================================================
2025-05-17 04:16:19,435 - INFO - ACTIVATION CHECKPOINTING SUMMARY
2025-05-17 04:16:19,435 - INFO - ==================================================
2025-05-17 04:16:19,435 - INFO - Total activations considered:        620
2025-05-17 04:16:19,435 - INFO - Activations marked RETAINED:         363 (58.5%)
2025-05-17 04:16:19,435 - INFO - Activations marked for RECOMPUTE:    257 (41.5%)
2025-05-17 04:16:19,435 - INFO - Memory used by RETAINED activations: 0.56 GB
2025-05-17 04:16:19,435 - INFO - Memory saved by RECOMPUTE decisions: 9.99 GB
2025-05-17 04:16:19,435 - INFO - Final peak memory usage:             1.49 GB
2025-05-17 04:16:19,435 - INFO - Memory budget:                       1.50 GB
2025-05-17 04:16:19,435 - INFO - Gap to budget:                       -0.01 GB
2025-05-17 04:16:19,435 - INFO - --------------------------------------------------
2025-05-17 04:16:19,435 - INFO - Initial execution time:              1.4310s
2025-05-17 04:16:19,435 - INFO - Final execution time:                11.9053s
2025-05-17 04:16:19,435 - INFO - Recomputation time overhead:         10.4742s
2025-05-17 04:16:19,435 - INFO - Execution time overhead:             10.4742s (731.9%)
2025-05-17 04:16:19,435 - INFO - ==================================================

2025-05-17 04:16:19,440 - INFO - Saved activation checkpointing decisions to C:\Users\ydeng\Documents\GitHub\CS265-mlsys-project-final\reports\ac_decisions_resnet_bs64.csv
2025-05-17 04:16:19,440 - INFO - 
Timing Statistics:
2025-05-17 04:16:19,440 - INFO - Total execution time: 8.50s
2025-05-17 04:16:19,440 - INFO - Initialization: 0.00s (0.0%)
2025-05-17 04:16:19,440 - INFO - Initial memory simulation: 0.05s (0.6%)
2025-05-17 04:16:19,440 - INFO - Memory component analysis: 0.01s (0.1%)
2025-05-17 04:16:19,440 - INFO - Candidate filtering: 0.00s (0.0%)
2025-05-17 04:16:19,440 - INFO - Main loop: 8.41s (98.8%)
2025-05-17 04:16:19,440 - INFO -   - Memory simulations: 8.30s (97.6%)
2025-05-17 04:16:19,440 - INFO -   - Candidate selection: 0.10s (1.2%)
2025-05-17 04:16:19,440 - INFO - Final memory simulation: 0.03s (0.3%)
2025-05-17 04:16:19,440 - INFO - 
Top 5 slowest iterations:
2025-05-17 04:16:19,440 - INFO -   1. Iteration 16: 0.06s (Simulation: 0.06s, Selection: 0.00s)
2025-05-17 04:16:19,440 - INFO -   2. Iteration 140: 0.06s (Simulation: 0.06s, Selection: 0.00s)
2025-05-17 04:16:19,440 - INFO -   3. Iteration 50: 0.05s (Simulation: 0.05s, Selection: 0.00s)
2025-05-17 04:16:19,440 - INFO -   4. Iteration 53: 0.05s (Simulation: 0.05s, Selection: 0.00s)
2025-05-17 04:16:19,440 - INFO -   5. Iteration 139: 0.05s (Simulation: 0.05s, Selection: 0.00s)
