2025-05-17 01:15:59,057 - INFO - ================================================================================
2025-05-17 01:15:59,057 - INFO - Activation Checkpointing Algorithm Starting
2025-05-17 01:15:59,057 - INFO - Log file: logs\activation_checkpointing_20250517_011559.log
2025-05-17 01:15:59,728 - INFO - Loaded node stats with 18493 rows
2025-05-17 01:15:59,728 - INFO - Loaded activation stats with 775 rows
2025-05-17 01:15:59,728 - INFO - Memory budget set to 15.0 GB (16106127360.0 bytes)
2025-05-17 01:15:59,728 - INFO - Algorithm initialization time: 0.67s
2025-05-17 01:15:59,738 - INFO - Starting checkpoint decision algorithm...
2025-05-17 01:15:59,738 - INFO - Fixed overhead: 0.3 GB, Memory budget: 15.00 GB
2025-05-17 01:15:59,738 - INFO - Initializing schedule with all activations checkpointed...
2025-05-17 01:15:59,738 - INFO - Initial schedule has 620 activations marked for RETAINED
2025-05-17 01:15:59,753 - INFO - Built activation mappings with 775 activations
2025-05-17 01:15:59,753 - INFO - Initialized simulation cache with 18493 nodes, 3631 forward nodes, 14860 backward nodes
2025-05-17 01:15:59,791 - INFO - Memory simulation complete.
2025-05-17 01:15:59,791 - INFO - Forward pass peak memory: 11.655 GB
2025-05-17 01:15:59,791 - INFO - Backward pass peak memory: 11.686 GB
2025-05-17 01:15:59,791 - INFO - Overall peak memory: 11.686 GB
2025-05-17 01:15:59,791 - INFO - Final execution time: 1.4647s
2025-05-17 01:15:59,791 - INFO - Initial peak memory: 11.69 GB
2025-05-17 01:15:59,791 - INFO - Initial execution time: 1.46s
2025-05-17 01:15:59,801 - INFO - Incompressible memory: 11.69 GB
2025-05-17 01:15:59,801 - INFO - Active memory - FW: 11.36 GB, BW: 11.39 GB
2025-05-17 01:15:59,801 - INFO - Fixed overhead: 0.30 GB
2025-05-17 01:15:59,801 - INFO - Setting effective target budget to 14.70 GB (2% below requested)
2025-05-17 01:15:59,801 - INFO - Filtering valid activations...
2025-05-17 01:15:59,802 - INFO - Found 775 valid activations for consideration
2025-05-17 01:15:59,838 - INFO - Memory simulation complete.
2025-05-17 01:15:59,838 - INFO - Forward pass peak memory: 11.655 GB
2025-05-17 01:15:59,838 - INFO - Backward pass peak memory: 11.686 GB
2025-05-17 01:15:59,838 - INFO - Overall peak memory: 11.686 GB
2025-05-17 01:15:59,838 - INFO - Final execution time: 1.4647s
2025-05-17 01:15:59,838 - INFO - Memory budget of 15.00 GB met.
2025-05-17 01:15:59,838 - INFO - Actual memory usage: 11.69 GB
2025-05-17 01:15:59,873 - INFO - Memory simulation complete.
2025-05-17 01:15:59,873 - INFO - Forward pass peak memory: 11.655 GB
2025-05-17 01:15:59,873 - INFO - Backward pass peak memory: 11.686 GB
2025-05-17 01:15:59,873 - INFO - Overall peak memory: 11.686 GB
2025-05-17 01:15:59,873 - INFO - Final execution time: 1.4647s
2025-05-17 01:15:59,873 - INFO - 
Final Results:
2025-05-17 01:15:59,873 - INFO - Initial peak memory: 11.69 GB
2025-05-17 01:15:59,873 - INFO - Final peak memory: 11.69 GB
2025-05-17 01:15:59,873 - INFO - Memory reduction: 0.00 GB (0.0%)
2025-05-17 01:15:59,873 - INFO - Memory budget: 15.00 GB
2025-05-17 01:15:59,873 - INFO - Gap to budget: -3.31 GB
2025-05-17 01:15:59,873 - INFO - Estimated incompressible memory: 11.69 GB
2025-05-17 01:15:59,873 - INFO - Initial execution time: 1.46s
2025-05-17 01:15:59,873 - INFO - Final execution time: 1.46s
2025-05-17 01:15:59,873 - INFO - Execution time overhead: 0.00s (0.0%)
2025-05-17 01:15:59,873 - INFO - Total activations marked for recomputation: 0
2025-05-17 01:15:59,873 - INFO - Total memory saved by recomputation: 0.00 GB
2025-05-17 01:15:59,877 - INFO - Saved activation checkpointing decisions to C:\Users\ydeng\Documents\GitHub\CS265-mlsys-project-final\reports\ac_decisions.csv
2025-05-17 01:15:59,877 - INFO - 
Timing Statistics:
2025-05-17 01:15:59,877 - INFO - Total execution time: 0.14s
2025-05-17 01:15:59,877 - INFO - Initialization: 0.00s (0.0%)
2025-05-17 01:15:59,877 - INFO - Initial memory simulation: 0.05s (37.9%)
2025-05-17 01:15:59,877 - INFO - Memory component analysis: 0.01s (7.3%)
2025-05-17 01:15:59,877 - INFO - Candidate filtering: 0.00s (0.7%)
2025-05-17 01:15:59,877 - INFO - Main loop: 0.04s (26.0%)
2025-05-17 01:15:59,877 - INFO -   - Memory simulations: 0.04s (26.0%)
2025-05-17 01:15:59,877 - INFO -   - Candidate selection: 0.00s (0.0%)
2025-05-17 01:15:59,877 - INFO - Final memory simulation: 0.04s (25.2%)
2025-05-17 01:15:59,912 - INFO - Memory simulation complete.
2025-05-17 01:15:59,912 - INFO - Forward pass peak memory: 11.655 GB
2025-05-17 01:15:59,912 - INFO - Backward pass peak memory: 11.686 GB
2025-05-17 01:15:59,912 - INFO - Overall peak memory: 11.686 GB
2025-05-17 01:15:59,912 - INFO - Final execution time: 1.4647s
