2025-05-17 03:28:54,154 - INFO - ================================================================================
2025-05-17 03:28:54,155 - INFO - Activation Checkpointing Algorithm Starting
2025-05-17 03:28:54,155 - INFO - Log file: logs\activation_checkpointing_20250517_032854.log
2025-05-17 03:28:54,887 - INFO - Loaded node stats with 18493 rows
2025-05-17 03:28:54,888 - INFO - Loaded activation stats with 775 rows
2025-05-17 03:28:54,888 - INFO - Memory budget set to 8.0 GB (8589934592.0 bytes)
2025-05-17 03:28:54,888 - INFO - Algorithm initialization time: 0.73s
2025-05-17 03:28:54,889 - INFO - Starting checkpoint decision algorithm...
2025-05-17 03:28:54,889 - INFO - Fixed overhead: 0.3 GB, Memory budget: 8.00 GB
2025-05-17 03:28:54,889 - INFO - Initializing schedule with all activations checkpointed...
2025-05-17 03:28:54,889 - INFO - Initial schedule has 620 activations marked for RETAINED
2025-05-17 03:28:54,904 - INFO - Built activation mappings with 775 activations
2025-05-17 03:28:54,904 - INFO - Initialized simulation cache with 18493 nodes, 3631 forward nodes, 14860 backward nodes
2025-05-17 03:28:54,939 - INFO - Initial peak memory: 11.68 GB
2025-05-17 03:28:54,940 - INFO - Initial execution time: 1.43s
2025-05-17 03:28:54,950 - INFO - Incompressible memory: 11.68 GB
2025-05-17 03:28:54,951 - INFO - Active memory - FW: 11.35 GB, BW: 11.38 GB
2025-05-17 03:28:54,951 - INFO - Fixed overhead: 0.30 GB
2025-05-17 03:28:54,951 - WARNING - Memory budget of 8.00 GB is not achievable!
2025-05-17 03:28:54,951 - WARNING - Estimated minimum possible memory is 11.68 GB due to incompressible components
2025-05-17 03:28:54,951 - WARNING - Will try to get as close as possible to the budget
2025-05-17 03:28:54,951 - INFO - Filtering valid activations...
2025-05-17 03:28:54,952 - INFO - Found 775 valid activations for consideration
2025-05-17 03:29:13,742 - WARNING - No valid recompute candidate found
2025-05-17 03:29:13,767 - INFO - 
Final Results:
2025-05-17 03:29:13,767 - INFO - Initial peak memory: 11.68 GB
2025-05-17 03:29:13,767 - INFO - Final peak memory: 11.68 GB
2025-05-17 03:29:13,767 - INFO - Memory reduction: 0.00 GB (0.0%)
2025-05-17 03:29:13,767 - INFO - Memory budget: 8.00 GB
2025-05-17 03:29:13,768 - INFO - Gap to budget: 3.68 GB
2025-05-17 03:29:13,768 - INFO - Estimated incompressible memory: 11.68 GB
2025-05-17 03:29:13,768 - INFO - Initial execution time: 1.43s
2025-05-17 03:29:13,768 - INFO - Final execution time: 12.49s
2025-05-17 03:29:13,768 - INFO - Execution time overhead: 11.06s (772.9%)
2025-05-17 03:29:13,768 - INFO - Total activations marked for recomputation: 620
2025-05-17 03:29:13,768 - INFO - Total memory saved by recomputation: 10.55 GB
2025-05-17 03:29:13,773 - INFO - Saved activation checkpointing decisions to C:\Users\ydeng\Documents\GitHub\CS265-mlsys-project-final\reports\ac_decisions.csv
2025-05-17 03:29:13,773 - INFO - 
Timing Statistics:
2025-05-17 03:29:13,773 - INFO - Total execution time: 18.88s
2025-05-17 03:29:13,773 - INFO - Initialization: 0.00s (0.0%)
2025-05-17 03:29:13,773 - INFO - Initial memory simulation: 0.05s (0.3%)
2025-05-17 03:29:13,773 - INFO - Memory component analysis: 0.01s (0.1%)
2025-05-17 03:29:13,773 - INFO - Candidate filtering: 0.00s (0.0%)
2025-05-17 03:29:13,773 - INFO - Main loop: 18.79s (99.5%)
2025-05-17 03:29:13,773 - INFO -   - Memory simulations: 18.41s (97.5%)
2025-05-17 03:29:13,773 - INFO -   - Candidate selection: 0.38s (2.0%)
2025-05-17 03:29:13,773 - INFO - Final memory simulation: 0.03s (0.1%)
2025-05-17 03:29:13,773 - INFO - 
Top 5 slowest iterations:
2025-05-17 03:29:13,773 - INFO -   1. Iteration 3: 0.05s (Simulation: 0.04s, Selection: 0.00s)
2025-05-17 03:29:13,773 - INFO -   2. Iteration 147: 0.04s (Simulation: 0.04s, Selection: 0.00s)
2025-05-17 03:29:13,773 - INFO -   3. Iteration 150: 0.04s (Simulation: 0.04s, Selection: 0.00s)
2025-05-17 03:29:13,773 - INFO -   4. Iteration 224: 0.04s (Simulation: 0.04s, Selection: 0.00s)
2025-05-17 03:29:13,773 - INFO -   5. Iteration 236: 0.04s (Simulation: 0.04s, Selection: 0.00s)
