2025-05-17 04:06:50,286 - INFO - ================================================================================
2025-05-17 04:06:50,286 - INFO - Activation Checkpointing Algorithm Starting
2025-05-17 04:06:50,286 - INFO - Log file: logs\activation_checkpointing_20250517_040650.log
2025-05-17 04:06:50,287 - INFO - Detected model: transformer, batch size: 64
2025-05-17 04:06:50,287 - INFO - Inferred activation stats path: reports/profiler_stats_transformer_bs64_activation_stats.csv
2025-05-17 04:06:50,448 - INFO - Loaded node stats with 3663 rows
2025-05-17 04:06:50,458 - INFO - Loaded activation stats with 150 rows
2025-05-17 04:06:50,458 - INFO - Memory budget set to 12.0 GB (12884901888.0 bytes)
2025-05-17 04:06:50,458 - INFO - Algorithm initialization time: 0.17s
2025-05-17 04:06:50,458 - INFO - Starting checkpoint decision algorithm...
2025-05-17 04:06:50,458 - INFO - Fixed overhead: 1.2 GB, Memory budget: 12.00 GB
2025-05-17 04:06:50,458 - INFO - Initializing schedule with all activations checkpointed...
2025-05-17 04:06:50,458 - INFO - Initial schedule has 150 activations marked for RETAINED
2025-05-17 04:06:50,461 - INFO - Built activation mappings with 150 activations
2025-05-17 04:06:50,461 - INFO - Initialized simulation cache with 3663 nodes, 714 forward nodes, 2947 backward nodes
2025-05-17 04:06:50,466 - INFO - Initial peak memory: 3.43 GB
2025-05-17 04:06:50,466 - INFO - Initial execution time: 0.25s
2025-05-17 04:06:50,469 - INFO - Incompressible memory with checkpointing: 1.26 GB
2025-05-17 04:06:50,469 - INFO - Largest single activation: 0.06 GB
2025-05-17 04:06:50,469 - INFO - Active memory - FW: 3.68 GB, BW: 2.88 GB
2025-05-17 04:06:50,469 - INFO - Fixed overhead: 1.20 GB
2025-05-17 04:06:50,469 - INFO - Memory budget of 12.00 GB should be achievable
2025-05-17 04:06:50,469 - INFO - Filtering valid activations...
2025-05-17 04:06:50,470 - INFO - Found 150 valid activations for consideration
2025-05-17 04:06:50,476 - INFO - Memory budget of 12.00 GB met.
2025-05-17 04:06:50,476 - INFO - Actual memory usage: 3.43 GB
2025-05-17 04:06:50,481 - INFO - 
Final Results:
2025-05-17 04:06:50,481 - INFO - Initial peak memory: 3.43 GB
2025-05-17 04:06:50,481 - INFO - Final peak memory: 3.43 GB
2025-05-17 04:06:50,481 - INFO - Memory reduction: 0.00 GB (0.0%)
2025-05-17 04:06:50,481 - INFO - Memory budget: 12.00 GB
2025-05-17 04:06:50,481 - INFO - Gap to budget: -8.57 GB
2025-05-17 04:06:50,481 - INFO - Theoretical minimum memory (extreme checkpointing): 1.26 GB
2025-05-17 04:06:50,481 - INFO - Initial execution time: 0.25s
2025-05-17 04:06:50,481 - INFO - Final execution time: 0.25s
2025-05-17 04:06:50,481 - INFO - Execution time overhead: 0.00s (0.0%)
2025-05-17 04:06:50,481 - INFO - Total activations marked for recomputation: 0
2025-05-17 04:06:50,481 - INFO - Total memory saved by recomputation: 0.00 GB
2025-05-17 04:06:50,482 - INFO - 
==================================================
2025-05-17 04:06:50,482 - INFO - ACTIVATION CHECKPOINTING SUMMARY
2025-05-17 04:06:50,482 - INFO - ==================================================
2025-05-17 04:06:50,482 - INFO - Total activations considered:        150
2025-05-17 04:06:50,482 - INFO - Activations marked RETAINED:         150 (100.0%)
2025-05-17 04:06:50,482 - INFO - Activations marked for RECOMPUTE:    0 (0.0%)
2025-05-17 04:06:50,482 - INFO - Memory used by RETAINED activations: 2.23 GB
2025-05-17 04:06:50,482 - INFO - Memory saved by RECOMPUTE decisions: 0.00 GB
2025-05-17 04:06:50,482 - INFO - Final peak memory usage:             3.43 GB
2025-05-17 04:06:50,482 - INFO - Memory budget:                       12.00 GB
2025-05-17 04:06:50,482 - INFO - Gap to budget:                       -8.57 GB
2025-05-17 04:06:50,482 - INFO - --------------------------------------------------
2025-05-17 04:06:50,482 - INFO - Initial execution time:              0.2507s
2025-05-17 04:06:50,482 - INFO - Final execution time:                0.2507s
2025-05-17 04:06:50,482 - INFO - Recomputation time overhead:         0.0000s
2025-05-17 04:06:50,482 - INFO - Execution time overhead:             0.0000s (0.0%)
2025-05-17 04:06:50,482 - INFO - ==================================================

2025-05-17 04:06:50,484 - INFO - Saved activation checkpointing decisions to C:\Users\ydeng\Documents\GitHub\CS265-mlsys-project-final\reports\ac_decisions_transformer_bs64.csv
2025-05-17 04:06:50,484 - INFO - 
Timing Statistics:
2025-05-17 04:06:50,484 - INFO - Total execution time: 0.03s
2025-05-17 04:06:50,484 - INFO - Initialization: 0.00s (0.0%)
2025-05-17 04:06:50,484 - INFO - Initial memory simulation: 0.01s (32.7%)
2025-05-17 04:06:50,484 - INFO - Memory component analysis: 0.00s (11.0%)
2025-05-17 04:06:50,484 - INFO - Candidate filtering: 0.00s (3.7%)
2025-05-17 04:06:50,484 - INFO - Main loop: 0.01s (21.3%)
2025-05-17 04:06:50,484 - INFO -   - Memory simulations: 0.01s (21.3%)
2025-05-17 04:06:50,484 - INFO -   - Candidate selection: 0.00s (0.0%)
2025-05-17 04:06:50,484 - INFO - Final memory simulation: 0.00s (18.6%)
