2025-05-17 04:19:24,672 - INFO - ================================================================================
2025-05-17 04:19:24,672 - INFO - Activation Checkpointing Algorithm Starting
2025-05-17 04:19:24,672 - INFO - Log file: logs\activation_checkpointing_20250517_041924.log
2025-05-17 04:19:24,673 - INFO - Detected model: transformer, batch size: 8
2025-05-17 04:19:24,673 - INFO - Inferred activation stats path: reports/profiler_stats_transformer_bs8_activation_stats.csv
2025-05-17 04:19:24,803 - INFO - Loaded node stats with 3663 rows
2025-05-17 04:19:24,804 - INFO - Loaded activation stats with 150 rows
2025-05-17 04:19:24,804 - INFO - Memory budget set to 1.5 GB (1610612736.0 bytes)
2025-05-17 04:19:24,804 - INFO - Algorithm initialization time: 0.13s
2025-05-17 04:19:24,804 - INFO - Starting checkpoint decision algorithm...
2025-05-17 04:19:24,804 - INFO - Fixed overhead: 1.2 GB, Memory budget: 1.50 GB
2025-05-17 04:19:24,804 - INFO - Initializing schedule with all activations checkpointed...
2025-05-17 04:19:24,804 - INFO - Initial schedule has 150 activations marked for RETAINED
2025-05-17 04:19:24,807 - INFO - Built activation mappings with 150 activations
2025-05-17 04:19:24,807 - INFO - Initialized simulation cache with 3663 nodes, 714 forward nodes, 2947 backward nodes
2025-05-17 04:19:24,813 - INFO - Initial peak memory: 1.59 GB
2025-05-17 04:19:24,813 - INFO - Initial execution time: 0.41s
2025-05-17 04:19:24,815 - INFO - Incompressible memory with checkpointing: 1.26 GB
2025-05-17 04:19:24,815 - INFO - Largest single activation: 0.06 GB
2025-05-17 04:19:24,815 - INFO - Active memory - FW: 0.96 GB, BW: 0.95 GB
2025-05-17 04:19:24,815 - INFO - Fixed overhead: 1.20 GB
2025-05-17 04:19:24,815 - INFO - Memory budget of 1.50 GB should be achievable
2025-05-17 04:19:24,815 - INFO - Filtering valid activations...
2025-05-17 04:19:24,815 - INFO - Found 150 valid activations for consideration
2025-05-17 04:19:24,896 - INFO - Memory budget of 1.50 GB met.
2025-05-17 04:19:24,896 - INFO - Actual memory usage: 1.50 GB
2025-05-17 04:19:24,902 - INFO - 
Final Results:
2025-05-17 04:19:24,902 - INFO - Initial peak memory: 1.59 GB
2025-05-17 04:19:24,902 - INFO - Final peak memory: 1.50 GB
2025-05-17 04:19:24,902 - INFO - Memory reduction: 0.09 GB (5.9%)
2025-05-17 04:19:24,902 - INFO - Memory budget: 1.50 GB
2025-05-17 04:19:24,902 - INFO - Gap to budget: -0.00 GB
2025-05-17 04:19:24,902 - INFO - Theoretical minimum memory (extreme checkpointing): 1.26 GB
2025-05-17 04:19:24,902 - INFO - Initial execution time: 0.41s
2025-05-17 04:19:24,902 - INFO - Final execution time: 0.57s
2025-05-17 04:19:24,902 - INFO - Execution time overhead: 0.16s (38.9%)
2025-05-17 04:19:24,902 - INFO - Total activations marked for recomputation: 13
2025-05-17 04:19:24,902 - INFO - Total memory saved by recomputation: 0.15 GB
2025-05-17 04:19:24,903 - INFO - 
==================================================
2025-05-17 04:19:24,903 - INFO - ACTIVATION CHECKPOINTING SUMMARY
2025-05-17 04:19:24,903 - INFO - ==================================================
2025-05-17 04:19:24,903 - INFO - Total activations considered:        150
2025-05-17 04:19:24,903 - INFO - Activations marked RETAINED:         137 (91.3%)
2025-05-17 04:19:24,903 - INFO - Activations marked for RECOMPUTE:    13 (8.7%)
2025-05-17 04:19:24,903 - INFO - Memory used by RETAINED activations: 0.24 GB
2025-05-17 04:19:24,903 - INFO - Memory saved by RECOMPUTE decisions: 0.15 GB
2025-05-17 04:19:24,903 - INFO - Final peak memory usage:             1.50 GB
2025-05-17 04:19:24,903 - INFO - Memory budget:                       1.50 GB
2025-05-17 04:19:24,903 - INFO - Gap to budget:                       -0.00 GB
2025-05-17 04:19:24,903 - INFO - --------------------------------------------------
2025-05-17 04:19:24,903 - INFO - Initial execution time:              0.4073s
2025-05-17 04:19:24,903 - INFO - Final execution time:                0.5656s
2025-05-17 04:19:24,903 - INFO - Recomputation time overhead:         0.1583s
2025-05-17 04:19:24,903 - INFO - Execution time overhead:             0.1583s (38.9%)
2025-05-17 04:19:24,903 - INFO - ==================================================

2025-05-17 04:19:24,905 - INFO - Saved activation checkpointing decisions to C:\Users\ydeng\Documents\GitHub\CS265-mlsys-project-final\reports\ac_decisions_transformer_bs8.csv
2025-05-17 04:19:24,906 - INFO - 
Timing Statistics:
2025-05-17 04:19:24,906 - INFO - Total execution time: 0.10s
2025-05-17 04:19:24,906 - INFO - Initialization: 0.00s (0.0%)
2025-05-17 04:19:24,906 - INFO - Initial memory simulation: 0.01s (8.9%)
2025-05-17 04:19:24,906 - INFO - Memory component analysis: 0.00s (1.9%)
2025-05-17 04:19:24,906 - INFO - Candidate filtering: 0.00s (0.0%)
2025-05-17 04:19:24,906 - INFO - Main loop: 0.08s (79.4%)
2025-05-17 04:19:24,906 - INFO -   - Memory simulations: 0.08s (76.4%)
2025-05-17 04:19:24,906 - INFO -   - Candidate selection: 0.00s (2.9%)
2025-05-17 04:19:24,906 - INFO - Final memory simulation: 0.01s (5.8%)
2025-05-17 04:19:24,906 - INFO - 
Top 5 slowest iterations:
2025-05-17 04:19:24,906 - INFO -   1. Iteration 2: 0.01s (Simulation: 0.01s, Selection: 0.00s)
2025-05-17 04:19:24,906 - INFO -   2. Iteration 4: 0.01s (Simulation: 0.01s, Selection: 0.00s)
2025-05-17 04:19:24,906 - INFO -   3. Iteration 6: 0.01s (Simulation: 0.01s, Selection: 0.00s)
2025-05-17 04:19:24,906 - INFO -   4. Iteration 9: 0.01s (Simulation: 0.01s, Selection: 0.00s)
2025-05-17 04:19:24,906 - INFO -   5. Iteration 12: 0.01s (Simulation: 0.01s, Selection: 0.00s)
