2025-05-17 04:29:09,981 - INFO - ================================================================================
2025-05-17 04:29:09,981 - INFO - Activation Checkpointing Algorithm Starting
2025-05-17 04:29:09,981 - INFO - Log file: logs\activation_checkpointing_20250517_042909.log
2025-05-17 04:29:09,982 - INFO - Detected model: resnet, batch size: 64
2025-05-17 04:29:09,982 - INFO - Inferred activation stats path: reports/profiler_stats_resnet_bs64_activation_stats.csv
2025-05-17 04:29:10,601 - INFO - Loaded node stats with 18493 rows
2025-05-17 04:29:10,610 - INFO - Loaded activation stats with 775 rows
2025-05-17 04:29:10,610 - INFO - Memory budget set to 1.5 GB (1610612736.0 bytes)
2025-05-17 04:29:10,610 - INFO - Algorithm initialization time: 0.63s
2025-05-17 04:29:10,610 - INFO - Starting checkpoint decision algorithm...
2025-05-17 04:29:10,610 - INFO - Fixed overhead: 0.8 GB, Memory budget: 1.50 GB
2025-05-17 04:29:10,610 - INFO - Initializing schedule with all activations checkpointed...
2025-05-17 04:29:10,610 - INFO - Initial schedule has 620 activations marked for RETAINED
2025-05-17 04:29:10,625 - INFO - Built activation mappings with 775 activations
2025-05-17 04:29:10,625 - INFO - Initialized simulation cache with 18493 nodes, 3631 forward nodes, 14860 backward nodes
2025-05-17 04:29:10,660 - INFO - Initial peak memory: 11.35 GB
2025-05-17 04:29:10,660 - INFO - Initial execution time: 1.43s
2025-05-17 04:29:10,670 - INFO - Incompressible memory with checkpointing: 0.99 GB
2025-05-17 04:29:10,670 - INFO - Largest single activation: 0.19 GB
2025-05-17 04:29:10,670 - INFO - Active memory - FW: 11.35 GB, BW: 11.38 GB
2025-05-17 04:29:10,670 - INFO - Fixed overhead: 0.80 GB
2025-05-17 04:29:10,670 - INFO - Memory budget of 1.50 GB should be achievable
2025-05-17 04:29:10,670 - INFO - Filtering valid activations...
2025-05-17 04:29:10,671 - INFO - Found 775 valid activations for consideration
2025-05-17 04:29:18,367 - INFO - Memory budget of 1.50 GB met.
2025-05-17 04:29:18,367 - INFO - Actual memory usage: 1.49 GB
2025-05-17 04:29:18,396 - INFO - 
Final Results:
2025-05-17 04:29:18,396 - INFO - Initial peak memory: 11.35 GB
2025-05-17 04:29:18,396 - INFO - Final peak memory: 1.49 GB
2025-05-17 04:29:18,397 - INFO - Memory reduction: 9.85 GB (86.8%)
2025-05-17 04:29:18,397 - INFO - Memory budget: 1.50 GB
2025-05-17 04:29:18,397 - INFO - Gap to budget: -0.01 GB
2025-05-17 04:29:18,397 - INFO - Theoretical minimum memory (extreme checkpointing): 0.99 GB
2025-05-17 04:29:18,397 - INFO - Initial execution time: 1.43s
2025-05-17 04:29:18,397 - INFO - Final execution time: 11.91s
2025-05-17 04:29:18,397 - INFO - Execution time overhead: 10.47s (731.9%)
2025-05-17 04:29:18,397 - INFO - Total activations marked for recomputation: 257
2025-05-17 04:29:18,397 - INFO - Total memory saved by recomputation: 9.99 GB
2025-05-17 04:29:18,397 - INFO - 
==================================================
2025-05-17 04:29:18,397 - INFO - ACTIVATION CHECKPOINTING SUMMARY
2025-05-17 04:29:18,397 - INFO - ==================================================
2025-05-17 04:29:18,397 - INFO - Total activations considered:        620
2025-05-17 04:29:18,397 - INFO - Activations marked RETAINED:         363 (58.5%)
2025-05-17 04:29:18,397 - INFO - Activations marked for RECOMPUTE:    257 (41.5%)
2025-05-17 04:29:18,397 - INFO - Memory used by RETAINED activations: 0.56 GB
2025-05-17 04:29:18,397 - INFO - Memory saved by RECOMPUTE decisions: 9.99 GB
2025-05-17 04:29:18,397 - INFO - Final peak memory usage:             1.49 GB
2025-05-17 04:29:18,398 - INFO - Memory budget:                       1.50 GB
2025-05-17 04:29:18,398 - INFO - Gap to budget:                       -0.01 GB
2025-05-17 04:29:18,398 - INFO - --------------------------------------------------
2025-05-17 04:29:18,398 - INFO - Initial execution time:              1.4310s
2025-05-17 04:29:18,398 - INFO - Final execution time:                11.9053s
2025-05-17 04:29:18,398 - INFO - Recomputation time overhead:         10.4742s
2025-05-17 04:29:18,398 - INFO - Execution time overhead:             10.4742s (731.9%)
2025-05-17 04:29:18,398 - INFO - ==================================================

2025-05-17 04:29:18,403 - INFO - Saved activation checkpointing decisions to C:\Users\ydeng\Documents\GitHub\CS265-mlsys-project-final\reports\ac_decisions_resnet_bs64.csv
2025-05-17 04:29:18,403 - INFO - 
Timing Statistics:
2025-05-17 04:29:18,403 - INFO - Total execution time: 7.79s
2025-05-17 04:29:18,403 - INFO - Initialization: 0.00s (0.0%)
2025-05-17 04:29:18,403 - INFO - Initial memory simulation: 0.05s (0.6%)
2025-05-17 04:29:18,403 - INFO - Memory component analysis: 0.01s (0.1%)
2025-05-17 04:29:18,403 - INFO - Candidate filtering: 0.00s (0.0%)
2025-05-17 04:29:18,403 - INFO - Main loop: 7.69s (98.7%)
2025-05-17 04:29:18,403 - INFO -   - Memory simulations: 7.60s (97.5%)
2025-05-17 04:29:18,403 - INFO -   - Candidate selection: 0.09s (1.2%)
2025-05-17 04:29:18,403 - INFO - Final memory simulation: 0.03s (0.4%)
2025-05-17 04:29:18,403 - INFO - 
Top 5 slowest iterations:
2025-05-17 04:29:18,403 - INFO -   1. Iteration 1: 0.04s (Simulation: 0.04s, Selection: 0.00s)
2025-05-17 04:29:18,403 - INFO -   2. Iteration 2: 0.04s (Simulation: 0.03s, Selection: 0.00s)
2025-05-17 04:29:18,403 - INFO -   3. Iteration 17: 0.04s (Simulation: 0.03s, Selection: 0.00s)
2025-05-17 04:29:18,403 - INFO -   4. Iteration 24: 0.04s (Simulation: 0.03s, Selection: 0.00s)
2025-05-17 04:29:18,403 - INFO -   5. Iteration 23: 0.03s (Simulation: 0.03s, Selection: 0.00s)
