2025-05-17 02:26:21,419 - INFO - ================================================================================
2025-05-17 02:26:21,419 - INFO - Activation Checkpointing Algorithm Starting
2025-05-17 02:26:21,419 - INFO - Log file: logs\activation_checkpointing_20250517_022621.log
2025-05-17 02:26:22,039 - INFO - Loaded node stats with 18493 rows
2025-05-17 02:26:22,039 - INFO - Loaded activation stats with 775 rows
2025-05-17 02:26:22,039 - INFO - Memory budget set to 8.0 GB (8589934592.0 bytes)
2025-05-17 02:26:22,039 - INFO - Algorithm initialization time: 0.62s
2025-05-17 02:26:22,040 - INFO - Starting checkpoint decision algorithm...
2025-05-17 02:26:22,040 - INFO - Fixed overhead: 0.3 GB, Memory budget: 8.00 GB
2025-05-17 02:26:22,040 - INFO - Initializing schedule with all activations checkpointed...
2025-05-17 02:26:22,040 - INFO - Initial schedule has 620 activations marked for RETAINED
2025-05-17 02:26:22,054 - INFO - Built activation mappings with 775 activations
2025-05-17 02:26:22,054 - INFO - Initialized simulation cache with 18493 nodes, 3631 forward nodes, 14860 backward nodes
2025-05-17 02:26:22,085 - INFO - Initial peak memory: 11.68 GB
2025-05-17 02:26:22,085 - INFO - Initial execution time: 1.43s
2025-05-17 02:26:22,095 - INFO - Incompressible memory: 11.68 GB
2025-05-17 02:26:22,095 - INFO - Active memory - FW: 11.35 GB, BW: 11.38 GB
2025-05-17 02:26:22,095 - INFO - Fixed overhead: 0.30 GB
2025-05-17 02:26:22,095 - WARNING - Memory budget of 8.00 GB is not achievable!
2025-05-17 02:26:22,095 - WARNING - Estimated minimum possible memory is 11.68 GB due to incompressible components
2025-05-17 02:26:22,095 - WARNING - Will try to get as close as possible to the budget
2025-05-17 02:26:22,095 - WARNING - Setting effective target budget to incompressible memory: 11.68 GB
2025-05-17 02:26:22,095 - INFO - Filtering valid activations...
2025-05-17 02:26:22,096 - INFO - Found 775 valid activations for consideration
2025-05-17 02:26:39,601 - WARNING - No valid recompute candidate found
2025-05-17 02:26:39,625 - INFO - 
Final Results:
2025-05-17 02:26:39,625 - INFO - Initial peak memory: 11.68 GB
2025-05-17 02:26:39,625 - INFO - Final peak memory: 11.68 GB
2025-05-17 02:26:39,625 - INFO - Memory reduction: 0.00 GB (0.0%)
2025-05-17 02:26:39,626 - INFO - Memory budget: 8.00 GB
2025-05-17 02:26:39,626 - INFO - Gap to budget: 3.68 GB
2025-05-17 02:26:39,626 - INFO - Estimated incompressible memory: 11.68 GB
2025-05-17 02:26:39,626 - INFO - Initial execution time: 1.43s
2025-05-17 02:26:39,626 - INFO - Final execution time: 12.49s
2025-05-17 02:26:39,626 - INFO - Execution time overhead: 11.06s (772.9%)
2025-05-17 02:26:39,626 - INFO - Total activations marked for recomputation: 620
2025-05-17 02:26:39,626 - INFO - Total memory saved by recomputation: 10.55 GB
2025-05-17 02:26:39,629 - INFO - Saved activation checkpointing decisions to C:\Users\ydeng\Documents\GitHub\CS265-mlsys-project-final\reports\ac_decisions.csv
2025-05-17 02:26:39,630 - INFO - 
Timing Statistics:
2025-05-17 02:26:39,630 - INFO - Total execution time: 17.59s
2025-05-17 02:26:39,630 - INFO - Initialization: 0.00s (0.0%)
2025-05-17 02:26:39,630 - INFO - Initial memory simulation: 0.05s (0.3%)
2025-05-17 02:26:39,630 - INFO - Memory component analysis: 0.01s (0.1%)
2025-05-17 02:26:39,630 - INFO - Candidate filtering: 0.00s (0.0%)
2025-05-17 02:26:39,630 - INFO - Main loop: 17.50s (99.5%)
2025-05-17 02:26:39,630 - INFO -   - Memory simulations: 17.16s (97.6%)
2025-05-17 02:26:39,630 - INFO -   - Candidate selection: 0.34s (1.9%)
2025-05-17 02:26:39,630 - INFO - Final memory simulation: 0.02s (0.1%)
2025-05-17 02:26:39,630 - INFO - 
Top 5 slowest iterations:
2025-05-17 02:26:39,630 - INFO -   1. Iteration 344: 0.04s (Simulation: 0.04s, Selection: 0.00s)
2025-05-17 02:26:39,630 - INFO -   2. Iteration 12: 0.04s (Simulation: 0.04s, Selection: 0.00s)
2025-05-17 02:26:39,630 - INFO -   3. Iteration 4: 0.03s (Simulation: 0.03s, Selection: 0.00s)
2025-05-17 02:26:39,630 - INFO -   4. Iteration 15: 0.03s (Simulation: 0.03s, Selection: 0.00s)
2025-05-17 02:26:39,630 - INFO -   5. Iteration 13: 0.03s (Simulation: 0.03s, Selection: 0.00s)
